00:00 +0: loading C:/Users/joaom/Documents/GitHub/Notes/universal_notes_flutter/test/auth_service_test.dart
00:00 +0: C:/Users/joaom/Documents/GitHub/Notes/universal_notes_flutter/test/chaos_resilience_test.dart: UpdateService Resilience (Chaos) handles timeout gracefully
00:00 +1: C:/Users/joaom/Documents/GitHub/Notes/universal_notes_flutter/test/chaos_resilience_test.dart: UpdateService Resilience (Chaos) handles server 500 errors gracefully
00:15 +2: C:/Users/joaom/Documents/GitHub/Notes/universal_notes_flutter/test/coverage_helper_test.dart: coverage helper
00:17 +3: C:/Users/joaom/Documents/GitHub/Notes/universal_notes_flutter/test/editor/document_manipulator_test.dart: DocumentManipulator insertText should add text to an empty document
00:17 +4: C:/Users/joaom/Documents/GitHub/Notes/universal_notes_flutter/test/editor/document_manipulator_test.dart: DocumentManipulator insertText should add text in the middle of existing text
00:17 +5: C:/Users/joaom/Documents/GitHub/Notes/universal_notes_flutter/test/editor/document_manipulator_test.dart: DocumentManipulator deleteText should remove text correctly
00:17 +6: C:/Users/joaom/Documents/GitHub/Notes/universal_notes_flutter/test/editor/document_manipulator_test.dart: DocumentManipulator toggleStyle should apply bold to selected text
00:17 +7: C:/Users/joaom/Documents/GitHub/Notes/universal_notes_flutter/test/editor/document_manipulator_test.dart: DocumentManipulator changeBlockIndent should update block attributes
00:17 +8: C:/Users/joaom/Documents/GitHub/Notes/universal_notes_flutter/test/editor/document_manipulator_test.dart: DocumentManipulator insertImage should add an image block
00:17 +9: C:/Users/joaom/Documents/GitHub/Notes/universal_notes_flutter/test/editor/document_manipulator_test.dart: DocumentManipulator convertBlockToCallout should transform block type
00:17 +10: C:/Users/joaom/Documents/GitHub/Notes/universal_notes_flutter/test/editor/document_manipulator_test.dart: DocumentManipulator toggleList should apply list attribute
00:19 +11: loading C:/Users/joaom/Documents/GitHub/Notes/universal_notes_flutter/test/editor/editor_widget_test.dart
00:23 +11: C:/Users/joaom/Documents/GitHub/Notes/universal_notes_flutter/test/editor/editor_widget_test.dart: (setUpAll)
00:23 +11: C:/Users/joaom/Documents/GitHub/Notes/universal_notes_flutter/test/editor/editor_widget_test.dart: EditorWidget types text
00:26 +12: C:/Users/joaom/Documents/GitHub/Notes/universal_notes_flutter/test/editor/editor_widget_test.dart: EditorWidget handles backspace
00:26 +13: C:/Users/joaom/Documents/GitHub/Notes/universal_notes_flutter/test/editor/editor_widget_test.dart: EditorWidget handles backspace
00:26 +14: C:/Users/joaom/Documents/GitHub/Notes/universal_notes_flutter/test/editor/history_manager_test.dart: HistoryManager record adds a new state and clears redo stack
00:26 +15: C:/Users/joaom/Documents/GitHub/Notes/universal_notes_flutter/test/editor/editor_widget_test.dart: EditorWidget triggers bold shortcut
00:26 +16: C:/Users/joaom/Documents/GitHub/Notes/universal_notes_flutter/test/editor/editor_widget_test.dart: EditorWidget triggers bold shortcut
00:26 +17: C:/Users/joaom/Documents/GitHub/Notes/universal_notes_flutter/test/editor/editor_widget_test.dart: EditorWidget triggers bold shortcut
00:26 +18: C:/Users/joaom/Documents/GitHub/Notes/universal_notes_flutter/test/editor/editor_widget_test.dart: (tearDownAll)
00:28 +18: loading C:/Users/joaom/Documents/GitHub/Notes/universal_notes_flutter/test/editor/markdown_converter_test.dart
00:32 +18: C:/Users/joaom/Documents/GitHub/Notes/universal_notes_flutter/test/editor/markdown_converter_test.dart: MarkdownConverter should apply bold style on *text* 
00:32 +19: C:/Users/joaom/Documents/GitHub/Notes/universal_notes_flutter/test/editor/markdown_converter_test.dart: MarkdownConverter should apply italic style on _text_ 
00:32 +20: C:/Users/joaom/Documents/GitHub/Notes/universal_notes_flutter/test/editor/markdown_converter_test.dart: MarkdownConverter should apply heading block on # 
00:32 +21: C:/Users/joaom/Documents/GitHub/Notes/universal_notes_flutter/test/editor/markdown_converter_test.dart: MarkdownConverter should apply checklist on - [ ] 
00:32 +22: C:/Users/joaom/Documents/GitHub/Notes/universal_notes_flutter/test/editor/markdown_converter_test.dart: MarkdownConverter should handle links [text](url)
00:32 +23: C:/Users/joaom/Documents/GitHub/Notes/universal_notes_flutter/test/editor/markdown_converter_test.dart: MarkdownConverter should convert table separator |---|
00:32 +24: C:/Users/joaom/Documents/GitHub/Notes/universal_notes_flutter/test/editor/markdown_converter_test.dart: MarkdownConverter should handle math block $$tex$$
00:32 +25: C:/Users/joaom/Documents/GitHub/Notes/universal_notes_flutter/test/editor/markdown_converter_test.dart: MarkdownConverter should handle transclusion ![[note]]
00:34 +26: C:/Users/joaom/Documents/GitHub/Notes/universal_notes_flutter/test/editor/virtual_text_buffer_test.dart: VirtualTextBuffer should split text blocks by newlines
00:34 +27: C:/Users/joaom/Documents/GitHub/Notes/universal_notes_flutter/test/editor/virtual_text_buffer_test.dart: VirtualTextBuffer should handle callout blocks with multiple lines
00:34 +28: C:/Users/joaom/Documents/GitHub/Notes/universal_notes_flutter/test/editor/virtual_text_buffer_test.dart: VirtualTextBuffer getLineTextPositionForOffset should return correct position
00:34 +29: C:/Users/joaom/Documents/GitHub/Notes/universal_notes_flutter/test/editor/virtual_text_buffer_test.dart: VirtualTextBuffer getOffsetForLineTextPosition should return correct offset
00:34 +30: C:/Users/joaom/Documents/GitHub/Notes/universal_notes_flutter/test/editor/virtual_text_buffer_test.dart: VirtualTextBuffer should handle non-text blocks as length 1
00:34 +31: loading C:/Users/joaom/Documents/GitHub/Notes/universal_notes_flutter/test/editor_widget_stress_test.dart
00:38 +31: C:/Users/joaom/Documents/GitHub/Notes/universal_notes_flutter/test/editor_widget_stress_test.dart: EditorWidget Stress Tests should render a 50,000-word document without crashing
ÔòÉÔòÉÔòí EXCEPTION CAUGHT BY FLUTTER TEST FRAMEWORK Ôò×ÔòÉÔòÉÔòÉÔòÉÔòÉÔòÉÔòÉÔòÉÔòÉÔòÉÔòÉÔòÉÔòÉÔòÉÔòÉÔòÉÔòÉÔòÉÔòÉÔòÉÔòÉÔòÉÔòÉÔòÉÔòÉÔòÉÔòÉÔòÉÔòÉÔòÉÔòÉÔòÉÔòÉÔòÉÔòÉÔòÉÔòÉÔòÉÔòÉÔòÉÔòÉÔòÉÔòÉÔòÉÔòÉÔòÉÔòÉÔòÉÔòÉÔòÉÔòÉÔòÉ
The following _TypeError was thrown running a test:
type 'Null' is not a subtype of type 'List<dynamic>' in type cast

When the exception was thrown, this was the stack:
#0      DocumentAdapter.fromJson.<anonymous closure> (package:universal_notes_flutter/editor/document_adapter.dart:23:43)
#1      MappedListIterable.elementAt (dart:_internal/iterable.dart:442:31)
#2      ListIterator.moveNext (dart:_internal/iterable.dart:371:26)
#3      new _GrowableList._ofEfficientLengthIterable (dart:core-patch/growable_array.dart:194:27)
#4      new _GrowableList.of (dart:core-patch/growable_array.dart:154:28)
#5      new List.of (dart:core-patch/array_patch.dart:39:18)
#6      ListIterable.toList (dart:_internal/iterable.dart:224:7)
#7      DocumentAdapter.fromJson (package:universal_notes_flutter/editor/document_adapter.dart:28:10)
#8      _generateLongDocument (file:///C:/Users/joaom/Documents/GitHub/Notes/universal_notes_flutter/test/editor_widget_stress_test.dart:10:26)
#9      main.<anonymous closure>.<anonymous closure> (file:///C:/Users/joaom/Documents/GitHub/Notes/universal_notes_flutter/test/editor_widget_stress_test.dart:19:28)
#10     testWidgets.<anonymous closure>.<anonymous closure> (package:flutter_test/src/widget_tester.dart:192:29)
<asynchronous suspension>
#11     TestWidgetsFlutterBinding._runTestBody (package:flutter_test/src/binding.dart:1059:5)
<asynchronous suspension>
<asynchronous suspension>
(elided one frame from package:stack_trace)

The test description was:
  should render a 50,000-word document without crashing
ÔòÉÔòÉÔòÉÔòÉÔòÉÔòÉÔòÉÔòÉÔòÉÔòÉÔòÉÔòÉÔòÉÔòÉÔòÉÔòÉÔòÉÔòÉÔòÉÔòÉÔòÉÔòÉÔòÉÔòÉÔòÉÔòÉÔòÉÔòÉÔòÉÔòÉÔòÉÔòÉÔòÉÔòÉÔòÉÔòÉÔòÉÔòÉÔòÉÔòÉÔòÉÔòÉÔòÉÔòÉÔòÉÔòÉÔòÉÔòÉÔòÉÔòÉÔòÉÔòÉÔòÉÔòÉÔòÉÔòÉÔòÉÔòÉÔòÉÔòÉÔòÉÔòÉÔòÉÔòÉÔòÉÔòÉÔòÉÔòÉÔòÉÔòÉÔòÉÔòÉÔòÉÔòÉÔòÉÔòÉÔòÉÔòÉÔòÉÔòÉÔòÉÔòÉÔòÉÔòÉÔòÉÔòÉÔòÉÔòÉÔòÉÔòÉÔòÉÔòÉÔòÉÔòÉÔòÉÔòÉÔòÉÔòÉÔòÉÔòÉ
00:39 +31 -1: C:/Users/joaom/Documents/GitHub/Notes/universal_notes_flutter/test/editor_widget_stress_test.dart: EditorWidget Stress Tests should render a 50,000-word document without crashing [E]
  Test failed. See exception logs above.
  The test description was: should render a 50,000-word document without crashing
  
00:41 +31 -1: C:/Users/joaom/Documents/GitHub/Notes/universal_notes_flutter/test/main_fluent_test.dart: MyFluentApp UI Tests Deve renderizar a UI inicial com notas
00:52 +31 -1: C:/Users/joaom/Documents/GitHub/Notes/universal_notes_flutter/test/main_material_test.dart: MyApp Material UI Tests Deve renderizar a UI inicial com notas
ÔòÉÔòÉÔòí EXCEPTION CAUGHT BY WIDGETS LIBRARY Ôò×ÔòÉÔòÉÔòÉÔòÉÔòÉÔòÉÔòÉÔòÉÔòÉÔòÉÔòÉÔòÉÔòÉÔòÉÔòÉÔòÉÔòÉÔòÉÔòÉÔòÉÔòÉÔòÉÔòÉÔòÉÔòÉÔòÉÔòÉÔòÉÔòÉÔòÉÔòÉÔòÉÔòÉÔòÉÔòÉÔòÉÔòÉÔòÉÔòÉÔòÉÔòÉÔòÉÔòÉÔòÉÔòÉÔòÉÔòÉÔòÉÔòÉÔòÉÔòÉÔòÉÔòÉÔòÉÔòÉÔòÉÔòÉÔòÉÔòÉ
The following assertion was thrown building NavigationView(appBar:
NavigationAppBar#9ede1(backgroundColor: null, decoration: null), pane: null, clipBehavior:
Clip.antiAlias, contentShape: null, dirty, state: NavigationViewState#804a1):
A FluentTheme widget is necessary to draw this layout.
To introduce a FluentTheme widget, you can either directly include one, or use a widget that
contains FluentTheme itself, such as FluentApp
The specific widget that could not find a FluentTheme ancestor was:
  NavigationView
The ancestors of this widget were:
  ...
  NotesScreen
  Semantics
  Builder
  RepaintBoundary-[GlobalKey#6dd5d]
  IgnorePointer
  ...

The relevant error-causing widget was:
  NavigationView
  NavigationView:file:///C:/Users/joaom/Documents/GitHub/Notes/universal_notes_flutter/lib/screens/notes_screen.dart:698:19

When the exception was thrown, this was the stack:
#0      debugCheckHasFluentTheme.<anonymous closure> (package:fluent_ui/src/utils.dart:19:7)
#1      debugCheckHasFluentTheme (package:fluent_ui/src/utils.dart:30:4)
#2      NavigationViewState.build (package:fluent_ui/src/controls/navigation/navigation_view/view.dart:368:12)
#3      StatefulElement.build (package:flutter/src/widgets/framework.dart:5934:27)
#4      ComponentElement.performRebuild (package:flutter/src/widgets/framework.dart:5820:15)
#5      StatefulElement.performRebuild (package:flutter/src/widgets/framework.dart:5985:11)
#6      Element.rebuild (package:flutter/src/widgets/framework.dart:5532:7)
#7      ComponentElement._firstBuild (package:flutter/src/widgets/framework.dart:5802:5)
#8      StatefulElement._firstBuild (package:flutter/src/widgets/framework.dart:5976:11)
#9      ComponentElement.mount (package:flutter/src/widgets/framework.dart:5796:5)
...     Normal element mounting (268 frames)
#277    Element.inflateWidget (package:flutter/src/widgets/framework.dart:4590:20)
#278    MultiChildRenderObjectElement.inflateWidget (package:flutter/src/widgets/framework.dart:7269:36)
#279    MultiChildRenderObjectElement.mount (package:flutter/src/widgets/framework.dart:7285:32)
...     Normal element mounting (465 frames)
#744    Element.inflateWidget (package:flutter/src/widgets/framework.dart:4590:20)
#745    Element.updateChild (package:flutter/src/widgets/framework.dart:4053:20)
#746    ComponentElement.performRebuild (package:flutter/src/widgets/framework.dart:5844:16)
#747    Element.rebuild (package:flutter/src/widgets/framework.dart:5532:7)
#748    ProxyElement.update (package:flutter/src/widgets/framework.dart:6152:5)
#749    _InheritedNotifierElement.update (package:flutter/src/widgets/inherited_notifier.dart:108:11)
#750    Element.updateChild (package:flutter/src/widgets/framework.dart:4037:15)
#751    ComponentElement.performRebuild (package:flutter/src/widgets/framework.dart:5844:16)
#752    StatefulElement.performRebuild (package:flutter/src/widgets/framework.dart:5985:11)
#753    Element.rebuild (package:flutter/src/widgets/framework.dart:5532:7)
#754    StatefulElement.update (package:flutter/src/widgets/framework.dart:6010:5)
#755    Element.updateChild (package:flutter/src/widgets/framework.dart:4037:15)
#756    ComponentElement.performRebuild (package:flutter/src/widgets/framework.dart:5844:16)
#757    Element.rebuild (package:flutter/src/widgets/framework.dart:5532:7)
#758    ProxyElement.update (package:flutter/src/widgets/framework.dart:6152:5)
#759    _InheritedNotifierElement.update (package:flutter/src/widgets/inherited_notifier.dart:108:11)
#760    Element.updateChild (package:flutter/src/widgets/framework.dart:4037:15)
#761    ComponentElement.performRebuild (package:flutter/src/widgets/framework.dart:5844:16)
#762    StatefulElement.performRebuild (package:flutter/src/widgets/framework.dart:5985:11)
#763    Element.rebuild (package:flutter/src/widgets/framework.dart:5532:7)
#764    StatefulElement.update (package:flutter/src/widgets/framework.dart:6010:5)
#765    Element.updateChild (package:flutter/src/widgets/framework.dart:4037:15)
#766    ComponentElement.performRebuild (package:flutter/src/widgets/framework.dart:5844:16)
#767    StatefulElement.performRebuild (package:flutter/src/widgets/framework.dart:5985:11)
#768    Element.rebuild (package:flutter/src/widgets/framework.dart:5532:7)
#769    StatefulElement.update (package:flutter/src/widgets/framework.dart:6010:5)
#770    Element.updateChild (package:flutter/src/widgets/framework.dart:4037:15)
#771    ComponentElement.performRebuild (package:flutter/src/widgets/framework.dart:5844:16)
#772    Element.rebuild (package:flutter/src/widgets/framework.dart:5532:7)
#773    ProxyElement.update (package:flutter/src/widgets/framework.dart:6152:5)
#774    Element.updateChild (package:flutter/src/widgets/framework.dart:4037:15)
#775    ComponentElement.performRebuild (package:flutter/src/widgets/framework.dart:5844:16)
#776    StatefulElement.performRebuild (package:flutter/src/widgets/framework.dart:5985:11)
#777    Element.rebuild (package:flutter/src/widgets/framework.dart:5532:7)
#778    StatefulElement.update (package:flutter/src/widgets/framework.dart:6010:5)
#779    Element.updateChild (package:flutter/src/widgets/framework.dart:4037:15)
#780    ComponentElement.performRebuild (package:flutter/src/widgets/framework.dart:5844:16)
#781    Element.rebuild (package:flutter/src/widgets/framework.dart:5532:7)
#782    ProxyElement.update (package:flutter/src/widgets/framework.dart:6152:5)
#783    Element.updateChild (package:flutter/src/widgets/framework.dart:4037:15)
#784    ComponentElement.performRebuild (package:flutter/src/widgets/framework.dart:5844:16)
#785    Element.rebuild (package:flutter/src/widgets/framework.dart:5532:7)
#786    ProxyElement.update (package:flutter/src/widgets/framework.dart:6152:5)
#787    Element.updateChild (package:flutter/src/widgets/framework.dart:4037:15)
#788    _RawViewElement._updateChild (package:flutter/src/widgets/view.dart:481:16)
#789    _RawViewElement.update (package:flutter/src/widgets/view.dart:568:5)
#790    Element.updateChild (package:flutter/src/widgets/framework.dart:4037:15)
#791    ComponentElement.performRebuild (package:flutter/src/widgets/framework.dart:5844:16)
#792    Element.rebuild (package:flutter/src/widgets/framework.dart:5532:7)
#793    StatelessElement.update (package:flutter/src/widgets/framework.dart:5898:5)
#794    Element.updateChild (package:flutter/src/widgets/framework.dart:4037:15)
#795    ComponentElement.performRebuild (package:flutter/src/widgets/framework.dart:5844:16)
#796    StatefulElement.performRebuild (package:flutter/src/widgets/framework.dart:5985:11)
#797    Element.rebuild (package:flutter/src/widgets/framework.dart:5532:7)
#798    StatefulElement.update (package:flutter/src/widgets/framework.dart:6010:5)
#799    Element.updateChild (package:flutter/src/widgets/framework.dart:4037:15)
#800    RootElement._rebuild (package:flutter/src/widgets/binding.dart:1782:16)
#801    RootElement.update (package:flutter/src/widgets/binding.dart:1760:5)
#802    RootElement.performRebuild (package:flutter/src/widgets/binding.dart:1774:7)
#803    Element.rebuild (package:flutter/src/widgets/framework.dart:5532:7)
#804    BuildScope._tryRebuild (package:flutter/src/widgets/framework.dart:2750:15)
#805    BuildScope._flushDirtyElements (package:flutter/src/widgets/framework.dart:2807:11)
#806    BuildOwner.buildScope (package:flutter/src/widgets/framework.dart:3111:18)
#807    AutomatedTestWidgetsFlutterBinding.drawFrame (package:flutter_test/src/binding.dart:1506:19)
#808    RendererBinding._handlePersistentFrameCallback (package:flutter/src/rendering/binding.dart:495:5)
#809    SchedulerBinding._invokeFrameCallback (package:flutter/src/scheduler/binding.dart:1434:15)
#810    SchedulerBinding.handleDrawFrame (package:flutter/src/scheduler/binding.dart:1347:9)
#811    AutomatedTestWidgetsFlutterBinding.pump.<anonymous closure> (package:flutter_test/src/binding.dart:1335:9)
#814    TestAsyncUtils.guard (package:flutter_test/src/test_async_utils.dart:74:41)
#815    AutomatedTestWidgetsFlutterBinding.pump (package:flutter_test/src/binding.dart:1324:27)
#816    WidgetTester.pumpWidget.<anonymous closure> (package:flutter_test/src/widget_tester.dart:598:22)
#819    TestAsyncUtils.guard (package:flutter_test/src/test_async_utils.dart:74:41)
#820    WidgetTester.pumpWidget (package:flutter_test/src/widget_tester.dart:595:27)
#821    main.pumpWidget (file:///C:/Users/joaom/Documents/GitHub/Notes/universal_notes_flutter/test/main_material_test.dart:52:18)
#822    main.<anonymous closure>.<anonymous closure> (file:///C:/Users/joaom/Documents/GitHub/Notes/universal_notes_flutter/test/main_material_test.dart:94:13)
#823    testWidgets.<anonymous closure>.<anonymous closure> (package:flutter_test/src/widget_tester.dart:192:29)
<asynchronous suspension>
#824    TestWidgetsFlutterBinding._runTestBody (package:flutter_test/src/binding.dart:1059:5)
<asynchronous suspension>
<asynchronous suspension>
(elided 5 frames from dart:async and package:stack_trace)

ÔòÉÔòÉÔòÉÔòÉÔòÉÔòÉÔòÉÔòÉÔòÉÔòÉÔòÉÔòÉÔòÉÔòÉÔòÉÔòÉÔòÉÔòÉÔòÉÔòÉÔòÉÔòÉÔòÉÔòÉÔòÉÔòÉÔòÉÔòÉÔòÉÔòÉÔòÉÔòÉÔòÉÔòÉÔòÉÔòÉÔòÉÔòÉÔòÉÔòÉÔòÉÔòÉÔòÉÔòÉÔòÉÔòÉÔòÉÔòÉÔòÉÔòÉÔòÉÔòÉÔòÉÔòÉÔòÉÔòÉÔòÉÔòÉÔòÉÔòÉÔòÉÔòÉÔòÉÔòÉÔòÉÔòÉÔòÉÔòÉÔòÉÔòÉÔòÉÔòÉÔòÉÔòÉÔòÉÔòÉÔòÉÔòÉÔòÉÔòÉÔòÉÔòÉÔòÉÔòÉÔòÉÔòÉÔòÉÔòÉÔòÉÔòÉÔòÉÔòÉÔòÉÔòÉÔòÉÔòÉÔòÉÔòÉÔòÉÔòÉ
ÔòÉÔòÉÔòí EXCEPTION CAUGHT BY FLUTTER TEST FRAMEWORK Ôò×ÔòÉÔòÉÔòÉÔòÉÔòÉÔòÉÔòÉÔòÉÔòÉÔòÉÔòÉÔòÉÔòÉÔòÉÔòÉÔòÉÔòÉÔòÉÔòÉÔòÉÔòÉÔòÉÔòÉÔòÉÔòÉÔòÉÔòÉÔòÉÔòÉÔòÉÔòÉÔòÉÔòÉÔòÉÔòÉÔòÉÔòÉÔòÉÔòÉÔòÉÔòÉÔòÉÔòÉÔòÉÔòÉÔòÉÔòÉÔòÉÔòÉÔòÉÔòÉÔòÉ
The following TestFailure was thrown running a test:
Expected: exactly one matching candidate
  Actual: _TextWidgetFinder:<Found 0 widgets with text "Nota 1": []>
   Which: means none were found but one was expected

When the exception was thrown, this was the stack:
#4      main.<anonymous closure>.<anonymous closure> (file:///C:/Users/joaom/Documents/GitHub/Notes/universal_notes_flutter/test/main_material_test.dart:98:7)
<asynchronous suspension>
#5      testWidgets.<anonymous closure>.<anonymous closure> (package:flutter_test/src/widget_tester.dart:192:15)
<asynchronous suspension>
#6      TestWidgetsFlutterBinding._runTestBody (package:flutter_test/src/binding.dart:1059:5)
<asynchronous suspension>
<asynchronous suspension>
(elided one frame from package:stack_trace)

This was caught by the test expectation on the following line:
  file:///C:/Users/joaom/Documents/GitHub/Notes/universal_notes_flutter/test/main_material_test.dart line 98
The test description was:
  Deve renderizar a UI inicial com notas
ÔòÉÔòÉÔòÉÔòÉÔòÉÔòÉÔòÉÔòÉÔòÉÔòÉÔòÉÔòÉÔòÉÔòÉÔòÉÔòÉÔòÉÔòÉÔòÉÔòÉÔòÉÔòÉÔòÉÔòÉÔòÉÔòÉÔòÉÔòÉÔòÉÔòÉÔòÉÔòÉÔòÉÔòÉÔòÉÔòÉÔòÉÔòÉÔòÉÔòÉÔòÉÔòÉÔòÉÔòÉÔòÉÔòÉÔòÉÔòÉÔòÉÔòÉÔòÉÔòÉÔòÉÔòÉÔòÉÔòÉÔòÉÔòÉÔòÉÔòÉÔòÉÔòÉÔòÉÔòÉÔòÉÔòÉÔòÉÔòÉÔòÉÔòÉÔòÉÔòÉÔòÉÔòÉÔòÉÔòÉÔòÉÔòÉÔòÉÔòÉÔòÉÔòÉÔòÉÔòÉÔòÉÔòÉÔòÉÔòÉÔòÉÔòÉÔòÉÔòÉÔòÉÔòÉÔòÉÔòÉÔòÉÔòÉÔòÉÔòÉ
ÔòÉÔòÉÔòí EXCEPTION CAUGHT BY FLUTTER TEST FRAMEWORK Ôò×ÔòÉÔòÉÔòÉÔòÉÔòÉÔòÉÔòÉÔòÉÔòÉÔòÉÔòÉÔòÉÔòÉÔòÉÔòÉÔòÉÔòÉÔòÉÔòÉÔòÉÔòÉÔòÉÔòÉÔòÉÔòÉÔòÉÔòÉÔòÉÔòÉÔòÉÔòÉÔòÉÔòÉÔòÉÔòÉÔòÉÔòÉÔòÉÔòÉÔòÉÔòÉÔòÉÔòÉÔòÉÔòÉÔòÉÔòÉÔòÉÔòÉÔòÉÔòÉÔòÉ
The following message was thrown:
Multiple exceptions (2) were detected during the running of the current test, and at least one was
unexpected.
ÔòÉÔòÉÔòÉÔòÉÔòÉÔòÉÔòÉÔòÉÔòÉÔòÉÔòÉÔòÉÔòÉÔòÉÔòÉÔòÉÔòÉÔòÉÔòÉÔòÉÔòÉÔòÉÔòÉÔòÉÔòÉÔòÉÔòÉÔòÉÔòÉÔòÉÔòÉÔòÉÔòÉÔòÉÔòÉÔòÉÔòÉÔòÉÔòÉÔòÉÔòÉÔòÉÔòÉÔòÉÔòÉÔòÉÔòÉÔòÉÔòÉÔòÉÔòÉÔòÉÔòÉÔòÉÔòÉÔòÉÔòÉÔòÉÔòÉÔòÉÔòÉÔòÉÔòÉÔòÉÔòÉÔòÉÔòÉÔòÉÔòÉÔòÉÔòÉÔòÉÔòÉÔòÉÔòÉÔòÉÔòÉÔòÉÔòÉÔòÉÔòÉÔòÉÔòÉÔòÉÔòÉÔòÉÔòÉÔòÉÔòÉÔòÉÔòÉÔòÉÔòÉÔòÉÔòÉÔòÉÔòÉÔòÉÔòÉÔòÉ
00:52 +31 -2: C:/Users/joaom/Documents/GitHub/Notes/universal_notes_flutter/test/main_fluent_test.dart: MyFluentApp UI Tests Deve renderizar a UI inicial com notas
00:52 +31 -2: C:/Users/joaom/Documents/GitHub/Notes/universal_notes_flutter/test/main_material_test.dart: MyApp Material UI Tests Deve renderizar a UI inicial com notas [E]
  Test failed. See exception logs above.
  The test description was: Deve renderizar a UI inicial com notas
  
00:53 +31 -2: C:/Users/joaom/Documents/GitHub/Notes/universal_notes_flutter/test/main_material_test.dart: MyApp Material UI Tests Deve alternar entre os modos de visualiza├º├úo (lista -> grid)
ÔòÉÔòÉÔòí EXCEPTION CAUGHT BY WIDGETS LIBRARY Ôò×ÔòÉÔòÉÔòÉÔòÉÔòÉÔòÉÔòÉÔòÉÔòÉÔòÉÔòÉÔòÉÔòÉÔòÉÔòÉÔòÉÔòÉÔòÉÔòÉÔòÉÔòÉÔòÉÔòÉÔòÉÔòÉÔòÉÔòÉÔòÉÔòÉÔòÉÔòÉÔòÉÔòÉÔòÉÔòÉÔòÉÔòÉÔòÉÔòÉÔòÉÔòÉÔòÉÔòÉÔòÉÔòÉÔòÉÔòÉÔòÉÔòÉÔòÉÔòÉÔòÉÔòÉÔòÉÔòÉÔòÉÔòÉÔòÉÔòÉ
The following assertion was thrown building NavigationView(appBar:
NavigationAppBar#b01e8(backgroundColor: null, decoration: null), pane: null, clipBehavior:
Clip.antiAlias, contentShape: null, dirty, state: NavigationViewState#b3262):
A FluentTheme widget is necessary to draw this layout.
To introduce a FluentTheme widget, you can either directly include one, or use a widget that
contains FluentTheme itself, such as FluentApp
The specific widget that could not find a FluentTheme ancestor was:
  NavigationView
The ancestors of this widget were:
  ...
  NotesScreen
  Semantics
  Builder
  RepaintBoundary-[GlobalKey#800d9]
  IgnorePointer
  ...

The relevant error-causing widget was:
  NavigationView
  NavigationView:file:///C:/Users/joaom/Documents/GitHub/Notes/universal_notes_flutter/lib/screens/notes_screen.dart:698:19

When the exception was thrown, this was the stack:
#0      debugCheckHasFluentTheme.<anonymous closure> (package:fluent_ui/src/utils.dart:19:7)
#1      debugCheckHasFluentTheme (package:fluent_ui/src/utils.dart:30:4)
#2      NavigationViewState.build (package:fluent_ui/src/controls/navigation/navigation_view/view.dart:368:12)
#3      StatefulElement.build (package:flutter/src/widgets/framework.dart:5934:27)
#4      ComponentElement.performRebuild (package:flutter/src/widgets/framework.dart:5820:15)
#5      StatefulElement.performRebuild (package:flutter/src/widgets/framework.dart:5985:11)
#6      Element.rebuild (package:flutter/src/widgets/framework.dart:5532:7)
#7      ComponentElement._firstBuild (package:flutter/src/widgets/framework.dart:5802:5)
#8      StatefulElement._firstBuild (package:flutter/src/widgets/framework.dart:5976:11)
#9      ComponentElement.mount (package:flutter/src/widgets/framework.dart:5796:5)
...     Normal element mounting (268 frames)
#277    Element.inflateWidget (package:flutter/src/widgets/framework.dart:4590:20)
#278    MultiChildRenderObjectElement.inflateWidget (package:flutter/src/widgets/framework.dart:7269:36)
#279    MultiChildRenderObjectElement.mount (package:flutter/src/widgets/framework.dart:7285:32)
...     Normal element mounting (465 frames)
#744    Element.inflateWidget (package:flutter/src/widgets/framework.dart:4590:20)
#745    Element.updateChild (package:flutter/src/widgets/framework.dart:4053:20)
#746    ComponentElement.performRebuild (package:flutter/src/widgets/framework.dart:5844:16)
#747    Element.rebuild (package:flutter/src/widgets/framework.dart:5532:7)
#748    ProxyElement.update (package:flutter/src/widgets/framework.dart:6152:5)
#749    _InheritedNotifierElement.update (package:flutter/src/widgets/inherited_notifier.dart:108:11)
#750    Element.updateChild (package:flutter/src/widgets/framework.dart:4037:15)
#751    ComponentElement.performRebuild (package:flutter/src/widgets/framework.dart:5844:16)
#752    StatefulElement.performRebuild (package:flutter/src/widgets/framework.dart:5985:11)
#753    Element.rebuild (package:flutter/src/widgets/framework.dart:5532:7)
#754    StatefulElement.update (package:flutter/src/widgets/framework.dart:6010:5)
#755    Element.updateChild (package:flutter/src/widgets/framework.dart:4037:15)
#756    ComponentElement.performRebuild (package:flutter/src/widgets/framework.dart:5844:16)
#757    Element.rebuild (package:flutter/src/widgets/framework.dart:5532:7)
#758    ProxyElement.update (package:flutter/src/widgets/framework.dart:6152:5)
#759    _InheritedNotifierElement.update (package:flutter/src/widgets/inherited_notifier.dart:108:11)
#760    Element.updateChild (package:flutter/src/widgets/framework.dart:4037:15)
#761    ComponentElement.performRebuild (package:flutter/src/widgets/framework.dart:5844:16)
#762    StatefulElement.performRebuild (package:flutter/src/widgets/framework.dart:5985:11)
#763    Element.rebuild (package:flutter/src/widgets/framework.dart:5532:7)
#764    StatefulElement.update (package:flutter/src/widgets/framework.dart:6010:5)
#765    Element.updateChild (package:flutter/src/widgets/framework.dart:4037:15)
#766    ComponentElement.performRebuild (package:flutter/src/widgets/framework.dart:5844:16)
#767    StatefulElement.performRebuild (package:flutter/src/widgets/framework.dart:5985:11)
#768    Element.rebuild (package:flutter/src/widgets/framework.dart:5532:7)
#769    StatefulElement.update (package:flutter/src/widgets/framework.dart:6010:5)
#770    Element.updateChild (package:flutter/src/widgets/framework.dart:4037:15)
#771    ComponentElement.performRebuild (package:flutter/src/widgets/framework.dart:5844:16)
#772    Element.rebuild (package:flutter/src/widgets/framework.dart:5532:7)
#773    ProxyElement.update (package:flutter/src/widgets/framework.dart:6152:5)
#774    Element.updateChild (package:flutter/src/widgets/framework.dart:4037:15)
#775    ComponentElement.performRebuild (package:flutter/src/widgets/framework.dart:5844:16)
#776    StatefulElement.performRebuild (package:flutter/src/widgets/framework.dart:5985:11)
#777    Element.rebuild (package:flutter/src/widgets/framework.dart:5532:7)
#778    StatefulElement.update (package:flutter/src/widgets/framework.dart:6010:5)
#779    Element.updateChild (package:flutter/src/widgets/framework.dart:4037:15)
#780    ComponentElement.performRebuild (package:flutter/src/widgets/framework.dart:5844:16)
#781    Element.rebuild (package:flutter/src/widgets/framework.dart:5532:7)
#782    ProxyElement.update (package:flutter/src/widgets/framework.dart:6152:5)
#783    Element.updateChild (package:flutter/src/widgets/framework.dart:4037:15)
#784    ComponentElement.performRebuild (package:flutter/src/widgets/framework.dart:5844:16)
#785    Element.rebuild (package:flutter/src/widgets/framework.dart:5532:7)
#786    ProxyElement.update (package:flutter/src/widgets/framework.dart:6152:5)
#787    Element.updateChild (package:flutter/src/widgets/framework.dart:4037:15)
#788    _RawViewElement._updateChild (package:flutter/src/widgets/view.dart:481:16)
#789    _RawViewElement.update (package:flutter/src/widgets/view.dart:568:5)
#790    Element.updateChild (package:flutter/src/widgets/framework.dart:4037:15)
#791    ComponentElement.performRebuild (package:flutter/src/widgets/framework.dart:5844:16)
#792    Element.rebuild (package:flutter/src/widgets/framework.dart:5532:7)
#793    StatelessElement.update (package:flutter/src/widgets/framework.dart:5898:5)
#794    Element.updateChild (package:flutter/src/widgets/framework.dart:4037:15)
#795    ComponentElement.performRebuild (package:flutter/src/widgets/framework.dart:5844:16)
#796    StatefulElement.performRebuild (package:flutter/src/widgets/framework.dart:5985:11)
#797    Element.rebuild (package:flutter/src/widgets/framework.dart:5532:7)
#798    StatefulElement.update (package:flutter/src/widgets/framework.dart:6010:5)
#799    Element.updateChild (package:flutter/src/widgets/framework.dart:4037:15)
#800    RootElement._rebuild (package:flutter/src/widgets/binding.dart:1782:16)
#801    RootElement.update (package:flutter/src/widgets/binding.dart:1760:5)
#802    RootElement.performRebuild (package:flutter/src/widgets/binding.dart:1774:7)
#803    Element.rebuild (package:flutter/src/widgets/framework.dart:5532:7)
#804    BuildScope._tryRebuild (package:flutter/src/widgets/framework.dart:2750:15)
#805    BuildScope._flushDirtyElements (package:flutter/src/widgets/framework.dart:2807:11)
#806    BuildOwner.buildScope (package:flutter/src/widgets/framework.dart:3111:18)
#807    AutomatedTestWidgetsFlutterBinding.drawFrame (package:flutter_test/src/binding.dart:1506:19)
#808    RendererBinding._handlePersistentFrameCallback (package:flutter/src/rendering/binding.dart:495:5)
#809    SchedulerBinding._invokeFrameCallback (package:flutter/src/scheduler/binding.dart:1434:15)
#810    SchedulerBinding.handleDrawFrame (package:flutter/src/scheduler/binding.dart:1347:9)
#811    AutomatedTestWidgetsFlutterBinding.pump.<anonymous closure> (package:flutter_test/src/binding.dart:1335:9)
#814    TestAsyncUtils.guard (package:flutter_test/src/test_async_utils.dart:74:41)
#815    AutomatedTestWidgetsFlutterBinding.pump (package:flutter_test/src/binding.dart:1324:27)
#816    WidgetTester.pumpWidget.<anonymous closure> (package:flutter_test/src/widget_tester.dart:598:22)
#819    TestAsyncUtils.guard (package:flutter_test/src/test_async_utils.dart:74:41)
#820    WidgetTester.pumpWidget (package:flutter_test/src/widget_tester.dart:595:27)
#821    main.pumpWidget (file:///C:/Users/joaom/Documents/GitHub/Notes/universal_notes_flutter/test/main_material_test.dart:52:18)
#822    main.<anonymous closure>.<anonymous closure> (file:///C:/Users/joaom/Documents/GitHub/Notes/universal_notes_flutter/test/main_material_test.dart:110:15)
#823    testWidgets.<anonymous closure>.<anonymous closure> (package:flutter_test/src/widget_tester.dart:192:29)
<asynchronous suspension>
#824    TestWidgetsFlutterBinding._runTestBody (package:flutter_test/src/binding.dart:1059:5)
<asynchronous suspension>
<asynchronous suspension>
(elided 5 frames from dart:async and package:stack_trace)

ÔòÉÔòÉÔòÉÔòÉÔòÉÔòÉÔòÉÔòÉÔòÉÔòÉÔòÉÔòÉÔòÉÔòÉÔòÉÔòÉÔòÉÔòÉÔòÉÔòÉÔòÉÔòÉÔòÉÔòÉÔòÉÔòÉÔòÉÔòÉÔòÉÔòÉÔòÉÔòÉÔòÉÔòÉÔòÉÔòÉÔòÉÔòÉÔòÉÔòÉÔòÉÔòÉÔòÉÔòÉÔòÉÔòÉÔòÉÔòÉÔòÉÔòÉÔòÉÔòÉÔòÉÔòÉÔòÉÔòÉÔòÉÔòÉÔòÉÔòÉÔòÉÔòÉÔòÉÔòÉÔòÉÔòÉÔòÉÔòÉÔòÉÔòÉÔòÉÔòÉÔòÉÔòÉÔòÉÔòÉÔòÉÔòÉÔòÉÔòÉÔòÉÔòÉÔòÉÔòÉÔòÉÔòÉÔòÉÔòÉÔòÉÔòÉÔòÉÔòÉÔòÉÔòÉÔòÉÔòÉÔòÉÔòÉÔòÉÔòÉ
ÔòÉÔòÉÔòí EXCEPTION CAUGHT BY FLUTTER TEST FRAMEWORK Ôò×ÔòÉÔòÉÔòÉÔòÉÔòÉÔòÉÔòÉÔòÉÔòÉÔòÉÔòÉÔòÉÔòÉÔòÉÔòÉÔòÉÔòÉÔòÉÔòÉÔòÉÔòÉÔòÉÔòÉÔòÉÔòÉÔòÉÔòÉÔòÉÔòÉÔòÉÔòÉÔòÉÔòÉÔòÉÔòÉÔòÉÔòÉÔòÉÔòÉÔòÉÔòÉÔòÉÔòÉÔòÉÔòÉÔòÉÔòÉÔòÉÔòÉÔòÉÔòÉÔòÉ
The following TestFailure was thrown running a test:
Expected: exactly one matching candidate
  Actual: _IconWidgetFinder:<Found 0 widgets with icon "IconData(U+0F48F)": []>
   Which: means none were found but one was expected

When the exception was thrown, this was the stack:
#4      main.<anonymous closure>.<anonymous closure> (file:///C:/Users/joaom/Documents/GitHub/Notes/universal_notes_flutter/test/main_material_test.dart:117:9)
<asynchronous suspension>
#5      testWidgets.<anonymous closure>.<anonymous closure> (package:flutter_test/src/widget_tester.dart:192:15)
<asynchronous suspension>
#6      TestWidgetsFlutterBinding._runTestBody (package:flutter_test/src/binding.dart:1059:5)
<asynchronous suspension>
<asynchronous suspension>
(elided one frame from package:stack_trace)

This was caught by the test expectation on the following line:
  file:///C:/Users/joaom/Documents/GitHub/Notes/universal_notes_flutter/test/main_material_test.dart line 117
The test description was:
  Deve alternar entre os modos de visualiza├º├úo (lista -> grid)
ÔòÉÔòÉÔòÉÔòÉÔòÉÔòÉÔòÉÔòÉÔòÉÔòÉÔòÉÔòÉÔòÉÔòÉÔòÉÔòÉÔòÉÔòÉÔòÉÔòÉÔòÉÔòÉÔòÉÔòÉÔòÉÔòÉÔòÉÔòÉÔòÉÔòÉÔòÉÔòÉÔòÉÔòÉÔòÉÔòÉÔòÉÔòÉÔòÉÔòÉÔòÉÔòÉÔòÉÔòÉÔòÉÔòÉÔòÉÔòÉÔòÉÔòÉÔòÉÔòÉÔòÉÔòÉÔòÉÔòÉÔòÉÔòÉÔòÉÔòÉÔòÉÔòÉÔòÉÔòÉÔòÉÔòÉÔòÉÔòÉÔòÉÔòÉÔòÉÔòÉÔòÉÔòÉÔòÉÔòÉÔòÉÔòÉÔòÉÔòÉÔòÉÔòÉÔòÉÔòÉÔòÉÔòÉÔòÉÔòÉÔòÉÔòÉÔòÉÔòÉÔòÉÔòÉÔòÉÔòÉÔòÉÔòÉÔòÉÔòÉ
ÔòÉÔòÉÔòí EXCEPTION CAUGHT BY FLUTTER TEST FRAMEWORK Ôò×ÔòÉÔòÉÔòÉÔòÉÔòÉÔòÉÔòÉÔòÉÔòÉÔòÉÔòÉÔòÉÔòÉÔòÉÔòÉÔòÉÔòÉÔòÉÔòÉÔòÉÔòÉÔòÉÔòÉÔòÉÔòÉÔòÉÔòÉÔòÉÔòÉÔòÉÔòÉÔòÉÔòÉÔòÉÔòÉÔòÉÔòÉÔòÉÔòÉÔòÉÔòÉÔòÉÔòÉÔòÉÔòÉÔòÉÔòÉÔòÉÔòÉÔòÉÔòÉÔòÉ
The following message was thrown:
Multiple exceptions (2) were detected during the running of the current test, and at least one was
unexpected.
ÔòÉÔòÉÔòÉÔòÉÔòÉÔòÉÔòÉÔòÉÔòÉÔòÉÔòÉÔòÉÔòÉÔòÉÔòÉÔòÉÔòÉÔòÉÔòÉÔòÉÔòÉÔòÉÔòÉÔòÉÔòÉÔòÉÔòÉÔòÉÔòÉÔòÉÔòÉÔòÉÔòÉÔòÉÔòÉÔòÉÔòÉÔòÉÔòÉÔòÉÔòÉÔòÉÔòÉÔòÉÔòÉÔòÉÔòÉÔòÉÔòÉÔòÉÔòÉÔòÉÔòÉÔòÉÔòÉÔòÉÔòÉÔòÉÔòÉÔòÉÔòÉÔòÉÔòÉÔòÉÔòÉÔòÉÔòÉÔòÉÔòÉÔòÉÔòÉÔòÉÔòÉÔòÉÔòÉÔòÉÔòÉÔòÉÔòÉÔòÉÔòÉÔòÉÔòÉÔòÉÔòÉÔòÉÔòÉÔòÉÔòÉÔòÉÔòÉÔòÉÔòÉÔòÉÔòÉÔòÉÔòÉÔòÉÔòÉÔòÉ
00:53 +31 -3: C:/Users/joaom/Documents/GitHub/Notes/universal_notes_flutter/test/main_fluent_test.dart: MyFluentApp UI Tests Deve renderizar a UI inicial com notas
00:53 +31 -3: C:/Users/joaom/Documents/GitHub/Notes/universal_notes_flutter/test/main_material_test.dart: MyApp Material UI Tests Deve alternar entre os modos de visualiza├º├úo (lista -> grid) [E]
  Test failed. See exception logs above.
  The test description was: Deve alternar entre os modos de visualiza├º├úo (lista -> grid)
  
00:53 +31 -3: C:/Users/joaom/Documents/GitHub/Notes/universal_notes_flutter/test/main_material_test.dart: MyApp Material UI Tests Deve navegar para a tela de nova nota ao pressionar o FAB
ÔòÉÔòÉÔòí EXCEPTION CAUGHT BY WIDGETS LIBRARY Ôò×ÔòÉÔòÉÔòÉÔòÉÔòÉÔòÉÔòÉÔòÉÔòÉÔòÉÔòÉÔòÉÔòÉÔòÉÔòÉÔòÉÔòÉÔòÉÔòÉÔòÉÔòÉÔòÉÔòÉÔòÉÔòÉÔòÉÔòÉÔòÉÔòÉÔòÉÔòÉÔòÉÔòÉÔòÉÔòÉÔòÉÔòÉÔòÉÔòÉÔòÉÔòÉÔòÉÔòÉÔòÉÔòÉÔòÉÔòÉÔòÉÔòÉÔòÉÔòÉÔòÉÔòÉÔòÉÔòÉÔòÉÔòÉÔòÉÔòÉ
The following assertion was thrown building NavigationView(appBar:
NavigationAppBar#6b832(backgroundColor: null, decoration: null), pane: null, clipBehavior:
Clip.antiAlias, contentShape: null, dirty, state: NavigationViewState#827f6):
A FluentTheme widget is necessary to draw this layout.
To introduce a FluentTheme widget, you can either directly include one, or use a widget that
contains FluentTheme itself, such as FluentApp
The specific widget that could not find a FluentTheme ancestor was:
  NavigationView
The ancestors of this widget were:
  ...
  NotesScreen
  Semantics
  Builder
  RepaintBoundary-[GlobalKey#3e469]
  IgnorePointer
  ...

The relevant error-causing widget was:
  NavigationView
  NavigationView:file:///C:/Users/joaom/Documents/GitHub/Notes/universal_notes_flutter/lib/screens/notes_screen.dart:698:19

When the exception was thrown, this was the stack:
#0      debugCheckHasFluentTheme.<anonymous closure> (package:fluent_ui/src/utils.dart:19:7)
#1      debugCheckHasFluentTheme (package:fluent_ui/src/utils.dart:30:4)
#2      NavigationViewState.build (package:fluent_ui/src/controls/navigation/navigation_view/view.dart:368:12)
#3      StatefulElement.build (package:flutter/src/widgets/framework.dart:5934:27)
#4      ComponentElement.performRebuild (package:flutter/src/widgets/framework.dart:5820:15)
#5      StatefulElement.performRebuild (package:flutter/src/widgets/framework.dart:5985:11)
#6      Element.rebuild (package:flutter/src/widgets/framework.dart:5532:7)
#7      ComponentElement._firstBuild (package:flutter/src/widgets/framework.dart:5802:5)
#8      StatefulElement._firstBuild (package:flutter/src/widgets/framework.dart:5976:11)
#9      ComponentElement.mount (package:flutter/src/widgets/framework.dart:5796:5)
...     Normal element mounting (268 frames)
#277    Element.inflateWidget (package:flutter/src/widgets/framework.dart:4590:20)
#278    MultiChildRenderObjectElement.inflateWidget (package:flutter/src/widgets/framework.dart:7269:36)
#279    MultiChildRenderObjectElement.mount (package:flutter/src/widgets/framework.dart:7285:32)
...     Normal element mounting (465 frames)
#744    Element.inflateWidget (package:flutter/src/widgets/framework.dart:4590:20)
#745    Element.updateChild (package:flutter/src/widgets/framework.dart:4053:20)
#746    ComponentElement.performRebuild (package:flutter/src/widgets/framework.dart:5844:16)
#747    Element.rebuild (package:flutter/src/widgets/framework.dart:5532:7)
#748    ProxyElement.update (package:flutter/src/widgets/framework.dart:6152:5)
#749    _InheritedNotifierElement.update (package:flutter/src/widgets/inherited_notifier.dart:108:11)
#750    Element.updateChild (package:flutter/src/widgets/framework.dart:4037:15)
#751    ComponentElement.performRebuild (package:flutter/src/widgets/framework.dart:5844:16)
#752    StatefulElement.performRebuild (package:flutter/src/widgets/framework.dart:5985:11)
#753    Element.rebuild (package:flutter/src/widgets/framework.dart:5532:7)
#754    StatefulElement.update (package:flutter/src/widgets/framework.dart:6010:5)
#755    Element.updateChild (package:flutter/src/widgets/framework.dart:4037:15)
#756    ComponentElement.performRebuild (package:flutter/src/widgets/framework.dart:5844:16)
#757    Element.rebuild (package:flutter/src/widgets/framework.dart:5532:7)
#758    ProxyElement.update (package:flutter/src/widgets/framework.dart:6152:5)
#759    _InheritedNotifierElement.update (package:flutter/src/widgets/inherited_notifier.dart:108:11)
#760    Element.updateChild (package:flutter/src/widgets/framework.dart:4037:15)
#761    ComponentElement.performRebuild (package:flutter/src/widgets/framework.dart:5844:16)
#762    StatefulElement.performRebuild (package:flutter/src/widgets/framework.dart:5985:11)
#763    Element.rebuild (package:flutter/src/widgets/framework.dart:5532:7)
#764    StatefulElement.update (package:flutter/src/widgets/framework.dart:6010:5)
#765    Element.updateChild (package:flutter/src/widgets/framework.dart:4037:15)
#766    ComponentElement.performRebuild (package:flutter/src/widgets/framework.dart:5844:16)
#767    StatefulElement.performRebuild (package:flutter/src/widgets/framework.dart:5985:11)
#768    Element.rebuild (package:flutter/src/widgets/framework.dart:5532:7)
#769    StatefulElement.update (package:flutter/src/widgets/framework.dart:6010:5)
#770    Element.updateChild (package:flutter/src/widgets/framework.dart:4037:15)
#771    ComponentElement.performRebuild (package:flutter/src/widgets/framework.dart:5844:16)
#772    Element.rebuild (package:flutter/src/widgets/framework.dart:5532:7)
#773    ProxyElement.update (package:flutter/src/widgets/framework.dart:6152:5)
#774    Element.updateChild (package:flutter/src/widgets/framework.dart:4037:15)
#775    ComponentElement.performRebuild (package:flutter/src/widgets/framework.dart:5844:16)
#776    StatefulElement.performRebuild (package:flutter/src/widgets/framework.dart:5985:11)
#777    Element.rebuild (package:flutter/src/widgets/framework.dart:5532:7)
#778    StatefulElement.update (package:flutter/src/widgets/framework.dart:6010:5)
#779    Element.updateChild (package:flutter/src/widgets/framework.dart:4037:15)
#780    ComponentElement.performRebuild (package:flutter/src/widgets/framework.dart:5844:16)
#781    Element.rebuild (package:flutter/src/widgets/framework.dart:5532:7)
#782    ProxyElement.update (package:flutter/src/widgets/framework.dart:6152:5)
#783    Element.updateChild (package:flutter/src/widgets/framework.dart:4037:15)
#784    ComponentElement.performRebuild (package:flutter/src/widgets/framework.dart:5844:16)
#785    Element.rebuild (package:flutter/src/widgets/framework.dart:5532:7)
#786    ProxyElement.update (package:flutter/src/widgets/framework.dart:6152:5)
#787    Element.updateChild (package:flutter/src/widgets/framework.dart:4037:15)
#788    _RawViewElement._updateChild (package:flutter/src/widgets/view.dart:481:16)
#789    _RawViewElement.update (package:flutter/src/widgets/view.dart:568:5)
#790    Element.updateChild (package:flutter/src/widgets/framework.dart:4037:15)
#791    ComponentElement.performRebuild (package:flutter/src/widgets/framework.dart:5844:16)
#792    Element.rebuild (package:flutter/src/widgets/framework.dart:5532:7)
#793    StatelessElement.update (package:flutter/src/widgets/framework.dart:5898:5)
#794    Element.updateChild (package:flutter/src/widgets/framework.dart:4037:15)
#795    ComponentElement.performRebuild (package:flutter/src/widgets/framework.dart:5844:16)
#796    StatefulElement.performRebuild (package:flutter/src/widgets/framework.dart:5985:11)
#797    Element.rebuild (package:flutter/src/widgets/framework.dart:5532:7)
#798    StatefulElement.update (package:flutter/src/widgets/framework.dart:6010:5)
#799    Element.updateChild (package:flutter/src/widgets/framework.dart:4037:15)
#800    RootElement._rebuild (package:flutter/src/widgets/binding.dart:1782:16)
#801    RootElement.update (package:flutter/src/widgets/binding.dart:1760:5)
#802    RootElement.performRebuild (package:flutter/src/widgets/binding.dart:1774:7)
#803    Element.rebuild (package:flutter/src/widgets/framework.dart:5532:7)
#804    BuildScope._tryRebuild (package:flutter/src/widgets/framework.dart:2750:15)
#805    BuildScope._flushDirtyElements (package:flutter/src/widgets/framework.dart:2807:11)
#806    BuildOwner.buildScope (package:flutter/src/widgets/framework.dart:3111:18)
#807    AutomatedTestWidgetsFlutterBinding.drawFrame (package:flutter_test/src/binding.dart:1506:19)
#808    RendererBinding._handlePersistentFrameCallback (package:flutter/src/rendering/binding.dart:495:5)
#809    SchedulerBinding._invokeFrameCallback (package:flutter/src/scheduler/binding.dart:1434:15)
#810    SchedulerBinding.handleDrawFrame (package:flutter/src/scheduler/binding.dart:1347:9)
#811    AutomatedTestWidgetsFlutterBinding.pump.<anonymous closure> (package:flutter_test/src/binding.dart:1335:9)
#814    TestAsyncUtils.guard (package:flutter_test/src/test_async_utils.dart:74:41)
#815    AutomatedTestWidgetsFlutterBinding.pump (package:flutter_test/src/binding.dart:1324:27)
#816    WidgetTester.pumpWidget.<anonymous closure> (package:flutter_test/src/widget_tester.dart:598:22)
#819    TestAsyncUtils.guard (package:flutter_test/src/test_async_utils.dart:74:41)
#820    WidgetTester.pumpWidget (package:flutter_test/src/widget_tester.dart:595:27)
#821    main.pumpWidget (file:///C:/Users/joaom/Documents/GitHub/Notes/universal_notes_flutter/test/main_material_test.dart:52:18)
#822    main.<anonymous closure>.<anonymous closure> (file:///C:/Users/joaom/Documents/GitHub/Notes/universal_notes_flutter/test/main_material_test.dart:137:13)
#823    testWidgets.<anonymous closure>.<anonymous closure> (package:flutter_test/src/widget_tester.dart:192:29)
<asynchronous suspension>
#824    TestWidgetsFlutterBinding._runTestBody (package:flutter_test/src/binding.dart:1059:5)
<asynchronous suspension>
<asynchronous suspension>
(elided 5 frames from dart:async and package:stack_trace)

ÔòÉÔòÉÔòÉÔòÉÔòÉÔòÉÔòÉÔòÉÔòÉÔòÉÔòÉÔòÉÔòÉÔòÉÔòÉÔòÉÔòÉÔòÉÔòÉÔòÉÔòÉÔòÉÔòÉÔòÉÔòÉÔòÉÔòÉÔòÉÔòÉÔòÉÔòÉÔòÉÔòÉÔòÉÔòÉÔòÉÔòÉÔòÉÔòÉÔòÉÔòÉÔòÉÔòÉÔòÉÔòÉÔòÉÔòÉÔòÉÔòÉÔòÉÔòÉÔòÉÔòÉÔòÉÔòÉÔòÉÔòÉÔòÉÔòÉÔòÉÔòÉÔòÉÔòÉÔòÉÔòÉÔòÉÔòÉÔòÉÔòÉÔòÉÔòÉÔòÉÔòÉÔòÉÔòÉÔòÉÔòÉÔòÉÔòÉÔòÉÔòÉÔòÉÔòÉÔòÉÔòÉÔòÉÔòÉÔòÉÔòÉÔòÉÔòÉÔòÉÔòÉÔòÉÔòÉÔòÉÔòÉÔòÉÔòÉÔòÉ
ÔòÉÔòÉÔòí EXCEPTION CAUGHT BY FLUTTER TEST FRAMEWORK Ôò×ÔòÉÔòÉÔòÉÔòÉÔòÉÔòÉÔòÉÔòÉÔòÉÔòÉÔòÉÔòÉÔòÉÔòÉÔòÉÔòÉÔòÉÔòÉÔòÉÔòÉÔòÉÔòÉÔòÉÔòÉÔòÉÔòÉÔòÉÔòÉÔòÉÔòÉÔòÉÔòÉÔòÉÔòÉÔòÉÔòÉÔòÉÔòÉÔòÉÔòÉÔòÉÔòÉÔòÉÔòÉÔòÉÔòÉÔòÉÔòÉÔòÉÔòÉÔòÉÔòÉ
The following assertion was thrown running a test:
The finder "Found 0 widgets with type "FloatingActionButton": []" (used in a call to "tap()") could
not find any matching widgets.

When the exception was thrown, this was the stack:
#0      WidgetController._getElementPoint (package:flutter_test/src/controller.dart:2013:7)
#1      WidgetController.getCenter (package:flutter_test/src/controller.dart:1865:12)
#2      WidgetController.tap (package:flutter_test/src/controller.dart:1045:7)
#3      main.<anonymous closure>.<anonymous closure> (file:///C:/Users/joaom/Documents/GitHub/Notes/universal_notes_flutter/test/main_material_test.dart:140:20)
<asynchronous suspension>
#4      testWidgets.<anonymous closure>.<anonymous closure> (package:flutter_test/src/widget_tester.dart:192:15)
<asynchronous suspension>
#5      TestWidgetsFlutterBinding._runTestBody (package:flutter_test/src/binding.dart:1059:5)
<asynchronous suspension>
<asynchronous suspension>
(elided one frame from package:stack_trace)

The test description was:
  Deve navegar para a tela de nova nota ao pressionar o FAB
ÔòÉÔòÉÔòÉÔòÉÔòÉÔòÉÔòÉÔòÉÔòÉÔòÉÔòÉÔòÉÔòÉÔòÉÔòÉÔòÉÔòÉÔòÉÔòÉÔòÉÔòÉÔòÉÔòÉÔòÉÔòÉÔòÉÔòÉÔòÉÔòÉÔòÉÔòÉÔòÉÔòÉÔòÉÔòÉÔòÉÔòÉÔòÉÔòÉÔòÉÔòÉÔòÉÔòÉÔòÉÔòÉÔòÉÔòÉÔòÉÔòÉÔòÉÔòÉÔòÉÔòÉÔòÉÔòÉÔòÉÔòÉÔòÉÔòÉÔòÉÔòÉÔòÉÔòÉÔòÉÔòÉÔòÉÔòÉÔòÉÔòÉÔòÉÔòÉÔòÉÔòÉÔòÉÔòÉÔòÉÔòÉÔòÉÔòÉÔòÉÔòÉÔòÉÔòÉÔòÉÔòÉÔòÉÔòÉÔòÉÔòÉÔòÉÔòÉÔòÉÔòÉÔòÉÔòÉÔòÉÔòÉÔòÉÔòÉÔòÉ
ÔòÉÔòÉÔòí EXCEPTION CAUGHT BY FLUTTER TEST FRAMEWORK Ôò×ÔòÉÔòÉÔòÉÔòÉÔòÉÔòÉÔòÉÔòÉÔòÉÔòÉÔòÉÔòÉÔòÉÔòÉÔòÉÔòÉÔòÉÔòÉÔòÉÔòÉÔòÉÔòÉÔòÉÔòÉÔòÉÔòÉÔòÉÔòÉÔòÉÔòÉÔòÉÔòÉÔòÉÔòÉÔòÉÔòÉÔòÉÔòÉÔòÉÔòÉÔòÉÔòÉÔòÉÔòÉÔòÉÔòÉÔòÉÔòÉÔòÉÔòÉÔòÉÔòÉ
The following message was thrown:
Multiple exceptions (2) were detected during the running of the current test, and at least one was
unexpected.
ÔòÉÔòÉÔòÉÔòÉÔòÉÔòÉÔòÉÔòÉÔòÉÔòÉÔòÉÔòÉÔòÉÔòÉÔòÉÔòÉÔòÉÔòÉÔòÉÔòÉÔòÉÔòÉÔòÉÔòÉÔòÉÔòÉÔòÉÔòÉÔòÉÔòÉÔòÉÔòÉÔòÉÔòÉÔòÉÔòÉÔòÉÔòÉÔòÉÔòÉÔòÉÔòÉÔòÉÔòÉÔòÉÔòÉÔòÉÔòÉÔòÉÔòÉÔòÉÔòÉÔòÉÔòÉÔòÉÔòÉÔòÉÔòÉÔòÉÔòÉÔòÉÔòÉÔòÉÔòÉÔòÉÔòÉÔòÉÔòÉÔòÉÔòÉÔòÉÔòÉÔòÉÔòÉÔòÉÔòÉÔòÉÔòÉÔòÉÔòÉÔòÉÔòÉÔòÉÔòÉÔòÉÔòÉÔòÉÔòÉÔòÉÔòÉÔòÉÔòÉÔòÉÔòÉÔòÉÔòÉÔòÉÔòÉÔòÉÔòÉ
00:54 +31 -4: C:/Users/joaom/Documents/GitHub/Notes/universal_notes_flutter/test/main_fluent_test.dart: MyFluentApp UI Tests Deve renderizar a UI inicial com notas
00:54 +31 -4: C:/Users/joaom/Documents/GitHub/Notes/universal_notes_flutter/test/main_material_test.dart: MyApp Material UI Tests Deve navegar para a tela de nova nota ao pressionar o FAB [E]
  Test failed. See exception logs above.
  The test description was: Deve navegar para a tela de nova nota ao pressionar o FAB
  
00:54 +31 -4: C:/Users/joaom/Documents/GitHub/Notes/universal_notes_flutter/test/main_material_test.dart: MyApp Material UI Tests Deve navegar para a tela de edi├º├úo de nota ao tocar em uma nota
ÔòÉÔòÉÔòí EXCEPTION CAUGHT BY WIDGETS LIBRARY Ôò×ÔòÉÔòÉÔòÉÔòÉÔòÉÔòÉÔòÉÔòÉÔòÉÔòÉÔòÉÔòÉÔòÉÔòÉÔòÉÔòÉÔòÉÔòÉÔòÉÔòÉÔòÉÔòÉÔòÉÔòÉÔòÉÔòÉÔòÉÔòÉÔòÉÔòÉÔòÉÔòÉÔòÉÔòÉÔòÉÔòÉÔòÉÔòÉÔòÉÔòÉÔòÉÔòÉÔòÉÔòÉÔòÉÔòÉÔòÉÔòÉÔòÉÔòÉÔòÉÔòÉÔòÉÔòÉÔòÉÔòÉÔòÉÔòÉÔòÉ
The following assertion was thrown building NavigationView(appBar:
NavigationAppBar#62c3a(backgroundColor: null, decoration: null), pane: null, clipBehavior:
Clip.antiAlias, contentShape: null, dirty, state: NavigationViewState#c956a):
A FluentTheme widget is necessary to draw this layout.
To introduce a FluentTheme widget, you can either directly include one, or use a widget that
contains FluentTheme itself, such as FluentApp
The specific widget that could not find a FluentTheme ancestor was:
  NavigationView
The ancestors of this widget were:
  ...
  NotesScreen
  Semantics
  Builder
  RepaintBoundary-[GlobalKey#678a5]
  IgnorePointer
  ...

The relevant error-causing widget was:
  NavigationView
  NavigationView:file:///C:/Users/joaom/Documents/GitHub/Notes/universal_notes_flutter/lib/screens/notes_screen.dart:698:19

When the exception was thrown, this was the stack:
#0      debugCheckHasFluentTheme.<anonymous closure> (package:fluent_ui/src/utils.dart:19:7)
#1      debugCheckHasFluentTheme (package:fluent_ui/src/utils.dart:30:4)
#2      NavigationViewState.build (package:fluent_ui/src/controls/navigation/navigation_view/view.dart:368:12)
#3      StatefulElement.build (package:flutter/src/widgets/framework.dart:5934:27)
#4      ComponentElement.performRebuild (package:flutter/src/widgets/framework.dart:5820:15)
#5      StatefulElement.performRebuild (package:flutter/src/widgets/framework.dart:5985:11)
#6      Element.rebuild (package:flutter/src/widgets/framework.dart:5532:7)
#7      ComponentElement._firstBuild (package:flutter/src/widgets/framework.dart:5802:5)
#8      StatefulElement._firstBuild (package:flutter/src/widgets/framework.dart:5976:11)
#9      ComponentElement.mount (package:flutter/src/widgets/framework.dart:5796:5)
...     Normal element mounting (268 frames)
#277    Element.inflateWidget (package:flutter/src/widgets/framework.dart:4590:20)
#278    MultiChildRenderObjectElement.inflateWidget (package:flutter/src/widgets/framework.dart:7269:36)
#279    MultiChildRenderObjectElement.mount (package:flutter/src/widgets/framework.dart:7285:32)
...     Normal element mounting (465 frames)
#744    Element.inflateWidget (package:flutter/src/widgets/framework.dart:4590:20)
#745    Element.updateChild (package:flutter/src/widgets/framework.dart:4053:20)
#746    ComponentElement.performRebuild (package:flutter/src/widgets/framework.dart:5844:16)
#747    Element.rebuild (package:flutter/src/widgets/framework.dart:5532:7)
#748    ProxyElement.update (package:flutter/src/widgets/framework.dart:6152:5)
#749    _InheritedNotifierElement.update (package:flutter/src/widgets/inherited_notifier.dart:108:11)
#750    Element.updateChild (package:flutter/src/widgets/framework.dart:4037:15)
#751    ComponentElement.performRebuild (package:flutter/src/widgets/framework.dart:5844:16)
#752    StatefulElement.performRebuild (package:flutter/src/widgets/framework.dart:5985:11)
#753    Element.rebuild (package:flutter/src/widgets/framework.dart:5532:7)
#754    StatefulElement.update (package:flutter/src/widgets/framework.dart:6010:5)
#755    Element.updateChild (package:flutter/src/widgets/framework.dart:4037:15)
#756    ComponentElement.performRebuild (package:flutter/src/widgets/framework.dart:5844:16)
#757    Element.rebuild (package:flutter/src/widgets/framework.dart:5532:7)
#758    ProxyElement.update (package:flutter/src/widgets/framework.dart:6152:5)
#759    _InheritedNotifierElement.update (package:flutter/src/widgets/inherited_notifier.dart:108:11)
#760    Element.updateChild (package:flutter/src/widgets/framework.dart:4037:15)
#761    ComponentElement.performRebuild (package:flutter/src/widgets/framework.dart:5844:16)
#762    StatefulElement.performRebuild (package:flutter/src/widgets/framework.dart:5985:11)
#763    Element.rebuild (package:flutter/src/widgets/framework.dart:5532:7)
#764    StatefulElement.update (package:flutter/src/widgets/framework.dart:6010:5)
#765    Element.updateChild (package:flutter/src/widgets/framework.dart:4037:15)
#766    ComponentElement.performRebuild (package:flutter/src/widgets/framework.dart:5844:16)
#767    StatefulElement.performRebuild (package:flutter/src/widgets/framework.dart:5985:11)
#768    Element.rebuild (package:flutter/src/widgets/framework.dart:5532:7)
#769    StatefulElement.update (package:flutter/src/widgets/framework.dart:6010:5)
#770    Element.updateChild (package:flutter/src/widgets/framework.dart:4037:15)
#771    ComponentElement.performRebuild (package:flutter/src/widgets/framework.dart:5844:16)
#772    Element.rebuild (package:flutter/src/widgets/framework.dart:5532:7)
#773    ProxyElement.update (package:flutter/src/widgets/framework.dart:6152:5)
#774    Element.updateChild (package:flutter/src/widgets/framework.dart:4037:15)
#775    ComponentElement.performRebuild (package:flutter/src/widgets/framework.dart:5844:16)
#776    StatefulElement.performRebuild (package:flutter/src/widgets/framework.dart:5985:11)
#777    Element.rebuild (package:flutter/src/widgets/framework.dart:5532:7)
#778    StatefulElement.update (package:flutter/src/widgets/framework.dart:6010:5)
#779    Element.updateChild (package:flutter/src/widgets/framework.dart:4037:15)
#780    ComponentElement.performRebuild (package:flutter/src/widgets/framework.dart:5844:16)
#781    Element.rebuild (package:flutter/src/widgets/framework.dart:5532:7)
#782    ProxyElement.update (package:flutter/src/widgets/framework.dart:6152:5)
#783    Element.updateChild (package:flutter/src/widgets/framework.dart:4037:15)
#784    ComponentElement.performRebuild (package:flutter/src/widgets/framework.dart:5844:16)
#785    Element.rebuild (package:flutter/src/widgets/framework.dart:5532:7)
#786    ProxyElement.update (package:flutter/src/widgets/framework.dart:6152:5)
#787    Element.updateChild (package:flutter/src/widgets/framework.dart:4037:15)
#788    _RawViewElement._updateChild (package:flutter/src/widgets/view.dart:481:16)
#789    _RawViewElement.update (package:flutter/src/widgets/view.dart:568:5)
#790    Element.updateChild (package:flutter/src/widgets/framework.dart:4037:15)
#791    ComponentElement.performRebuild (package:flutter/src/widgets/framework.dart:5844:16)
#792    Element.rebuild (package:flutter/src/widgets/framework.dart:5532:7)
#793    StatelessElement.update (package:flutter/src/widgets/framework.dart:5898:5)
#794    Element.updateChild (package:flutter/src/widgets/framework.dart:4037:15)
#795    ComponentElement.performRebuild (package:flutter/src/widgets/framework.dart:5844:16)
#796    StatefulElement.performRebuild (package:flutter/src/widgets/framework.dart:5985:11)
#797    Element.rebuild (package:flutter/src/widgets/framework.dart:5532:7)
#798    StatefulElement.update (package:flutter/src/widgets/framework.dart:6010:5)
#799    Element.updateChild (package:flutter/src/widgets/framework.dart:4037:15)
#800    RootElement._rebuild (package:flutter/src/widgets/binding.dart:1782:16)
#801    RootElement.update (package:flutter/src/widgets/binding.dart:1760:5)
#802    RootElement.performRebuild (package:flutter/src/widgets/binding.dart:1774:7)
#803    Element.rebuild (package:flutter/src/widgets/framework.dart:5532:7)
#804    BuildScope._tryRebuild (package:flutter/src/widgets/framework.dart:2750:15)
#805    BuildScope._flushDirtyElements (package:flutter/src/widgets/framework.dart:2807:11)
#806    BuildOwner.buildScope (package:flutter/src/widgets/framework.dart:3111:18)
#807    AutomatedTestWidgetsFlutterBinding.drawFrame (package:flutter_test/src/binding.dart:1506:19)
#808    RendererBinding._handlePersistentFrameCallback (package:flutter/src/rendering/binding.dart:495:5)
#809    SchedulerBinding._invokeFrameCallback (package:flutter/src/scheduler/binding.dart:1434:15)
#810    SchedulerBinding.handleDrawFrame (package:flutter/src/scheduler/binding.dart:1347:9)
#811    AutomatedTestWidgetsFlutterBinding.pump.<anonymous closure> (package:flutter_test/src/binding.dart:1335:9)
#814    TestAsyncUtils.guard (package:flutter_test/src/test_async_utils.dart:74:41)
#815    AutomatedTestWidgetsFlutterBinding.pump (package:flutter_test/src/binding.dart:1324:27)
#816    WidgetTester.pumpWidget.<anonymous closure> (package:flutter_test/src/widget_tester.dart:598:22)
#819    TestAsyncUtils.guard (package:flutter_test/src/test_async_utils.dart:74:41)
#820    WidgetTester.pumpWidget (package:flutter_test/src/widget_tester.dart:595:27)
#821    main.pumpWidget (file:///C:/Users/joaom/Documents/GitHub/Notes/universal_notes_flutter/test/main_material_test.dart:52:18)
#822    main.<anonymous closure>.<anonymous closure> (file:///C:/Users/joaom/Documents/GitHub/Notes/universal_notes_flutter/test/main_material_test.dart:161:15)
#823    testWidgets.<anonymous closure>.<anonymous closure> (package:flutter_test/src/widget_tester.dart:192:29)
<asynchronous suspension>
#824    TestWidgetsFlutterBinding._runTestBody (package:flutter_test/src/binding.dart:1059:5)
<asynchronous suspension>
<asynchronous suspension>
(elided 5 frames from dart:async and package:stack_trace)

ÔòÉÔòÉÔòÉÔòÉÔòÉÔòÉÔòÉÔòÉÔòÉÔòÉÔòÉÔòÉÔòÉÔòÉÔòÉÔòÉÔòÉÔòÉÔòÉÔòÉÔòÉÔòÉÔòÉÔòÉÔòÉÔòÉÔòÉÔòÉÔòÉÔòÉÔòÉÔòÉÔòÉÔòÉÔòÉÔòÉÔòÉÔòÉÔòÉÔòÉÔòÉÔòÉÔòÉÔòÉÔòÉÔòÉÔòÉÔòÉÔòÉÔòÉÔòÉÔòÉÔòÉÔòÉÔòÉÔòÉÔòÉÔòÉÔòÉÔòÉÔòÉÔòÉÔòÉÔòÉÔòÉÔòÉÔòÉÔòÉÔòÉÔòÉÔòÉÔòÉÔòÉÔòÉÔòÉÔòÉÔòÉÔòÉÔòÉÔòÉÔòÉÔòÉÔòÉÔòÉÔòÉÔòÉÔòÉÔòÉÔòÉÔòÉÔòÉÔòÉÔòÉÔòÉÔòÉÔòÉÔòÉÔòÉÔòÉÔòÉ
ÔòÉÔòÉÔòí EXCEPTION CAUGHT BY FLUTTER TEST FRAMEWORK Ôò×ÔòÉÔòÉÔòÉÔòÉÔòÉÔòÉÔòÉÔòÉÔòÉÔòÉÔòÉÔòÉÔòÉÔòÉÔòÉÔòÉÔòÉÔòÉÔòÉÔòÉÔòÉÔòÉÔòÉÔòÉÔòÉÔòÉÔòÉÔòÉÔòÉÔòÉÔòÉÔòÉÔòÉÔòÉÔòÉÔòÉÔòÉÔòÉÔòÉÔòÉÔòÉÔòÉÔòÉÔòÉÔòÉÔòÉÔòÉÔòÉÔòÉÔòÉÔòÉÔòÉ
The following assertion was thrown running a test:
The finder "Found 0 widgets with text "Nota Edit├ível": []" (used in a call to "tap()") could not
find any matching widgets.

When the exception was thrown, this was the stack:
#0      WidgetController._getElementPoint (package:flutter_test/src/controller.dart:2013:7)
#1      WidgetController.getCenter (package:flutter_test/src/controller.dart:1865:12)
#2      WidgetController.tap (package:flutter_test/src/controller.dart:1045:7)
#3      main.<anonymous closure>.<anonymous closure> (file:///C:/Users/joaom/Documents/GitHub/Notes/universal_notes_flutter/test/main_material_test.dart:164:22)
<asynchronous suspension>
#4      testWidgets.<anonymous closure>.<anonymous closure> (package:flutter_test/src/widget_tester.dart:192:15)
<asynchronous suspension>
#5      TestWidgetsFlutterBinding._runTestBody (package:flutter_test/src/binding.dart:1059:5)
<asynchronous suspension>
<asynchronous suspension>
(elided one frame from package:stack_trace)

The test description was:
  Deve navegar para a tela de edi├º├úo de nota ao tocar em uma nota
ÔòÉÔòÉÔòÉÔòÉÔòÉÔòÉÔòÉÔòÉÔòÉÔòÉÔòÉÔòÉÔòÉÔòÉÔòÉÔòÉÔòÉÔòÉÔòÉÔòÉÔòÉÔòÉÔòÉÔòÉÔòÉÔòÉÔòÉÔòÉÔòÉÔòÉÔòÉÔòÉÔòÉÔòÉÔòÉÔòÉÔòÉÔòÉÔòÉÔòÉÔòÉÔòÉÔòÉÔòÉÔòÉÔòÉÔòÉÔòÉÔòÉÔòÉÔòÉÔòÉÔòÉÔòÉÔòÉÔòÉÔòÉÔòÉÔòÉÔòÉÔòÉÔòÉÔòÉÔòÉÔòÉÔòÉÔòÉÔòÉÔòÉÔòÉÔòÉÔòÉÔòÉÔòÉÔòÉÔòÉÔòÉÔòÉÔòÉÔòÉÔòÉÔòÉÔòÉÔòÉÔòÉÔòÉÔòÉÔòÉÔòÉÔòÉÔòÉÔòÉÔòÉÔòÉÔòÉÔòÉÔòÉÔòÉÔòÉÔòÉ
ÔòÉÔòÉÔòí EXCEPTION CAUGHT BY FLUTTER TEST FRAMEWORK Ôò×ÔòÉÔòÉÔòÉÔòÉÔòÉÔòÉÔòÉÔòÉÔòÉÔòÉÔòÉÔòÉÔòÉÔòÉÔòÉÔòÉÔòÉÔòÉÔòÉÔòÉÔòÉÔòÉÔòÉÔòÉÔòÉÔòÉÔòÉÔòÉÔòÉÔòÉÔòÉÔòÉÔòÉÔòÉÔòÉÔòÉÔòÉÔòÉÔòÉÔòÉÔòÉÔòÉÔòÉÔòÉÔòÉÔòÉÔòÉÔòÉÔòÉÔòÉÔòÉÔòÉ
The following message was thrown:
Multiple exceptions (2) were detected during the running of the current test, and at least one was
unexpected.
ÔòÉÔòÉÔòÉÔòÉÔòÉÔòÉÔòÉÔòÉÔòÉÔòÉÔòÉÔòÉÔòÉÔòÉÔòÉÔòÉÔòÉÔòÉÔòÉÔòÉÔòÉÔòÉÔòÉÔòÉÔòÉÔòÉÔòÉÔòÉÔòÉÔòÉÔòÉÔòÉÔòÉÔòÉÔòÉÔòÉÔòÉÔòÉÔòÉÔòÉÔòÉÔòÉÔòÉÔòÉÔòÉÔòÉÔòÉÔòÉÔòÉÔòÉÔòÉÔòÉÔòÉÔòÉÔòÉÔòÉÔòÉÔòÉÔòÉÔòÉÔòÉÔòÉÔòÉÔòÉÔòÉÔòÉÔòÉÔòÉÔòÉÔòÉÔòÉÔòÉÔòÉÔòÉÔòÉÔòÉÔòÉÔòÉÔòÉÔòÉÔòÉÔòÉÔòÉÔòÉÔòÉÔòÉÔòÉÔòÉÔòÉÔòÉÔòÉÔòÉÔòÉÔòÉÔòÉÔòÉÔòÉÔòÉÔòÉÔòÉ
00:54 +31 -5: C:/Users/joaom/Documents/GitHub/Notes/universal_notes_flutter/test/main_fluent_test.dart: MyFluentApp UI Tests Deve renderizar a UI inicial com notas
00:54 +31 -5: C:/Users/joaom/Documents/GitHub/Notes/universal_notes_flutter/test/main_material_test.dart: MyApp Material UI Tests Deve navegar para a tela de edi├º├úo de nota ao tocar em uma nota [E]
  Test failed. See exception logs above.
  The test description was: Deve navegar para a tela de edi├º├úo de nota ao tocar em uma nota
  
00:54 +31 -5: C:/Users/joaom/Documents/GitHub/Notes/universal_notes_flutter/test/main_material_test.dart: MyApp Material UI Tests Deve mover a nota para a lixeira ao usar o menu de contexto
ÔòÉÔòÉÔòí EXCEPTION CAUGHT BY WIDGETS LIBRARY Ôò×ÔòÉÔòÉÔòÉÔòÉÔòÉÔòÉÔòÉÔòÉÔòÉÔòÉÔòÉÔòÉÔòÉÔòÉÔòÉÔòÉÔòÉÔòÉÔòÉÔòÉÔòÉÔòÉÔòÉÔòÉÔòÉÔòÉÔòÉÔòÉÔòÉÔòÉÔòÉÔòÉÔòÉÔòÉÔòÉÔòÉÔòÉÔòÉÔòÉÔòÉÔòÉÔòÉÔòÉÔòÉÔòÉÔòÉÔòÉÔòÉÔòÉÔòÉÔòÉÔòÉÔòÉÔòÉÔòÉÔòÉÔòÉÔòÉÔòÉ
The following assertion was thrown building NavigationView(appBar:
NavigationAppBar#8f77d(backgroundColor: null, decoration: null), pane: null, clipBehavior:
Clip.antiAlias, contentShape: null, dirty, state: NavigationViewState#84212):
A FluentTheme widget is necessary to draw this layout.
To introduce a FluentTheme widget, you can either directly include one, or use a widget that
contains FluentTheme itself, such as FluentApp
The specific widget that could not find a FluentTheme ancestor was:
  NavigationView
The ancestors of this widget were:
  ...
  NotesScreen
  Semantics
  Builder
  RepaintBoundary-[GlobalKey#f0e98]
  IgnorePointer
  ...

The relevant error-causing widget was:
  NavigationView
  NavigationView:file:///C:/Users/joaom/Documents/GitHub/Notes/universal_notes_flutter/lib/screens/notes_screen.dart:698:19

When the exception was thrown, this was the stack:
#0      debugCheckHasFluentTheme.<anonymous closure> (package:fluent_ui/src/utils.dart:19:7)
#1      debugCheckHasFluentTheme (package:fluent_ui/src/utils.dart:30:4)
#2      NavigationViewState.build (package:fluent_ui/src/controls/navigation/navigation_view/view.dart:368:12)
#3      StatefulElement.build (package:flutter/src/widgets/framework.dart:5934:27)
#4      ComponentElement.performRebuild (package:flutter/src/widgets/framework.dart:5820:15)
#5      StatefulElement.performRebuild (package:flutter/src/widgets/framework.dart:5985:11)
#6      Element.rebuild (package:flutter/src/widgets/framework.dart:5532:7)
#7      ComponentElement._firstBuild (package:flutter/src/widgets/framework.dart:5802:5)
#8      StatefulElement._firstBuild (package:flutter/src/widgets/framework.dart:5976:11)
#9      ComponentElement.mount (package:flutter/src/widgets/framework.dart:5796:5)
...     Normal element mounting (268 frames)
#277    Element.inflateWidget (package:flutter/src/widgets/framework.dart:4590:20)
#278    MultiChildRenderObjectElement.inflateWidget (package:flutter/src/widgets/framework.dart:7269:36)
#279    MultiChildRenderObjectElement.mount (package:flutter/src/widgets/framework.dart:7285:32)
...     Normal element mounting (465 frames)
#744    Element.inflateWidget (package:flutter/src/widgets/framework.dart:4590:20)
#745    Element.updateChild (package:flutter/src/widgets/framework.dart:4053:20)
#746    ComponentElement.performRebuild (package:flutter/src/widgets/framework.dart:5844:16)
#747    Element.rebuild (package:flutter/src/widgets/framework.dart:5532:7)
#748    ProxyElement.update (package:flutter/src/widgets/framework.dart:6152:5)
#749    _InheritedNotifierElement.update (package:flutter/src/widgets/inherited_notifier.dart:108:11)
#750    Element.updateChild (package:flutter/src/widgets/framework.dart:4037:15)
#751    ComponentElement.performRebuild (package:flutter/src/widgets/framework.dart:5844:16)
#752    StatefulElement.performRebuild (package:flutter/src/widgets/framework.dart:5985:11)
#753    Element.rebuild (package:flutter/src/widgets/framework.dart:5532:7)
#754    StatefulElement.update (package:flutter/src/widgets/framework.dart:6010:5)
#755    Element.updateChild (package:flutter/src/widgets/framework.dart:4037:15)
#756    ComponentElement.performRebuild (package:flutter/src/widgets/framework.dart:5844:16)
#757    Element.rebuild (package:flutter/src/widgets/framework.dart:5532:7)
#758    ProxyElement.update (package:flutter/src/widgets/framework.dart:6152:5)
#759    _InheritedNotifierElement.update (package:flutter/src/widgets/inherited_notifier.dart:108:11)
#760    Element.updateChild (package:flutter/src/widgets/framework.dart:4037:15)
#761    ComponentElement.performRebuild (package:flutter/src/widgets/framework.dart:5844:16)
#762    StatefulElement.performRebuild (package:flutter/src/widgets/framework.dart:5985:11)
#763    Element.rebuild (package:flutter/src/widgets/framework.dart:5532:7)
#764    StatefulElement.update (package:flutter/src/widgets/framework.dart:6010:5)
#765    Element.updateChild (package:flutter/src/widgets/framework.dart:4037:15)
#766    ComponentElement.performRebuild (package:flutter/src/widgets/framework.dart:5844:16)
#767    StatefulElement.performRebuild (package:flutter/src/widgets/framework.dart:5985:11)
#768    Element.rebuild (package:flutter/src/widgets/framework.dart:5532:7)
#769    StatefulElement.update (package:flutter/src/widgets/framework.dart:6010:5)
#770    Element.updateChild (package:flutter/src/widgets/framework.dart:4037:15)
#771    ComponentElement.performRebuild (package:flutter/src/widgets/framework.dart:5844:16)
#772    Element.rebuild (package:flutter/src/widgets/framework.dart:5532:7)
#773    ProxyElement.update (package:flutter/src/widgets/framework.dart:6152:5)
#774    Element.updateChild (package:flutter/src/widgets/framework.dart:4037:15)
#775    ComponentElement.performRebuild (package:flutter/src/widgets/framework.dart:5844:16)
#776    StatefulElement.performRebuild (package:flutter/src/widgets/framework.dart:5985:11)
#777    Element.rebuild (package:flutter/src/widgets/framework.dart:5532:7)
#778    StatefulElement.update (package:flutter/src/widgets/framework.dart:6010:5)
#779    Element.updateChild (package:flutter/src/widgets/framework.dart:4037:15)
#780    ComponentElement.performRebuild (package:flutter/src/widgets/framework.dart:5844:16)
#781    Element.rebuild (package:flutter/src/widgets/framework.dart:5532:7)
#782    ProxyElement.update (package:flutter/src/widgets/framework.dart:6152:5)
#783    Element.updateChild (package:flutter/src/widgets/framework.dart:4037:15)
#784    ComponentElement.performRebuild (package:flutter/src/widgets/framework.dart:5844:16)
#785    Element.rebuild (package:flutter/src/widgets/framework.dart:5532:7)
#786    ProxyElement.update (package:flutter/src/widgets/framework.dart:6152:5)
#787    Element.updateChild (package:flutter/src/widgets/framework.dart:4037:15)
#788    _RawViewElement._updateChild (package:flutter/src/widgets/view.dart:481:16)
#789    _RawViewElement.update (package:flutter/src/widgets/view.dart:568:5)
#790    Element.updateChild (package:flutter/src/widgets/framework.dart:4037:15)
#791    ComponentElement.performRebuild (package:flutter/src/widgets/framework.dart:5844:16)
#792    Element.rebuild (package:flutter/src/widgets/framework.dart:5532:7)
#793    StatelessElement.update (package:flutter/src/widgets/framework.dart:5898:5)
#794    Element.updateChild (package:flutter/src/widgets/framework.dart:4037:15)
#795    ComponentElement.performRebuild (package:flutter/src/widgets/framework.dart:5844:16)
#796    StatefulElement.performRebuild (package:flutter/src/widgets/framework.dart:5985:11)
#797    Element.rebuild (package:flutter/src/widgets/framework.dart:5532:7)
#798    StatefulElement.update (package:flutter/src/widgets/framework.dart:6010:5)
#799    Element.updateChild (package:flutter/src/widgets/framework.dart:4037:15)
#800    RootElement._rebuild (package:flutter/src/widgets/binding.dart:1782:16)
#801    RootElement.update (package:flutter/src/widgets/binding.dart:1760:5)
#802    RootElement.performRebuild (package:flutter/src/widgets/binding.dart:1774:7)
#803    Element.rebuild (package:flutter/src/widgets/framework.dart:5532:7)
#804    BuildScope._tryRebuild (package:flutter/src/widgets/framework.dart:2750:15)
#805    BuildScope._flushDirtyElements (package:flutter/src/widgets/framework.dart:2807:11)
#806    BuildOwner.buildScope (package:flutter/src/widgets/framework.dart:3111:18)
#807    AutomatedTestWidgetsFlutterBinding.drawFrame (package:flutter_test/src/binding.dart:1506:19)
#808    RendererBinding._handlePersistentFrameCallback (package:flutter/src/rendering/binding.dart:495:5)
#809    SchedulerBinding._invokeFrameCallback (package:flutter/src/scheduler/binding.dart:1434:15)
#810    SchedulerBinding.handleDrawFrame (package:flutter/src/scheduler/binding.dart:1347:9)
#811    AutomatedTestWidgetsFlutterBinding.pump.<anonymous closure> (package:flutter_test/src/binding.dart:1335:9)
#814    TestAsyncUtils.guard (package:flutter_test/src/test_async_utils.dart:74:41)
#815    AutomatedTestWidgetsFlutterBinding.pump (package:flutter_test/src/binding.dart:1324:27)
#816    WidgetTester.pumpWidget.<anonymous closure> (package:flutter_test/src/widget_tester.dart:598:22)
#819    TestAsyncUtils.guard (package:flutter_test/src/test_async_utils.dart:74:41)
#820    WidgetTester.pumpWidget (package:flutter_test/src/widget_tester.dart:595:27)
#821    main.pumpWidget (file:///C:/Users/joaom/Documents/GitHub/Notes/universal_notes_flutter/test/main_material_test.dart:52:18)
#822    main.<anonymous closure>.<anonymous closure> (file:///C:/Users/joaom/Documents/GitHub/Notes/universal_notes_flutter/test/main_material_test.dart:187:13)
#823    testWidgets.<anonymous closure>.<anonymous closure> (package:flutter_test/src/widget_tester.dart:192:29)
<asynchronous suspension>
#824    TestWidgetsFlutterBinding._runTestBody (package:flutter_test/src/binding.dart:1059:5)
<asynchronous suspension>
<asynchronous suspension>
(elided 5 frames from dart:async and package:stack_trace)

ÔòÉÔòÉÔòÉÔòÉÔòÉÔòÉÔòÉÔòÉÔòÉÔòÉÔòÉÔòÉÔòÉÔòÉÔòÉÔòÉÔòÉÔòÉÔòÉÔòÉÔòÉÔòÉÔòÉÔòÉÔòÉÔòÉÔòÉÔòÉÔòÉÔòÉÔòÉÔòÉÔòÉÔòÉÔòÉÔòÉÔòÉÔòÉÔòÉÔòÉÔòÉÔòÉÔòÉÔòÉÔòÉÔòÉÔòÉÔòÉÔòÉÔòÉÔòÉÔòÉÔòÉÔòÉÔòÉÔòÉÔòÉÔòÉÔòÉÔòÉÔòÉÔòÉÔòÉÔòÉÔòÉÔòÉÔòÉÔòÉÔòÉÔòÉÔòÉÔòÉÔòÉÔòÉÔòÉÔòÉÔòÉÔòÉÔòÉÔòÉÔòÉÔòÉÔòÉÔòÉÔòÉÔòÉÔòÉÔòÉÔòÉÔòÉÔòÉÔòÉÔòÉÔòÉÔòÉÔòÉÔòÉÔòÉÔòÉÔòÉ
ÔòÉÔòÉÔòí EXCEPTION CAUGHT BY FLUTTER TEST FRAMEWORK Ôò×ÔòÉÔòÉÔòÉÔòÉÔòÉÔòÉÔòÉÔòÉÔòÉÔòÉÔòÉÔòÉÔòÉÔòÉÔòÉÔòÉÔòÉÔòÉÔòÉÔòÉÔòÉÔòÉÔòÉÔòÉÔòÉÔòÉÔòÉÔòÉÔòÉÔòÉÔòÉÔòÉÔòÉÔòÉÔòÉÔòÉÔòÉÔòÉÔòÉÔòÉÔòÉÔòÉÔòÉÔòÉÔòÉÔòÉÔòÉÔòÉÔòÉÔòÉÔòÉÔòÉ
The following assertion was thrown running a test:
The finder "Found 0 widgets with text "Nota para Lixeira": []" (used in a call to "longPress()")
could not find any matching widgets.

When the exception was thrown, this was the stack:
#0      WidgetController._getElementPoint (package:flutter_test/src/controller.dart:2013:7)
#1      WidgetController.getCenter (package:flutter_test/src/controller.dart:1865:12)
#2      WidgetController.longPress (package:flutter_test/src/controller.dart:1171:7)
#3      main.<anonymous closure>.<anonymous closure> (file:///C:/Users/joaom/Documents/GitHub/Notes/universal_notes_flutter/test/main_material_test.dart:190:20)
<asynchronous suspension>
#4      testWidgets.<anonymous closure>.<anonymous closure> (package:flutter_test/src/widget_tester.dart:192:15)
<asynchronous suspension>
#5      TestWidgetsFlutterBinding._runTestBody (package:flutter_test/src/binding.dart:1059:5)
<asynchronous suspension>
<asynchronous suspension>
(elided one frame from package:stack_trace)

The test description was:
  Deve mover a nota para a lixeira ao usar o menu de contexto
ÔòÉÔòÉÔòÉÔòÉÔòÉÔòÉÔòÉÔòÉÔòÉÔòÉÔòÉÔòÉÔòÉÔòÉÔòÉÔòÉÔòÉÔòÉÔòÉÔòÉÔòÉÔòÉÔòÉÔòÉÔòÉÔòÉÔòÉÔòÉÔòÉÔòÉÔòÉÔòÉÔòÉÔòÉÔòÉÔòÉÔòÉÔòÉÔòÉÔòÉÔòÉÔòÉÔòÉÔòÉÔòÉÔòÉÔòÉÔòÉÔòÉÔòÉÔòÉÔòÉÔòÉÔòÉÔòÉÔòÉÔòÉÔòÉÔòÉÔòÉÔòÉÔòÉÔòÉÔòÉÔòÉÔòÉÔòÉÔòÉÔòÉÔòÉÔòÉÔòÉÔòÉÔòÉÔòÉÔòÉÔòÉÔòÉÔòÉÔòÉÔòÉÔòÉÔòÉÔòÉÔòÉÔòÉÔòÉÔòÉÔòÉÔòÉÔòÉÔòÉÔòÉÔòÉÔòÉÔòÉÔòÉÔòÉÔòÉÔòÉ
ÔòÉÔòÉÔòí EXCEPTION CAUGHT BY FLUTTER TEST FRAMEWORK Ôò×ÔòÉÔòÉÔòÉÔòÉÔòÉÔòÉÔòÉÔòÉÔòÉÔòÉÔòÉÔòÉÔòÉÔòÉÔòÉÔòÉÔòÉÔòÉÔòÉÔòÉÔòÉÔòÉÔòÉÔòÉÔòÉÔòÉÔòÉÔòÉÔòÉÔòÉÔòÉÔòÉÔòÉÔòÉÔòÉÔòÉÔòÉÔòÉÔòÉÔòÉÔòÉÔòÉÔòÉÔòÉÔòÉÔòÉÔòÉÔòÉÔòÉÔòÉÔòÉÔòÉ
The following message was thrown:
Multiple exceptions (2) were detected during the running of the current test, and at least one was
unexpected.
ÔòÉÔòÉÔòÉÔòÉÔòÉÔòÉÔòÉÔòÉÔòÉÔòÉÔòÉÔòÉÔòÉÔòÉÔòÉÔòÉÔòÉÔòÉÔòÉÔòÉÔòÉÔòÉÔòÉÔòÉÔòÉÔòÉÔòÉÔòÉÔòÉÔòÉÔòÉÔòÉÔòÉÔòÉÔòÉÔòÉÔòÉÔòÉÔòÉÔòÉÔòÉÔòÉÔòÉÔòÉÔòÉÔòÉÔòÉÔòÉÔòÉÔòÉÔòÉÔòÉÔòÉÔòÉÔòÉÔòÉÔòÉÔòÉÔòÉÔòÉÔòÉÔòÉÔòÉÔòÉÔòÉÔòÉÔòÉÔòÉÔòÉÔòÉÔòÉÔòÉÔòÉÔòÉÔòÉÔòÉÔòÉÔòÉÔòÉÔòÉÔòÉÔòÉÔòÉÔòÉÔòÉÔòÉÔòÉÔòÉÔòÉÔòÉÔòÉÔòÉÔòÉÔòÉÔòÉÔòÉÔòÉÔòÉÔòÉÔòÉ
00:54 +31 -6: C:/Users/joaom/Documents/GitHub/Notes/universal_notes_flutter/test/main_fluent_test.dart: MyFluentApp UI Tests Deve renderizar a UI inicial com notas
00:54 +31 -6: C:/Users/joaom/Documents/GitHub/Notes/universal_notes_flutter/test/main_material_test.dart: MyApp Material UI Tests Deve mover a nota para a lixeira ao usar o menu de contexto [E]
  Test failed. See exception logs above.
  The test description was: Deve mover a nota para a lixeira ao usar o menu de contexto
  
01:08 +31 -6: C:/Users/joaom/Documents/GitHub/Notes/universal_notes_flutter/test/main_fluent_test.dart: MyFluentApp UI Tests Deve renderizar a UI inicial com notas
ÔòÉÔòÉÔòí EXCEPTION CAUGHT BY FLUTTER TEST FRAMEWORK Ôò×ÔòÉÔòÉÔòÉÔòÉÔòÉÔòÉÔòÉÔòÉÔòÉÔòÉÔòÉÔòÉÔòÉÔòÉÔòÉÔòÉÔòÉÔòÉÔòÉÔòÉÔòÉÔòÉÔòÉÔòÉÔòÉÔòÉÔòÉÔòÉÔòÉÔòÉÔòÉÔòÉÔòÉÔòÉÔòÉÔòÉÔòÉÔòÉÔòÉÔòÉÔòÉÔòÉÔòÉÔòÉÔòÉÔòÉÔòÉÔòÉÔòÉÔòÉÔòÉÔòÉ
The following assertion was thrown running a test:
pumpAndSettle timed out

When the exception was thrown, this was the stack:
#0      WidgetTester.pumpAndSettle.<anonymous closure> (package:flutter_test/src/widget_tester.dart:717:11)
<asynchronous suspension>
#1      TestAsyncUtils.guard.<anonymous closure> (package:flutter_test/src/test_async_utils.dart:130:27)
<asynchronous suspension>
#2      main.pumpWidget (file:///C:/Users/joaom/Documents/GitHub/Notes/universal_notes_flutter/test/main_fluent_test.dart:68:5)
<asynchronous suspension>
#3      main.<anonymous closure>.<anonymous closure> (file:///C:/Users/joaom/Documents/GitHub/Notes/universal_notes_flutter/test/main_fluent_test.dart:97:7)
<asynchronous suspension>
#4      testWidgets.<anonymous closure>.<anonymous closure> (package:flutter_test/src/widget_tester.dart:192:15)
<asynchronous suspension>
#5      TestWidgetsFlutterBinding._runTestBody (package:flutter_test/src/binding.dart:1059:5)
<asynchronous suspension>
<asynchronous suspension>
(elided one frame from package:stack_trace)

The test description was:
  Deve renderizar a UI inicial com notas
ÔòÉÔòÉÔòÉÔòÉÔòÉÔòÉÔòÉÔòÉÔòÉÔòÉÔòÉÔòÉÔòÉÔòÉÔòÉÔòÉÔòÉÔòÉÔòÉÔòÉÔòÉÔòÉÔòÉÔòÉÔòÉÔòÉÔòÉÔòÉÔòÉÔòÉÔòÉÔòÉÔòÉÔòÉÔòÉÔòÉÔòÉÔòÉÔòÉÔòÉÔòÉÔòÉÔòÉÔòÉÔòÉÔòÉÔòÉÔòÉÔòÉÔòÉÔòÉÔòÉÔòÉÔòÉÔòÉÔòÉÔòÉÔòÉÔòÉÔòÉÔòÉÔòÉÔòÉÔòÉÔòÉÔòÉÔòÉÔòÉÔòÉÔòÉÔòÉÔòÉÔòÉÔòÉÔòÉÔòÉÔòÉÔòÉÔòÉÔòÉÔòÉÔòÉÔòÉÔòÉÔòÉÔòÉÔòÉÔòÉÔòÉÔòÉÔòÉÔòÉÔòÉÔòÉÔòÉÔòÉÔòÉÔòÉÔòÉÔòÉ
01:12 +31 -7: C:/Users/joaom/Documents/GitHub/Notes/universal_notes_flutter/test/main_test.dart: NotesScreen displays notes
01:12 +31 -7: C:/Users/joaom/Documents/GitHub/Notes/universal_notes_flutter/test/main_fluent_test.dart: MyFluentApp UI Tests Deve renderizar a UI inicial com notas [E]
  Test failed. See exception logs above.
  The test description was: Deve renderizar a UI inicial com notas
  
01:12 +31 ~1 -7: C:/Users/joaom/Documents/GitHub/Notes/universal_notes_flutter/test/main_test.dart: NotesScreen displays notes
01:12 +31 ~2 -7: C:/Users/joaom/Documents/GitHub/Notes/universal_notes_flutter/test/main_test.dart: NotesScreen displays notes
01:12 +31 ~3 -7: C:/Users/joaom/Documents/GitHub/Notes/universal_notes_flutter/test/main_test.dart: NotesScreen displays notes
01:23 +32 ~3 -7: C:/Users/joaom/Documents/GitHub/Notes/universal_notes_flutter/test/main_test.dart: NotesScreen displays notes
01:28 +33 ~3 -7: C:/Users/joaom/Documents/GitHub/Notes/universal_notes_flutter/test/main_test.dart: NotesScreen displays notes
01:29 +34 ~3 -7: C:/Users/joaom/Documents/GitHub/Notes/universal_notes_flutter/test/main_test.dart: NotesScreen displays notes
01:29 +35 ~3 -7: C:/Users/joaom/Documents/GitHub/Notes/universal_notes_flutter/test/main_test.dart: NotesScreen displays notes
01:29 +36 ~3 -7: C:/Users/joaom/Documents/GitHub/Notes/universal_notes_flutter/test/main_test.dart: NotesScreen displays notes
01:29 +37 ~3 -7: C:/Users/joaom/Documents/GitHub/Notes/universal_notes_flutter/test/main_test.dart: NotesScreen displays notes
01:29 +38 ~3 -7: C:/Users/joaom/Documents/GitHub/Notes/universal_notes_flutter/test/main_test.dart: NotesScreen displays notes
01:29 +39 ~3 -7: C:/Users/joaom/Documents/GitHub/Notes/universal_notes_flutter/test/main_test.dart: NotesScreen displays notes
01:29 +40 ~3 -7: C:/Users/joaom/Documents/GitHub/Notes/universal_notes_flutter/test/main_test.dart: NotesScreen displays notes
01:29 +41 ~3 -7: C:/Users/joaom/Documents/GitHub/Notes/universal_notes_flutter/test/main_test.dart: NotesScreen displays notes
01:29 +42 ~3 -7: C:/Users/joaom/Documents/GitHub/Notes/universal_notes_flutter/test/main_test.dart: NotesScreen displays notes
01:29 +43 ~3 -7: C:/Users/joaom/Documents/GitHub/Notes/universal_notes_flutter/test/main_test.dart: NotesScreen displays notes
01:29 +44 ~3 -7: C:/Users/joaom/Documents/GitHub/Notes/universal_notes_flutter/test/main_test.dart: NotesScreen displays notes
01:34 +45 ~3 -7: C:/Users/joaom/Documents/GitHub/Notes/universal_notes_flutter/test/main_test.dart: NotesScreen displays notes
01:34 +46 ~3 -7: C:/Users/joaom/Documents/GitHub/Notes/universal_notes_flutter/test/main_test.dart: NotesScreen displays notes
01:34 +47 ~3 -7: C:/Users/joaom/Documents/GitHub/Notes/universal_notes_flutter/test/main_test.dart: NotesScreen displays notes
Warning database has been locked for 0:00:10.000000. Make sure you always use the transaction object for database operations during a transaction
ÔòÉÔòÉÔòí EXCEPTION CAUGHT BY FLUTTER TEST FRAMEWORK Ôò×ÔòÉÔòÉÔòÉÔòÉÔòÉÔòÉÔòÉÔòÉÔòÉÔòÉÔòÉÔòÉÔòÉÔòÉÔòÉÔòÉÔòÉÔòÉÔòÉÔòÉÔòÉÔòÉÔòÉÔòÉÔòÉÔòÉÔòÉÔòÉÔòÉÔòÉÔòÉÔòÉÔòÉÔòÉÔòÉÔòÉÔòÉÔòÉÔòÉÔòÉÔòÉÔòÉÔòÉÔòÉÔòÉÔòÉÔòÉÔòÉÔòÉÔòÉÔòÉÔòÉ
The following assertion was thrown running a test:
pumpAndSettle timed out

When the exception was thrown, this was the stack:
#0      WidgetTester.pumpAndSettle.<anonymous closure> (package:flutter_test/src/widget_tester.dart:717:11)
<asynchronous suspension>
#1      TestAsyncUtils.guard.<anonymous closure> (package:flutter_test/src/test_async_utils.dart:130:27)
<asynchronous suspension>
#2      main._pumpNotesScreen (file:///C:/Users/joaom/Documents/GitHub/Notes/universal_notes_flutter/test/main_test.dart:288:5)
<asynchronous suspension>
#3      main.<anonymous closure> (file:///C:/Users/joaom/Documents/GitHub/Notes/universal_notes_flutter/test/main_test.dart:294:5)
<asynchronous suspension>
#4      testWidgets.<anonymous closure>.<anonymous closure> (package:flutter_test/src/widget_tester.dart:192:15)
<asynchronous suspension>
#5      TestWidgetsFlutterBinding._runTestBody (package:flutter_test/src/binding.dart:1059:5)
<asynchronous suspension>
<asynchronous suspension>
(elided one frame from package:stack_trace)

The test description was:
  NotesScreen displays notes
ÔòÉÔòÉÔòÉÔòÉÔòÉÔòÉÔòÉÔòÉÔòÉÔòÉÔòÉÔòÉÔòÉÔòÉÔòÉÔòÉÔòÉÔòÉÔòÉÔòÉÔòÉÔòÉÔòÉÔòÉÔòÉÔòÉÔòÉÔòÉÔòÉÔòÉÔòÉÔòÉÔòÉÔòÉÔòÉÔòÉÔòÉÔòÉÔòÉÔòÉÔòÉÔòÉÔòÉÔòÉÔòÉÔòÉÔòÉÔòÉÔòÉÔòÉÔòÉÔòÉÔòÉÔòÉÔòÉÔòÉÔòÉÔòÉÔòÉÔòÉÔòÉÔòÉÔòÉÔòÉÔòÉÔòÉÔòÉÔòÉÔòÉÔòÉÔòÉÔòÉÔòÉÔòÉÔòÉÔòÉÔòÉÔòÉÔòÉÔòÉÔòÉÔòÉÔòÉÔòÉÔòÉÔòÉÔòÉÔòÉÔòÉÔòÉÔòÉÔòÉÔòÉÔòÉÔòÉÔòÉÔòÉÔòÉÔòÉÔòÉ
01:38 +47 ~3 -8: C:/Users/joaom/Documents/GitHub/Notes/universal_notes_flutter/test/main_test.dart: NotesScreen displays notes [E]
  Test failed. See exception logs above.
  The test description was: NotesScreen displays notes
  
01:38 +47 ~3 -8: C:/Users/joaom/Documents/GitHub/Notes/universal_notes_flutter/test/main_test.dart: NotesScreen State Rendering shows error message when fetch fails
01:39 +47 ~3 -8: C:/Users/joaom/Documents/GitHub/Notes/universal_notes_flutter/test/main_test.dart: NotesScreen displays notes [E]
  DatabaseException(error database_closed)
  package:sqflite_common/src/database_mixin.dart 518:7                      SqfliteDatabaseMixin.checkNotClosed
  package:sqflite_common/src/database_mixin.dart 147:8                      SqfliteDatabaseExecutorMixin._rawQuery
  package:sqflite_common/src/database_mixin.dart 140:12                     SqfliteDatabaseExecutorMixin.rawQuery
  package:universal_notes_flutter/repositories/note_repository.dart 565:27  NoteRepository.getAllNotes
  ===== asynchronous gap ===========================
  dart:async                                                                _CustomZone.registerBinaryCallback
  package:universal_notes_flutter/services/sync_service.dart 98:7           SyncService._startBackgroundSync.<fn>
  ===== asynchronous gap ===========================
  dart:async                                                                _StreamImpl.listen
  package:universal_notes_flutter/services/sync_service.dart 94:61          SyncService._startBackgroundSync
  package:universal_notes_flutter/services/sync_service.dart 51:5           SyncService.init
  ===== asynchronous gap ===========================
  dart:async                                                                _CustomZone.registerUnaryCallback
  package:universal_notes_flutter/services/sync_service.dart 48:5           SyncService.init
  test\main_test.dart 259:32                                                main.<fn>
  ===== asynchronous gap ===========================
  dart:async                                                                _CustomZone.registerUnaryCallback
  test\main_test.dart 254:5                                                 main.<fn>
  
01:40 +48 ~3 -8: C:/Users/joaom/Documents/GitHub/Notes/universal_notes_flutter/test/main_test.dart: NotesScreen State Rendering shows error message when fetch fails
01:40 +49 ~3 -8: C:/Users/joaom/Documents/GitHub/Notes/universal_notes_flutter/test/main_test.dart: NotesScreen State Rendering shows error message when fetch fails
01:40 +50 ~3 -8: C:/Users/joaom/Documents/GitHub/Notes/universal_notes_flutter/test/main_test.dart: NotesScreen State Rendering shows error message when fetch fails
01:40 +51 ~3 -8: C:/Users/joaom/Documents/GitHub/Notes/universal_notes_flutter/test/main_test.dart: NotesScreen State Rendering shows error message when fetch fails
01:40 +52 ~3 -8: C:/Users/joaom/Documents/GitHub/Notes/universal_notes_flutter/test/main_test.dart: NotesScreen State Rendering shows error message when fetch fails
01:47 +53 ~3 -8: C:/Users/joaom/Documents/GitHub/Notes/universal_notes_flutter/test/main_test.dart: NotesScreen State Rendering shows error message when fetch fails
01:47 +54 ~3 -8: C:/Users/joaom/Documents/GitHub/Notes/universal_notes_flutter/test/main_test.dart: NotesScreen State Rendering shows error message when fetch fails
01:47 +55 ~3 -8: C:/Users/joaom/Documents/GitHub/Notes/universal_notes_flutter/test/main_test.dart: NotesScreen State Rendering shows error message when fetch fails
01:47 +56 ~3 -8: C:/Users/joaom/Documents/GitHub/Notes/universal_notes_flutter/test/main_test.dart: NotesScreen State Rendering shows error message when fetch fails
01:47 +57 ~3 -8: C:/Users/joaom/Documents/GitHub/Notes/universal_notes_flutter/test/main_test.dart: NotesScreen State Rendering shows error message when fetch fails
01:51 +58 ~3 -8: C:/Users/joaom/Documents/GitHub/Notes/universal_notes_flutter/test/main_test.dart: NotesScreen State Rendering shows error message when fetch fails
01:51 +59 ~3 -8: C:/Users/joaom/Documents/GitHub/Notes/universal_notes_flutter/test/main_test.dart: NotesScreen State Rendering shows error message when fetch fails
01:51 +60 ~3 -8: C:/Users/joaom/Documents/GitHub/Notes/universal_notes_flutter/test/main_test.dart: NotesScreen State Rendering shows error message when fetch fails
01:51 +61 ~3 -8: C:/Users/joaom/Documents/GitHub/Notes/universal_notes_flutter/test/main_test.dart: NotesScreen State Rendering shows error message when fetch fails
01:55 +62 ~3 -8: C:/Users/joaom/Documents/GitHub/Notes/universal_notes_flutter/test/main_test.dart: NotesScreen State Rendering shows error message when fetch fails
01:55 +63 ~3 -8: C:/Users/joaom/Documents/GitHub/Notes/universal_notes_flutter/test/main_test.dart: NotesScreen State Rendering shows error message when fetch fails
01:55 +64 ~3 -8: C:/Users/joaom/Documents/GitHub/Notes/universal_notes_flutter/test/main_test.dart: NotesScreen State Rendering shows error message when fetch fails
01:59 +65 ~3 -8: C:/Users/joaom/Documents/GitHub/Notes/universal_notes_flutter/test/main_test.dart: NotesScreen State Rendering shows error message when fetch fails
01:59 +66 ~3 -8: C:/Users/joaom/Documents/GitHub/Notes/universal_notes_flutter/test/main_test.dart: NotesScreen State Rendering shows error message when fetch fails
01:59 +67 ~3 -8: C:/Users/joaom/Documents/GitHub/Notes/universal_notes_flutter/test/main_test.dart: NotesScreen State Rendering shows error message when fetch fails
01:59 +68 ~3 -8: C:/Users/joaom/Documents/GitHub/Notes/universal_notes_flutter/test/main_test.dart: NotesScreen State Rendering shows error message when fetch fails
01:59 +69 ~3 -8: C:/Users/joaom/Documents/GitHub/Notes/universal_notes_flutter/test/main_test.dart: NotesScreen State Rendering shows error message when fetch fails
01:59 +70 ~3 -8: C:/Users/joaom/Documents/GitHub/Notes/universal_notes_flutter/test/main_test.dart: NotesScreen State Rendering shows error message when fetch fails
01:59 +71 ~3 -8: C:/Users/joaom/Documents/GitHub/Notes/universal_notes_flutter/test/main_test.dart: NotesScreen State Rendering shows error message when fetch fails
02:03 +72 ~3 -8: C:/Users/joaom/Documents/GitHub/Notes/universal_notes_flutter/test/main_test.dart: NotesScreen State Rendering shows error message when fetch fails
02:03 +73 ~3 -8: C:/Users/joaom/Documents/GitHub/Notes/universal_notes_flutter/test/main_test.dart: NotesScreen State Rendering shows error message when fetch fails
02:03 +74 ~3 -8: C:/Users/joaom/Documents/GitHub/Notes/universal_notes_flutter/test/main_test.dart: NotesScreen State Rendering shows error message when fetch fails
02:08 +74 ~3 -8: C:/Users/joaom/Documents/GitHub/Notes/universal_notes_flutter/test/performance_benchmark_test.dart: Performance Benchmarks startup and initial frame
ÔòÉÔòÉÔòí EXCEPTION CAUGHT BY FLUTTER TEST FRAMEWORK Ôò×ÔòÉÔòÉÔòÉÔòÉÔòÉÔòÉÔòÉÔòÉÔòÉÔòÉÔòÉÔòÉÔòÉÔòÉÔòÉÔòÉÔòÉÔòÉÔòÉÔòÉÔòÉÔòÉÔòÉÔòÉÔòÉÔòÉÔòÉÔòÉÔòÉÔòÉÔòÉÔòÉÔòÉÔòÉÔòÉÔòÉÔòÉÔòÉÔòÉÔòÉÔòÉÔòÉÔòÉÔòÉÔòÉÔòÉÔòÉÔòÉÔòÉÔòÉÔòÉÔòÉ
The following PlatformException was thrown running a test:
PlatformException(channel-error, Unable to establish connection on channel:
"dev.flutter.pigeon.firebase_core_platform_interface.FirebaseCoreHostApi.initializeCore"., null,
null)

When the exception was thrown, this was the stack:
#0      FirebaseCoreHostApi.initializeCore (package:firebase_core_platform_interface/src/pigeon/messages.pigeon.dart:301:7)
<asynchronous suspension>
#1      MethodChannelFirebase._initializeCore (package:firebase_core_platform_interface/src/method_channel/method_channel_firebase.dart:29:41)
<asynchronous suspension>
#2      MethodChannelFirebase.initializeApp (package:firebase_core_platform_interface/src/method_channel/method_channel_firebase.dart:70:7)
<asynchronous suspension>
#3      Firebase.initializeApp (package:firebase_core/src/firebase.dart:78:31)
<asynchronous suspension>
#4      main (package:universal_notes_flutter/main.dart:25:3)
<asynchronous suspension>

The test description was:
  startup and initial frame
ÔòÉÔòÉÔòÉÔòÉÔòÉÔòÉÔòÉÔòÉÔòÉÔòÉÔòÉÔòÉÔòÉÔòÉÔòÉÔòÉÔòÉÔòÉÔòÉÔòÉÔòÉÔòÉÔòÉÔòÉÔòÉÔòÉÔòÉÔòÉÔòÉÔòÉÔòÉÔòÉÔòÉÔòÉÔòÉÔòÉÔòÉÔòÉÔòÉÔòÉÔòÉÔòÉÔòÉÔòÉÔòÉÔòÉÔòÉÔòÉÔòÉÔòÉÔòÉÔòÉÔòÉÔòÉÔòÉÔòÉÔòÉÔòÉÔòÉÔòÉÔòÉÔòÉÔòÉÔòÉÔòÉÔòÉÔòÉÔòÉÔòÉÔòÉÔòÉÔòÉÔòÉÔòÉÔòÉÔòÉÔòÉÔòÉÔòÉÔòÉÔòÉÔòÉÔòÉÔòÉÔòÉÔòÉÔòÉÔòÉÔòÉÔòÉÔòÉÔòÉÔòÉÔòÉÔòÉÔòÉÔòÉÔòÉÔòÉÔòÉ
02:08 +74 ~3 -9: C:/Users/joaom/Documents/GitHub/Notes/universal_notes_flutter/test/main_test.dart: NotesScreen State Rendering shows error message when fetch fails
02:08 +74 ~3 -9: C:/Users/joaom/Documents/GitHub/Notes/universal_notes_flutter/test/performance_benchmark_test.dart: Performance Benchmarks startup and initial frame [E]
  Test failed. See exception logs above.
  The test description was: startup and initial frame
  
  'package:flutter_test/src/binding.dart': Failed assertion: line 2156 pos 12: '_pendingFrame == null': is not true.
  dart:core                                      _AssertionError._throwNew
  package:flutter_test/src/binding.dart 2156:12  LiveTestWidgetsFlutterBinding.postTest
  
PERFORMANCE_METRIC:startup_time_ms:312
  'package:flutter_test/src/binding.dart': Failed assertion: line 817 pos 14: 'Zone.current == _parentZone': is not true.
  dart:core                                              _AssertionError._throwNew
  package:flutter_test/src/binding.dart 817:14           TestWidgetsFlutterBinding._createTestCompletionHandler.<fn>
  ===== asynchronous gap ===========================
  dart:async                                             Future.whenComplete
  package:flutter_test/src/binding.dart 1038:10          TestWidgetsFlutterBinding._runTest
  package:flutter_test/src/binding.dart 2134:12          LiveTestWidgetsFlutterBinding.runTest
  package:integration_test/integration_test.dart 237:17  IntegrationTestWidgetsFlutterBinding.runTest
  package:flutter_test/src/widget_tester.dart 184:24     testWidgets.<fn>
  
02:08 +74 ~3 -10: C:/Users/joaom/Documents/GitHub/Notes/universal_notes_flutter/test/main_test.dart: NotesScreen State Rendering shows error message when fetch fails
02:08 +74 ~3 -10: C:/Users/joaom/Documents/GitHub/Notes/universal_notes_flutter/test/performance_benchmark_test.dart: Performance Benchmarks note creation and saving latency [E]
  'package:flutter_test/src/binding.dart': Failed assertion: line 2131 pos 12: '!inTest': is not true.
  dart:core                                              _AssertionError._throwNew
  package:flutter_test/src/binding.dart 2131:12          LiveTestWidgetsFlutterBinding.runTest
  package:integration_test/integration_test.dart 237:17  IntegrationTestWidgetsFlutterBinding.runTest
  package:flutter_test/src/widget_tester.dart 184:24     testWidgets.<fn>
  
02:08 +74 ~3 -10: C:/Users/joaom/Documents/GitHub/Notes/universal_notes_flutter/test/performance_benchmark_test.dart: (tearDownAll)
Warning: integration_test plugin was not detected.

If you're running the tests with `flutter drive`, please make sure your tests
are in the `integration_test/` directory of your package and use
`flutter test $path_to_test` to run it instead.

If you're running the tests with Android instrumentation or XCTest, this means
that you are not capturing test results properly! See the following link for
how to set up the integration_test plugin:

https://docs.flutter.dev/testing/integration-tests

02:08 +74 ~3 -10: C:/Users/joaom/Documents/GitHub/Notes/universal_notes_flutter/test/main_test.dart: NotesScreen State Rendering shows error message when fetch fails
02:13 +75 ~3 -10: C:/Users/joaom/Documents/GitHub/Notes/universal_notes_flutter/test/main_test.dart: NotesScreen State Rendering shows error message when fetch fails
02:13 +76 ~3 -10: C:/Users/joaom/Documents/GitHub/Notes/universal_notes_flutter/test/main_test.dart: NotesScreen State Rendering shows error message when fetch fails
02:13 +77 ~3 -10: C:/Users/joaom/Documents/GitHub/Notes/universal_notes_flutter/test/main_test.dart: NotesScreen State Rendering shows error message when fetch fails
02:13 +78 ~3 -10: C:/Users/joaom/Documents/GitHub/Notes/universal_notes_flutter/test/main_test.dart: NotesScreen State Rendering shows error message when fetch fails
02:13 +79 ~3 -10: C:/Users/joaom/Documents/GitHub/Notes/universal_notes_flutter/test/main_test.dart: NotesScreen State Rendering shows error message when fetch fails
02:13 +80 ~3 -10: C:/Users/joaom/Documents/GitHub/Notes/universal_notes_flutter/test/main_test.dart: NotesScreen State Rendering shows error message when fetch fails
02:13 +81 ~3 -10: C:/Users/joaom/Documents/GitHub/Notes/universal_notes_flutter/test/main_test.dart: NotesScreen State Rendering shows error message when fetch fails
02:13 +82 ~3 -10: C:/Users/joaom/Documents/GitHub/Notes/universal_notes_flutter/test/main_test.dart: NotesScreen State Rendering shows error message when fetch fails
02:13 +83 ~3 -10: C:/Users/joaom/Documents/GitHub/Notes/universal_notes_flutter/test/main_test.dart: NotesScreen State Rendering shows error message when fetch fails
02:19 +84 ~3 -10: C:/Users/joaom/Documents/GitHub/Notes/universal_notes_flutter/test/main_test.dart: NotesScreen State Rendering shows error message when fetch fails
02:20 +85 ~3 -10: C:/Users/joaom/Documents/GitHub/Notes/universal_notes_flutter/test/main_test.dart: NotesScreen State Rendering shows error message when fetch fails
02:20 +86 ~3 -10: C:/Users/joaom/Documents/GitHub/Notes/universal_notes_flutter/test/main_test.dart: NotesScreen State Rendering shows error message when fetch fails
02:20 +87 ~3 -10: C:/Users/joaom/Documents/GitHub/Notes/universal_notes_flutter/test/main_test.dart: NotesScreen State Rendering shows error message when fetch fails
02:21 +88 ~3 -10: C:/Users/joaom/Documents/GitHub/Notes/universal_notes_flutter/test/main_test.dart: NotesScreen State Rendering shows error message when fetch fails
02:21 +89 ~3 -10: C:/Users/joaom/Documents/GitHub/Notes/universal_notes_flutter/test/main_test.dart: NotesScreen State Rendering shows error message when fetch fails
02:21 +90 ~3 -10: C:/Users/joaom/Documents/GitHub/Notes/universal_notes_flutter/test/main_test.dart: NotesScreen State Rendering shows error message when fetch fails
02:21 +91 ~3 -10: C:/Users/joaom/Documents/GitHub/Notes/universal_notes_flutter/test/main_test.dart: NotesScreen State Rendering shows error message when fetch fails
02:22 +92 ~3 -10: C:/Users/joaom/Documents/GitHub/Notes/universal_notes_flutter/test/main_test.dart: NotesScreen State Rendering shows error message when fetch fails
02:22 +93 ~3 -10: C:/Users/joaom/Documents/GitHub/Notes/universal_notes_flutter/test/main_test.dart: NotesScreen State Rendering shows error message when fetch fails
02:22 +94 ~3 -10: C:/Users/joaom/Documents/GitHub/Notes/universal_notes_flutter/test/main_test.dart: NotesScreen State Rendering shows error message when fetch fails
02:29 +94 ~3 -10: C:/Users/joaom/Documents/GitHub/Notes/universal_notes_flutter/test/screens/note_editor_screen_test.dart: NoteEditorScreen builds without crashing
ÔòÉÔòÉÔòí EXCEPTION CAUGHT BY WIDGETS LIBRARY Ôò×ÔòÉÔòÉÔòÉÔòÉÔòÉÔòÉÔòÉÔòÉÔòÉÔòÉÔòÉÔòÉÔòÉÔòÉÔòÉÔòÉÔòÉÔòÉÔòÉÔòÉÔòÉÔòÉÔòÉÔòÉÔòÉÔòÉÔòÉÔòÉÔòÉÔòÉÔòÉÔòÉÔòÉÔòÉÔòÉÔòÉÔòÉÔòÉÔòÉÔòÉÔòÉÔòÉÔòÉÔòÉÔòÉÔòÉÔòÉÔòÉÔòÉÔòÉÔòÉÔòÉÔòÉÔòÉÔòÉÔòÉÔòÉÔòÉÔòÉ
The following FirebaseException was thrown building Builder:
[core/no-app] No Firebase App '[DEFAULT]' has been created - call Firebase.initializeApp()

The relevant error-causing widget was:
  MaterialApp
  MaterialApp:file:///C:/Users/joaom/Documents/GitHub/Notes/universal_notes_flutter/test/screens/note_editor_screen_test.dart:16:29

When the exception was thrown, this was the stack:
#0      MethodChannelFirebase.app (package:firebase_core_platform_interface/src/method_channel/method_channel_firebase.dart:190:5)
#1      Firebase.app (package:firebase_core/src/firebase.dart:91:41)
#2      FirebaseFirestore.instance (package:cloud_firestore/src/firestore.dart:29:21)
#3      FirestoreRepository.firestore (package:universal_notes_flutter/repositories/firestore_repository.dart:16:56)
#4      FirestoreRepository.firestore (package:universal_notes_flutter/repositories/firestore_repository.dart)
#5      FirestoreRepository._initCollections (package:universal_notes_flutter/repositories/firestore_repository.dart:21:24)
#6      new FirestoreRepository (package:universal_notes_flutter/repositories/firestore_repository.dart:12:5)
#7      new _NoteEditorScreenState (package:universal_notes_flutter/screens/note_editor_screen.dart:88:32)
#8      NoteEditorScreen.createState (package:universal_notes_flutter/screens/note_editor_screen.dart:55:44)
#9      new StatefulElement (package:flutter/src/widgets/framework.dart:5905:60)
#10     StatefulWidget.createElement (package:flutter/src/widgets/framework.dart:779:38)
...     Normal element mounting (260 frames)
#270    Element.inflateWidget (package:flutter/src/widgets/framework.dart:4590:20)
#271    MultiChildRenderObjectElement.inflateWidget (package:flutter/src/widgets/framework.dart:7269:36)
#272    MultiChildRenderObjectElement.mount (package:flutter/src/widgets/framework.dart:7285:32)
...     Normal element mounting (465 frames)
#737    Element.inflateWidget (package:flutter/src/widgets/framework.dart:4590:20)
#738    Element.updateChild (package:flutter/src/widgets/framework.dart:4053:20)
#739    ComponentElement.performRebuild (package:flutter/src/widgets/framework.dart:5844:16)
#740    Element.rebuild (package:flutter/src/widgets/framework.dart:5532:7)
#741    ProxyElement.update (package:flutter/src/widgets/framework.dart:6152:5)
#742    _InheritedNotifierElement.update (package:flutter/src/widgets/inherited_notifier.dart:108:11)
#743    Element.updateChild (package:flutter/src/widgets/framework.dart:4037:15)
#744    ComponentElement.performRebuild (package:flutter/src/widgets/framework.dart:5844:16)
#745    StatefulElement.performRebuild (package:flutter/src/widgets/framework.dart:5985:11)
#746    Element.rebuild (package:flutter/src/widgets/framework.dart:5532:7)
#747    StatefulElement.update (package:flutter/src/widgets/framework.dart:6010:5)
#748    Element.updateChild (package:flutter/src/widgets/framework.dart:4037:15)
#749    ComponentElement.performRebuild (package:flutter/src/widgets/framework.dart:5844:16)
#750    Element.rebuild (package:flutter/src/widgets/framework.dart:5532:7)
#751    ProxyElement.update (package:flutter/src/widgets/framework.dart:6152:5)
#752    _InheritedNotifierElement.update (package:flutter/src/widgets/inherited_notifier.dart:108:11)
#753    Element.updateChild (package:flutter/src/widgets/framework.dart:4037:15)
#754    ComponentElement.performRebuild (package:flutter/src/widgets/framework.dart:5844:16)
#755    StatefulElement.performRebuild (package:flutter/src/widgets/framework.dart:5985:11)
#756    Element.rebuild (package:flutter/src/widgets/framework.dart:5532:7)
#757    StatefulElement.update (package:flutter/src/widgets/framework.dart:6010:5)
#758    Element.updateChild (package:flutter/src/widgets/framework.dart:4037:15)
#759    ComponentElement.performRebuild (package:flutter/src/widgets/framework.dart:5844:16)
#760    StatefulElement.performRebuild (package:flutter/src/widgets/framework.dart:5985:11)
#761    Element.rebuild (package:flutter/src/widgets/framework.dart:5532:7)
#762    StatefulElement.update (package:flutter/src/widgets/framework.dart:6010:5)
#763    Element.updateChild (package:flutter/src/widgets/framework.dart:4037:15)
#764    ComponentElement.performRebuild (package:flutter/src/widgets/framework.dart:5844:16)
#765    Element.rebuild (package:flutter/src/widgets/framework.dart:5532:7)
#766    ProxyElement.update (package:flutter/src/widgets/framework.dart:6152:5)
#767    Element.updateChild (package:flutter/src/widgets/framework.dart:4037:15)
#768    ComponentElement.performRebuild (package:flutter/src/widgets/framework.dart:5844:16)
#769    StatefulElement.performRebuild (package:flutter/src/widgets/framework.dart:5985:11)
#770    Element.rebuild (package:flutter/src/widgets/framework.dart:5532:7)
#771    StatefulElement.update (package:flutter/src/widgets/framework.dart:6010:5)
#772    Element.updateChild (package:flutter/src/widgets/framework.dart:4037:15)
#773    ComponentElement.performRebuild (package:flutter/src/widgets/framework.dart:5844:16)
#774    Element.rebuild (package:flutter/src/widgets/framework.dart:5532:7)
#775    ProxyElement.update (package:flutter/src/widgets/framework.dart:6152:5)
#776    Element.updateChild (package:flutter/src/widgets/framework.dart:4037:15)
#777    ComponentElement.performRebuild (package:flutter/src/widgets/framework.dart:5844:16)
#778    Element.rebuild (package:flutter/src/widgets/framework.dart:5532:7)
#779    ProxyElement.update (package:flutter/src/widgets/framework.dart:6152:5)
#780    Element.updateChild (package:flutter/src/widgets/framework.dart:4037:15)
#781    _RawViewElement._updateChild (package:flutter/src/widgets/view.dart:481:16)
#782    _RawViewElement.update (package:flutter/src/widgets/view.dart:568:5)
#783    Element.updateChild (package:flutter/src/widgets/framework.dart:4037:15)
#784    ComponentElement.performRebuild (package:flutter/src/widgets/framework.dart:5844:16)
#785    Element.rebuild (package:flutter/src/widgets/framework.dart:5532:7)
#786    StatelessElement.update (package:flutter/src/widgets/framework.dart:5898:5)
#787    Element.updateChild (package:flutter/src/widgets/framework.dart:4037:15)
#788    ComponentElement.performRebuild (package:flutter/src/widgets/framework.dart:5844:16)
#789    StatefulElement.performRebuild (package:flutter/src/widgets/framework.dart:5985:11)
#790    Element.rebuild (package:flutter/src/widgets/framework.dart:5532:7)
#791    StatefulElement.update (package:flutter/src/widgets/framework.dart:6010:5)
#792    Element.updateChild (package:flutter/src/widgets/framework.dart:4037:15)
#793    RootElement._rebuild (package:flutter/src/widgets/binding.dart:1782:16)
#794    RootElement.update (package:flutter/src/widgets/binding.dart:1760:5)
#795    RootElement.performRebuild (package:flutter/src/widgets/binding.dart:1774:7)
#796    Element.rebuild (package:flutter/src/widgets/framework.dart:5532:7)
#797    BuildScope._tryRebuild (package:flutter/src/widgets/framework.dart:2750:15)
#798    BuildScope._flushDirtyElements (package:flutter/src/widgets/framework.dart:2807:11)
#799    BuildOwner.buildScope (package:flutter/src/widgets/framework.dart:3111:18)
#800    AutomatedTestWidgetsFlutterBinding.drawFrame (package:flutter_test/src/binding.dart:1506:19)
#801    RendererBinding._handlePersistentFrameCallback (package:flutter/src/rendering/binding.dart:495:5)
#802    SchedulerBinding._invokeFrameCallback (package:flutter/src/scheduler/binding.dart:1434:15)
#803    SchedulerBinding.handleDrawFrame (package:flutter/src/scheduler/binding.dart:1347:9)
#804    AutomatedTestWidgetsFlutterBinding.pump.<anonymous closure> (package:flutter_test/src/binding.dart:1335:9)
#807    TestAsyncUtils.guard (package:flutter_test/src/test_async_utils.dart:74:41)
#808    AutomatedTestWidgetsFlutterBinding.pump (package:flutter_test/src/binding.dart:1324:27)
#809    WidgetTester.pumpWidget.<anonymous closure> (package:flutter_test/src/widget_tester.dart:598:22)
#812    TestAsyncUtils.guard (package:flutter_test/src/test_async_utils.dart:74:41)
#813    WidgetTester.pumpWidget (package:flutter_test/src/widget_tester.dart:595:27)
#814    main.<anonymous closure> (file:///C:/Users/joaom/Documents/GitHub/Notes/universal_notes_flutter/test/screens/note_editor_screen_test.dart:16:18)
#815    testWidgets.<anonymous closure>.<anonymous closure> (package:flutter_test/src/widget_tester.dart:192:29)
<asynchronous suspension>
#816    TestWidgetsFlutterBinding._runTestBody (package:flutter_test/src/binding.dart:1059:5)
<asynchronous suspension>
<asynchronous suspension>
(elided 5 frames from dart:async and package:stack_trace)

ÔòÉÔòÉÔòÉÔòÉÔòÉÔòÉÔòÉÔòÉÔòÉÔòÉÔòÉÔòÉÔòÉÔòÉÔòÉÔòÉÔòÉÔòÉÔòÉÔòÉÔòÉÔòÉÔòÉÔòÉÔòÉÔòÉÔòÉÔòÉÔòÉÔòÉÔòÉÔòÉÔòÉÔòÉÔòÉÔòÉÔòÉÔòÉÔòÉÔòÉÔòÉÔòÉÔòÉÔòÉÔòÉÔòÉÔòÉÔòÉÔòÉÔòÉÔòÉÔòÉÔòÉÔòÉÔòÉÔòÉÔòÉÔòÉÔòÉÔòÉÔòÉÔòÉÔòÉÔòÉÔòÉÔòÉÔòÉÔòÉÔòÉÔòÉÔòÉÔòÉÔòÉÔòÉÔòÉÔòÉÔòÉÔòÉÔòÉÔòÉÔòÉÔòÉÔòÉÔòÉÔòÉÔòÉÔòÉÔòÉÔòÉÔòÉÔòÉÔòÉÔòÉÔòÉÔòÉÔòÉÔòÉÔòÉÔòÉÔòÉ
ÔòÉÔòÉÔòí EXCEPTION CAUGHT BY FLUTTER TEST FRAMEWORK Ôò×ÔòÉÔòÉÔòÉÔòÉÔòÉÔòÉÔòÉÔòÉÔòÉÔòÉÔòÉÔòÉÔòÉÔòÉÔòÉÔòÉÔòÉÔòÉÔòÉÔòÉÔòÉÔòÉÔòÉÔòÉÔòÉÔòÉÔòÉÔòÉÔòÉÔòÉÔòÉÔòÉÔòÉÔòÉÔòÉÔòÉÔòÉÔòÉÔòÉÔòÉÔòÉÔòÉÔòÉÔòÉÔòÉÔòÉÔòÉÔòÉÔòÉÔòÉÔòÉÔòÉ
The following TestFailure was thrown running a test:
Expected: exactly one matching candidate
  Actual: _TypeWidgetFinder:<Found 0 widgets with type "NoteEditorScreen": []>
   Which: means none were found but one was expected

When the exception was thrown, this was the stack:
#4      main.<anonymous closure> (file:///C:/Users/joaom/Documents/GitHub/Notes/universal_notes_flutter/test/screens/note_editor_screen_test.dart:23:5)
<asynchronous suspension>
#5      testWidgets.<anonymous closure>.<anonymous closure> (package:flutter_test/src/widget_tester.dart:192:15)
<asynchronous suspension>
#6      TestWidgetsFlutterBinding._runTestBody (package:flutter_test/src/binding.dart:1059:5)
<asynchronous suspension>
<asynchronous suspension>
(elided one frame from package:stack_trace)

This was caught by the test expectation on the following line:
  file:///C:/Users/joaom/Documents/GitHub/Notes/universal_notes_flutter/test/screens/note_editor_screen_test.dart line 23
The test description was:
  NoteEditorScreen builds without crashing
ÔòÉÔòÉÔòÉÔòÉÔòÉÔòÉÔòÉÔòÉÔòÉÔòÉÔòÉÔòÉÔòÉÔòÉÔòÉÔòÉÔòÉÔòÉÔòÉÔòÉÔòÉÔòÉÔòÉÔòÉÔòÉÔòÉÔòÉÔòÉÔòÉÔòÉÔòÉÔòÉÔòÉÔòÉÔòÉÔòÉÔòÉÔòÉÔòÉÔòÉÔòÉÔòÉÔòÉÔòÉÔòÉÔòÉÔòÉÔòÉÔòÉÔòÉÔòÉÔòÉÔòÉÔòÉÔòÉÔòÉÔòÉÔòÉÔòÉÔòÉÔòÉÔòÉÔòÉÔòÉÔòÉÔòÉÔòÉÔòÉÔòÉÔòÉÔòÉÔòÉÔòÉÔòÉÔòÉÔòÉÔòÉÔòÉÔòÉÔòÉÔòÉÔòÉÔòÉÔòÉÔòÉÔòÉÔòÉÔòÉÔòÉÔòÉÔòÉÔòÉÔòÉÔòÉÔòÉÔòÉÔòÉÔòÉÔòÉÔòÉ
ÔòÉÔòÉÔòí EXCEPTION CAUGHT BY FLUTTER TEST FRAMEWORK Ôò×ÔòÉÔòÉÔòÉÔòÉÔòÉÔòÉÔòÉÔòÉÔòÉÔòÉÔòÉÔòÉÔòÉÔòÉÔòÉÔòÉÔòÉÔòÉÔòÉÔòÉÔòÉÔòÉÔòÉÔòÉÔòÉÔòÉÔòÉÔòÉÔòÉÔòÉÔòÉÔòÉÔòÉÔòÉÔòÉÔòÉÔòÉÔòÉÔòÉÔòÉÔòÉÔòÉÔòÉÔòÉÔòÉÔòÉÔòÉÔòÉÔòÉÔòÉÔòÉÔòÉ
The following message was thrown:
Multiple exceptions (2) were detected during the running of the current test, and at least one was
unexpected.
ÔòÉÔòÉÔòÉÔòÉÔòÉÔòÉÔòÉÔòÉÔòÉÔòÉÔòÉÔòÉÔòÉÔòÉÔòÉÔòÉÔòÉÔòÉÔòÉÔòÉÔòÉÔòÉÔòÉÔòÉÔòÉÔòÉÔòÉÔòÉÔòÉÔòÉÔòÉÔòÉÔòÉÔòÉÔòÉÔòÉÔòÉÔòÉÔòÉÔòÉÔòÉÔòÉÔòÉÔòÉÔòÉÔòÉÔòÉÔòÉÔòÉÔòÉÔòÉÔòÉÔòÉÔòÉÔòÉÔòÉÔòÉÔòÉÔòÉÔòÉÔòÉÔòÉÔòÉÔòÉÔòÉÔòÉÔòÉÔòÉÔòÉÔòÉÔòÉÔòÉÔòÉÔòÉÔòÉÔòÉÔòÉÔòÉÔòÉÔòÉÔòÉÔòÉÔòÉÔòÉÔòÉÔòÉÔòÉÔòÉÔòÉÔòÉÔòÉÔòÉÔòÉÔòÉÔòÉÔòÉÔòÉÔòÉÔòÉÔòÉ
02:29 +94 ~3 -11: C:/Users/joaom/Documents/GitHub/Notes/universal_notes_flutter/test/main_test.dart: NotesScreen State Rendering shows error message when fetch fails
02:29 +94 ~3 -11: C:/Users/joaom/Documents/GitHub/Notes/universal_notes_flutter/test/screens/note_editor_screen_test.dart: NoteEditorScreen builds without crashing [E]
  Test failed. See exception logs above.
  The test description was: NoteEditorScreen builds without crashing
  
02:37 +94 ~3 -11: C:/Users/joaom/Documents/GitHub/Notes/universal_notes_flutter/test/main_test.dart: NotesScreen State Rendering shows error message when fetch fails
02:38 +95 ~3 -11: C:/Users/joaom/Documents/GitHub/Notes/universal_notes_flutter/test/main_test.dart: NotesScreen State Rendering shows error message when fetch fails
02:39 +95 ~3 -11: C:/Users/joaom/Documents/GitHub/Notes/universal_notes_flutter/test/screens/settings_screen_test.dart: SettingsScreen navigates to AboutScreen on Android
ÔòÉÔòÉÔòí EXCEPTION CAUGHT BY FLUTTER TEST FRAMEWORK Ôò×ÔòÉÔòÉÔòÉÔòÉÔòÉÔòÉÔòÉÔòÉÔòÉÔòÉÔòÉÔòÉÔòÉÔòÉÔòÉÔòÉÔòÉÔòÉÔòÉÔòÉÔòÉÔòÉÔòÉÔòÉÔòÉÔòÉÔòÉÔòÉÔòÉÔòÉÔòÉÔòÉÔòÉÔòÉÔòÉÔòÉÔòÉÔòÉÔòÉÔòÉÔòÉÔòÉÔòÉÔòÉÔòÉÔòÉÔòÉÔòÉÔòÉÔòÉÔòÉÔòÉ
The following TestFailure was thrown running a test:
Expected: exactly one matching candidate
  Actual: _TypeWidgetFinder:<Found 0 widgets with type "AboutScreen": []>
   Which: means none were found but one was expected

When the exception was thrown, this was the stack:
#4      main.<anonymous closure>.<anonymous closure> (file:///C:/Users/joaom/Documents/GitHub/Notes/universal_notes_flutter/test/screens/settings_screen_test.dart:50:9)
<asynchronous suspension>
#5      testWidgets.<anonymous closure>.<anonymous closure> (package:flutter_test/src/widget_tester.dart:192:15)
<asynchronous suspension>
#6      TestWidgetsFlutterBinding._runTestBody (package:flutter_test/src/binding.dart:1059:5)
<asynchronous suspension>
<asynchronous suspension>
(elided one frame from package:stack_trace)

This was caught by the test expectation on the following line:
  file:///C:/Users/joaom/Documents/GitHub/Notes/universal_notes_flutter/test/screens/settings_screen_test.dart line 50
The test description was:
  navigates to AboutScreen on Android
ÔòÉÔòÉÔòÉÔòÉÔòÉÔòÉÔòÉÔòÉÔòÉÔòÉÔòÉÔòÉÔòÉÔòÉÔòÉÔòÉÔòÉÔòÉÔòÉÔòÉÔòÉÔòÉÔòÉÔòÉÔòÉÔòÉÔòÉÔòÉÔòÉÔòÉÔòÉÔòÉÔòÉÔòÉÔòÉÔòÉÔòÉÔòÉÔòÉÔòÉÔòÉÔòÉÔòÉÔòÉÔòÉÔòÉÔòÉÔòÉÔòÉÔòÉÔòÉÔòÉÔòÉÔòÉÔòÉÔòÉÔòÉÔòÉÔòÉÔòÉÔòÉÔòÉÔòÉÔòÉÔòÉÔòÉÔòÉÔòÉÔòÉÔòÉÔòÉÔòÉÔòÉÔòÉÔòÉÔòÉÔòÉÔòÉÔòÉÔòÉÔòÉÔòÉÔòÉÔòÉÔòÉÔòÉÔòÉÔòÉÔòÉÔòÉÔòÉÔòÉÔòÉÔòÉÔòÉÔòÉÔòÉÔòÉÔòÉÔòÉ
02:39 +95 ~3 -12: C:/Users/joaom/Documents/GitHub/Notes/universal_notes_flutter/test/main_test.dart: NotesScreen State Rendering shows error message when fetch fails
02:39 +95 ~3 -12: C:/Users/joaom/Documents/GitHub/Notes/universal_notes_flutter/test/screens/settings_screen_test.dart: SettingsScreen navigates to AboutScreen on Android [E]
  Test failed. See exception logs above.
  The test description was: navigates to AboutScreen on Android
  
02:39 +96 ~3 -12: C:/Users/joaom/Documents/GitHub/Notes/universal_notes_flutter/test/main_test.dart: NotesScreen State Rendering shows error message when fetch fails
02:40 +96 ~3 -12: C:/Users/joaom/Documents/GitHub/Notes/universal_notes_flutter/test/screens/settings_screen_test.dart: SettingsScreen navigates to AboutScreen on Windows
ÔòÉÔòÉÔòí EXCEPTION CAUGHT BY FLUTTER TEST FRAMEWORK Ôò×ÔòÉÔòÉÔòÉÔòÉÔòÉÔòÉÔòÉÔòÉÔòÉÔòÉÔòÉÔòÉÔòÉÔòÉÔòÉÔòÉÔòÉÔòÉÔòÉÔòÉÔòÉÔòÉÔòÉÔòÉÔòÉÔòÉÔòÉÔòÉÔòÉÔòÉÔòÉÔòÉÔòÉÔòÉÔòÉÔòÉÔòÉÔòÉÔòÉÔòÉÔòÉÔòÉÔòÉÔòÉÔòÉÔòÉÔòÉÔòÉÔòÉÔòÉÔòÉÔòÉ
The following TestFailure was thrown running a test:
Expected: exactly one matching candidate
  Actual: _TypeWidgetFinder:<Found 0 widgets with type "AboutScreen": []>
   Which: means none were found but one was expected

When the exception was thrown, this was the stack:
#4      main.<anonymous closure>.<anonymous closure> (file:///C:/Users/joaom/Documents/GitHub/Notes/universal_notes_flutter/test/screens/settings_screen_test.dart:83:9)
<asynchronous suspension>
#5      testWidgets.<anonymous closure>.<anonymous closure> (package:flutter_test/src/widget_tester.dart:192:15)
<asynchronous suspension>
#6      TestWidgetsFlutterBinding._runTestBody (package:flutter_test/src/binding.dart:1059:5)
<asynchronous suspension>
<asynchronous suspension>
(elided one frame from package:stack_trace)

This was caught by the test expectation on the following line:
  file:///C:/Users/joaom/Documents/GitHub/Notes/universal_notes_flutter/test/screens/settings_screen_test.dart line 83
The test description was:
  navigates to AboutScreen on Windows
ÔòÉÔòÉÔòÉÔòÉÔòÉÔòÉÔòÉÔòÉÔòÉÔòÉÔòÉÔòÉÔòÉÔòÉÔòÉÔòÉÔòÉÔòÉÔòÉÔòÉÔòÉÔòÉÔòÉÔòÉÔòÉÔòÉÔòÉÔòÉÔòÉÔòÉÔòÉÔòÉÔòÉÔòÉÔòÉÔòÉÔòÉÔòÉÔòÉÔòÉÔòÉÔòÉÔòÉÔòÉÔòÉÔòÉÔòÉÔòÉÔòÉÔòÉÔòÉÔòÉÔòÉÔòÉÔòÉÔòÉÔòÉÔòÉÔòÉÔòÉÔòÉÔòÉÔòÉÔòÉÔòÉÔòÉÔòÉÔòÉÔòÉÔòÉÔòÉÔòÉÔòÉÔòÉÔòÉÔòÉÔòÉÔòÉÔòÉÔòÉÔòÉÔòÉÔòÉÔòÉÔòÉÔòÉÔòÉÔòÉÔòÉÔòÉÔòÉÔòÉÔòÉÔòÉÔòÉÔòÉÔòÉÔòÉÔòÉÔòÉ
02:40 +96 ~3 -13: C:/Users/joaom/Documents/GitHub/Notes/universal_notes_flutter/test/main_test.dart: NotesScreen State Rendering shows error message when fetch fails
02:40 +96 ~3 -13: C:/Users/joaom/Documents/GitHub/Notes/universal_notes_flutter/test/screens/settings_screen_test.dart: SettingsScreen navigates to AboutScreen on Windows [E]
  Test failed. See exception logs above.
  The test description was: navigates to AboutScreen on Windows
  
02:40 +96 ~3 -13: C:/Users/joaom/Documents/GitHub/Notes/universal_notes_flutter/test/screens/settings_screen_test.dart: SettingsScreen returns to SettingsScreen after navigating back on Android
ÔòÉÔòÉÔòí EXCEPTION CAUGHT BY FLUTTER TEST FRAMEWORK Ôò×ÔòÉÔòÉÔòÉÔòÉÔòÉÔòÉÔòÉÔòÉÔòÉÔòÉÔòÉÔòÉÔòÉÔòÉÔòÉÔòÉÔòÉÔòÉÔòÉÔòÉÔòÉÔòÉÔòÉÔòÉÔòÉÔòÉÔòÉÔòÉÔòÉÔòÉÔòÉÔòÉÔòÉÔòÉÔòÉÔòÉÔòÉÔòÉÔòÉÔòÉÔòÉÔòÉÔòÉÔòÉÔòÉÔòÉÔòÉÔòÉÔòÉÔòÉÔòÉÔòÉ
The following TestFailure was thrown running a test:
Expected: exactly one matching candidate
  Actual: _TypeWidgetFinder:<Found 0 widgets with type "AboutScreen": []>
   Which: means none were found but one was expected

When the exception was thrown, this was the stack:
#4      main.<anonymous closure>.<anonymous closure> (file:///C:/Users/joaom/Documents/GitHub/Notes/universal_notes_flutter/test/screens/settings_screen_test.dart:101:9)
<asynchronous suspension>
#5      testWidgets.<anonymous closure>.<anonymous closure> (package:flutter_test/src/widget_tester.dart:192:15)
<asynchronous suspension>
#6      TestWidgetsFlutterBinding._runTestBody (package:flutter_test/src/binding.dart:1059:5)
<asynchronous suspension>
<asynchronous suspension>
(elided one frame from package:stack_trace)

This was caught by the test expectation on the following line:
  file:///C:/Users/joaom/Documents/GitHub/Notes/universal_notes_flutter/test/screens/settings_screen_test.dart line 101
The test description was:
  returns to SettingsScreen after navigating back on Android
ÔòÉÔòÉÔòÉÔòÉÔòÉÔòÉÔòÉÔòÉÔòÉÔòÉÔòÉÔòÉÔòÉÔòÉÔòÉÔòÉÔòÉÔòÉÔòÉÔòÉÔòÉÔòÉÔòÉÔòÉÔòÉÔòÉÔòÉÔòÉÔòÉÔòÉÔòÉÔòÉÔòÉÔòÉÔòÉÔòÉÔòÉÔòÉÔòÉÔòÉÔòÉÔòÉÔòÉÔòÉÔòÉÔòÉÔòÉÔòÉÔòÉÔòÉÔòÉÔòÉÔòÉÔòÉÔòÉÔòÉÔòÉÔòÉÔòÉÔòÉÔòÉÔòÉÔòÉÔòÉÔòÉÔòÉÔòÉÔòÉÔòÉÔòÉÔòÉÔòÉÔòÉÔòÉÔòÉÔòÉÔòÉÔòÉÔòÉÔòÉÔòÉÔòÉÔòÉÔòÉÔòÉÔòÉÔòÉÔòÉÔòÉÔòÉÔòÉÔòÉÔòÉÔòÉÔòÉÔòÉÔòÉÔòÉÔòÉÔòÉ
02:40 +96 ~3 -14: C:/Users/joaom/Documents/GitHub/Notes/universal_notes_flutter/test/main_test.dart: NotesScreen State Rendering shows error message when fetch fails
02:40 +96 ~3 -14: C:/Users/joaom/Documents/GitHub/Notes/universal_notes_flutter/test/screens/settings_screen_test.dart: SettingsScreen returns to SettingsScreen after navigating back on Android [E]
  Test failed. See exception logs above.
  The test description was: returns to SettingsScreen after navigating back on Android
  
02:40 +96 ~3 -14: C:/Users/joaom/Documents/GitHub/Notes/universal_notes_flutter/test/screens/settings_screen_test.dart: SettingsScreen returns to SettingsScreen after navigating back on Windows
ÔòÉÔòÉÔòí EXCEPTION CAUGHT BY FLUTTER TEST FRAMEWORK Ôò×ÔòÉÔòÉÔòÉÔòÉÔòÉÔòÉÔòÉÔòÉÔòÉÔòÉÔòÉÔòÉÔòÉÔòÉÔòÉÔòÉÔòÉÔòÉÔòÉÔòÉÔòÉÔòÉÔòÉÔòÉÔòÉÔòÉÔòÉÔòÉÔòÉÔòÉÔòÉÔòÉÔòÉÔòÉÔòÉÔòÉÔòÉÔòÉÔòÉÔòÉÔòÉÔòÉÔòÉÔòÉÔòÉÔòÉÔòÉÔòÉÔòÉÔòÉÔòÉÔòÉ
The following TestFailure was thrown running a test:
Expected: exactly one matching candidate
  Actual: _TypeWidgetFinder:<Found 0 widgets with type "AboutScreen": []>
   Which: means none were found but one was expected

When the exception was thrown, this was the stack:
#4      main.<anonymous closure>.<anonymous closure> (file:///C:/Users/joaom/Documents/GitHub/Notes/universal_notes_flutter/test/screens/settings_screen_test.dart:128:9)
<asynchronous suspension>
#5      testWidgets.<anonymous closure>.<anonymous closure> (package:flutter_test/src/widget_tester.dart:192:15)
<asynchronous suspension>
#6      TestWidgetsFlutterBinding._runTestBody (package:flutter_test/src/binding.dart:1059:5)
<asynchronous suspension>
<asynchronous suspension>
(elided one frame from package:stack_trace)

This was caught by the test expectation on the following line:
  file:///C:/Users/joaom/Documents/GitHub/Notes/universal_notes_flutter/test/screens/settings_screen_test.dart line 128
The test description was:
  returns to SettingsScreen after navigating back on Windows
ÔòÉÔòÉÔòÉÔòÉÔòÉÔòÉÔòÉÔòÉÔòÉÔòÉÔòÉÔòÉÔòÉÔòÉÔòÉÔòÉÔòÉÔòÉÔòÉÔòÉÔòÉÔòÉÔòÉÔòÉÔòÉÔòÉÔòÉÔòÉÔòÉÔòÉÔòÉÔòÉÔòÉÔòÉÔòÉÔòÉÔòÉÔòÉÔòÉÔòÉÔòÉÔòÉÔòÉÔòÉÔòÉÔòÉÔòÉÔòÉÔòÉÔòÉÔòÉÔòÉÔòÉÔòÉÔòÉÔòÉÔòÉÔòÉÔòÉÔòÉÔòÉÔòÉÔòÉÔòÉÔòÉÔòÉÔòÉÔòÉÔòÉÔòÉÔòÉÔòÉÔòÉÔòÉÔòÉÔòÉÔòÉÔòÉÔòÉÔòÉÔòÉÔòÉÔòÉÔòÉÔòÉÔòÉÔòÉÔòÉÔòÉÔòÉÔòÉÔòÉÔòÉÔòÉÔòÉÔòÉÔòÉÔòÉÔòÉÔòÉ
02:40 +96 ~3 -15: C:/Users/joaom/Documents/GitHub/Notes/universal_notes_flutter/test/main_test.dart: NotesScreen State Rendering shows error message when fetch fails
02:40 +96 ~3 -15: C:/Users/joaom/Documents/GitHub/Notes/universal_notes_flutter/test/screens/settings_screen_test.dart: SettingsScreen returns to SettingsScreen after navigating back on Windows [E]
  Test failed. See exception logs above.
  The test description was: returns to SettingsScreen after navigating back on Windows
  
02:40 +96 ~3 -15: C:/Users/joaom/Documents/GitHub/Notes/universal_notes_flutter/test/main_test.dart: NotesScreen State Rendering shows error message when fetch fails
02:47 +96 ~3 -16: C:/Users/joaom/Documents/GitHub/Notes/universal_notes_flutter/test/main_test.dart: NotesScreen State Rendering shows error message when fetch fails
02:48 +96 ~3 -16: C:/Users/joaom/Documents/GitHub/Notes/universal_notes_flutter/test/services/autocomplete_service_test.dart: AutocompleteService returns suggestions from all sources in order [E]
  type 'Null' is not a subtype of type 'Future<List<String>>'
  test\services\autocomplete_service_test.dart 8:7    MockFirestoreRepository.getFrequentWords
  test\services\autocomplete_service_test.dart 29:21  main.<fn>.<fn>
  
02:51 +97 ~3 -16: C:/Users/joaom/Documents/GitHub/Notes/universal_notes_flutter/test/main_test.dart: NotesScreen State Rendering shows error message when fetch fails
02:51 +98 ~3 -16: C:/Users/joaom/Documents/GitHub/Notes/universal_notes_flutter/test/main_test.dart: NotesScreen State Rendering shows error message when fetch fails
02:51 +99 ~3 -16: C:/Users/joaom/Documents/GitHub/Notes/universal_notes_flutter/test/main_test.dart: NotesScreen State Rendering shows error message when fetch fails
02:51 +100 ~3 -16: C:/Users/joaom/Documents/GitHub/Notes/universal_notes_flutter/test/main_test.dart: NotesScreen State Rendering shows error message when fetch fails
02:51 +101 ~3 -16: C:/Users/joaom/Documents/GitHub/Notes/universal_notes_flutter/test/main_test.dart: NotesScreen State Rendering shows error message when fetch fails
02:57 +102 ~3 -16: C:/Users/joaom/Documents/GitHub/Notes/universal_notes_flutter/test/main_test.dart: NotesScreen State Rendering shows error message when fetch fails
02:59 +103 ~3 -16: C:/Users/joaom/Documents/GitHub/Notes/universal_notes_flutter/test/main_test.dart: NotesScreen State Rendering shows error message when fetch fails
03:02 +104 ~3 -16: C:/Users/joaom/Documents/GitHub/Notes/universal_notes_flutter/test/main_test.dart: NotesScreen State Rendering shows error message when fetch fails
03:04 +105 ~3 -16: C:/Users/joaom/Documents/GitHub/Notes/universal_notes_flutter/test/main_test.dart: NotesScreen State Rendering shows error message when fetch fails
03:08 +106 ~3 -16: C:/Users/joaom/Documents/GitHub/Notes/universal_notes_flutter/test/main_test.dart: NotesScreen State Rendering shows error message when fetch fails
03:13 +107 ~3 -16: C:/Users/joaom/Documents/GitHub/Notes/universal_notes_flutter/test/main_test.dart: NotesScreen State Rendering shows error message when fetch fails
03:13 +107 ~3 -17: C:/Users/joaom/Documents/GitHub/Notes/universal_notes_flutter/test/main_test.dart: NotesScreen State Rendering shows error message when fetch fails
03:13 +107 ~3 -17: C:/Users/joaom/Documents/GitHub/Notes/universal_notes_flutter/test/services/event_replayer_test.dart: EventReplayer reconstructs document from insert events [E]
  Expected: 'Hello World'
    Actual: ''
     Which: is different. Both strings start the same, but the actual value is missing the following trailing characters: Hello Worl ...
  
  package:matcher                                     expect
  package:flutter_test/src/widget_tester.dart 473:18  expect
  test\services\event_replayer_test.dart 32:7         main.<fn>.<fn>
  
03:13 +107 ~3 -18: C:/Users/joaom/Documents/GitHub/Notes/universal_notes_flutter/test/main_test.dart: NotesScreen State Rendering shows error message when fetch fails
03:13 +107 ~3 -18: C:/Users/joaom/Documents/GitHub/Notes/universal_notes_flutter/test/services/event_replayer_test.dart: EventReplayer reconstructs document with delete events [E]
  Expected: 'Hello'
    Actual: ''
     Which: is different. Both strings start the same, but the actual value is missing the following trailing characters: Hello
  
  package:matcher                                     expect
  package:flutter_test/src/widget_tester.dart 473:18  expect
  test\services\event_replayer_test.dart 54:7         main.<fn>.<fn>
  
03:13 +107 ~3 -19: C:/Users/joaom/Documents/GitHub/Notes/universal_notes_flutter/test/main_test.dart: NotesScreen State Rendering shows error message when fetch fails
03:13 +107 ~3 -19: C:/Users/joaom/Documents/GitHub/Notes/universal_notes_flutter/test/services/event_replayer_test.dart: EventReplayer handles events out of order by sorting [E]
  Expected: 'Hello World'
    Actual: ''
     Which: is different. Both strings start the same, but the actual value is missing the following trailing characters: Hello Worl ...
  
  package:matcher                                     expect
  package:flutter_test/src/widget_tester.dart 473:18  expect
  test\services\event_replayer_test.dart 76:7         main.<fn>.<fn>
  
03:13 +108 ~3 -19: C:/Users/joaom/Documents/GitHub/Notes/universal_notes_flutter/test/main_test.dart: NotesScreen State Rendering shows error message when fetch fails
03:20 +109 ~3 -19: C:/Users/joaom/Documents/GitHub/Notes/universal_notes_flutter/test/main_test.dart: NotesScreen State Rendering shows error message when fetch fails
03:26 +110 ~3 -19: C:/Users/joaom/Documents/GitHub/Notes/universal_notes_flutter/test/main_test.dart: NotesScreen State Rendering shows error message when fetch fails
03:26 +111 ~3 -19: C:/Users/joaom/Documents/GitHub/Notes/universal_notes_flutter/test/main_test.dart: NotesScreen State Rendering shows error message when fetch fails
03:26 +112 ~3 -19: C:/Users/joaom/Documents/GitHub/Notes/universal_notes_flutter/test/main_test.dart: NotesScreen State Rendering shows error message when fetch fails
03:26 +113 ~3 -19: C:/Users/joaom/Documents/GitHub/Notes/universal_notes_flutter/test/main_test.dart: NotesScreen State Rendering shows error message when fetch fails
03:33 +114 ~3 -19: C:/Users/joaom/Documents/GitHub/Notes/universal_notes_flutter/test/main_test.dart: NotesScreen State Rendering shows error message when fetch fails
03:33 +115 ~3 -19: C:/Users/joaom/Documents/GitHub/Notes/universal_notes_flutter/test/main_test.dart: NotesScreen State Rendering shows error message when fetch fails
03:33 +116 ~3 -19: C:/Users/joaom/Documents/GitHub/Notes/universal_notes_flutter/test/main_test.dart: NotesScreen State Rendering shows error message when fetch fails
03:40 +116 ~3 -20: C:/Users/joaom/Documents/GitHub/Notes/universal_notes_flutter/test/main_test.dart: NotesScreen State Rendering shows error message when fetch fails
03:40 +116 ~3 -20: C:/Users/joaom/Documents/GitHub/Notes/universal_notes_flutter/test/services/tag_suggestion_service_test.dart: TagSuggestionService should suggest tags found in document text [E]
  Expected: contains all of ['flutter', 'dart']
    Actual: MappedListIterable<Tag, String>:['Flutter', 'Dart']
     Which: has no match for 'flutter' at index 0 along with 1 other unmatched
  
  package:matcher                                      expect
  test\services\tag_suggestion_service_test.dart 28:7  main.<fn>.<fn>
  
03:40 +117 ~3 -20: C:/Users/joaom/Documents/GitHub/Notes/universal_notes_flutter/test/main_test.dart: NotesScreen State Rendering shows error message when fetch fails
03:40 +118 ~3 -20: C:/Users/joaom/Documents/GitHub/Notes/universal_notes_flutter/test/main_test.dart: NotesScreen State Rendering shows error message when fetch fails
03:40 +119 ~3 -20: C:/Users/joaom/Documents/GitHub/Notes/universal_notes_flutter/test/main_test.dart: NotesScreen State Rendering shows error message when fetch fails
03:46 +120 ~3 -20: C:/Users/joaom/Documents/GitHub/Notes/universal_notes_flutter/test/main_test.dart: NotesScreen State Rendering shows error message when fetch fails
03:46 +120 ~3 -21: C:/Users/joaom/Documents/GitHub/Notes/universal_notes_flutter/test/main_test.dart: NotesScreen State Rendering shows error message when fetch fails
03:46 +120 ~3 -21: C:/Users/joaom/Documents/GitHub/Notes/universal_notes_flutter/test/services/tracing_service_test.dart: TracingService should start a span with the given name [E]
  Bad state: A global TracerProvider has already been created. registerGlobalTracerProvider must be called only once before any calls to the getter globalTracerProvider.
  package:opentelemetry/src/api/open_telemetry.dart 29:5              registerGlobalTracerProvider
  package:universal_notes_flutter/services/tracing_service.dart 25:5  TracingService.init
  test\services\tracing_service_test.dart 9:35                        main.<fn>.<fn>
  
03:46 +120 ~3 -22: C:/Users/joaom/Documents/GitHub/Notes/universal_notes_flutter/test/main_test.dart: NotesScreen State Rendering shows error message when fetch fails
03:46 +120 ~3 -22: C:/Users/joaom/Documents/GitHub/Notes/universal_notes_flutter/test/services/tracing_service_test.dart: TracingService singleton instance should be shared [E]
  Bad state: A global TracerProvider has already been created. registerGlobalTracerProvider must be called only once before any calls to the getter globalTracerProvider.
  package:opentelemetry/src/api/open_telemetry.dart 29:5              registerGlobalTracerProvider
  package:universal_notes_flutter/services/tracing_service.dart 25:5  TracingService.init
  test\services\tracing_service_test.dart 9:35                        main.<fn>.<fn>
  
03:51 +121 ~3 -22: C:/Users/joaom/Documents/GitHub/Notes/universal_notes_flutter/test/main_test.dart: NotesScreen State Rendering shows error message when fetch fails
03:51 +122 ~3 -22: C:/Users/joaom/Documents/GitHub/Notes/universal_notes_flutter/test/main_test.dart: NotesScreen State Rendering shows error message when fetch fails
03:51 +123 ~3 -22: C:/Users/joaom/Documents/GitHub/Notes/universal_notes_flutter/test/main_test.dart: NotesScreen State Rendering shows error message when fetch fails
03:51 +124 ~3 -22: C:/Users/joaom/Documents/GitHub/Notes/universal_notes_flutter/test/main_test.dart: NotesScreen State Rendering shows error message when fetch fails
03:51 +125 ~3 -22: C:/Users/joaom/Documents/GitHub/Notes/universal_notes_flutter/test/main_test.dart: NotesScreen State Rendering shows error message when fetch fails
03:51 +126 ~3 -22: C:/Users/joaom/Documents/GitHub/Notes/universal_notes_flutter/test/main_test.dart: NotesScreen State Rendering shows error message when fetch fails
03:51 +127 ~3 -22: C:/Users/joaom/Documents/GitHub/Notes/universal_notes_flutter/test/main_test.dart: NotesScreen State Rendering shows error message when fetch fails
03:51 +128 ~3 -22: C:/Users/joaom/Documents/GitHub/Notes/universal_notes_flutter/test/main_test.dart: NotesScreen State Rendering shows error message when fetch fails
03:51 +129 ~3 -22: C:/Users/joaom/Documents/GitHub/Notes/universal_notes_flutter/test/main_test.dart: NotesScreen State Rendering shows error message when fetch fails
03:51 +130 ~3 -22: C:/Users/joaom/Documents/GitHub/Notes/universal_notes_flutter/test/main_test.dart: NotesScreen State Rendering shows error message when fetch fails
03:51 +131 ~3 -22: C:/Users/joaom/Documents/GitHub/Notes/universal_notes_flutter/test/main_test.dart: NotesScreen State Rendering shows error message when fetch fails
03:51 +132 ~3 -22: C:/Users/joaom/Documents/GitHub/Notes/universal_notes_flutter/test/main_test.dart: NotesScreen State Rendering shows error message when fetch fails
03:51 +133 ~3 -22: C:/Users/joaom/Documents/GitHub/Notes/universal_notes_flutter/test/main_test.dart: NotesScreen State Rendering shows error message when fetch fails
03:51 +134 ~3 -22: C:/Users/joaom/Documents/GitHub/Notes/universal_notes_flutter/test/main_test.dart: NotesScreen State Rendering shows error message when fetch fails
03:51 +135 ~3 -22: C:/Users/joaom/Documents/GitHub/Notes/universal_notes_flutter/test/main_test.dart: NotesScreen State Rendering shows error message when fetch fails
03:58 +136 ~3 -22: C:/Users/joaom/Documents/GitHub/Notes/universal_notes_flutter/test/main_test.dart: NotesScreen State Rendering shows error message when fetch fails
04:06 +137 ~3 -22: C:/Users/joaom/Documents/GitHub/Notes/universal_notes_flutter/test/main_test.dart: NotesScreen State Rendering shows error message when fetch fails
04:06 +138 ~3 -22: C:/Users/joaom/Documents/GitHub/Notes/universal_notes_flutter/test/main_test.dart: NotesScreen State Rendering shows error message when fetch fails
04:07 +139 ~3 -22: C:/Users/joaom/Documents/GitHub/Notes/universal_notes_flutter/test/main_test.dart: NotesScreen State Rendering shows error message when fetch fails
04:07 +140 ~3 -22: C:/Users/joaom/Documents/GitHub/Notes/universal_notes_flutter/test/main_test.dart: NotesScreen State Rendering shows error message when fetch fails
04:07 +141 ~3 -22: C:/Users/joaom/Documents/GitHub/Notes/universal_notes_flutter/test/main_test.dart: NotesScreen State Rendering shows error message when fetch fails
04:07 +142 ~3 -22: C:/Users/joaom/Documents/GitHub/Notes/universal_notes_flutter/test/main_test.dart: NotesScreen State Rendering shows error message when fetch fails
04:15 +143 ~3 -22: C:/Users/joaom/Documents/GitHub/Notes/universal_notes_flutter/test/main_test.dart: NotesScreen State Rendering shows error message when fetch fails
04:15 +144 ~3 -22: C:/Users/joaom/Documents/GitHub/Notes/universal_notes_flutter/test/main_test.dart: NotesScreen State Rendering shows error message when fetch fails
04:15 +145 ~3 -22: C:/Users/joaom/Documents/GitHub/Notes/universal_notes_flutter/test/main_test.dart: NotesScreen State Rendering shows error message when fetch fails
04:15 +146 ~3 -22: C:/Users/joaom/Documents/GitHub/Notes/universal_notes_flutter/test/main_test.dart: NotesScreen State Rendering shows error message when fetch fails
04:15 +147 ~3 -22: C:/Users/joaom/Documents/GitHub/Notes/universal_notes_flutter/test/main_test.dart: NotesScreen State Rendering shows error message when fetch fails
04:27 +148 ~3 -22: C:/Users/joaom/Documents/GitHub/Notes/universal_notes_flutter/test/main_test.dart: NotesScreen State Rendering shows error message when fetch fails
04:28 +149 ~3 -22: C:/Users/joaom/Documents/GitHub/Notes/universal_notes_flutter/test/main_test.dart: NotesScreen State Rendering shows error message when fetch fails
04:28 +150 ~3 -22: C:/Users/joaom/Documents/GitHub/Notes/universal_notes_flutter/test/main_test.dart: NotesScreen State Rendering shows error message when fetch fails
04:29 +151 ~3 -22: C:/Users/joaom/Documents/GitHub/Notes/universal_notes_flutter/test/main_test.dart: NotesScreen State Rendering shows error message when fetch fails
04:29 +152 ~3 -22: C:/Users/joaom/Documents/GitHub/Notes/universal_notes_flutter/test/main_test.dart: NotesScreen State Rendering shows error message when fetch fails
04:29 +153 ~3 -22: C:/Users/joaom/Documents/GitHub/Notes/universal_notes_flutter/test/main_test.dart: NotesScreen State Rendering shows error message when fetch fails
04:30 +154 ~3 -22: C:/Users/joaom/Documents/GitHub/Notes/universal_notes_flutter/test/main_test.dart: NotesScreen State Rendering shows error message when fetch fails
04:30 +155 ~3 -22: C:/Users/joaom/Documents/GitHub/Notes/universal_notes_flutter/test/main_test.dart: NotesScreen State Rendering shows error message when fetch fails
04:30 +156 ~3 -22: C:/Users/joaom/Documents/GitHub/Notes/universal_notes_flutter/test/main_test.dart: NotesScreen State Rendering shows error message when fetch fails
04:31 +157 ~3 -22: C:/Users/joaom/Documents/GitHub/Notes/universal_notes_flutter/test/main_test.dart: NotesScreen State Rendering shows error message when fetch fails
04:31 +158 ~3 -22: C:/Users/joaom/Documents/GitHub/Notes/universal_notes_flutter/test/main_test.dart: NotesScreen State Rendering shows error message when fetch fails
04:31 +159 ~3 -22: C:/Users/joaom/Documents/GitHub/Notes/universal_notes_flutter/test/main_test.dart: NotesScreen State Rendering shows error message when fetch fails
04:41 +160 ~3 -22: C:/Users/joaom/Documents/GitHub/Notes/universal_notes_flutter/test/main_test.dart: NotesScreen State Rendering shows error message when fetch fails
04:41 +161 ~3 -22: C:/Users/joaom/Documents/GitHub/Notes/universal_notes_flutter/test/main_test.dart: NotesScreen State Rendering shows error message when fetch fails
04:41 +162 ~3 -22: C:/Users/joaom/Documents/GitHub/Notes/universal_notes_flutter/test/main_test.dart: NotesScreen State Rendering shows error message when fetch fails
04:41 +163 ~3 -22: C:/Users/joaom/Documents/GitHub/Notes/universal_notes_flutter/test/main_test.dart: NotesScreen State Rendering shows error message when fetch fails
04:41 +164 ~3 -22: C:/Users/joaom/Documents/GitHub/Notes/universal_notes_flutter/test/main_test.dart: NotesScreen State Rendering shows error message when fetch fails
04:42 +165 ~3 -22: C:/Users/joaom/Documents/GitHub/Notes/universal_notes_flutter/test/main_test.dart: NotesScreen State Rendering shows error message when fetch fails
04:42 +166 ~3 -22: C:/Users/joaom/Documents/GitHub/Notes/universal_notes_flutter/test/main_test.dart: NotesScreen State Rendering shows error message when fetch fails
04:42 +167 ~3 -22: C:/Users/joaom/Documents/GitHub/Notes/universal_notes_flutter/test/main_test.dart: NotesScreen State Rendering shows error message when fetch fails
04:42 +168 ~3 -22: C:/Users/joaom/Documents/GitHub/Notes/universal_notes_flutter/test/main_test.dart: NotesScreen State Rendering shows error message when fetch fails
04:53 +169 ~3 -22: C:/Users/joaom/Documents/GitHub/Notes/universal_notes_flutter/test/main_test.dart: NotesScreen State Rendering shows error message when fetch fails
04:53 +170 ~3 -22: C:/Users/joaom/Documents/GitHub/Notes/universal_notes_flutter/test/main_test.dart: NotesScreen State Rendering shows error message when fetch fails
../../../../AppData/Local/Pub/Cache/hosted/pub.dev/alchemist-0.8.0/lib/src/blocked_text_image.dart:65:7: Error: The non-abstract class 'BlockedTextCanvasAdapter' is missing implementations for these members:
 - Canvas.clipRSuperellipse
 - Canvas.drawRSuperellipse
Try to either
 - provide an implementation,
 - inherit an implementation from a superclass or mixin,
 - mark the class as abstract, or
 - provide a 'noSuchMethod' implementation.
class BlockedTextCanvasAdapter implements Canvas {
      ^^^^^^^^^^^^^^^^^^^^^^^^
org-dartlang-sdk:///flutter/lib/ui/painting.dart:5967:8: Context: 'Canvas.clipRSuperellipse' is defined here.
  void clipRSuperellipse(RSuperellipse rsuperellipse, {bool doAntiAlias = true});
       ^^^^^^^^^^^^^^^^^
org-dartlang-sdk:///flutter/lib/ui/painting.dart:6097:8: Context: 'Canvas.drawRSuperellipse' is defined here.
  void drawRSuperellipse(RSuperellipse rsuperellipse, Paint paint);
       ^^^^^^^^^^^^^^^^^
04:59 +170 ~3 -23: loading C:/Users/joaom/Documents/GitHub/Notes/universal_notes_flutter/test/widgets/fluent_note_card_golden_test.dart [E]
  Failed to load "C:/Users/joaom/Documents/GitHub/Notes/universal_notes_flutter/test/widgets/fluent_note_card_golden_test.dart":
  Compilation failed for testPath=C:/Users/joaom/Documents/GitHub/Notes/universal_notes_flutter/test/widgets/fluent_note_card_golden_test.dart: ../../../../AppData/Local/Pub/Cache/hosted/pub.dev/alchemist-0.8.0/lib/src/blocked_text_image.dart:65:7: Error: The non-abstract class 'BlockedTextCanvasAdapter' is missing implementations for these members:
   - Canvas.clipRSuperellipse
   - Canvas.drawRSuperellipse
  Try to either
   - provide an implementation,
   - inherit an implementation from a superclass or mixin,
   - mark the class as abstract, or
   - provide a 'noSuchMethod' implementation.
  class BlockedTextCanvasAdapter implements Canvas {
        ^^^^^^^^^^^^^^^^^^^^^^^^
  org-dartlang-sdk:///flutter/lib/ui/painting.dart:5967:8: Context: 'Canvas.clipRSuperellipse' is defined here.
    void clipRSuperellipse(RSuperellipse rsuperellipse, {bool doAntiAlias = true});
         ^^^^^^^^^^^^^^^^^
  org-dartlang-sdk:///flutter/lib/ui/painting.dart:6097:8: Context: 'Canvas.drawRSuperellipse' is defined here.
    void drawRSuperellipse(RSuperellipse rsuperellipse, Paint paint);
         ^^^^^^^^^^^^^^^^^
  .
05:21 +170 ~3 -23: C:/Users/joaom/Documents/GitHub/Notes/universal_notes_flutter/test/widgets/fluent_note_card_test.dart: FluentNoteCard displays title and content preview for valid content
ÔòÉÔòÉÔòí EXCEPTION CAUGHT BY FLUTTER TEST FRAMEWORK Ôò×ÔòÉÔòÉÔòÉÔòÉÔòÉÔòÉÔòÉÔòÉÔòÉÔòÉÔòÉÔòÉÔòÉÔòÉÔòÉÔòÉÔòÉÔòÉÔòÉÔòÉÔòÉÔòÉÔòÉÔòÉÔòÉÔòÉÔòÉÔòÉÔòÉÔòÉÔòÉÔòÉÔòÉÔòÉÔòÉÔòÉÔòÉÔòÉÔòÉÔòÉÔòÉÔòÉÔòÉÔòÉÔòÉÔòÉÔòÉÔòÉÔòÉÔòÉÔòÉÔòÉ
The following TestFailure was thrown running a test:
Expected: exactly one matching candidate
  Actual: _TextWidgetFinder:<Found 0 widgets with text "This is a test note.": []>
   Which: means none were found but one was expected

When the exception was thrown, this was the stack:
#4      main.<anonymous closure>.<anonymous closure> (file:///C:/Users/joaom/Documents/GitHub/Notes/universal_notes_flutter/test/widgets/fluent_note_card_test.dart:39:7)
<asynchronous suspension>
#5      testWidgets.<anonymous closure>.<anonymous closure> (package:flutter_test/src/widget_tester.dart:192:15)
<asynchronous suspension>
#6      TestWidgetsFlutterBinding._runTestBody (package:flutter_test/src/binding.dart:1059:5)
<asynchronous suspension>
<asynchronous suspension>
(elided one frame from package:stack_trace)

This was caught by the test expectation on the following line:
  file:///C:/Users/joaom/Documents/GitHub/Notes/universal_notes_flutter/test/widgets/fluent_note_card_test.dart line 39
The test description was:
  displays title and content preview for valid content
ÔòÉÔòÉÔòÉÔòÉÔòÉÔòÉÔòÉÔòÉÔòÉÔòÉÔòÉÔòÉÔòÉÔòÉÔòÉÔòÉÔòÉÔòÉÔòÉÔòÉÔòÉÔòÉÔòÉÔòÉÔòÉÔòÉÔòÉÔòÉÔòÉÔòÉÔòÉÔòÉÔòÉÔòÉÔòÉÔòÉÔòÉÔòÉÔòÉÔòÉÔòÉÔòÉÔòÉÔòÉÔòÉÔòÉÔòÉÔòÉÔòÉÔòÉÔòÉÔòÉÔòÉÔòÉÔòÉÔòÉÔòÉÔòÉÔòÉÔòÉÔòÉÔòÉÔòÉÔòÉÔòÉÔòÉÔòÉÔòÉÔòÉÔòÉÔòÉÔòÉÔòÉÔòÉÔòÉÔòÉÔòÉÔòÉÔòÉÔòÉÔòÉÔòÉÔòÉÔòÉÔòÉÔòÉÔòÉÔòÉÔòÉÔòÉÔòÉÔòÉÔòÉÔòÉÔòÉÔòÉÔòÉÔòÉÔòÉÔòÉ
05:21 +170 ~3 -24: C:/Users/joaom/Documents/GitHub/Notes/universal_notes_flutter/test/main_test.dart: NotesScreen State Rendering shows error message when fetch fails
05:21 +170 ~3 -24: C:/Users/joaom/Documents/GitHub/Notes/universal_notes_flutter/test/widgets/fluent_note_card_test.dart: FluentNoteCard displays title and content preview for valid content [E]
  Test failed. See exception logs above.
  The test description was: displays title and content preview for valid content
  
05:22 +170 ~3 -24: C:/Users/joaom/Documents/GitHub/Notes/universal_notes_flutter/test/widgets/fluent_note_card_test.dart: FluentNoteCard displays fallback text for invalid content
ÔòÉÔòÉÔòí EXCEPTION CAUGHT BY FLUTTER TEST FRAMEWORK Ôò×ÔòÉÔòÉÔòÉÔòÉÔòÉÔòÉÔòÉÔòÉÔòÉÔòÉÔòÉÔòÉÔòÉÔòÉÔòÉÔòÉÔòÉÔòÉÔòÉÔòÉÔòÉÔòÉÔòÉÔòÉÔòÉÔòÉÔòÉÔòÉÔòÉÔòÉÔòÉÔòÉÔòÉÔòÉÔòÉÔòÉÔòÉÔòÉÔòÉÔòÉÔòÉÔòÉÔòÉÔòÉÔòÉÔòÉÔòÉÔòÉÔòÉÔòÉÔòÉÔòÉ
The following TestFailure was thrown running a test:
Expected: exactly one matching candidate
  Actual: _TextWidgetFinder:<Found 0 widgets with text "...": []>
   Which: means none were found but one was expected

When the exception was thrown, this was the stack:
#4      main.<anonymous closure>.<anonymous closure> (file:///C:/Users/joaom/Documents/GitHub/Notes/universal_notes_flutter/test/widgets/fluent_note_card_test.dart:58:7)
<asynchronous suspension>
#5      testWidgets.<anonymous closure>.<anonymous closure> (package:flutter_test/src/widget_tester.dart:192:15)
<asynchronous suspension>
#6      TestWidgetsFlutterBinding._runTestBody (package:flutter_test/src/binding.dart:1059:5)
<asynchronous suspension>
<asynchronous suspension>
(elided one frame from package:stack_trace)

This was caught by the test expectation on the following line:
  file:///C:/Users/joaom/Documents/GitHub/Notes/universal_notes_flutter/test/widgets/fluent_note_card_test.dart line 58
The test description was:
  displays fallback text for invalid content
ÔòÉÔòÉÔòÉÔòÉÔòÉÔòÉÔòÉÔòÉÔòÉÔòÉÔòÉÔòÉÔòÉÔòÉÔòÉÔòÉÔòÉÔòÉÔòÉÔòÉÔòÉÔòÉÔòÉÔòÉÔòÉÔòÉÔòÉÔòÉÔòÉÔòÉÔòÉÔòÉÔòÉÔòÉÔòÉÔòÉÔòÉÔòÉÔòÉÔòÉÔòÉÔòÉÔòÉÔòÉÔòÉÔòÉÔòÉÔòÉÔòÉÔòÉÔòÉÔòÉÔòÉÔòÉÔòÉÔòÉÔòÉÔòÉÔòÉÔòÉÔòÉÔòÉÔòÉÔòÉÔòÉÔòÉÔòÉÔòÉÔòÉÔòÉÔòÉÔòÉÔòÉÔòÉÔòÉÔòÉÔòÉÔòÉÔòÉÔòÉÔòÉÔòÉÔòÉÔòÉÔòÉÔòÉÔòÉÔòÉÔòÉÔòÉÔòÉÔòÉÔòÉÔòÉÔòÉÔòÉÔòÉÔòÉÔòÉÔòÉ
05:22 +170 ~3 -25: C:/Users/joaom/Documents/GitHub/Notes/universal_notes_flutter/test/main_test.dart: NotesScreen State Rendering shows error message when fetch fails
05:22 +170 ~3 -25: C:/Users/joaom/Documents/GitHub/Notes/universal_notes_flutter/test/widgets/fluent_note_card_test.dart: FluentNoteCard displays fallback text for invalid content [E]
  Test failed. See exception logs above.
  The test description was: displays fallback text for invalid content
  
05:22 +171 ~3 -25: C:/Users/joaom/Documents/GitHub/Notes/universal_notes_flutter/test/main_test.dart: NotesScreen State Rendering shows error message when fetch fails
05:23 +172 ~3 -25: C:/Users/joaom/Documents/GitHub/Notes/universal_notes_flutter/test/main_test.dart: NotesScreen State Rendering shows error message when fetch fails
05:31 +172 ~3 -25: C:/Users/joaom/Documents/GitHub/Notes/universal_notes_flutter/test/widgets/note_card_test.dart: NoteCard displays note
ÔòÉÔòÉÔòí EXCEPTION CAUGHT BY FLUTTER TEST FRAMEWORK Ôò×ÔòÉÔòÉÔòÉÔòÉÔòÉÔòÉÔòÉÔòÉÔòÉÔòÉÔòÉÔòÉÔòÉÔòÉÔòÉÔòÉÔòÉÔòÉÔòÉÔòÉÔòÉÔòÉÔòÉÔòÉÔòÉÔòÉÔòÉÔòÉÔòÉÔòÉÔòÉÔòÉÔòÉÔòÉÔòÉÔòÉÔòÉÔòÉÔòÉÔòÉÔòÉÔòÉÔòÉÔòÉÔòÉÔòÉÔòÉÔòÉÔòÉÔòÉÔòÉÔòÉ
The following TestFailure was thrown running a test:
Expected: exactly one matching candidate
  Actual: _TextWidgetFinder:<Found 0 widgets with text "Test Note": []>
   Which: means none were found but one was expected

When the exception was thrown, this was the stack:
#4      main.<anonymous closure> (file:///C:/Users/joaom/Documents/GitHub/Notes/universal_notes_flutter/test/widgets/note_card_test.dart:30:5)
<asynchronous suspension>
#5      testWidgets.<anonymous closure>.<anonymous closure> (package:flutter_test/src/widget_tester.dart:192:15)
<asynchronous suspension>
#6      TestWidgetsFlutterBinding._runTestBody (package:flutter_test/src/binding.dart:1059:5)
<asynchronous suspension>
<asynchronous suspension>
(elided one frame from package:stack_trace)

This was caught by the test expectation on the following line:
  file:///C:/Users/joaom/Documents/GitHub/Notes/universal_notes_flutter/test/widgets/note_card_test.dart line 30
The test description was:
  NoteCard displays note
ÔòÉÔòÉÔòÉÔòÉÔòÉÔòÉÔòÉÔòÉÔòÉÔòÉÔòÉÔòÉÔòÉÔòÉÔòÉÔòÉÔòÉÔòÉÔòÉÔòÉÔòÉÔòÉÔòÉÔòÉÔòÉÔòÉÔòÉÔòÉÔòÉÔòÉÔòÉÔòÉÔòÉÔòÉÔòÉÔòÉÔòÉÔòÉÔòÉÔòÉÔòÉÔòÉÔòÉÔòÉÔòÉÔòÉÔòÉÔòÉÔòÉÔòÉÔòÉÔòÉÔòÉÔòÉÔòÉÔòÉÔòÉÔòÉÔòÉÔòÉÔòÉÔòÉÔòÉÔòÉÔòÉÔòÉÔòÉÔòÉÔòÉÔòÉÔòÉÔòÉÔòÉÔòÉÔòÉÔòÉÔòÉÔòÉÔòÉÔòÉÔòÉÔòÉÔòÉÔòÉÔòÉÔòÉÔòÉÔòÉÔòÉÔòÉÔòÉÔòÉÔòÉÔòÉÔòÉÔòÉÔòÉÔòÉÔòÉÔòÉ
05:31 +172 ~3 -26: C:/Users/joaom/Documents/GitHub/Notes/universal_notes_flutter/test/main_test.dart: NotesScreen State Rendering shows error message when fetch fails
05:31 +172 ~3 -26: C:/Users/joaom/Documents/GitHub/Notes/universal_notes_flutter/test/widgets/note_card_test.dart: NoteCard displays note [E]
  Test failed. See exception logs above.
  The test description was: NoteCard displays note
  
05:32 +173 ~3 -26: C:/Users/joaom/Documents/GitHub/Notes/universal_notes_flutter/test/main_test.dart: NotesScreen State Rendering shows error message when fetch fails
05:32 +173 ~3 -26: C:/Users/joaom/Documents/GitHub/Notes/universal_notes_flutter/test/widgets/note_card_test.dart: tapping NoteCard navigates to NoteEditorScreen when onTap null
ÔòÉÔòÉÔòí EXCEPTION CAUGHT BY FLUTTER TEST FRAMEWORK Ôò×ÔòÉÔòÉÔòÉÔòÉÔòÉÔòÉÔòÉÔòÉÔòÉÔòÉÔòÉÔòÉÔòÉÔòÉÔòÉÔòÉÔòÉÔòÉÔòÉÔòÉÔòÉÔòÉÔòÉÔòÉÔòÉÔòÉÔòÉÔòÉÔòÉÔòÉÔòÉÔòÉÔòÉÔòÉÔòÉÔòÉÔòÉÔòÉÔòÉÔòÉÔòÉÔòÉÔòÉÔòÉÔòÉÔòÉÔòÉÔòÉÔòÉÔòÉÔòÉÔòÉ
The following TestFailure was thrown running a test:
Expected: exactly one matching candidate
  Actual: _TypeWidgetFinder:<Found 0 widgets with type "NoteEditorScreen": []>
   Which: means none were found but one was expected

When the exception was thrown, this was the stack:
#4      main.<anonymous closure> (file:///C:/Users/joaom/Documents/GitHub/Notes/universal_notes_flutter/test/widgets/note_card_test.dart:105:7)
<asynchronous suspension>
#5      testWidgets.<anonymous closure>.<anonymous closure> (package:flutter_test/src/widget_tester.dart:192:15)
<asynchronous suspension>
#6      TestWidgetsFlutterBinding._runTestBody (package:flutter_test/src/binding.dart:1059:5)
<asynchronous suspension>
<asynchronous suspension>
(elided one frame from package:stack_trace)

This was caught by the test expectation on the following line:
  file:///C:/Users/joaom/Documents/GitHub/Notes/universal_notes_flutter/test/widgets/note_card_test.dart line 105
The test description was:
  tapping NoteCard navigates to NoteEditorScreen when onTap null
ÔòÉÔòÉÔòÉÔòÉÔòÉÔòÉÔòÉÔòÉÔòÉÔòÉÔòÉÔòÉÔòÉÔòÉÔòÉÔòÉÔòÉÔòÉÔòÉÔòÉÔòÉÔòÉÔòÉÔòÉÔòÉÔòÉÔòÉÔòÉÔòÉÔòÉÔòÉÔòÉÔòÉÔòÉÔòÉÔòÉÔòÉÔòÉÔòÉÔòÉÔòÉÔòÉÔòÉÔòÉÔòÉÔòÉÔòÉÔòÉÔòÉÔòÉÔòÉÔòÉÔòÉÔòÉÔòÉÔòÉÔòÉÔòÉÔòÉÔòÉÔòÉÔòÉÔòÉÔòÉÔòÉÔòÉÔòÉÔòÉÔòÉÔòÉÔòÉÔòÉÔòÉÔòÉÔòÉÔòÉÔòÉÔòÉÔòÉÔòÉÔòÉÔòÉÔòÉÔòÉÔòÉÔòÉÔòÉÔòÉÔòÉÔòÉÔòÉÔòÉÔòÉÔòÉÔòÉÔòÉÔòÉÔòÉÔòÉÔòÉ
05:32 +173 ~3 -27: C:/Users/joaom/Documents/GitHub/Notes/universal_notes_flutter/test/main_test.dart: NotesScreen State Rendering shows error message when fetch fails
05:32 +173 ~3 -27: C:/Users/joaom/Documents/GitHub/Notes/universal_notes_flutter/test/widgets/note_card_test.dart: tapping NoteCard navigates to NoteEditorScreen when onTap null [E]
  Test failed. See exception logs above.
  The test description was: tapping NoteCard navigates to NoteEditorScreen when onTap null
  
05:33 +174 ~3 -27: C:/Users/joaom/Documents/GitHub/Notes/universal_notes_flutter/test/main_test.dart: NotesScreen State Rendering shows error message when fetch fails
05:42 +175 ~3 -27: C:/Users/joaom/Documents/GitHub/Notes/universal_notes_flutter/test/main_test.dart: NotesScreen State Rendering shows error message when fetch fails
05:43 +176 ~3 -27: C:/Users/joaom/Documents/GitHub/Notes/universal_notes_flutter/test/main_test.dart: NotesScreen State Rendering shows error message when fetch fails
05:44 +177 ~3 -27: C:/Users/joaom/Documents/GitHub/Notes/universal_notes_flutter/test/main_test.dart: NotesScreen State Rendering shows error message when fetch fails
05:44 +178 ~3 -27: C:/Users/joaom/Documents/GitHub/Notes/universal_notes_flutter/test/main_test.dart: NotesScreen State Rendering shows error message when fetch fails
05:45 +178 ~3 -27: C:/Users/joaom/Documents/GitHub/Notes/universal_notes_flutter/test/widgets/note_simple_list_tile_test.dart: tapping NoteSimpleListTile navigates to editor when onTap is null
ÔòÉÔòÉÔòí EXCEPTION CAUGHT BY WIDGETS LIBRARY Ôò×ÔòÉÔòÉÔòÉÔòÉÔòÉÔòÉÔòÉÔòÉÔòÉÔòÉÔòÉÔòÉÔòÉÔòÉÔòÉÔòÉÔòÉÔòÉÔòÉÔòÉÔòÉÔòÉÔòÉÔòÉÔòÉÔòÉÔòÉÔòÉÔòÉÔòÉÔòÉÔòÉÔòÉÔòÉÔòÉÔòÉÔòÉÔòÉÔòÉÔòÉÔòÉÔòÉÔòÉÔòÉÔòÉÔòÉÔòÉÔòÉÔòÉÔòÉÔòÉÔòÉÔòÉÔòÉÔòÉÔòÉÔòÉÔòÉÔòÉ
The following FirebaseException was thrown building Builder:
[core/no-app] No Firebase App '[DEFAULT]' has been created - call Firebase.initializeApp()

The relevant error-causing widget was:
  MaterialApp
  MaterialApp:file:///C:/Users/joaom/Documents/GitHub/Notes/universal_notes_flutter/test/widgets/note_simple_list_tile_test.dart:109:9

When the exception was thrown, this was the stack:
#0      MethodChannelFirebase.app (package:firebase_core_platform_interface/src/method_channel/method_channel_firebase.dart:190:5)
#1      Firebase.app (package:firebase_core/src/firebase.dart:91:41)
#2      FirebaseFirestore.instance (package:cloud_firestore/src/firestore.dart:29:21)
#3      FirestoreRepository.firestore (package:universal_notes_flutter/repositories/firestore_repository.dart:16:56)
#4      FirestoreRepository.firestore (package:universal_notes_flutter/repositories/firestore_repository.dart)
#5      FirestoreRepository._initCollections (package:universal_notes_flutter/repositories/firestore_repository.dart:21:24)
#6      new FirestoreRepository (package:universal_notes_flutter/repositories/firestore_repository.dart:12:5)
#7      new _NoteEditorScreenState (package:universal_notes_flutter/screens/note_editor_screen.dart:88:32)
#8      NoteEditorScreen.createState (package:universal_notes_flutter/screens/note_editor_screen.dart:55:44)
#9      new StatefulElement (package:flutter/src/widgets/framework.dart:5905:60)
#10     StatefulWidget.createElement (package:flutter/src/widgets/framework.dart:779:38)
...     Normal element mounting (260 frames)
#270    Element.inflateWidget (package:flutter/src/widgets/framework.dart:4590:20)
#271    MultiChildRenderObjectElement.inflateWidget (package:flutter/src/widgets/framework.dart:7269:36)
#272    Element.updateChild (package:flutter/src/widgets/framework.dart:4059:18)
#273    Element.updateChildren (package:flutter/src/widgets/framework.dart:4258:32)
#274    MultiChildRenderObjectElement.update (package:flutter/src/widgets/framework.dart:7302:17)
#275    Element.updateChild (package:flutter/src/widgets/framework.dart:4037:15)
#276    ComponentElement.performRebuild (package:flutter/src/widgets/framework.dart:5844:16)
#277    StatefulElement.performRebuild (package:flutter/src/widgets/framework.dart:5985:11)
#278    Element.rebuild (package:flutter/src/widgets/framework.dart:5532:7)
#279    StatefulElement.update (package:flutter/src/widgets/framework.dart:6010:5)
#280    Element.updateChild (package:flutter/src/widgets/framework.dart:4037:15)
#281    ComponentElement.performRebuild (package:flutter/src/widgets/framework.dart:5844:16)
#282    Element.rebuild (package:flutter/src/widgets/framework.dart:5532:7)
#283    ProxyElement.update (package:flutter/src/widgets/framework.dart:6152:5)
#284    Element.updateChild (package:flutter/src/widgets/framework.dart:4037:15)
#285    ComponentElement.performRebuild (package:flutter/src/widgets/framework.dart:5844:16)
#286    Element.rebuild (package:flutter/src/widgets/framework.dart:5532:7)
#287    ProxyElement.update (package:flutter/src/widgets/framework.dart:6152:5)
#288    _InheritedNotifierElement.update (package:flutter/src/widgets/inherited_notifier.dart:108:11)
#289    Element.updateChild (package:flutter/src/widgets/framework.dart:4037:15)
#290    ComponentElement.performRebuild (package:flutter/src/widgets/framework.dart:5844:16)
#291    StatefulElement.performRebuild (package:flutter/src/widgets/framework.dart:5985:11)
#292    Element.rebuild (package:flutter/src/widgets/framework.dart:5532:7)
#293    StatefulElement.update (package:flutter/src/widgets/framework.dart:6010:5)
#294    Element.updateChild (package:flutter/src/widgets/framework.dart:4037:15)
#295    ComponentElement.performRebuild (package:flutter/src/widgets/framework.dart:5844:16)
#296    Element.rebuild (package:flutter/src/widgets/framework.dart:5532:7)
#297    ProxyElement.update (package:flutter/src/widgets/framework.dart:6152:5)
#298    _InheritedNotifierElement.update (package:flutter/src/widgets/inherited_notifier.dart:108:11)
#299    Element.updateChild (package:flutter/src/widgets/framework.dart:4037:15)
#300    ComponentElement.performRebuild (package:flutter/src/widgets/framework.dart:5844:16)
#301    StatefulElement.performRebuild (package:flutter/src/widgets/framework.dart:5985:11)
#302    Element.rebuild (package:flutter/src/widgets/framework.dart:5532:7)
#303    StatefulElement.update (package:flutter/src/widgets/framework.dart:6010:5)
#304    Element.updateChild (package:flutter/src/widgets/framework.dart:4037:15)
#305    ComponentElement.performRebuild (package:flutter/src/widgets/framework.dart:5844:16)
#306    StatefulElement.performRebuild (package:flutter/src/widgets/framework.dart:5985:11)
#307    Element.rebuild (package:flutter/src/widgets/framework.dart:5532:7)
#308    StatefulElement.update (package:flutter/src/widgets/framework.dart:6010:5)
#309    Element.updateChild (package:flutter/src/widgets/framework.dart:4037:15)
#310    SingleChildRenderObjectElement.update (package:flutter/src/widgets/framework.dart:7125:14)
#311    Element.updateChild (package:flutter/src/widgets/framework.dart:4037:15)
#312    SingleChildRenderObjectElement.update (package:flutter/src/widgets/framework.dart:7125:14)
#313    Element.updateChild (package:flutter/src/widgets/framework.dart:4037:15)
#314    ComponentElement.performRebuild (package:flutter/src/widgets/framework.dart:5844:16)
#315    Element.rebuild (package:flutter/src/widgets/framework.dart:5532:7)
#316    ProxyElement.update (package:flutter/src/widgets/framework.dart:6152:5)
#317    Element.updateChild (package:flutter/src/widgets/framework.dart:4037:15)
#318    ComponentElement.performRebuild (package:flutter/src/widgets/framework.dart:5844:16)
#319    Element.rebuild (package:flutter/src/widgets/framework.dart:5532:7)
#320    ProxyElement.update (package:flutter/src/widgets/framework.dart:6152:5)
#321    Element.updateChild (package:flutter/src/widgets/framework.dart:4037:15)
#322    ComponentElement.performRebuild (package:flutter/src/widgets/framework.dart:5844:16)
#323    StatefulElement.performRebuild (package:flutter/src/widgets/framework.dart:5985:11)
#324    Element.rebuild (package:flutter/src/widgets/framework.dart:5532:7)
#325    BuildScope._tryRebuild (package:flutter/src/widgets/framework.dart:2750:15)
#326    BuildScope._flushDirtyElements (package:flutter/src/widgets/framework.dart:2807:11)
#327    BuildOwner.buildScope (package:flutter/src/widgets/framework.dart:3111:18)
#328    AutomatedTestWidgetsFlutterBinding.drawFrame (package:flutter_test/src/binding.dart:1506:19)
#329    RendererBinding._handlePersistentFrameCallback (package:flutter/src/rendering/binding.dart:495:5)
#330    SchedulerBinding._invokeFrameCallback (package:flutter/src/scheduler/binding.dart:1434:15)
#331    SchedulerBinding.handleDrawFrame (package:flutter/src/scheduler/binding.dart:1347:9)
#332    AutomatedTestWidgetsFlutterBinding.pump.<anonymous closure> (package:flutter_test/src/binding.dart:1335:9)
#335    TestAsyncUtils.guard (package:flutter_test/src/test_async_utils.dart:74:41)
#336    AutomatedTestWidgetsFlutterBinding.pump (package:flutter_test/src/binding.dart:1324:27)
#337    WidgetTester.pumpAndSettle.<anonymous closure> (package:flutter_test/src/widget_tester.dart:719:23)
#340    TestAsyncUtils.guard (package:flutter_test/src/test_async_utils.dart:74:41)
#341    WidgetTester.pumpAndSettle (package:flutter_test/src/widget_tester.dart:712:27)
#342    main.<anonymous closure> (file:///C:/Users/joaom/Documents/GitHub/Notes/universal_notes_flutter/test/widgets/note_simple_list_tile_test.dart:125:20)
<asynchronous suspension>
#343    testWidgets.<anonymous closure>.<anonymous closure> (package:flutter_test/src/widget_tester.dart:192:15)
<asynchronous suspension>
#344    TestWidgetsFlutterBinding._runTestBody (package:flutter_test/src/binding.dart:1059:5)
<asynchronous suspension>
<asynchronous suspension>
(elided 5 frames from dart:async and package:stack_trace)

ÔòÉÔòÉÔòÉÔòÉÔòÉÔòÉÔòÉÔòÉÔòÉÔòÉÔòÉÔòÉÔòÉÔòÉÔòÉÔòÉÔòÉÔòÉÔòÉÔòÉÔòÉÔòÉÔòÉÔòÉÔòÉÔòÉÔòÉÔòÉÔòÉÔòÉÔòÉÔòÉÔòÉÔòÉÔòÉÔòÉÔòÉÔòÉÔòÉÔòÉÔòÉÔòÉÔòÉÔòÉÔòÉÔòÉÔòÉÔòÉÔòÉÔòÉÔòÉÔòÉÔòÉÔòÉÔòÉÔòÉÔòÉÔòÉÔòÉÔòÉÔòÉÔòÉÔòÉÔòÉÔòÉÔòÉÔòÉÔòÉÔòÉÔòÉÔòÉÔòÉÔòÉÔòÉÔòÉÔòÉÔòÉÔòÉÔòÉÔòÉÔòÉÔòÉÔòÉÔòÉÔòÉÔòÉÔòÉÔòÉÔòÉÔòÉÔòÉÔòÉÔòÉÔòÉÔòÉÔòÉÔòÉÔòÉÔòÉÔòÉ
ÔòÉÔòÉÔòí EXCEPTION CAUGHT BY FLUTTER TEST FRAMEWORK Ôò×ÔòÉÔòÉÔòÉÔòÉÔòÉÔòÉÔòÉÔòÉÔòÉÔòÉÔòÉÔòÉÔòÉÔòÉÔòÉÔòÉÔòÉÔòÉÔòÉÔòÉÔòÉÔòÉÔòÉÔòÉÔòÉÔòÉÔòÉÔòÉÔòÉÔòÉÔòÉÔòÉÔòÉÔòÉÔòÉÔòÉÔòÉÔòÉÔòÉÔòÉÔòÉÔòÉÔòÉÔòÉÔòÉÔòÉÔòÉÔòÉÔòÉÔòÉÔòÉÔòÉ
The following TestFailure was thrown running a test:
Expected: exactly one matching candidate
  Actual: _TypeWidgetFinder:<Found 0 widgets with type "NoteEditorScreen": []>
   Which: means none were found but one was expected

When the exception was thrown, this was the stack:
#4      main.<anonymous closure> (file:///C:/Users/joaom/Documents/GitHub/Notes/universal_notes_flutter/test/widgets/note_simple_list_tile_test.dart:128:7)
<asynchronous suspension>
#5      testWidgets.<anonymous closure>.<anonymous closure> (package:flutter_test/src/widget_tester.dart:192:15)
<asynchronous suspension>
#6      TestWidgetsFlutterBinding._runTestBody (package:flutter_test/src/binding.dart:1059:5)
<asynchronous suspension>
<asynchronous suspension>
(elided one frame from package:stack_trace)

This was caught by the test expectation on the following line:
  file:///C:/Users/joaom/Documents/GitHub/Notes/universal_notes_flutter/test/widgets/note_simple_list_tile_test.dart line 128
The test description was:
  tapping NoteSimpleListTile navigates to editor when onTap is null
ÔòÉÔòÉÔòÉÔòÉÔòÉÔòÉÔòÉÔòÉÔòÉÔòÉÔòÉÔòÉÔòÉÔòÉÔòÉÔòÉÔòÉÔòÉÔòÉÔòÉÔòÉÔòÉÔòÉÔòÉÔòÉÔòÉÔòÉÔòÉÔòÉÔòÉÔòÉÔòÉÔòÉÔòÉÔòÉÔòÉÔòÉÔòÉÔòÉÔòÉÔòÉÔòÉÔòÉÔòÉÔòÉÔòÉÔòÉÔòÉÔòÉÔòÉÔòÉÔòÉÔòÉÔòÉÔòÉÔòÉÔòÉÔòÉÔòÉÔòÉÔòÉÔòÉÔòÉÔòÉÔòÉÔòÉÔòÉÔòÉÔòÉÔòÉÔòÉÔòÉÔòÉÔòÉÔòÉÔòÉÔòÉÔòÉÔòÉÔòÉÔòÉÔòÉÔòÉÔòÉÔòÉÔòÉÔòÉÔòÉÔòÉÔòÉÔòÉÔòÉÔòÉÔòÉÔòÉÔòÉÔòÉÔòÉÔòÉÔòÉ
ÔòÉÔòÉÔòí EXCEPTION CAUGHT BY FLUTTER TEST FRAMEWORK Ôò×ÔòÉÔòÉÔòÉÔòÉÔòÉÔòÉÔòÉÔòÉÔòÉÔòÉÔòÉÔòÉÔòÉÔòÉÔòÉÔòÉÔòÉÔòÉÔòÉÔòÉÔòÉÔòÉÔòÉÔòÉÔòÉÔòÉÔòÉÔòÉÔòÉÔòÉÔòÉÔòÉÔòÉÔòÉÔòÉÔòÉÔòÉÔòÉÔòÉÔòÉÔòÉÔòÉÔòÉÔòÉÔòÉÔòÉÔòÉÔòÉÔòÉÔòÉÔòÉÔòÉ
The following message was thrown:
Multiple exceptions (2) were detected during the running of the current test, and at least one was
unexpected.
ÔòÉÔòÉÔòÉÔòÉÔòÉÔòÉÔòÉÔòÉÔòÉÔòÉÔòÉÔòÉÔòÉÔòÉÔòÉÔòÉÔòÉÔòÉÔòÉÔòÉÔòÉÔòÉÔòÉÔòÉÔòÉÔòÉÔòÉÔòÉÔòÉÔòÉÔòÉÔòÉÔòÉÔòÉÔòÉÔòÉÔòÉÔòÉÔòÉÔòÉÔòÉÔòÉÔòÉÔòÉÔòÉÔòÉÔòÉÔòÉÔòÉÔòÉÔòÉÔòÉÔòÉÔòÉÔòÉÔòÉÔòÉÔòÉÔòÉÔòÉÔòÉÔòÉÔòÉÔòÉÔòÉÔòÉÔòÉÔòÉÔòÉÔòÉÔòÉÔòÉÔòÉÔòÉÔòÉÔòÉÔòÉÔòÉÔòÉÔòÉÔòÉÔòÉÔòÉÔòÉÔòÉÔòÉÔòÉÔòÉÔòÉÔòÉÔòÉÔòÉÔòÉÔòÉÔòÉÔòÉÔòÉÔòÉÔòÉÔòÉ
05:45 +178 ~3 -28: C:/Users/joaom/Documents/GitHub/Notes/universal_notes_flutter/test/main_test.dart: NotesScreen State Rendering shows error message when fetch fails
05:45 +178 ~3 -28: C:/Users/joaom/Documents/GitHub/Notes/universal_notes_flutter/test/widgets/note_simple_list_tile_test.dart: tapping NoteSimpleListTile navigates to editor when onTap is null [E]
  Test failed. See exception logs above.
  The test description was: tapping NoteSimpleListTile navigates to editor when onTap is null
  
../../../../AppData/Local/Pub/Cache/hosted/pub.dev/alchemist-0.8.0/lib/src/blocked_text_image.dart:65:7: Error: The non-abstract class 'BlockedTextCanvasAdapter' is missing implementations for these members:
 - Canvas.clipRSuperellipse
 - Canvas.drawRSuperellipse
Try to either
 - provide an implementation,
 - inherit an implementation from a superclass or mixin,
 - mark the class as abstract, or
 - provide a 'noSuchMethod' implementation.
class BlockedTextCanvasAdapter implements Canvas {
      ^^^^^^^^^^^^^^^^^^^^^^^^
org-dartlang-sdk:///flutter/lib/ui/painting.dart:5967:8: Context: 'Canvas.clipRSuperellipse' is defined here.
  void clipRSuperellipse(RSuperellipse rsuperellipse, {bool doAntiAlias = true});
       ^^^^^^^^^^^^^^^^^
org-dartlang-sdk:///flutter/lib/ui/painting.dart:6097:8: Context: 'Canvas.drawRSuperellipse' is defined here.
  void drawRSuperellipse(RSuperellipse rsuperellipse, Paint paint);
       ^^^^^^^^^^^^^^^^^
05:51 +178 ~3 -29: loading C:/Users/joaom/Documents/GitHub/Notes/universal_notes_flutter/test/widgets/simple_fluent_golden_test.dart [E]
  Failed to load "C:/Users/joaom/Documents/GitHub/Notes/universal_notes_flutter/test/widgets/simple_fluent_golden_test.dart":
  Compilation failed for testPath=C:/Users/joaom/Documents/GitHub/Notes/universal_notes_flutter/test/widgets/simple_fluent_golden_test.dart: ../../../../AppData/Local/Pub/Cache/hosted/pub.dev/alchemist-0.8.0/lib/src/blocked_text_image.dart:65:7: Error: The non-abstract class 'BlockedTextCanvasAdapter' is missing implementations for these members:
   - Canvas.clipRSuperellipse
   - Canvas.drawRSuperellipse
  Try to either
   - provide an implementation,
   - inherit an implementation from a superclass or mixin,
   - mark the class as abstract, or
   - provide a 'noSuchMethod' implementation.
  class BlockedTextCanvasAdapter implements Canvas {
        ^^^^^^^^^^^^^^^^^^^^^^^^
  org-dartlang-sdk:///flutter/lib/ui/painting.dart:5967:8: Context: 'Canvas.clipRSuperellipse' is defined here.
    void clipRSuperellipse(RSuperellipse rsuperellipse, {bool doAntiAlias = true});
         ^^^^^^^^^^^^^^^^^
  org-dartlang-sdk:///flutter/lib/ui/painting.dart:6097:8: Context: 'Canvas.drawRSuperellipse' is defined here.
    void drawRSuperellipse(RSuperellipse rsuperellipse, Paint paint);
         ^^^^^^^^^^^^^^^^^
  .
../../../../AppData/Local/Pub/Cache/hosted/pub.dev/alchemist-0.8.0/lib/src/blocked_text_image.dart:65:7: Error: The non-abstract class 'BlockedTextCanvasAdapter' is missing implementations for these members:
 - Canvas.clipRSuperellipse
 - Canvas.drawRSuperellipse
Try to either
 - provide an implementation,
 - inherit an implementation from a superclass or mixin,
 - mark the class as abstract, or
 - provide a 'noSuchMethod' implementation.
class BlockedTextCanvasAdapter implements Canvas {
      ^^^^^^^^^^^^^^^^^^^^^^^^
org-dartlang-sdk:///flutter/lib/ui/painting.dart:5967:8: Context: 'Canvas.clipRSuperellipse' is defined here.
  void clipRSuperellipse(RSuperellipse rsuperellipse, {bool doAntiAlias = true});
       ^^^^^^^^^^^^^^^^^
org-dartlang-sdk:///flutter/lib/ui/painting.dart:6097:8: Context: 'Canvas.drawRSuperellipse' is defined here.
  void drawRSuperellipse(RSuperellipse rsuperellipse, Paint paint);
       ^^^^^^^^^^^^^^^^^
06:09 +178 ~3 -30: loading C:/Users/joaom/Documents/GitHub/Notes/universal_notes_flutter/test/widgets/standard_golden_test.dart [E]
  Failed to load "C:/Users/joaom/Documents/GitHub/Notes/universal_notes_flutter/test/widgets/standard_golden_test.dart":
  Compilation failed for testPath=C:/Users/joaom/Documents/GitHub/Notes/universal_notes_flutter/test/widgets/standard_golden_test.dart: ../../../../AppData/Local/Pub/Cache/hosted/pub.dev/alchemist-0.8.0/lib/src/blocked_text_image.dart:65:7: Error: The non-abstract class 'BlockedTextCanvasAdapter' is missing implementations for these members:
   - Canvas.clipRSuperellipse
   - Canvas.drawRSuperellipse
  Try to either
   - provide an implementation,
   - inherit an implementation from a superclass or mixin,
   - mark the class as abstract, or
   - provide a 'noSuchMethod' implementation.
  class BlockedTextCanvasAdapter implements Canvas {
        ^^^^^^^^^^^^^^^^^^^^^^^^
  org-dartlang-sdk:///flutter/lib/ui/painting.dart:5967:8: Context: 'Canvas.clipRSuperellipse' is defined here.
    void clipRSuperellipse(RSuperellipse rsuperellipse, {bool doAntiAlias = true});
         ^^^^^^^^^^^^^^^^^
  org-dartlang-sdk:///flutter/lib/ui/painting.dart:6097:8: Context: 'Canvas.drawRSuperellipse' is defined here.
    void drawRSuperellipse(RSuperellipse rsuperellipse, Paint paint);
         ^^^^^^^^^^^^^^^^^
  .
11:39 +178 ~3 -31: C:/Users/joaom/Documents/GitHub/Notes/universal_notes_flutter/test/main_test.dart: NotesScreen State Rendering shows error message when fetch fails [E]
  TimeoutException after 0:10:00.000000: Test timed out after 10 minutes.
  dart:isolate  _RawReceivePort._handleMessage
  
11:39 +178 ~3 -31: C:/Users/joaom/Documents/GitHub/Notes/universal_notes_flutter/test/main_test.dart: NotesScreen State Rendering shows empty state when no notes exist
12:01 +178 ~3 -32: C:/Users/joaom/Documents/GitHub/Notes/universal_notes_flutter/test/main_test.dart: NotesScreen State Rendering shows empty state when no notes exist [E]
  Exception: Fetch failed
  dart:async                                                        new Stream.error
  test\main_test.dart 311:34                                        main.<fn>.<fn>.<fn>
  package:mockito/src/mock.dart 194:47                              Mock.noSuchMethod
  test\main_test.dart 43:18                                         MockFirestoreRepository.notesStream
  package:universal_notes_flutter/services/sync_service.dart 94:47  SyncService._startBackgroundSync
  package:universal_notes_flutter/services/sync_service.dart 51:5   SyncService.init
  ===== asynchronous gap ===========================
  dart:async                                                        _CustomZone.registerUnaryCallback
  package:universal_notes_flutter/services/sync_service.dart 48:5   SyncService.init
  test\main_test.dart 259:32                                        main.<fn>
  ===== asynchronous gap ===========================
  dart:async                                                        _CustomZone.registerUnaryCallback
  test\main_test.dart 254:5                                         main.<fn>
  
Warning database has been locked for 0:00:10.000000. Make sure you always use the transaction object for database operations during a transaction
ÔòÉÔòÉÔòí EXCEPTION CAUGHT BY FLUTTER TEST FRAMEWORK Ôò×ÔòÉÔòÉÔòÉÔòÉÔòÉÔòÉÔòÉÔòÉÔòÉÔòÉÔòÉÔòÉÔòÉÔòÉÔòÉÔòÉÔòÉÔòÉÔòÉÔòÉÔòÉÔòÉÔòÉÔòÉÔòÉÔòÉÔòÉÔòÉÔòÉÔòÉÔòÉÔòÉÔòÉÔòÉÔòÉÔòÉÔòÉÔòÉÔòÉÔòÉÔòÉÔòÉÔòÉÔòÉÔòÉÔòÉÔòÉÔòÉÔòÉÔòÉÔòÉÔòÉ
The following assertion was thrown running a test:
pumpAndSettle timed out

When the exception was thrown, this was the stack:
#0      WidgetTester.pumpAndSettle.<anonymous closure> (package:flutter_test/src/widget_tester.dart:717:11)
<asynchronous suspension>
#1      TestAsyncUtils.guard.<anonymous closure> (package:flutter_test/src/test_async_utils.dart:130:27)
<asynchronous suspension>
#2      main._pumpNotesScreen (file:///C:/Users/joaom/Documents/GitHub/Notes/universal_notes_flutter/test/main_test.dart:288:5)
<asynchronous suspension>
#3      main.<anonymous closure>.<anonymous closure> (file:///C:/Users/joaom/Documents/GitHub/Notes/universal_notes_flutter/test/main_test.dart:324:7)
<asynchronous suspension>
#4      testWidgets.<anonymous closure>.<anonymous closure> (package:flutter_test/src/widget_tester.dart:192:15)
<asynchronous suspension>
#5      TestWidgetsFlutterBinding._runTestBody (package:flutter_test/src/binding.dart:1059:5)
<asynchronous suspension>
<asynchronous suspension>
(elided one frame from package:stack_trace)

The test description was:
  shows empty state when no notes exist
ÔòÉÔòÉÔòÉÔòÉÔòÉÔòÉÔòÉÔòÉÔòÉÔòÉÔòÉÔòÉÔòÉÔòÉÔòÉÔòÉÔòÉÔòÉÔòÉÔòÉÔòÉÔòÉÔòÉÔòÉÔòÉÔòÉÔòÉÔòÉÔòÉÔòÉÔòÉÔòÉÔòÉÔòÉÔòÉÔòÉÔòÉÔòÉÔòÉÔòÉÔòÉÔòÉÔòÉÔòÉÔòÉÔòÉÔòÉÔòÉÔòÉÔòÉÔòÉÔòÉÔòÉÔòÉÔòÉÔòÉÔòÉÔòÉÔòÉÔòÉÔòÉÔòÉÔòÉÔòÉÔòÉÔòÉÔòÉÔòÉÔòÉÔòÉÔòÉÔòÉÔòÉÔòÉÔòÉÔòÉÔòÉÔòÉÔòÉÔòÉÔòÉÔòÉÔòÉÔòÉÔòÉÔòÉÔòÉÔòÉÔòÉÔòÉÔòÉÔòÉÔòÉÔòÉÔòÉÔòÉÔòÉÔòÉÔòÉÔòÉ
  Test failed. See exception logs above.
  The test description was: shows empty state when no notes exist
  
12:02 +178 ~3 -32: C:/Users/joaom/Documents/GitHub/Notes/universal_notes_flutter/test/main_test.dart: NotesScreen State Rendering displays notes when available
12:02 +178 ~3 -33: C:/Users/joaom/Documents/GitHub/Notes/universal_notes_flutter/test/main_test.dart: NotesScreen State Rendering displays notes when available [E]
  Exception: Fetch failed
  dart:async                                                        new Stream.error
  test\main_test.dart 311:34                                        main.<fn>.<fn>.<fn>
  package:mockito/src/mock.dart 194:47                              Mock.noSuchMethod
  test\main_test.dart 43:18                                         MockFirestoreRepository.notesStream
  package:universal_notes_flutter/services/sync_service.dart 94:47  SyncService._startBackgroundSync
  package:universal_notes_flutter/services/sync_service.dart 51:5   SyncService.init
  ===== asynchronous gap ===========================
  dart:async                                                        _CustomZone.registerUnaryCallback
  package:universal_notes_flutter/services/sync_service.dart 48:5   SyncService.init
  test\main_test.dart 259:32                                        main.<fn>
  ===== asynchronous gap ===========================
  dart:async                                                        _CustomZone.registerUnaryCallback
  test\main_test.dart 254:5                                         main.<fn>
  
  TimeoutException after 0:10:00.000000: Test timed out after 10 minutes.
  dart:isolate  _RawReceivePort._handleMessage
  
22:02 +178 ~3 -33: C:/Users/joaom/Documents/GitHub/Notes/universal_notes_flutter/test/main_test.dart: NotesScreen View Modes cycles through view modes when button is tapped
Warning database has been locked for 0:00:10.000000. Make sure you always use the transaction object for database operations during a transaction
ÔòÉÔòÉÔòí EXCEPTION CAUGHT BY FLUTTER TEST FRAMEWORK Ôò×ÔòÉÔòÉÔòÉÔòÉÔòÉÔòÉÔòÉÔòÉÔòÉÔòÉÔòÉÔòÉÔòÉÔòÉÔòÉÔòÉÔòÉÔòÉÔòÉÔòÉÔòÉÔòÉÔòÉÔòÉÔòÉÔòÉÔòÉÔòÉÔòÉÔòÉÔòÉÔòÉÔòÉÔòÉÔòÉÔòÉÔòÉÔòÉÔòÉÔòÉÔòÉÔòÉÔòÉÔòÉÔòÉÔòÉÔòÉÔòÉÔòÉÔòÉÔòÉÔòÉ
The following assertion was thrown running a test:
pumpAndSettle timed out

When the exception was thrown, this was the stack:
#0      WidgetTester.pumpAndSettle.<anonymous closure> (package:flutter_test/src/widget_tester.dart:717:11)
<asynchronous suspension>
#1      TestAsyncUtils.guard.<anonymous closure> (package:flutter_test/src/test_async_utils.dart:130:27)
<asynchronous suspension>
#2      main._pumpNotesScreen (file:///C:/Users/joaom/Documents/GitHub/Notes/universal_notes_flutter/test/main_test.dart:288:5)
<asynchronous suspension>
#3      main.<anonymous closure>.<anonymous closure> (file:///C:/Users/joaom/Documents/GitHub/Notes/universal_notes_flutter/test/main_test.dart:348:7)
<asynchronous suspension>
#4      testWidgets.<anonymous closure>.<anonymous closure> (package:flutter_test/src/widget_tester.dart:192:15)
<asynchronous suspension>
#5      TestWidgetsFlutterBinding._runTestBody (package:flutter_test/src/binding.dart:1059:5)
<asynchronous suspension>
<asynchronous suspension>
(elided one frame from package:stack_trace)

The test description was:
  cycles through view modes when button is tapped
ÔòÉÔòÉÔòÉÔòÉÔòÉÔòÉÔòÉÔòÉÔòÉÔòÉÔòÉÔòÉÔòÉÔòÉÔòÉÔòÉÔòÉÔòÉÔòÉÔòÉÔòÉÔòÉÔòÉÔòÉÔòÉÔòÉÔòÉÔòÉÔòÉÔòÉÔòÉÔòÉÔòÉÔòÉÔòÉÔòÉÔòÉÔòÉÔòÉÔòÉÔòÉÔòÉÔòÉÔòÉÔòÉÔòÉÔòÉÔòÉÔòÉÔòÉÔòÉÔòÉÔòÉÔòÉÔòÉÔòÉÔòÉÔòÉÔòÉÔòÉÔòÉÔòÉÔòÉÔòÉÔòÉÔòÉÔòÉÔòÉÔòÉÔòÉÔòÉÔòÉÔòÉÔòÉÔòÉÔòÉÔòÉÔòÉÔòÉÔòÉÔòÉÔòÉÔòÉÔòÉÔòÉÔòÉÔòÉÔòÉÔòÉÔòÉÔòÉÔòÉÔòÉÔòÉÔòÉÔòÉÔòÉÔòÉÔòÉÔòÉ
22:25 +178 ~3 -34: C:/Users/joaom/Documents/GitHub/Notes/universal_notes_flutter/test/main_test.dart: NotesScreen View Modes cycles through view modes when button is tapped [E]
  Test failed. See exception logs above.
  The test description was: cycles through view modes when button is tapped
  
22:25 +178 ~3 -34: C:/Users/joaom/Documents/GitHub/Notes/universal_notes_flutter/test/main_test.dart: NotesScreen Note Filtering shows only non-trash notes by default
32:26 +178 ~3 -35: C:/Users/joaom/Documents/GitHub/Notes/universal_notes_flutter/test/main_test.dart: NotesScreen Note Filtering shows only non-trash notes by default [E]
  TimeoutException after 0:10:00.000000: Test timed out after 10 minutes.
  dart:isolate  _RawReceivePort._handleMessage
  
32:26 +178 ~3 -35: C:/Users/joaom/Documents/GitHub/Notes/universal_notes_flutter/test/main_test.dart: NotesScreen Note Filtering filters favorites correctly
42:26 +178 ~3 -36: C:/Users/joaom/Documents/GitHub/Notes/universal_notes_flutter/test/main_test.dart: NotesScreen Note Filtering filters favorites correctly [E]
  TimeoutException after 0:10:00.000000: Test timed out after 10 minutes.
  dart:isolate  _RawReceivePort._handleMessage
  
42:26 +178 ~3 -36: C:/Users/joaom/Documents/GitHub/Notes/universal_notes_flutter/test/main_test.dart: NotesScreen Navigation FAB navigates to note editor
Warning database has been locked for 0:00:10.000000. Make sure you always use the transaction object for database operations during a transaction
ÔòÉÔòÉÔòí EXCEPTION CAUGHT BY FLUTTER TEST FRAMEWORK Ôò×ÔòÉÔòÉÔòÉÔòÉÔòÉÔòÉÔòÉÔòÉÔòÉÔòÉÔòÉÔòÉÔòÉÔòÉÔòÉÔòÉÔòÉÔòÉÔòÉÔòÉÔòÉÔòÉÔòÉÔòÉÔòÉÔòÉÔòÉÔòÉÔòÉÔòÉÔòÉÔòÉÔòÉÔòÉÔòÉÔòÉÔòÉÔòÉÔòÉÔòÉÔòÉÔòÉÔòÉÔòÉÔòÉÔòÉÔòÉÔòÉÔòÉÔòÉÔòÉÔòÉ
The following assertion was thrown running a test:
pumpAndSettle timed out

When the exception was thrown, this was the stack:
#0      WidgetTester.pumpAndSettle.<anonymous closure> (package:flutter_test/src/widget_tester.dart:717:11)
<asynchronous suspension>
#1      TestAsyncUtils.guard.<anonymous closure> (package:flutter_test/src/test_async_utils.dart:130:27)
<asynchronous suspension>
#2      main._pumpNotesScreen (file:///C:/Users/joaom/Documents/GitHub/Notes/universal_notes_flutter/test/main_test.dart:288:5)
<asynchronous suspension>
#3      main.<anonymous closure>.<anonymous closure> (file:///C:/Users/joaom/Documents/GitHub/Notes/universal_notes_flutter/test/main_test.dart:467:7)
<asynchronous suspension>
#4      testWidgets.<anonymous closure>.<anonymous closure> (package:flutter_test/src/widget_tester.dart:192:15)
<asynchronous suspension>
#5      TestWidgetsFlutterBinding._runTestBody (package:flutter_test/src/binding.dart:1059:5)
<asynchronous suspension>
<asynchronous suspension>
(elided one frame from package:stack_trace)

The test description was:
  FAB navigates to note editor
ÔòÉÔòÉÔòÉÔòÉÔòÉÔòÉÔòÉÔòÉÔòÉÔòÉÔòÉÔòÉÔòÉÔòÉÔòÉÔòÉÔòÉÔòÉÔòÉÔòÉÔòÉÔòÉÔòÉÔòÉÔòÉÔòÉÔòÉÔòÉÔòÉÔòÉÔòÉÔòÉÔòÉÔòÉÔòÉÔòÉÔòÉÔòÉÔòÉÔòÉÔòÉÔòÉÔòÉÔòÉÔòÉÔòÉÔòÉÔòÉÔòÉÔòÉÔòÉÔòÉÔòÉÔòÉÔòÉÔòÉÔòÉÔòÉÔòÉÔòÉÔòÉÔòÉÔòÉÔòÉÔòÉÔòÉÔòÉÔòÉÔòÉÔòÉÔòÉÔòÉÔòÉÔòÉÔòÉÔòÉÔòÉÔòÉÔòÉÔòÉÔòÉÔòÉÔòÉÔòÉÔòÉÔòÉÔòÉÔòÉÔòÉÔòÉÔòÉÔòÉÔòÉÔòÉÔòÉÔòÉÔòÉÔòÉÔòÉÔòÉ
42:44 +178 ~3 -37: C:/Users/joaom/Documents/GitHub/Notes/universal_notes_flutter/test/main_test.dart: NotesScreen Navigation FAB navigates to note editor [E]
  Test failed. See exception logs above.
  The test description was: FAB navigates to note editor
  
42:44 +178 ~3 -37: C:/Users/joaom/Documents/GitHub/Notes/universal_notes_flutter/test/main_test.dart: NotesScreen Navigation shows Sidebar on mobile layout (Fluent UI)
42:44 +178 ~3 -37: C:/Users/joaom/Documents/GitHub/Notes/universal_notes_flutter/test/main_test.dart: NotesScreen Navigation FAB navigates to note editor [E]
  DatabaseException(error database_closed)
  package:sqflite_common/src/database_mixin.dart 518:7                      SqfliteDatabaseMixin.checkNotClosed
  package:sqflite_common/src/database_mixin.dart 147:8                      SqfliteDatabaseExecutorMixin._rawQuery
  package:sqflite_common/src/database_mixin.dart 140:12                     SqfliteDatabaseExecutorMixin.rawQuery
  package:sqflite_common/src/database_mixin.dart 128:12                     SqfliteDatabaseExecutorMixin.query
  package:universal_notes_flutter/repositories/note_repository.dart 480:27  NoteRepository.getAllFolders
  ===== asynchronous gap ===========================
  dart:async                                                                _CustomZone.registerBinaryCallback
  package:universal_notes_flutter/services/sync_service.dart 98:7           SyncService._startBackgroundSync.<fn>
  ===== asynchronous gap ===========================
  dart:async                                                                _StreamImpl.listen
  package:universal_notes_flutter/services/sync_service.dart 94:61          SyncService._startBackgroundSync
  package:universal_notes_flutter/services/sync_service.dart 51:5           SyncService.init
  ===== asynchronous gap ===========================
  dart:async                                                                _CustomZone.registerUnaryCallback
  package:universal_notes_flutter/services/sync_service.dart 48:5           SyncService.init
  test\main_test.dart 259:32                                                main.<fn>
  ===== asynchronous gap ===========================
  dart:async                                                                _CustomZone.registerUnaryCallback
  test\main_test.dart 254:5                                                 main.<fn>
  
43:02 +178 ~3 -37: C:/Users/joaom/Documents/GitHub/Notes/universal_notes_flutter/test/main_test.dart: NotesScreen Navigation shows Sidebar on mobile layout (Fluent UI)
Warning database has been locked for 0:00:10.000000. Make sure you always use the transaction object for database operations during a transaction
ÔòÉÔòÉÔòí EXCEPTION CAUGHT BY FLUTTER TEST FRAMEWORK Ôò×ÔòÉÔòÉÔòÉÔòÉÔòÉÔòÉÔòÉÔòÉÔòÉÔòÉÔòÉÔòÉÔòÉÔòÉÔòÉÔòÉÔòÉÔòÉÔòÉÔòÉÔòÉÔòÉÔòÉÔòÉÔòÉÔòÉÔòÉÔòÉÔòÉÔòÉÔòÉÔòÉÔòÉÔòÉÔòÉÔòÉÔòÉÔòÉÔòÉÔòÉÔòÉÔòÉÔòÉÔòÉÔòÉÔòÉÔòÉÔòÉÔòÉÔòÉÔòÉÔòÉ
The following assertion was thrown running a test:
pumpAndSettle timed out

When the exception was thrown, this was the stack:
#0      WidgetTester.pumpAndSettle.<anonymous closure> (package:flutter_test/src/widget_tester.dart:717:11)
<asynchronous suspension>
#1      TestAsyncUtils.guard.<anonymous closure> (package:flutter_test/src/test_async_utils.dart:130:27)
<asynchronous suspension>
#2      main._pumpNotesScreen (file:///C:/Users/joaom/Documents/GitHub/Notes/universal_notes_flutter/test/main_test.dart:288:5)
<asynchronous suspension>
#3      main.<anonymous closure>.<anonymous closure> (file:///C:/Users/joaom/Documents/GitHub/Notes/universal_notes_flutter/test/main_test.dart:480:7)
<asynchronous suspension>
#4      testWidgets.<anonymous closure>.<anonymous closure> (package:flutter_test/src/widget_tester.dart:192:15)
<asynchronous suspension>
#5      TestWidgetsFlutterBinding._runTestBody (package:flutter_test/src/binding.dart:1059:5)
<asynchronous suspension>
<asynchronous suspension>
(elided one frame from package:stack_trace)

The test description was:
  shows Sidebar on mobile layout (Fluent UI)
ÔòÉÔòÉÔòÉÔòÉÔòÉÔòÉÔòÉÔòÉÔòÉÔòÉÔòÉÔòÉÔòÉÔòÉÔòÉÔòÉÔòÉÔòÉÔòÉÔòÉÔòÉÔòÉÔòÉÔòÉÔòÉÔòÉÔòÉÔòÉÔòÉÔòÉÔòÉÔòÉÔòÉÔòÉÔòÉÔòÉÔòÉÔòÉÔòÉÔòÉÔòÉÔòÉÔòÉÔòÉÔòÉÔòÉÔòÉÔòÉÔòÉÔòÉÔòÉÔòÉÔòÉÔòÉÔòÉÔòÉÔòÉÔòÉÔòÉÔòÉÔòÉÔòÉÔòÉÔòÉÔòÉÔòÉÔòÉÔòÉÔòÉÔòÉÔòÉÔòÉÔòÉÔòÉÔòÉÔòÉÔòÉÔòÉÔòÉÔòÉÔòÉÔòÉÔòÉÔòÉÔòÉÔòÉÔòÉÔòÉÔòÉÔòÉÔòÉÔòÉÔòÉÔòÉÔòÉÔòÉÔòÉÔòÉÔòÉÔòÉ
43:02 +178 ~3 -38: C:/Users/joaom/Documents/GitHub/Notes/universal_notes_flutter/test/main_test.dart: NotesScreen Navigation shows Sidebar on mobile layout (Fluent UI) [E]
  Test failed. See exception logs above.
  The test description was: shows Sidebar on mobile layout (Fluent UI)
  
43:03 +178 ~3 -38: C:/Users/joaom/Documents/GitHub/Notes/universal_notes_flutter/test/main_test.dart: NotesScreen AppBar shows correct title for default index
Warning database has been locked for 0:00:10.000000. Make sure you always use the transaction object for database operations during a transaction
ÔòÉÔòÉÔòí EXCEPTION CAUGHT BY FLUTTER TEST FRAMEWORK Ôò×ÔòÉÔòÉÔòÉÔòÉÔòÉÔòÉÔòÉÔòÉÔòÉÔòÉÔòÉÔòÉÔòÉÔòÉÔòÉÔòÉÔòÉÔòÉÔòÉÔòÉÔòÉÔòÉÔòÉÔòÉÔòÉÔòÉÔòÉÔòÉÔòÉÔòÉÔòÉÔòÉÔòÉÔòÉÔòÉÔòÉÔòÉÔòÉÔòÉÔòÉÔòÉÔòÉÔòÉÔòÉÔòÉÔòÉÔòÉÔòÉÔòÉÔòÉÔòÉÔòÉ
The following assertion was thrown running a test:
pumpAndSettle timed out

When the exception was thrown, this was the stack:
#0      WidgetTester.pumpAndSettle.<anonymous closure> (package:flutter_test/src/widget_tester.dart:717:11)
<asynchronous suspension>
#1      TestAsyncUtils.guard.<anonymous closure> (package:flutter_test/src/test_async_utils.dart:130:27)
<asynchronous suspension>
#2      main._pumpNotesScreen (file:///C:/Users/joaom/Documents/GitHub/Notes/universal_notes_flutter/test/main_test.dart:288:5)
<asynchronous suspension>
#3      main.<anonymous closure>.<anonymous closure> (file:///C:/Users/joaom/Documents/GitHub/Notes/universal_notes_flutter/test/main_test.dart:491:7)
<asynchronous suspension>
#4      testWidgets.<anonymous closure>.<anonymous closure> (package:flutter_test/src/widget_tester.dart:192:15)
<asynchronous suspension>
#5      TestWidgetsFlutterBinding._runTestBody (package:flutter_test/src/binding.dart:1059:5)
<asynchronous suspension>
<asynchronous suspension>
(elided one frame from package:stack_trace)

The test description was:
  shows correct title for default index
ÔòÉÔòÉÔòÉÔòÉÔòÉÔòÉÔòÉÔòÉÔòÉÔòÉÔòÉÔòÉÔòÉÔòÉÔòÉÔòÉÔòÉÔòÉÔòÉÔòÉÔòÉÔòÉÔòÉÔòÉÔòÉÔòÉÔòÉÔòÉÔòÉÔòÉÔòÉÔòÉÔòÉÔòÉÔòÉÔòÉÔòÉÔòÉÔòÉÔòÉÔòÉÔòÉÔòÉÔòÉÔòÉÔòÉÔòÉÔòÉÔòÉÔòÉÔòÉÔòÉÔòÉÔòÉÔòÉÔòÉÔòÉÔòÉÔòÉÔòÉÔòÉÔòÉÔòÉÔòÉÔòÉÔòÉÔòÉÔòÉÔòÉÔòÉÔòÉÔòÉÔòÉÔòÉÔòÉÔòÉÔòÉÔòÉÔòÉÔòÉÔòÉÔòÉÔòÉÔòÉÔòÉÔòÉÔòÉÔòÉÔòÉÔòÉÔòÉÔòÉÔòÉÔòÉÔòÉÔòÉÔòÉÔòÉÔòÉÔòÉ
43:26 +178 ~3 -39: C:/Users/joaom/Documents/GitHub/Notes/universal_notes_flutter/test/main_test.dart: NotesScreen AppBar shows correct title for default index [E]
  Test failed. See exception logs above.
  The test description was: shows correct title for default index
  
43:26 +178 ~3 -39: C:/Users/joaom/Documents/GitHub/Notes/universal_notes_flutter/test/main_test.dart: NotesScreen Error State shows error message when future fails
53:26 +178 ~3 -40: C:/Users/joaom/Documents/GitHub/Notes/universal_notes_flutter/test/main_test.dart: NotesScreen Error State shows error message when future fails [E]
  TimeoutException after 0:10:00.000000: Test timed out after 10 minutes.
  dart:isolate  _RawReceivePort._handleMessage
  
53:26 +178 ~3 -40: C:/Users/joaom/Documents/GitHub/Notes/universal_notes_flutter/test/main_test.dart: NotesScreen Drawer Navigation tapping Favorites in drawer changes index
53:26 +178 ~3 -41: C:/Users/joaom/Documents/GitHub/Notes/universal_notes_flutter/test/main_test.dart: NotesScreen Drawer Navigation tapping Favorites in drawer changes index [E]
  Test error
  dart:async                                                        new Stream.error
  test\main_test.dart 510:34                                        main.<fn>.<fn>.<fn>
  package:mockito/src/mock.dart 194:47                              Mock.noSuchMethod
  test\main_test.dart 43:18                                         MockFirestoreRepository.notesStream
  package:universal_notes_flutter/services/sync_service.dart 94:47  SyncService._startBackgroundSync
  package:universal_notes_flutter/services/sync_service.dart 51:5   SyncService.init
  ===== asynchronous gap ===========================
  dart:async                                                        _CustomZone.registerUnaryCallback
  package:universal_notes_flutter/services/sync_service.dart 48:5   SyncService.init
  test\main_test.dart 259:32                                        main.<fn>
  ===== asynchronous gap ===========================
  dart:async                                                        _CustomZone.registerUnaryCallback
  test\main_test.dart 254:5                                         main.<fn>
  
  TimeoutException after 0:10:00.000000: Test timed out after 10 minutes.
  dart:isolate  _RawReceivePort._handleMessage
  
63:26 +178 ~3 -41: C:/Users/joaom/Documents/GitHub/Notes/universal_notes_flutter/test/main_test.dart: NotesScreen Drawer Navigation tapping Trash in drawer shows trash notes
73:26 +178 ~3 -42: C:/Users/joaom/Documents/GitHub/Notes/universal_notes_flutter/test/main_test.dart: NotesScreen Drawer Navigation tapping Trash in drawer shows trash notes [E]
  TimeoutException after 0:10:00.000000: Test timed out after 10 minutes.
  dart:isolate  _RawReceivePort._handleMessage
  
73:26 +178 ~3 -42: C:/Users/joaom/Documents/GitHub/Notes/universal_notes_flutter/test/main_test.dart: NotesScreen Drawer Navigation tapping Settings in drawer navigates
Warning database has been locked for 0:00:10.000000. Make sure you always use the transaction object for database operations during a transaction
ÔòÉÔòÉÔòí EXCEPTION CAUGHT BY FLUTTER TEST FRAMEWORK Ôò×ÔòÉÔòÉÔòÉÔòÉÔòÉÔòÉÔòÉÔòÉÔòÉÔòÉÔòÉÔòÉÔòÉÔòÉÔòÉÔòÉÔòÉÔòÉÔòÉÔòÉÔòÉÔòÉÔòÉÔòÉÔòÉÔòÉÔòÉÔòÉÔòÉÔòÉÔòÉÔòÉÔòÉÔòÉÔòÉÔòÉÔòÉÔòÉÔòÉÔòÉÔòÉÔòÉÔòÉÔòÉÔòÉÔòÉÔòÉÔòÉÔòÉÔòÉÔòÉÔòÉ
The following assertion was thrown running a test:
pumpAndSettle timed out

When the exception was thrown, this was the stack:
#0      WidgetTester.pumpAndSettle.<anonymous closure> (package:flutter_test/src/widget_tester.dart:717:11)
<asynchronous suspension>
#1      TestAsyncUtils.guard.<anonymous closure> (package:flutter_test/src/test_async_utils.dart:130:27)
<asynchronous suspension>
#2      main._pumpNotesScreen (file:///C:/Users/joaom/Documents/GitHub/Notes/universal_notes_flutter/test/main_test.dart:288:5)
<asynchronous suspension>
#3      main.<anonymous closure>.<anonymous closure> (file:///C:/Users/joaom/Documents/GitHub/Notes/universal_notes_flutter/test/main_test.dart:609:7)
<asynchronous suspension>
#4      testWidgets.<anonymous closure>.<anonymous closure> (package:flutter_test/src/widget_tester.dart:192:15)
<asynchronous suspension>
#5      TestWidgetsFlutterBinding._runTestBody (package:flutter_test/src/binding.dart:1059:5)
<asynchronous suspension>
<asynchronous suspension>
(elided one frame from package:stack_trace)

The test description was:
  tapping Settings in drawer navigates
ÔòÉÔòÉÔòÉÔòÉÔòÉÔòÉÔòÉÔòÉÔòÉÔòÉÔòÉÔòÉÔòÉÔòÉÔòÉÔòÉÔòÉÔòÉÔòÉÔòÉÔòÉÔòÉÔòÉÔòÉÔòÉÔòÉÔòÉÔòÉÔòÉÔòÉÔòÉÔòÉÔòÉÔòÉÔòÉÔòÉÔòÉÔòÉÔòÉÔòÉÔòÉÔòÉÔòÉÔòÉÔòÉÔòÉÔòÉÔòÉÔòÉÔòÉÔòÉÔòÉÔòÉÔòÉÔòÉÔòÉÔòÉÔòÉÔòÉÔòÉÔòÉÔòÉÔòÉÔòÉÔòÉÔòÉÔòÉÔòÉÔòÉÔòÉÔòÉÔòÉÔòÉÔòÉÔòÉÔòÉÔòÉÔòÉÔòÉÔòÉÔòÉÔòÉÔòÉÔòÉÔòÉÔòÉÔòÉÔòÉÔòÉÔòÉÔòÉÔòÉÔòÉÔòÉÔòÉÔòÉÔòÉÔòÉÔòÉÔòÉ
73:35 +178 ~3 -43: C:/Users/joaom/Documents/GitHub/Notes/universal_notes_flutter/test/main_test.dart: NotesScreen Drawer Navigation tapping Settings in drawer navigates [E]
  Test failed. See exception logs above.
  The test description was: tapping Settings in drawer navigates
  
73:35 +178 ~3 -43: C:/Users/joaom/Documents/GitHub/Notes/universal_notes_flutter/test/main_test.dart: NotesScreen Drawer Navigation tapping drawer items changes selection
73:35 +178 ~3 -43: C:/Users/joaom/Documents/GitHub/Notes/universal_notes_flutter/test/main_test.dart: NotesScreen Drawer Navigation tapping Settings in drawer navigates [E]
  DatabaseException(error database_closed)
  package:sqflite_common/src/database_mixin.dart 518:7                      SqfliteDatabaseMixin.checkNotClosed
  package:sqflite_common/src/database_mixin.dart 147:8                      SqfliteDatabaseExecutorMixin._rawQuery
  package:sqflite_common/src/database_mixin.dart 140:12                     SqfliteDatabaseExecutorMixin.rawQuery
  package:universal_notes_flutter/repositories/note_repository.dart 565:27  NoteRepository.getAllNotes
  ===== asynchronous gap ===========================
  dart:async                                                                _CustomZone.registerBinaryCallback
  package:universal_notes_flutter/services/sync_service.dart 98:7           SyncService._startBackgroundSync.<fn>
  ===== asynchronous gap ===========================
  dart:async                                                                _StreamImpl.listen
  package:universal_notes_flutter/services/sync_service.dart 94:61          SyncService._startBackgroundSync
  package:universal_notes_flutter/services/sync_service.dart 51:5           SyncService.init
  ===== asynchronous gap ===========================
  dart:async                                                                _CustomZone.registerUnaryCallback
  package:universal_notes_flutter/services/sync_service.dart 48:5           SyncService.init
  test\main_test.dart 259:32                                                main.<fn>
  ===== asynchronous gap ===========================
  dart:async                                                                _CustomZone.registerUnaryCallback
  test\main_test.dart 254:5                                                 main.<fn>
  
73:43 +178 ~3 -43: C:/Users/joaom/Documents/GitHub/Notes/universal_notes_flutter/test/main_test.dart: NotesScreen Drawer Navigation tapping drawer items changes selection
Warning database has been locked for 0:00:10.000000. Make sure you always use the transaction object for database operations during a transaction
ÔòÉÔòÉÔòí EXCEPTION CAUGHT BY FLUTTER TEST FRAMEWORK Ôò×ÔòÉÔòÉÔòÉÔòÉÔòÉÔòÉÔòÉÔòÉÔòÉÔòÉÔòÉÔòÉÔòÉÔòÉÔòÉÔòÉÔòÉÔòÉÔòÉÔòÉÔòÉÔòÉÔòÉÔòÉÔòÉÔòÉÔòÉÔòÉÔòÉÔòÉÔòÉÔòÉÔòÉÔòÉÔòÉÔòÉÔòÉÔòÉÔòÉÔòÉÔòÉÔòÉÔòÉÔòÉÔòÉÔòÉÔòÉÔòÉÔòÉÔòÉÔòÉÔòÉ
The following assertion was thrown running a test:
pumpAndSettle timed out

When the exception was thrown, this was the stack:
#0      WidgetTester.pumpAndSettle.<anonymous closure> (package:flutter_test/src/widget_tester.dart:717:11)
<asynchronous suspension>
#1      TestAsyncUtils.guard.<anonymous closure> (package:flutter_test/src/test_async_utils.dart:130:27)
<asynchronous suspension>
#2      main._pumpNotesScreen (file:///C:/Users/joaom/Documents/GitHub/Notes/universal_notes_flutter/test/main_test.dart:288:5)
<asynchronous suspension>
#3      main.<anonymous closure>.<anonymous closure> (file:///C:/Users/joaom/Documents/GitHub/Notes/universal_notes_flutter/test/main_test.dart:621:7)
<asynchronous suspension>
#4      testWidgets.<anonymous closure>.<anonymous closure> (package:flutter_test/src/widget_tester.dart:192:15)
<asynchronous suspension>
#5      TestWidgetsFlutterBinding._runTestBody (package:flutter_test/src/binding.dart:1059:5)
<asynchronous suspension>
<asynchronous suspension>
(elided one frame from package:stack_trace)

The test description was:
  tapping drawer items changes selection
ÔòÉÔòÉÔòÉÔòÉÔòÉÔòÉÔòÉÔòÉÔòÉÔòÉÔòÉÔòÉÔòÉÔòÉÔòÉÔòÉÔòÉÔòÉÔòÉÔòÉÔòÉÔòÉÔòÉÔòÉÔòÉÔòÉÔòÉÔòÉÔòÉÔòÉÔòÉÔòÉÔòÉÔòÉÔòÉÔòÉÔòÉÔòÉÔòÉÔòÉÔòÉÔòÉÔòÉÔòÉÔòÉÔòÉÔòÉÔòÉÔòÉÔòÉÔòÉÔòÉÔòÉÔòÉÔòÉÔòÉÔòÉÔòÉÔòÉÔòÉÔòÉÔòÉÔòÉÔòÉÔòÉÔòÉÔòÉÔòÉÔòÉÔòÉÔòÉÔòÉÔòÉÔòÉÔòÉÔòÉÔòÉÔòÉÔòÉÔòÉÔòÉÔòÉÔòÉÔòÉÔòÉÔòÉÔòÉÔòÉÔòÉÔòÉÔòÉÔòÉÔòÉÔòÉÔòÉÔòÉÔòÉÔòÉÔòÉÔòÉ
73:43 +178 ~3 -44: C:/Users/joaom/Documents/GitHub/Notes/universal_notes_flutter/test/main_test.dart: NotesScreen Drawer Navigation tapping drawer items changes selection [E]
  Test failed. See exception logs above.
  The test description was: tapping drawer items changes selection
  
73:44 +178 ~3 -44: C:/Users/joaom/Documents/GitHub/Notes/universal_notes_flutter/test/main_test.dart: NotesScreen Grid View Modes list mode shows ListView-style rendering
73:44 +178 ~3 -44: C:/Users/joaom/Documents/GitHub/Notes/universal_notes_flutter/test/main_test.dart: NotesScreen Drawer Navigation tapping drawer items changes selection [E]
  DatabaseException(error database_closed)
  package:sqflite_common/src/database_mixin.dart 518:7                      SqfliteDatabaseMixin.checkNotClosed
  package:sqflite_common/src/database_mixin.dart 147:8                      SqfliteDatabaseExecutorMixin._rawQuery
  package:sqflite_common/src/database_mixin.dart 140:12                     SqfliteDatabaseExecutorMixin.rawQuery
  package:universal_notes_flutter/repositories/note_repository.dart 565:27  NoteRepository.getAllNotes
  ===== asynchronous gap ===========================
  dart:async                                                                _CustomZone.registerBinaryCallback
  package:universal_notes_flutter/services/sync_service.dart 98:7           SyncService._startBackgroundSync.<fn>
  ===== asynchronous gap ===========================
  dart:async                                                                _StreamImpl.listen
  package:universal_notes_flutter/services/sync_service.dart 94:61          SyncService._startBackgroundSync
  package:universal_notes_flutter/services/sync_service.dart 51:5           SyncService.init
  ===== asynchronous gap ===========================
  dart:async                                                                _CustomZone.registerUnaryCallback
  package:universal_notes_flutter/services/sync_service.dart 48:5           SyncService.init
  test\main_test.dart 259:32                                                main.<fn>
  ===== asynchronous gap ===========================
  dart:async                                                                _CustomZone.registerUnaryCallback
  test\main_test.dart 254:5                                                 main.<fn>
  
73:44 +178 ~3 -44: C:/Users/joaom/Documents/GitHub/Notes/universal_notes_flutter/test/main_test.dart: NotesScreen Grid View Modes list mode shows ListView-style rendering
Warning database has been locked for 0:00:10.000000. Make sure you always use the transaction object for database operations during a transaction
ÔòÉÔòÉÔòí EXCEPTION CAUGHT BY FLUTTER TEST FRAMEWORK Ôò×ÔòÉÔòÉÔòÉÔòÉÔòÉÔòÉÔòÉÔòÉÔòÉÔòÉÔòÉÔòÉÔòÉÔòÉÔòÉÔòÉÔòÉÔòÉÔòÉÔòÉÔòÉÔòÉÔòÉÔòÉÔòÉÔòÉÔòÉÔòÉÔòÉÔòÉÔòÉÔòÉÔòÉÔòÉÔòÉÔòÉÔòÉÔòÉÔòÉÔòÉÔòÉÔòÉÔòÉÔòÉÔòÉÔòÉÔòÉÔòÉÔòÉÔòÉÔòÉÔòÉ
The following assertion was thrown running a test:
pumpAndSettle timed out

When the exception was thrown, this was the stack:
#0      WidgetTester.pumpAndSettle.<anonymous closure> (package:flutter_test/src/widget_tester.dart:717:11)
<asynchronous suspension>
#1      TestAsyncUtils.guard.<anonymous closure> (package:flutter_test/src/test_async_utils.dart:130:27)
<asynchronous suspension>
#2      main._pumpNotesScreen (file:///C:/Users/joaom/Documents/GitHub/Notes/universal_notes_flutter/test/main_test.dart:288:5)
<asynchronous suspension>
#3      main.<anonymous closure>.<anonymous closure> (file:///C:/Users/joaom/Documents/GitHub/Notes/universal_notes_flutter/test/main_test.dart:645:7)
<asynchronous suspension>
#4      testWidgets.<anonymous closure>.<anonymous closure> (package:flutter_test/src/widget_tester.dart:192:15)
<asynchronous suspension>
#5      TestWidgetsFlutterBinding._runTestBody (package:flutter_test/src/binding.dart:1059:5)
<asynchronous suspension>
<asynchronous suspension>
(elided one frame from package:stack_trace)

The test description was:
  list mode shows ListView-style rendering
ÔòÉÔòÉÔòÉÔòÉÔòÉÔòÉÔòÉÔòÉÔòÉÔòÉÔòÉÔòÉÔòÉÔòÉÔòÉÔòÉÔòÉÔòÉÔòÉÔòÉÔòÉÔòÉÔòÉÔòÉÔòÉÔòÉÔòÉÔòÉÔòÉÔòÉÔòÉÔòÉÔòÉÔòÉÔòÉÔòÉÔòÉÔòÉÔòÉÔòÉÔòÉÔòÉÔòÉÔòÉÔòÉÔòÉÔòÉÔòÉÔòÉÔòÉÔòÉÔòÉÔòÉÔòÉÔòÉÔòÉÔòÉÔòÉÔòÉÔòÉÔòÉÔòÉÔòÉÔòÉÔòÉÔòÉÔòÉÔòÉÔòÉÔòÉÔòÉÔòÉÔòÉÔòÉÔòÉÔòÉÔòÉÔòÉÔòÉÔòÉÔòÉÔòÉÔòÉÔòÉÔòÉÔòÉÔòÉÔòÉÔòÉÔòÉÔòÉÔòÉÔòÉÔòÉÔòÉÔòÉÔòÉÔòÉÔòÉÔòÉ
73:53 +178 ~3 -45: C:/Users/joaom/Documents/GitHub/Notes/universal_notes_flutter/test/main_test.dart: NotesScreen Grid View Modes list mode shows ListView-style rendering [E]
  Test failed. See exception logs above.
  The test description was: list mode shows ListView-style rendering
  
73:53 +178 ~3 -45: C:/Users/joaom/Documents/GitHub/Notes/universal_notes_flutter/test/main_test.dart: NotesScreen Grid View Modes grid small mode renders correctly
Warning database has been locked for 0:00:10.000000. Make sure you always use the transaction object for database operations during a transaction
ÔòÉÔòÉÔòí EXCEPTION CAUGHT BY FLUTTER TEST FRAMEWORK Ôò×ÔòÉÔòÉÔòÉÔòÉÔòÉÔòÉÔòÉÔòÉÔòÉÔòÉÔòÉÔòÉÔòÉÔòÉÔòÉÔòÉÔòÉÔòÉÔòÉÔòÉÔòÉÔòÉÔòÉÔòÉÔòÉÔòÉÔòÉÔòÉÔòÉÔòÉÔòÉÔòÉÔòÉÔòÉÔòÉÔòÉÔòÉÔòÉÔòÉÔòÉÔòÉÔòÉÔòÉÔòÉÔòÉÔòÉÔòÉÔòÉÔòÉÔòÉÔòÉÔòÉ
The following assertion was thrown running a test:
pumpAndSettle timed out

When the exception was thrown, this was the stack:
#0      WidgetTester.pumpAndSettle.<anonymous closure> (package:flutter_test/src/widget_tester.dart:717:11)
<asynchronous suspension>
#1      TestAsyncUtils.guard.<anonymous closure> (package:flutter_test/src/test_async_utils.dart:130:27)
<asynchronous suspension>
#2      main._pumpNotesScreen (file:///C:/Users/joaom/Documents/GitHub/Notes/universal_notes_flutter/test/main_test.dart:288:5)
<asynchronous suspension>
#3      main.<anonymous closure>.<anonymous closure> (file:///C:/Users/joaom/Documents/GitHub/Notes/universal_notes_flutter/test/main_test.dart:664:7)
<asynchronous suspension>
#4      testWidgets.<anonymous closure>.<anonymous closure> (package:flutter_test/src/widget_tester.dart:192:15)
<asynchronous suspension>
#5      TestWidgetsFlutterBinding._runTestBody (package:flutter_test/src/binding.dart:1059:5)
<asynchronous suspension>
<asynchronous suspension>
(elided one frame from package:stack_trace)

The test description was:
  grid small mode renders correctly
ÔòÉÔòÉÔòÉÔòÉÔòÉÔòÉÔòÉÔòÉÔòÉÔòÉÔòÉÔòÉÔòÉÔòÉÔòÉÔòÉÔòÉÔòÉÔòÉÔòÉÔòÉÔòÉÔòÉÔòÉÔòÉÔòÉÔòÉÔòÉÔòÉÔòÉÔòÉÔòÉÔòÉÔòÉÔòÉÔòÉÔòÉÔòÉÔòÉÔòÉÔòÉÔòÉÔòÉÔòÉÔòÉÔòÉÔòÉÔòÉÔòÉÔòÉÔòÉÔòÉÔòÉÔòÉÔòÉÔòÉÔòÉÔòÉÔòÉÔòÉÔòÉÔòÉÔòÉÔòÉÔòÉÔòÉÔòÉÔòÉÔòÉÔòÉÔòÉÔòÉÔòÉÔòÉÔòÉÔòÉÔòÉÔòÉÔòÉÔòÉÔòÉÔòÉÔòÉÔòÉÔòÉÔòÉÔòÉÔòÉÔòÉÔòÉÔòÉÔòÉÔòÉÔòÉÔòÉÔòÉÔòÉÔòÉÔòÉÔòÉ
74:03 +178 ~3 -46: C:/Users/joaom/Documents/GitHub/Notes/universal_notes_flutter/test/main_test.dart: NotesScreen Grid View Modes grid small mode renders correctly [E]
  Test failed. See exception logs above.
  The test description was: grid small mode renders correctly
  
74:03 +178 ~3 -46: C:/Users/joaom/Documents/GitHub/Notes/universal_notes_flutter/test/main_test.dart: NotesScreen Grid View Modes grid large mode renders correctly
Warning database has been locked for 0:00:10.000000. Make sure you always use the transaction object for database operations during a transaction
ÔòÉÔòÉÔòí EXCEPTION CAUGHT BY FLUTTER TEST FRAMEWORK Ôò×ÔòÉÔòÉÔòÉÔòÉÔòÉÔòÉÔòÉÔòÉÔòÉÔòÉÔòÉÔòÉÔòÉÔòÉÔòÉÔòÉÔòÉÔòÉÔòÉÔòÉÔòÉÔòÉÔòÉÔòÉÔòÉÔòÉÔòÉÔòÉÔòÉÔòÉÔòÉÔòÉÔòÉÔòÉÔòÉÔòÉÔòÉÔòÉÔòÉÔòÉÔòÉÔòÉÔòÉÔòÉÔòÉÔòÉÔòÉÔòÉÔòÉÔòÉÔòÉÔòÉ
The following assertion was thrown running a test:
pumpAndSettle timed out

When the exception was thrown, this was the stack:
#0      WidgetTester.pumpAndSettle.<anonymous closure> (package:flutter_test/src/widget_tester.dart:717:11)
<asynchronous suspension>
#1      TestAsyncUtils.guard.<anonymous closure> (package:flutter_test/src/test_async_utils.dart:130:27)
<asynchronous suspension>
#2      main._pumpNotesScreen (file:///C:/Users/joaom/Documents/GitHub/Notes/universal_notes_flutter/test/main_test.dart:288:5)
<asynchronous suspension>
#3      main.<anonymous closure>.<anonymous closure> (file:///C:/Users/joaom/Documents/GitHub/Notes/universal_notes_flutter/test/main_test.dart:678:7)
<asynchronous suspension>
#4      testWidgets.<anonymous closure>.<anonymous closure> (package:flutter_test/src/widget_tester.dart:192:15)
<asynchronous suspension>
#5      TestWidgetsFlutterBinding._runTestBody (package:flutter_test/src/binding.dart:1059:5)
<asynchronous suspension>
<asynchronous suspension>
(elided one frame from package:stack_trace)

The test description was:
  grid large mode renders correctly
ÔòÉÔòÉÔòÉÔòÉÔòÉÔòÉÔòÉÔòÉÔòÉÔòÉÔòÉÔòÉÔòÉÔòÉÔòÉÔòÉÔòÉÔòÉÔòÉÔòÉÔòÉÔòÉÔòÉÔòÉÔòÉÔòÉÔòÉÔòÉÔòÉÔòÉÔòÉÔòÉÔòÉÔòÉÔòÉÔòÉÔòÉÔòÉÔòÉÔòÉÔòÉÔòÉÔòÉÔòÉÔòÉÔòÉÔòÉÔòÉÔòÉÔòÉÔòÉÔòÉÔòÉÔòÉÔòÉÔòÉÔòÉÔòÉÔòÉÔòÉÔòÉÔòÉÔòÉÔòÉÔòÉÔòÉÔòÉÔòÉÔòÉÔòÉÔòÉÔòÉÔòÉÔòÉÔòÉÔòÉÔòÉÔòÉÔòÉÔòÉÔòÉÔòÉÔòÉÔòÉÔòÉÔòÉÔòÉÔòÉÔòÉÔòÉÔòÉÔòÉÔòÉÔòÉÔòÉÔòÉÔòÉÔòÉÔòÉÔòÉ
74:23 +178 ~3 -47: C:/Users/joaom/Documents/GitHub/Notes/universal_notes_flutter/test/main_test.dart: NotesScreen Grid View Modes grid large mode renders correctly [E]
  Test failed. See exception logs above.
  The test description was: grid large mode renders correctly
  
74:23 +178 ~3 -47: C:/Users/joaom/Documents/GitHub/Notes/universal_notes_flutter/test/main_test.dart: NotesScreen Sidebar interaction toggle Sidebar expansion
74:23 +178 ~3 -47: C:/Users/joaom/Documents/GitHub/Notes/universal_notes_flutter/test/main_test.dart: NotesScreen Grid View Modes grid large mode renders correctly [E]
  DatabaseException(error database_closed)
  package:sqflite_common/src/database_mixin.dart 518:7                      SqfliteDatabaseMixin.checkNotClosed
  package:sqflite_common/src/database_mixin.dart 147:8                      SqfliteDatabaseExecutorMixin._rawQuery
  package:sqflite_common/src/database_mixin.dart 140:12                     SqfliteDatabaseExecutorMixin.rawQuery
  package:sqflite_common/src/database_mixin.dart 128:12                     SqfliteDatabaseExecutorMixin.query
  package:universal_notes_flutter/repositories/note_repository.dart 689:29  NoteRepository.getAllTagNames
  ===== asynchronous gap ===========================
  dart:async                                                                _CustomZone.registerBinaryCallback
  package:universal_notes_flutter/services/sync_service.dart 98:7           SyncService._startBackgroundSync.<fn>
  ===== asynchronous gap ===========================
  dart:async                                                                _StreamImpl.listen
  package:universal_notes_flutter/services/sync_service.dart 94:61          SyncService._startBackgroundSync
  package:universal_notes_flutter/services/sync_service.dart 51:5           SyncService.init
  ===== asynchronous gap ===========================
  dart:async                                                                _CustomZone.registerUnaryCallback
  package:universal_notes_flutter/services/sync_service.dart 48:5           SyncService.init
  test\main_test.dart 259:32                                                main.<fn>
  ===== asynchronous gap ===========================
  dart:async                                                                _CustomZone.registerUnaryCallback
  test\main_test.dart 254:5                                                 main.<fn>
  
75:14 +178 ~3 -47: C:/Users/joaom/Documents/GitHub/Notes/universal_notes_flutter/test/main_test.dart: NotesScreen Sidebar interaction toggle Sidebar expansion
Warning database has been locked for 0:00:10.000000. Make sure you always use the transaction object for database operations during a transaction
ÔòÉÔòÉÔòí EXCEPTION CAUGHT BY FLUTTER TEST FRAMEWORK Ôò×ÔòÉÔòÉÔòÉÔòÉÔòÉÔòÉÔòÉÔòÉÔòÉÔòÉÔòÉÔòÉÔòÉÔòÉÔòÉÔòÉÔòÉÔòÉÔòÉÔòÉÔòÉÔòÉÔòÉÔòÉÔòÉÔòÉÔòÉÔòÉÔòÉÔòÉÔòÉÔòÉÔòÉÔòÉÔòÉÔòÉÔòÉÔòÉÔòÉÔòÉÔòÉÔòÉÔòÉÔòÉÔòÉÔòÉÔòÉÔòÉÔòÉÔòÉÔòÉÔòÉ
The following assertion was thrown running a test:
pumpAndSettle timed out

When the exception was thrown, this was the stack:
#0      WidgetTester.pumpAndSettle.<anonymous closure> (package:flutter_test/src/widget_tester.dart:717:11)
<asynchronous suspension>
#1      TestAsyncUtils.guard.<anonymous closure> (package:flutter_test/src/test_async_utils.dart:130:27)
<asynchronous suspension>
#2      main._pumpNotesScreen (file:///C:/Users/joaom/Documents/GitHub/Notes/universal_notes_flutter/test/main_test.dart:288:5)
<asynchronous suspension>
#3      main.<anonymous closure>.<anonymous closure> (file:///C:/Users/joaom/Documents/GitHub/Notes/universal_notes_flutter/test/main_test.dart:694:7)
<asynchronous suspension>
#4      testWidgets.<anonymous closure>.<anonymous closure> (package:flutter_test/src/widget_tester.dart:192:15)
<asynchronous suspension>
#5      TestWidgetsFlutterBinding._runTestBody (package:flutter_test/src/binding.dart:1059:5)
<asynchronous suspension>
<asynchronous suspension>
(elided one frame from package:stack_trace)

The test description was:
  toggle Sidebar expansion
ÔòÉÔòÉÔòÉÔòÉÔòÉÔòÉÔòÉÔòÉÔòÉÔòÉÔòÉÔòÉÔòÉÔòÉÔòÉÔòÉÔòÉÔòÉÔòÉÔòÉÔòÉÔòÉÔòÉÔòÉÔòÉÔòÉÔòÉÔòÉÔòÉÔòÉÔòÉÔòÉÔòÉÔòÉÔòÉÔòÉÔòÉÔòÉÔòÉÔòÉÔòÉÔòÉÔòÉÔòÉÔòÉÔòÉÔòÉÔòÉÔòÉÔòÉÔòÉÔòÉÔòÉÔòÉÔòÉÔòÉÔòÉÔòÉÔòÉÔòÉÔòÉÔòÉÔòÉÔòÉÔòÉÔòÉÔòÉÔòÉÔòÉÔòÉÔòÉÔòÉÔòÉÔòÉÔòÉÔòÉÔòÉÔòÉÔòÉÔòÉÔòÉÔòÉÔòÉÔòÉÔòÉÔòÉÔòÉÔòÉÔòÉÔòÉÔòÉÔòÉÔòÉÔòÉÔòÉÔòÉÔòÉÔòÉÔòÉÔòÉ
75:14 +178 ~3 -48: C:/Users/joaom/Documents/GitHub/Notes/universal_notes_flutter/test/main_test.dart: NotesScreen Sidebar interaction toggle Sidebar expansion [E]
  Test failed. See exception logs above.
  The test description was: toggle Sidebar expansion
  
75:14 +178 ~3 -48: C:/Users/joaom/Documents/GitHub/Notes/universal_notes_flutter/test/main_test.dart: NotesScreen Responsive Layout calculates crossAxisCount correctly on Android (gridMedium)
75:15 +178 ~3 -48: C:/Users/joaom/Documents/GitHub/Notes/universal_notes_flutter/test/main_test.dart: NotesScreen Sidebar interaction toggle Sidebar expansion [E]
  DatabaseException(error database_closed)
  package:sqflite_common/src/database_mixin.dart 518:7                      SqfliteDatabaseMixin.checkNotClosed
  package:sqflite_common/src/database_mixin.dart 147:8                      SqfliteDatabaseExecutorMixin._rawQuery
  package:sqflite_common/src/database_mixin.dart 140:12                     SqfliteDatabaseExecutorMixin.rawQuery
  package:universal_notes_flutter/repositories/note_repository.dart 565:27  NoteRepository.getAllNotes
  ===== asynchronous gap ===========================
  dart:async                                                                _CustomZone.registerBinaryCallback
  package:universal_notes_flutter/services/sync_service.dart 98:7           SyncService._startBackgroundSync.<fn>
  ===== asynchronous gap ===========================
  dart:async                                                                _StreamImpl.listen
  package:universal_notes_flutter/services/sync_service.dart 94:61          SyncService._startBackgroundSync
  package:universal_notes_flutter/services/sync_service.dart 51:5           SyncService.init
  ===== asynchronous gap ===========================
  dart:async                                                                _CustomZone.registerUnaryCallback
  package:universal_notes_flutter/services/sync_service.dart 48:5           SyncService.init
  test\main_test.dart 259:32                                                main.<fn>
  ===== asynchronous gap ===========================
  dart:async                                                                _CustomZone.registerUnaryCallback
  test\main_test.dart 254:5                                                 main.<fn>
  
75:16 +178 ~3 -48: C:/Users/joaom/Documents/GitHub/Notes/universal_notes_flutter/test/main_test.dart: NotesScreen Responsive Layout calculates crossAxisCount correctly on Android (gridMedium)
ÔòÉÔòÉÔòí EXCEPTION CAUGHT BY RENDERING LIBRARY Ôò×ÔòÉÔòÉÔòÉÔòÉÔòÉÔòÉÔòÉÔòÉÔòÉÔòÉÔòÉÔòÉÔòÉÔòÉÔòÉÔòÉÔòÉÔòÉÔòÉÔòÉÔòÉÔòÉÔòÉÔòÉÔòÉÔòÉÔòÉÔòÉÔòÉÔòÉÔòÉÔòÉÔòÉÔòÉÔòÉÔòÉÔòÉÔòÉÔòÉÔòÉÔòÉÔòÉÔòÉÔòÉÔòÉÔòÉÔòÉÔòÉÔòÉÔòÉÔòÉÔòÉÔòÉÔòÉÔòÉÔòÉÔòÉ
The following assertion was thrown during layout:
A RenderFlex overflowed by 196 pixels on the right.

The relevant error-causing widget was:
  Row
  Row:file:///C:/Users/joaom/Documents/GitHub/Notes/universal_notes_flutter/lib/screens/notes_screen.dart:812:37

The overflowing RenderFlex has an orientation of Axis.horizontal.
The edge of the RenderFlex that is overflowing has been marked in the rendering with a yellow and
black striped pattern. This is usually caused by the contents being too big for the RenderFlex.
Consider applying a flex factor (e.g. using an Expanded widget) to force the children of the
RenderFlex to fit within the available space instead of being sized to their natural size.
This is considered an error condition because it indicates that there is content that cannot be
seen. If the content is legitimately bigger than the available space, consider clipping it with a
ClipRect widget before putting it in the flex, or using a scrollable container rather than a Flex,
like a ListView.
The specific RenderFlex in question is: RenderFlex#a283c relayoutBoundary=up6 OVERFLOWING:
  creator: Row ÔåÉ Padding ÔåÉ Column ÔåÉ Padding ÔåÉ PageStorage ÔåÉ DecoratedBox ÔåÉ Mica ÔåÉ ScaffoldPage ÔåÉ
    Expanded ÔåÉ Row ÔåÉ Expanded ÔåÉ Column ÔåÉ Ôï»
  parentData: offset=Offset(16.0, 16.0) (can use size)
  constraints: BoxConstraints(0.0<=w<=164.0, 0.0<=h<=Infinity)
  size: Size(164.0, 27.0)
  direction: horizontal
  mainAxisAlignment: end
  mainAxisSize: max
  crossAxisAlignment: center
  textDirection: ltr
  verticalDirection: down
  spacing: 0.0
ÔùóÔùñÔùóÔùñÔùóÔùñÔùóÔùñÔùóÔùñÔùóÔùñÔùóÔùñÔùóÔùñÔùóÔùñÔùóÔùñÔùóÔùñÔùóÔùñÔùóÔùñÔùóÔùñÔùóÔùñÔùóÔùñÔùóÔùñÔùóÔùñÔùóÔùñÔùóÔùñÔùóÔùñÔùóÔùñÔùóÔùñÔùóÔùñÔùóÔùñÔùóÔùñÔùóÔùñÔùóÔùñÔùóÔùñÔùóÔùñÔùóÔùñÔùóÔùñÔùóÔùñÔùóÔùñÔùóÔùñÔùóÔùñÔùóÔùñÔùóÔùñÔùóÔùñÔùóÔùñÔùóÔùñÔùóÔùñÔùóÔùñÔùóÔùñÔùóÔùñÔùóÔùñÔùóÔùñÔùóÔùñÔùóÔùñÔùóÔùñ
ÔòÉÔòÉÔòÉÔòÉÔòÉÔòÉÔòÉÔòÉÔòÉÔòÉÔòÉÔòÉÔòÉÔòÉÔòÉÔòÉÔòÉÔòÉÔòÉÔòÉÔòÉÔòÉÔòÉÔòÉÔòÉÔòÉÔòÉÔòÉÔòÉÔòÉÔòÉÔòÉÔòÉÔòÉÔòÉÔòÉÔòÉÔòÉÔòÉÔòÉÔòÉÔòÉÔòÉÔòÉÔòÉÔòÉÔòÉÔòÉÔòÉÔòÉÔòÉÔòÉÔòÉÔòÉÔòÉÔòÉÔòÉÔòÉÔòÉÔòÉÔòÉÔòÉÔòÉÔòÉÔòÉÔòÉÔòÉÔòÉÔòÉÔòÉÔòÉÔòÉÔòÉÔòÉÔòÉÔòÉÔòÉÔòÉÔòÉÔòÉÔòÉÔòÉÔòÉÔòÉÔòÉÔòÉÔòÉÔòÉÔòÉÔòÉÔòÉÔòÉÔòÉÔòÉÔòÉÔòÉÔòÉÔòÉÔòÉÔòÉ
ÔòÉÔòÉÔòí EXCEPTION CAUGHT BY FLUTTER TEST FRAMEWORK Ôò×ÔòÉÔòÉÔòÉÔòÉÔòÉÔòÉÔòÉÔòÉÔòÉÔòÉÔòÉÔòÉÔòÉÔòÉÔòÉÔòÉÔòÉÔòÉÔòÉÔòÉÔòÉÔòÉÔòÉÔòÉÔòÉÔòÉÔòÉÔòÉÔòÉÔòÉÔòÉÔòÉÔòÉÔòÉÔòÉÔòÉÔòÉÔòÉÔòÉÔòÉÔòÉÔòÉÔòÉÔòÉÔòÉÔòÉÔòÉÔòÉÔòÉÔòÉÔòÉÔòÉ
The following StateError was thrown running a test:
Bad state: No element

When the exception was thrown, this was the stack:
#0      Iterable.single (dart:core/iterable.dart:694:25)
#1      WidgetController.widget (package:flutter_test/src/controller.dart:808:30)
#2      main.<anonymous closure>.<anonymous closure> (file:///C:/Users/joaom/Documents/GitHub/Notes/universal_notes_flutter/test/main_test.dart:790:27)
<asynchronous suspension>
#3      testWidgets.<anonymous closure>.<anonymous closure> (package:flutter_test/src/widget_tester.dart:192:15)
<asynchronous suspension>
#4      TestWidgetsFlutterBinding._runTestBody (package:flutter_test/src/binding.dart:1059:5)
<asynchronous suspension>
<asynchronous suspension>
(elided one frame from package:stack_trace)

The test description was:
  calculates crossAxisCount correctly on Android (gridMedium)
ÔòÉÔòÉÔòÉÔòÉÔòÉÔòÉÔòÉÔòÉÔòÉÔòÉÔòÉÔòÉÔòÉÔòÉÔòÉÔòÉÔòÉÔòÉÔòÉÔòÉÔòÉÔòÉÔòÉÔòÉÔòÉÔòÉÔòÉÔòÉÔòÉÔòÉÔòÉÔòÉÔòÉÔòÉÔòÉÔòÉÔòÉÔòÉÔòÉÔòÉÔòÉÔòÉÔòÉÔòÉÔòÉÔòÉÔòÉÔòÉÔòÉÔòÉÔòÉÔòÉÔòÉÔòÉÔòÉÔòÉÔòÉÔòÉÔòÉÔòÉÔòÉÔòÉÔòÉÔòÉÔòÉÔòÉÔòÉÔòÉÔòÉÔòÉÔòÉÔòÉÔòÉÔòÉÔòÉÔòÉÔòÉÔòÉÔòÉÔòÉÔòÉÔòÉÔòÉÔòÉÔòÉÔòÉÔòÉÔòÉÔòÉÔòÉÔòÉÔòÉÔòÉÔòÉÔòÉÔòÉÔòÉÔòÉÔòÉÔòÉ
ÔòÉÔòÉÔòí EXCEPTION CAUGHT BY FLUTTER TEST FRAMEWORK Ôò×ÔòÉÔòÉÔòÉÔòÉÔòÉÔòÉÔòÉÔòÉÔòÉÔòÉÔòÉÔòÉÔòÉÔòÉÔòÉÔòÉÔòÉÔòÉÔòÉÔòÉÔòÉÔòÉÔòÉÔòÉÔòÉÔòÉÔòÉÔòÉÔòÉÔòÉÔòÉÔòÉÔòÉÔòÉÔòÉÔòÉÔòÉÔòÉÔòÉÔòÉÔòÉÔòÉÔòÉÔòÉÔòÉÔòÉÔòÉÔòÉÔòÉÔòÉÔòÉÔòÉ
The following message was thrown:
Multiple exceptions (2) were detected during the running of the current test, and at least one was
unexpected.
ÔòÉÔòÉÔòÉÔòÉÔòÉÔòÉÔòÉÔòÉÔòÉÔòÉÔòÉÔòÉÔòÉÔòÉÔòÉÔòÉÔòÉÔòÉÔòÉÔòÉÔòÉÔòÉÔòÉÔòÉÔòÉÔòÉÔòÉÔòÉÔòÉÔòÉÔòÉÔòÉÔòÉÔòÉÔòÉÔòÉÔòÉÔòÉÔòÉÔòÉÔòÉÔòÉÔòÉÔòÉÔòÉÔòÉÔòÉÔòÉÔòÉÔòÉÔòÉÔòÉÔòÉÔòÉÔòÉÔòÉÔòÉÔòÉÔòÉÔòÉÔòÉÔòÉÔòÉÔòÉÔòÉÔòÉÔòÉÔòÉÔòÉÔòÉÔòÉÔòÉÔòÉÔòÉÔòÉÔòÉÔòÉÔòÉÔòÉÔòÉÔòÉÔòÉÔòÉÔòÉÔòÉÔòÉÔòÉÔòÉÔòÉÔòÉÔòÉÔòÉÔòÉÔòÉÔòÉÔòÉÔòÉÔòÉÔòÉÔòÉ
75:16 +178 ~3 -49: C:/Users/joaom/Documents/GitHub/Notes/universal_notes_flutter/test/main_test.dart: NotesScreen Responsive Layout calculates crossAxisCount correctly on Android (gridMedium) [E]
  Test failed. See exception logs above.
  The test description was: calculates crossAxisCount correctly on Android (gridMedium)
  
75:16 +178 ~3 -49: C:/Users/joaom/Documents/GitHub/Notes/universal_notes_flutter/test/main_test.dart: NotesScreen Responsive Layout calculates crossAxisCount correctly on Windows (gridMedium)
ÔòÉÔòÉÔòí EXCEPTION CAUGHT BY FLUTTER TEST FRAMEWORK Ôò×ÔòÉÔòÉÔòÉÔòÉÔòÉÔòÉÔòÉÔòÉÔòÉÔòÉÔòÉÔòÉÔòÉÔòÉÔòÉÔòÉÔòÉÔòÉÔòÉÔòÉÔòÉÔòÉÔòÉÔòÉÔòÉÔòÉÔòÉÔòÉÔòÉÔòÉÔòÉÔòÉÔòÉÔòÉÔòÉÔòÉÔòÉÔòÉÔòÉÔòÉÔòÉÔòÉÔòÉÔòÉÔòÉÔòÉÔòÉÔòÉÔòÉÔòÉÔòÉÔòÉ
The following StateError was thrown running a test:
Bad state: No element

When the exception was thrown, this was the stack:
#0      Iterable.single (dart:core/iterable.dart:694:25)
#1      WidgetController.widget (package:flutter_test/src/controller.dart:808:30)
#2      main.<anonymous closure>.<anonymous closure> (file:///C:/Users/joaom/Documents/GitHub/Notes/universal_notes_flutter/test/main_test.dart:818:27)
<asynchronous suspension>
#3      testWidgets.<anonymous closure>.<anonymous closure> (package:flutter_test/src/widget_tester.dart:192:15)
<asynchronous suspension>
#4      TestWidgetsFlutterBinding._runTestBody (package:flutter_test/src/binding.dart:1059:5)
<asynchronous suspension>
<asynchronous suspension>
(elided one frame from package:stack_trace)

The test description was:
  calculates crossAxisCount correctly on Windows (gridMedium)
ÔòÉÔòÉÔòÉÔòÉÔòÉÔòÉÔòÉÔòÉÔòÉÔòÉÔòÉÔòÉÔòÉÔòÉÔòÉÔòÉÔòÉÔòÉÔòÉÔòÉÔòÉÔòÉÔòÉÔòÉÔòÉÔòÉÔòÉÔòÉÔòÉÔòÉÔòÉÔòÉÔòÉÔòÉÔòÉÔòÉÔòÉÔòÉÔòÉÔòÉÔòÉÔòÉÔòÉÔòÉÔòÉÔòÉÔòÉÔòÉÔòÉÔòÉÔòÉÔòÉÔòÉÔòÉÔòÉÔòÉÔòÉÔòÉÔòÉÔòÉÔòÉÔòÉÔòÉÔòÉÔòÉÔòÉÔòÉÔòÉÔòÉÔòÉÔòÉÔòÉÔòÉÔòÉÔòÉÔòÉÔòÉÔòÉÔòÉÔòÉÔòÉÔòÉÔòÉÔòÉÔòÉÔòÉÔòÉÔòÉÔòÉÔòÉÔòÉÔòÉÔòÉÔòÉÔòÉÔòÉÔòÉÔòÉÔòÉÔòÉ
75:19 +178 ~3 -50: C:/Users/joaom/Documents/GitHub/Notes/universal_notes_flutter/test/main_test.dart: NotesScreen Responsive Layout calculates crossAxisCount correctly on Windows (gridMedium) [E]
  Test failed. See exception logs above.
  The test description was: calculates crossAxisCount correctly on Windows (gridMedium)
  
75:19 +178 ~3 -50: C:/Users/joaom/Documents/GitHub/Notes/universal_notes_flutter/test/main_test.dart: NotesScreen Responsive Layout calculates crossAxisCount correctly on Android (gridSmall)
75:19 +178 ~3 -50: C:/Users/joaom/Documents/GitHub/Notes/universal_notes_flutter/test/main_test.dart: NotesScreen Responsive Layout calculates crossAxisCount correctly on Windows (gridMedium) [E]
  DatabaseException(error database_closed)
  package:sqflite_common/src/database_mixin.dart 518:7                      SqfliteDatabaseMixin.checkNotClosed
  package:sqflite_common/src/database_mixin.dart 147:8                      SqfliteDatabaseExecutorMixin._rawQuery
  package:sqflite_common/src/database_mixin.dart 140:12                     SqfliteDatabaseExecutorMixin.rawQuery
  package:universal_notes_flutter/repositories/note_repository.dart 565:27  NoteRepository.getAllNotes
  ===== asynchronous gap ===========================
  dart:async                                                                _CustomZone.registerBinaryCallback
  package:universal_notes_flutter/services/sync_service.dart 98:7           SyncService._startBackgroundSync.<fn>
  ===== asynchronous gap ===========================
  dart:async                                                                _StreamImpl.listen
  package:universal_notes_flutter/services/sync_service.dart 94:61          SyncService._startBackgroundSync
  package:universal_notes_flutter/services/sync_service.dart 51:5           SyncService.init
  ===== asynchronous gap ===========================
  dart:async                                                                _CustomZone.registerUnaryCallback
  package:universal_notes_flutter/services/sync_service.dart 48:5           SyncService.init
  test\main_test.dart 259:32                                                main.<fn>
  ===== asynchronous gap ===========================
  dart:async                                                                _CustomZone.registerUnaryCallback
  test\main_test.dart 254:5                                                 main.<fn>
  
75:21 +178 ~3 -50: C:/Users/joaom/Documents/GitHub/Notes/universal_notes_flutter/test/main_test.dart: NotesScreen Responsive Layout calculates crossAxisCount correctly on Android (gridSmall)
ÔòÉÔòÉÔòí EXCEPTION CAUGHT BY FLUTTER TEST FRAMEWORK Ôò×ÔòÉÔòÉÔòÉÔòÉÔòÉÔòÉÔòÉÔòÉÔòÉÔòÉÔòÉÔòÉÔòÉÔòÉÔòÉÔòÉÔòÉÔòÉÔòÉÔòÉÔòÉÔòÉÔòÉÔòÉÔòÉÔòÉÔòÉÔòÉÔòÉÔòÉÔòÉÔòÉÔòÉÔòÉÔòÉÔòÉÔòÉÔòÉÔòÉÔòÉÔòÉÔòÉÔòÉÔòÉÔòÉÔòÉÔòÉÔòÉÔòÉÔòÉÔòÉÔòÉ
The following assertion was thrown running a test:
The finder "Found 0 widgets with icon "IconData(U+0F48F)": []" (used in a call to "tap()") could not
find any matching widgets.

When the exception was thrown, this was the stack:
#0      WidgetController._getElementPoint (package:flutter_test/src/controller.dart:2013:7)
#1      WidgetController.getCenter (package:flutter_test/src/controller.dart:1865:12)
#2      WidgetController.tap (package:flutter_test/src/controller.dart:1045:7)
#3      main.<anonymous closure>.pumpWithConstraints (file:///C:/Users/joaom/Documents/GitHub/Notes/universal_notes_flutter/test/main_test.dart:773:24)
<asynchronous suspension>
#4      main.<anonymous closure>.<anonymous closure> (file:///C:/Users/joaom/Documents/GitHub/Notes/universal_notes_flutter/test/main_test.dart:842:7)
<asynchronous suspension>
#5      testWidgets.<anonymous closure>.<anonymous closure> (package:flutter_test/src/widget_tester.dart:192:15)
<asynchronous suspension>
#6      TestWidgetsFlutterBinding._runTestBody (package:flutter_test/src/binding.dart:1059:5)
<asynchronous suspension>
<asynchronous suspension>
(elided one frame from package:stack_trace)

The test description was:
  calculates crossAxisCount correctly on Android (gridSmall)
ÔòÉÔòÉÔòÉÔòÉÔòÉÔòÉÔòÉÔòÉÔòÉÔòÉÔòÉÔòÉÔòÉÔòÉÔòÉÔòÉÔòÉÔòÉÔòÉÔòÉÔòÉÔòÉÔòÉÔòÉÔòÉÔòÉÔòÉÔòÉÔòÉÔòÉÔòÉÔòÉÔòÉÔòÉÔòÉÔòÉÔòÉÔòÉÔòÉÔòÉÔòÉÔòÉÔòÉÔòÉÔòÉÔòÉÔòÉÔòÉÔòÉÔòÉÔòÉÔòÉÔòÉÔòÉÔòÉÔòÉÔòÉÔòÉÔòÉÔòÉÔòÉÔòÉÔòÉÔòÉÔòÉÔòÉÔòÉÔòÉÔòÉÔòÉÔòÉÔòÉÔòÉÔòÉÔòÉÔòÉÔòÉÔòÉÔòÉÔòÉÔòÉÔòÉÔòÉÔòÉÔòÉÔòÉÔòÉÔòÉÔòÉÔòÉÔòÉÔòÉÔòÉÔòÉÔòÉÔòÉÔòÉÔòÉÔòÉÔòÉ
75:21 +178 ~3 -51: C:/Users/joaom/Documents/GitHub/Notes/universal_notes_flutter/test/main_test.dart: NotesScreen Responsive Layout calculates crossAxisCount correctly on Android (gridSmall) [E]
  Test failed. See exception logs above.
  The test description was: calculates crossAxisCount correctly on Android (gridSmall)
  
75:21 +178 ~3 -51: C:/Users/joaom/Documents/GitHub/Notes/universal_notes_flutter/test/main_test.dart: NotesScreen Responsive Layout calculates crossAxisCount correctly on Windows (gridSmall)
75:21 +178 ~3 -51: C:/Users/joaom/Documents/GitHub/Notes/universal_notes_flutter/test/main_test.dart: NotesScreen Responsive Layout calculates crossAxisCount correctly on Android (gridSmall) [E]
  DatabaseException(error database_closed)
  package:sqflite_common/src/database_mixin.dart 518:7                      SqfliteDatabaseMixin.checkNotClosed
  package:sqflite_common/src/database_mixin.dart 147:8                      SqfliteDatabaseExecutorMixin._rawQuery
  package:sqflite_common/src/database_mixin.dart 140:12                     SqfliteDatabaseExecutorMixin.rawQuery
  package:universal_notes_flutter/repositories/note_repository.dart 565:27  NoteRepository.getAllNotes
  ===== asynchronous gap ===========================
  dart:async                                                                _CustomZone.registerBinaryCallback
  package:universal_notes_flutter/services/sync_service.dart 98:7           SyncService._startBackgroundSync.<fn>
  ===== asynchronous gap ===========================
  dart:async                                                                _StreamImpl.listen
  package:universal_notes_flutter/services/sync_service.dart 94:61          SyncService._startBackgroundSync
  package:universal_notes_flutter/services/sync_service.dart 51:5           SyncService.init
  ===== asynchronous gap ===========================
  dart:async                                                                _CustomZone.registerUnaryCallback
  package:universal_notes_flutter/services/sync_service.dart 48:5           SyncService.init
  test\main_test.dart 259:32                                                main.<fn>
  ===== asynchronous gap ===========================
  dart:async                                                                _CustomZone.registerUnaryCallback
  test\main_test.dart 254:5                                                 main.<fn>
  
75:23 +178 ~3 -51: C:/Users/joaom/Documents/GitHub/Notes/universal_notes_flutter/test/main_test.dart: NotesScreen Responsive Layout calculates crossAxisCount correctly on Windows (gridSmall)
ÔòÉÔòÉÔòí EXCEPTION CAUGHT BY FLUTTER TEST FRAMEWORK Ôò×ÔòÉÔòÉÔòÉÔòÉÔòÉÔòÉÔòÉÔòÉÔòÉÔòÉÔòÉÔòÉÔòÉÔòÉÔòÉÔòÉÔòÉÔòÉÔòÉÔòÉÔòÉÔòÉÔòÉÔòÉÔòÉÔòÉÔòÉÔòÉÔòÉÔòÉÔòÉÔòÉÔòÉÔòÉÔòÉÔòÉÔòÉÔòÉÔòÉÔòÉÔòÉÔòÉÔòÉÔòÉÔòÉÔòÉÔòÉÔòÉÔòÉÔòÉÔòÉÔòÉ
The following assertion was thrown running a test:
The finder "Found 0 widgets with icon "IconData(U+0E890)": []" (used in a call to "tap()") could not
find any matching widgets.

When the exception was thrown, this was the stack:
#0      WidgetController._getElementPoint (package:flutter_test/src/controller.dart:2013:7)
#1      WidgetController.getCenter (package:flutter_test/src/controller.dart:1865:12)
#2      WidgetController.tap (package:flutter_test/src/controller.dart:1045:7)
#3      main.<anonymous closure>.pumpWithConstraints (file:///C:/Users/joaom/Documents/GitHub/Notes/universal_notes_flutter/test/main_test.dart:773:24)
<asynchronous suspension>
#4      main.<anonymous closure>.<anonymous closure> (file:///C:/Users/joaom/Documents/GitHub/Notes/universal_notes_flutter/test/main_test.dart:860:7)
<asynchronous suspension>
#5      testWidgets.<anonymous closure>.<anonymous closure> (package:flutter_test/src/widget_tester.dart:192:15)
<asynchronous suspension>
#6      TestWidgetsFlutterBinding._runTestBody (package:flutter_test/src/binding.dart:1059:5)
<asynchronous suspension>
<asynchronous suspension>
(elided one frame from package:stack_trace)

The test description was:
  calculates crossAxisCount correctly on Windows (gridSmall)
ÔòÉÔòÉÔòÉÔòÉÔòÉÔòÉÔòÉÔòÉÔòÉÔòÉÔòÉÔòÉÔòÉÔòÉÔòÉÔòÉÔòÉÔòÉÔòÉÔòÉÔòÉÔòÉÔòÉÔòÉÔòÉÔòÉÔòÉÔòÉÔòÉÔòÉÔòÉÔòÉÔòÉÔòÉÔòÉÔòÉÔòÉÔòÉÔòÉÔòÉÔòÉÔòÉÔòÉÔòÉÔòÉÔòÉÔòÉÔòÉÔòÉÔòÉÔòÉÔòÉÔòÉÔòÉÔòÉÔòÉÔòÉÔòÉÔòÉÔòÉÔòÉÔòÉÔòÉÔòÉÔòÉÔòÉÔòÉÔòÉÔòÉÔòÉÔòÉÔòÉÔòÉÔòÉÔòÉÔòÉÔòÉÔòÉÔòÉÔòÉÔòÉÔòÉÔòÉÔòÉÔòÉÔòÉÔòÉÔòÉÔòÉÔòÉÔòÉÔòÉÔòÉÔòÉÔòÉÔòÉÔòÉÔòÉÔòÉÔòÉ
75:23 +178 ~3 -52: C:/Users/joaom/Documents/GitHub/Notes/universal_notes_flutter/test/main_test.dart: NotesScreen Responsive Layout calculates crossAxisCount correctly on Windows (gridSmall) [E]
  Test failed. See exception logs above.
  The test description was: calculates crossAxisCount correctly on Windows (gridSmall)
  
75:23 +178 ~3 -52: C:/Users/joaom/Documents/GitHub/Notes/universal_notes_flutter/test/main_test.dart: NotesScreen Responsive Layout calculates crossAxisCount correctly on Android (gridLarge)
75:23 +178 ~3 -52: C:/Users/joaom/Documents/GitHub/Notes/universal_notes_flutter/test/main_test.dart: NotesScreen Responsive Layout calculates crossAxisCount correctly on Windows (gridSmall) [E]
  DatabaseException(error database_closed)
  package:sqflite_common/src/database_mixin.dart 518:7                      SqfliteDatabaseMixin.checkNotClosed
  package:sqflite_common/src/database_mixin.dart 147:8                      SqfliteDatabaseExecutorMixin._rawQuery
  package:sqflite_common/src/database_mixin.dart 140:12                     SqfliteDatabaseExecutorMixin.rawQuery
  package:sqflite_common/src/database_mixin.dart 128:12                     SqfliteDatabaseExecutorMixin.query
  package:universal_notes_flutter/repositories/note_repository.dart 480:27  NoteRepository.getAllFolders
  ===== asynchronous gap ===========================
  dart:async                                                                _CustomZone.registerBinaryCallback
  package:universal_notes_flutter/services/sync_service.dart 98:7           SyncService._startBackgroundSync.<fn>
  ===== asynchronous gap ===========================
  dart:async                                                                _StreamImpl.listen
  package:universal_notes_flutter/services/sync_service.dart 94:61          SyncService._startBackgroundSync
  package:universal_notes_flutter/services/sync_service.dart 51:5           SyncService.init
  ===== asynchronous gap ===========================
  dart:async                                                                _CustomZone.registerUnaryCallback
  package:universal_notes_flutter/services/sync_service.dart 48:5           SyncService.init
  test\main_test.dart 259:32                                                main.<fn>
  ===== asynchronous gap ===========================
  dart:async                                                                _CustomZone.registerUnaryCallback
  test\main_test.dart 254:5                                                 main.<fn>
  
75:24 +178 ~3 -52: C:/Users/joaom/Documents/GitHub/Notes/universal_notes_flutter/test/main_test.dart: NotesScreen Responsive Layout calculates crossAxisCount correctly on Android (gridLarge)
ÔòÉÔòÉÔòí EXCEPTION CAUGHT BY FLUTTER TEST FRAMEWORK Ôò×ÔòÉÔòÉÔòÉÔòÉÔòÉÔòÉÔòÉÔòÉÔòÉÔòÉÔòÉÔòÉÔòÉÔòÉÔòÉÔòÉÔòÉÔòÉÔòÉÔòÉÔòÉÔòÉÔòÉÔòÉÔòÉÔòÉÔòÉÔòÉÔòÉÔòÉÔòÉÔòÉÔòÉÔòÉÔòÉÔòÉÔòÉÔòÉÔòÉÔòÉÔòÉÔòÉÔòÉÔòÉÔòÉÔòÉÔòÉÔòÉÔòÉÔòÉÔòÉÔòÉ
The following assertion was thrown running a test:
The finder "Found 0 widgets with icon "IconData(U+0F48F)": []" (used in a call to "tap()") could not
find any matching widgets.

When the exception was thrown, this was the stack:
#0      WidgetController._getElementPoint (package:flutter_test/src/controller.dart:2013:7)
#1      WidgetController.getCenter (package:flutter_test/src/controller.dart:1865:12)
#2      WidgetController.tap (package:flutter_test/src/controller.dart:1045:7)
#3      main.<anonymous closure>.pumpWithConstraints (file:///C:/Users/joaom/Documents/GitHub/Notes/universal_notes_flutter/test/main_test.dart:773:24)
<asynchronous suspension>
#4      main.<anonymous closure>.<anonymous closure> (file:///C:/Users/joaom/Documents/GitHub/Notes/universal_notes_flutter/test/main_test.dart:879:7)
<asynchronous suspension>
#5      testWidgets.<anonymous closure>.<anonymous closure> (package:flutter_test/src/widget_tester.dart:192:15)
<asynchronous suspension>
#6      TestWidgetsFlutterBinding._runTestBody (package:flutter_test/src/binding.dart:1059:5)
<asynchronous suspension>
<asynchronous suspension>
(elided one frame from package:stack_trace)

The test description was:
  calculates crossAxisCount correctly on Android (gridLarge)
ÔòÉÔòÉÔòÉÔòÉÔòÉÔòÉÔòÉÔòÉÔòÉÔòÉÔòÉÔòÉÔòÉÔòÉÔòÉÔòÉÔòÉÔòÉÔòÉÔòÉÔòÉÔòÉÔòÉÔòÉÔòÉÔòÉÔòÉÔòÉÔòÉÔòÉÔòÉÔòÉÔòÉÔòÉÔòÉÔòÉÔòÉÔòÉÔòÉÔòÉÔòÉÔòÉÔòÉÔòÉÔòÉÔòÉÔòÉÔòÉÔòÉÔòÉÔòÉÔòÉÔòÉÔòÉÔòÉÔòÉÔòÉÔòÉÔòÉÔòÉÔòÉÔòÉÔòÉÔòÉÔòÉÔòÉÔòÉÔòÉÔòÉÔòÉÔòÉÔòÉÔòÉÔòÉÔòÉÔòÉÔòÉÔòÉÔòÉÔòÉÔòÉÔòÉÔòÉÔòÉÔòÉÔòÉÔòÉÔòÉÔòÉÔòÉÔòÉÔòÉÔòÉÔòÉÔòÉÔòÉÔòÉÔòÉÔòÉÔòÉ
75:24 +178 ~3 -53: C:/Users/joaom/Documents/GitHub/Notes/universal_notes_flutter/test/main_test.dart: NotesScreen Responsive Layout calculates crossAxisCount correctly on Android (gridLarge) [E]
  Test failed. See exception logs above.
  The test description was: calculates crossAxisCount correctly on Android (gridLarge)
  
75:24 +178 ~3 -53: C:/Users/joaom/Documents/GitHub/Notes/universal_notes_flutter/test/main_test.dart: NotesScreen Responsive Layout calculates crossAxisCount correctly on Windows (gridLarge)
75:25 +178 ~3 -53: C:/Users/joaom/Documents/GitHub/Notes/universal_notes_flutter/test/main_test.dart: NotesScreen Responsive Layout calculates crossAxisCount correctly on Android (gridLarge) [E]
  DatabaseException(error database_closed)
  package:sqflite_common/src/database_mixin.dart 518:7                      SqfliteDatabaseMixin.checkNotClosed
  package:sqflite_common/src/database_mixin.dart 147:8                      SqfliteDatabaseExecutorMixin._rawQuery
  package:sqflite_common/src/database_mixin.dart 140:12                     SqfliteDatabaseExecutorMixin.rawQuery
  package:universal_notes_flutter/repositories/note_repository.dart 565:27  NoteRepository.getAllNotes
  ===== asynchronous gap ===========================
  dart:async                                                                _CustomZone.registerBinaryCallback
  package:universal_notes_flutter/services/sync_service.dart 98:7           SyncService._startBackgroundSync.<fn>
  ===== asynchronous gap ===========================
  dart:async                                                                _StreamImpl.listen
  package:universal_notes_flutter/services/sync_service.dart 94:61          SyncService._startBackgroundSync
  package:universal_notes_flutter/services/sync_service.dart 51:5           SyncService.init
  ===== asynchronous gap ===========================
  dart:async                                                                _CustomZone.registerUnaryCallback
  package:universal_notes_flutter/services/sync_service.dart 48:5           SyncService.init
  test\main_test.dart 259:32                                                main.<fn>
  ===== asynchronous gap ===========================
  dart:async                                                                _CustomZone.registerUnaryCallback
  test\main_test.dart 254:5                                                 main.<fn>
  
75:26 +178 ~3 -53: C:/Users/joaom/Documents/GitHub/Notes/universal_notes_flutter/test/main_test.dart: NotesScreen Responsive Layout calculates crossAxisCount correctly on Windows (gridLarge)
ÔòÉÔòÉÔòí EXCEPTION CAUGHT BY FLUTTER TEST FRAMEWORK Ôò×ÔòÉÔòÉÔòÉÔòÉÔòÉÔòÉÔòÉÔòÉÔòÉÔòÉÔòÉÔòÉÔòÉÔòÉÔòÉÔòÉÔòÉÔòÉÔòÉÔòÉÔòÉÔòÉÔòÉÔòÉÔòÉÔòÉÔòÉÔòÉÔòÉÔòÉÔòÉÔòÉÔòÉÔòÉÔòÉÔòÉÔòÉÔòÉÔòÉÔòÉÔòÉÔòÉÔòÉÔòÉÔòÉÔòÉÔòÉÔòÉÔòÉÔòÉÔòÉÔòÉ
The following assertion was thrown running a test:
The finder "Found 0 widgets with icon "IconData(U+0E890)": []" (used in a call to "tap()") could not
find any matching widgets.

When the exception was thrown, this was the stack:
#0      WidgetController._getElementPoint (package:flutter_test/src/controller.dart:2013:7)
#1      WidgetController.getCenter (package:flutter_test/src/controller.dart:1865:12)
#2      WidgetController.tap (package:flutter_test/src/controller.dart:1045:7)
#3      main.<anonymous closure>.pumpWithConstraints (file:///C:/Users/joaom/Documents/GitHub/Notes/universal_notes_flutter/test/main_test.dart:773:24)
<asynchronous suspension>
#4      main.<anonymous closure>.<anonymous closure> (file:///C:/Users/joaom/Documents/GitHub/Notes/universal_notes_flutter/test/main_test.dart:898:7)
<asynchronous suspension>
#5      testWidgets.<anonymous closure>.<anonymous closure> (package:flutter_test/src/widget_tester.dart:192:15)
<asynchronous suspension>
#6      TestWidgetsFlutterBinding._runTestBody (package:flutter_test/src/binding.dart:1059:5)
<asynchronous suspension>
<asynchronous suspension>
(elided one frame from package:stack_trace)

The test description was:
  calculates crossAxisCount correctly on Windows (gridLarge)
ÔòÉÔòÉÔòÉÔòÉÔòÉÔòÉÔòÉÔòÉÔòÉÔòÉÔòÉÔòÉÔòÉÔòÉÔòÉÔòÉÔòÉÔòÉÔòÉÔòÉÔòÉÔòÉÔòÉÔòÉÔòÉÔòÉÔòÉÔòÉÔòÉÔòÉÔòÉÔòÉÔòÉÔòÉÔòÉÔòÉÔòÉÔòÉÔòÉÔòÉÔòÉÔòÉÔòÉÔòÉÔòÉÔòÉÔòÉÔòÉÔòÉÔòÉÔòÉÔòÉÔòÉÔòÉÔòÉÔòÉÔòÉÔòÉÔòÉÔòÉÔòÉÔòÉÔòÉÔòÉÔòÉÔòÉÔòÉÔòÉÔòÉÔòÉÔòÉÔòÉÔòÉÔòÉÔòÉÔòÉÔòÉÔòÉÔòÉÔòÉÔòÉÔòÉÔòÉÔòÉÔòÉÔòÉÔòÉÔòÉÔòÉÔòÉÔòÉÔòÉÔòÉÔòÉÔòÉÔòÉÔòÉÔòÉÔòÉÔòÉ
75:26 +178 ~3 -54: C:/Users/joaom/Documents/GitHub/Notes/universal_notes_flutter/test/main_test.dart: NotesScreen Responsive Layout calculates crossAxisCount correctly on Windows (gridLarge) [E]
  Test failed. See exception logs above.
  The test description was: calculates crossAxisCount correctly on Windows (gridLarge)
  
75:26 +178 ~3 -54: C:/Users/joaom/Documents/GitHub/Notes/universal_notes_flutter/test/main_test.dart: NotesScreen Comprehensive AppBar Titles shows correct title for every navigation index
75:26 +178 ~3 -54: C:/Users/joaom/Documents/GitHub/Notes/universal_notes_flutter/test/main_test.dart: NotesScreen Responsive Layout calculates crossAxisCount correctly on Windows (gridLarge) [E]
  DatabaseException(error database_closed)
  package:sqflite_common/src/database_mixin.dart 518:7                      SqfliteDatabaseMixin.checkNotClosed
  package:sqflite_common/src/database_mixin.dart 147:8                      SqfliteDatabaseExecutorMixin._rawQuery
  package:sqflite_common/src/database_mixin.dart 140:12                     SqfliteDatabaseExecutorMixin.rawQuery
  package:universal_notes_flutter/repositories/note_repository.dart 565:27  NoteRepository.getAllNotes
  ===== asynchronous gap ===========================
  dart:async                                                                _CustomZone.registerBinaryCallback
  package:universal_notes_flutter/services/sync_service.dart 98:7           SyncService._startBackgroundSync.<fn>
  ===== asynchronous gap ===========================
  dart:async                                                                _StreamImpl.listen
  package:universal_notes_flutter/services/sync_service.dart 94:61          SyncService._startBackgroundSync
  package:universal_notes_flutter/services/sync_service.dart 51:5           SyncService.init
  ===== asynchronous gap ===========================
  dart:async                                                                _CustomZone.registerUnaryCallback
  package:universal_notes_flutter/services/sync_service.dart 48:5           SyncService.init
  test\main_test.dart 259:32                                                main.<fn>
  ===== asynchronous gap ===========================
  dart:async                                                                _CustomZone.registerUnaryCallback
  test\main_test.dart 254:5                                                 main.<fn>
  
75:51 +178 ~3 -54: C:/Users/joaom/Documents/GitHub/Notes/universal_notes_flutter/test/main_test.dart: NotesScreen Comprehensive AppBar Titles shows correct title for every navigation index
Warning database has been locked for 0:00:10.000000. Make sure you always use the transaction object for database operations during a transaction
ÔòÉÔòÉÔòí EXCEPTION CAUGHT BY FLUTTER TEST FRAMEWORK Ôò×ÔòÉÔòÉÔòÉÔòÉÔòÉÔòÉÔòÉÔòÉÔòÉÔòÉÔòÉÔòÉÔòÉÔòÉÔòÉÔòÉÔòÉÔòÉÔòÉÔòÉÔòÉÔòÉÔòÉÔòÉÔòÉÔòÉÔòÉÔòÉÔòÉÔòÉÔòÉÔòÉÔòÉÔòÉÔòÉÔòÉÔòÉÔòÉÔòÉÔòÉÔòÉÔòÉÔòÉÔòÉÔòÉÔòÉÔòÉÔòÉÔòÉÔòÉÔòÉÔòÉ
The following assertion was thrown running a test:
pumpAndSettle timed out

When the exception was thrown, this was the stack:
#0      WidgetTester.pumpAndSettle.<anonymous closure> (package:flutter_test/src/widget_tester.dart:717:11)
<asynchronous suspension>
#1      TestAsyncUtils.guard.<anonymous closure> (package:flutter_test/src/test_async_utils.dart:130:27)
<asynchronous suspension>
#2      main._pumpNotesScreen (file:///C:/Users/joaom/Documents/GitHub/Notes/universal_notes_flutter/test/main_test.dart:288:5)
<asynchronous suspension>
#3      main.<anonymous closure>.<anonymous closure> (file:///C:/Users/joaom/Documents/GitHub/Notes/universal_notes_flutter/test/main_test.dart:920:7)
<asynchronous suspension>
#4      testWidgets.<anonymous closure>.<anonymous closure> (package:flutter_test/src/widget_tester.dart:192:15)
<asynchronous suspension>
#5      TestWidgetsFlutterBinding._runTestBody (package:flutter_test/src/binding.dart:1059:5)
<asynchronous suspension>
<asynchronous suspension>
(elided one frame from package:stack_trace)

The test description was:
  shows correct title for every navigation index
ÔòÉÔòÉÔòÉÔòÉÔòÉÔòÉÔòÉÔòÉÔòÉÔòÉÔòÉÔòÉÔòÉÔòÉÔòÉÔòÉÔòÉÔòÉÔòÉÔòÉÔòÉÔòÉÔòÉÔòÉÔòÉÔòÉÔòÉÔòÉÔòÉÔòÉÔòÉÔòÉÔòÉÔòÉÔòÉÔòÉÔòÉÔòÉÔòÉÔòÉÔòÉÔòÉÔòÉÔòÉÔòÉÔòÉÔòÉÔòÉÔòÉÔòÉÔòÉÔòÉÔòÉÔòÉÔòÉÔòÉÔòÉÔòÉÔòÉÔòÉÔòÉÔòÉÔòÉÔòÉÔòÉÔòÉÔòÉÔòÉÔòÉÔòÉÔòÉÔòÉÔòÉÔòÉÔòÉÔòÉÔòÉÔòÉÔòÉÔòÉÔòÉÔòÉÔòÉÔòÉÔòÉÔòÉÔòÉÔòÉÔòÉÔòÉÔòÉÔòÉÔòÉÔòÉÔòÉÔòÉÔòÉÔòÉÔòÉÔòÉ
75:51 +178 ~3 -55: C:/Users/joaom/Documents/GitHub/Notes/universal_notes_flutter/test/main_test.dart: NotesScreen Comprehensive AppBar Titles shows correct title for every navigation index [E]
  Test failed. See exception logs above.
  The test description was: shows correct title for every navigation index
  
75:51 +178 ~3 -55: C:/Users/joaom/Documents/GitHub/Notes/universal_notes_flutter/test/main_test.dart: NotesScreen Navigation Rail Destinations verify all rail destinations exist
75:51 +178 ~3 -55: C:/Users/joaom/Documents/GitHub/Notes/universal_notes_flutter/test/main_test.dart: NotesScreen Comprehensive AppBar Titles shows correct title for every navigation index [E]
  DatabaseException(error database_closed)
  package:sqflite_common/src/database_mixin.dart 518:7                      SqfliteDatabaseMixin.checkNotClosed
  package:sqflite_common/src/database_mixin.dart 147:8                      SqfliteDatabaseExecutorMixin._rawQuery
  package:sqflite_common/src/database_mixin.dart 140:12                     SqfliteDatabaseExecutorMixin.rawQuery
  package:universal_notes_flutter/repositories/note_repository.dart 565:27  NoteRepository.getAllNotes
  ===== asynchronous gap ===========================
  dart:async                                                                _CustomZone.registerBinaryCallback
  package:universal_notes_flutter/services/sync_service.dart 98:7           SyncService._startBackgroundSync.<fn>
  ===== asynchronous gap ===========================
  dart:async                                                                _StreamImpl.listen
  package:universal_notes_flutter/services/sync_service.dart 94:61          SyncService._startBackgroundSync
  package:universal_notes_flutter/services/sync_service.dart 51:5           SyncService.init
  ===== asynchronous gap ===========================
  dart:async                                                                _CustomZone.registerUnaryCallback
  package:universal_notes_flutter/services/sync_service.dart 48:5           SyncService.init
  test\main_test.dart 259:32                                                main.<fn>
  ===== asynchronous gap ===========================
  dart:async                                                                _CustomZone.registerUnaryCallback
  test\main_test.dart 254:5                                                 main.<fn>
  
76:07 +178 ~3 -55: C:/Users/joaom/Documents/GitHub/Notes/universal_notes_flutter/test/main_test.dart: NotesScreen Navigation Rail Destinations verify all rail destinations exist
Warning database has been locked for 0:00:10.000000. Make sure you always use the transaction object for database operations during a transaction
ÔòÉÔòÉÔòí EXCEPTION CAUGHT BY FLUTTER TEST FRAMEWORK Ôò×ÔòÉÔòÉÔòÉÔòÉÔòÉÔòÉÔòÉÔòÉÔòÉÔòÉÔòÉÔòÉÔòÉÔòÉÔòÉÔòÉÔòÉÔòÉÔòÉÔòÉÔòÉÔòÉÔòÉÔòÉÔòÉÔòÉÔòÉÔòÉÔòÉÔòÉÔòÉÔòÉÔòÉÔòÉÔòÉÔòÉÔòÉÔòÉÔòÉÔòÉÔòÉÔòÉÔòÉÔòÉÔòÉÔòÉÔòÉÔòÉÔòÉÔòÉÔòÉÔòÉ
The following assertion was thrown running a test:
pumpAndSettle timed out

When the exception was thrown, this was the stack:
#0      WidgetTester.pumpAndSettle.<anonymous closure> (package:flutter_test/src/widget_tester.dart:717:11)
<asynchronous suspension>
#1      TestAsyncUtils.guard.<anonymous closure> (package:flutter_test/src/test_async_utils.dart:130:27)
<asynchronous suspension>
#2      main._pumpNotesScreen (file:///C:/Users/joaom/Documents/GitHub/Notes/universal_notes_flutter/test/main_test.dart:288:5)
<asynchronous suspension>
#3      main.<anonymous closure>.<anonymous closure> (file:///C:/Users/joaom/Documents/GitHub/Notes/universal_notes_flutter/test/main_test.dart:957:7)
<asynchronous suspension>
#4      testWidgets.<anonymous closure>.<anonymous closure> (package:flutter_test/src/widget_tester.dart:192:15)
<asynchronous suspension>
#5      TestWidgetsFlutterBinding._runTestBody (package:flutter_test/src/binding.dart:1059:5)
<asynchronous suspension>
<asynchronous suspension>
(elided one frame from package:stack_trace)

The test description was:
  verify all rail destinations exist
ÔòÉÔòÉÔòÉÔòÉÔòÉÔòÉÔòÉÔòÉÔòÉÔòÉÔòÉÔòÉÔòÉÔòÉÔòÉÔòÉÔòÉÔòÉÔòÉÔòÉÔòÉÔòÉÔòÉÔòÉÔòÉÔòÉÔòÉÔòÉÔòÉÔòÉÔòÉÔòÉÔòÉÔòÉÔòÉÔòÉÔòÉÔòÉÔòÉÔòÉÔòÉÔòÉÔòÉÔòÉÔòÉÔòÉÔòÉÔòÉÔòÉÔòÉÔòÉÔòÉÔòÉÔòÉÔòÉÔòÉÔòÉÔòÉÔòÉÔòÉÔòÉÔòÉÔòÉÔòÉÔòÉÔòÉÔòÉÔòÉÔòÉÔòÉÔòÉÔòÉÔòÉÔòÉÔòÉÔòÉÔòÉÔòÉÔòÉÔòÉÔòÉÔòÉÔòÉÔòÉÔòÉÔòÉÔòÉÔòÉÔòÉÔòÉÔòÉÔòÉÔòÉÔòÉÔòÉÔòÉÔòÉÔòÉÔòÉÔòÉ
76:07 +178 ~3 -56: C:/Users/joaom/Documents/GitHub/Notes/universal_notes_flutter/test/main_test.dart: NotesScreen Navigation Rail Destinations verify all rail destinations exist [E]
  Test failed. See exception logs above.
  The test description was: verify all rail destinations exist
  
76:07 +178 ~3 -56: C:/Users/joaom/Documents/GitHub/Notes/universal_notes_flutter/test/main_test.dart: NotesScreen Data Operations creating a new note calls insertNote
76:07 +178 ~3 -56: C:/Users/joaom/Documents/GitHub/Notes/universal_notes_flutter/test/main_test.dart: NotesScreen Navigation Rail Destinations verify all rail destinations exist [E]
  DatabaseException(error database_closed)
  package:sqflite_common/src/database_mixin.dart 518:7                      SqfliteDatabaseMixin.checkNotClosed
  package:sqflite_common/src/database_mixin.dart 147:8                      SqfliteDatabaseExecutorMixin._rawQuery
  package:sqflite_common/src/database_mixin.dart 140:12                     SqfliteDatabaseExecutorMixin.rawQuery
  package:sqflite_common/src/database_mixin.dart 128:12                     SqfliteDatabaseExecutorMixin.query
  package:universal_notes_flutter/repositories/note_repository.dart 480:27  NoteRepository.getAllFolders
  ===== asynchronous gap ===========================
  dart:async                                                                _CustomZone.registerBinaryCallback
  package:universal_notes_flutter/services/sync_service.dart 98:7           SyncService._startBackgroundSync.<fn>
  ===== asynchronous gap ===========================
  dart:async                                                                _StreamImpl.listen
  package:universal_notes_flutter/services/sync_service.dart 94:61          SyncService._startBackgroundSync
  package:universal_notes_flutter/services/sync_service.dart 51:5           SyncService.init
  ===== asynchronous gap ===========================
  dart:async                                                                _CustomZone.registerUnaryCallback
  package:universal_notes_flutter/services/sync_service.dart 48:5           SyncService.init
  test\main_test.dart 259:32                                                main.<fn>
  ===== asynchronous gap ===========================
  dart:async                                                                _CustomZone.registerUnaryCallback
  test\main_test.dart 254:5                                                 main.<fn>
  
86:07 +178 ~3 -57: C:/Users/joaom/Documents/GitHub/Notes/universal_notes_flutter/test/main_test.dart: NotesScreen Data Operations creating a new note calls insertNote [E]
  TimeoutException after 0:10:00.000000: Test timed out after 10 minutes.
  dart:isolate  _RawReceivePort._handleMessage
  
86:07 +178 ~3 -57: C:/Users/joaom/Documents/GitHub/Notes/universal_notes_flutter/test/main_test.dart: NotesScreen Data Operations deleting a note calls deleteNote
