00:00 +0: loading C:/Users/joaom/Documents/GitHub/Notes/universal_notes_flutter/test/auth_service_test.dart
00:00 +0: C:/Users/joaom/Documents/GitHub/Notes/universal_notes_flutter/test/chaos_resilience_test.dart: UpdateService Resilience (Chaos) handles timeout gracefully
00:00 +1: C:/Users/joaom/Documents/GitHub/Notes/universal_notes_flutter/test/chaos_resilience_test.dart: UpdateService Resilience (Chaos) handles server 500 errors gracefully
00:12 +2: C:/Users/joaom/Documents/GitHub/Notes/universal_notes_flutter/test/coverage_helper_test.dart: coverage helper
00:15 +3: C:/Users/joaom/Documents/GitHub/Notes/universal_notes_flutter/test/editor/document_manipulator_test.dart: DocumentManipulator insertText should add text to an empty document
00:15 +4: C:/Users/joaom/Documents/GitHub/Notes/universal_notes_flutter/test/editor/document_manipulator_test.dart: DocumentManipulator insertText should add text in the middle of existing text
00:16 +5: C:/Users/joaom/Documents/GitHub/Notes/universal_notes_flutter/test/editor/document_manipulator_test.dart: DocumentManipulator deleteText should remove text correctly
00:16 +6: C:/Users/joaom/Documents/GitHub/Notes/universal_notes_flutter/test/editor/document_manipulator_test.dart: DocumentManipulator toggleStyle should apply bold to selected text
00:16 +7: C:/Users/joaom/Documents/GitHub/Notes/universal_notes_flutter/test/editor/document_manipulator_test.dart: DocumentManipulator changeBlockIndent should update block attributes
00:16 +8: C:/Users/joaom/Documents/GitHub/Notes/universal_notes_flutter/test/editor/document_manipulator_test.dart: DocumentManipulator insertImage should add an image block
00:16 +9: C:/Users/joaom/Documents/GitHub/Notes/universal_notes_flutter/test/editor/document_manipulator_test.dart: DocumentManipulator convertBlockToCallout should transform block type
00:16 +10: C:/Users/joaom/Documents/GitHub/Notes/universal_notes_flutter/test/editor/document_manipulator_test.dart: DocumentManipulator toggleList should apply list attribute
00:19 +11: loading C:/Users/joaom/Documents/GitHub/Notes/universal_notes_flutter/test/editor/editor_widget_test.dart
00:28 +11: C:/Users/joaom/Documents/GitHub/Notes/universal_notes_flutter/test/editor/editor_widget_test.dart: (setUpAll)
00:28 +11: C:/Users/joaom/Documents/GitHub/Notes/universal_notes_flutter/test/editor/editor_widget_test.dart: EditorWidget types text
00:28 +12: C:/Users/joaom/Documents/GitHub/Notes/universal_notes_flutter/test/editor/editor_widget_test.dart: EditorWidget types text
00:28 +13: C:/Users/joaom/Documents/GitHub/Notes/universal_notes_flutter/test/editor/editor_widget_test.dart: EditorWidget types text
00:28 +14: C:/Users/joaom/Documents/GitHub/Notes/universal_notes_flutter/test/editor/editor_widget_test.dart: EditorWidget types text
00:28 +15: C:/Users/joaom/Documents/GitHub/Notes/universal_notes_flutter/test/editor/editor_widget_test.dart: EditorWidget types text
00:33 +16: C:/Users/joaom/Documents/GitHub/Notes/universal_notes_flutter/test/editor/editor_widget_test.dart: EditorWidget handles backspace
00:33 +17: C:/Users/joaom/Documents/GitHub/Notes/universal_notes_flutter/test/editor/editor_widget_test.dart: EditorWidget triggers bold shortcut
00:33 +18: C:/Users/joaom/Documents/GitHub/Notes/universal_notes_flutter/test/editor/editor_widget_test.dart: (tearDownAll)
00:33 +18: loading C:/Users/joaom/Documents/GitHub/Notes/universal_notes_flutter/test/editor/markdown_converter_test.dart
00:39 +18: C:/Users/joaom/Documents/GitHub/Notes/universal_notes_flutter/test/editor/markdown_converter_test.dart: MarkdownConverter should apply bold style on *text* 
00:39 +19: C:/Users/joaom/Documents/GitHub/Notes/universal_notes_flutter/test/editor/markdown_converter_test.dart: MarkdownConverter should apply italic style on _text_ 
00:40 +20: C:/Users/joaom/Documents/GitHub/Notes/universal_notes_flutter/test/editor/markdown_converter_test.dart: MarkdownConverter should apply heading block on # 
00:40 +21: C:/Users/joaom/Documents/GitHub/Notes/universal_notes_flutter/test/editor/markdown_converter_test.dart: MarkdownConverter should apply checklist on - [ ] 
00:40 +22: C:/Users/joaom/Documents/GitHub/Notes/universal_notes_flutter/test/editor/markdown_converter_test.dart: MarkdownConverter should handle links [text](url)
00:40 +23: C:/Users/joaom/Documents/GitHub/Notes/universal_notes_flutter/test/editor/markdown_converter_test.dart: MarkdownConverter should convert table separator |---|
00:40 +24: C:/Users/joaom/Documents/GitHub/Notes/universal_notes_flutter/test/editor/markdown_converter_test.dart: MarkdownConverter should handle math block $$tex$$
00:40 +25: C:/Users/joaom/Documents/GitHub/Notes/universal_notes_flutter/test/editor/markdown_converter_test.dart: MarkdownConverter should handle transclusion ![[note]]
00:41 +26: C:/Users/joaom/Documents/GitHub/Notes/universal_notes_flutter/test/editor/virtual_text_buffer_test.dart: VirtualTextBuffer should split text blocks by newlines
00:41 +27: C:/Users/joaom/Documents/GitHub/Notes/universal_notes_flutter/test/editor/virtual_text_buffer_test.dart: VirtualTextBuffer should handle callout blocks with multiple lines
00:41 +28: C:/Users/joaom/Documents/GitHub/Notes/universal_notes_flutter/test/editor/virtual_text_buffer_test.dart: VirtualTextBuffer getLineTextPositionForOffset should return correct position
00:41 +29: C:/Users/joaom/Documents/GitHub/Notes/universal_notes_flutter/test/editor/virtual_text_buffer_test.dart: VirtualTextBuffer getOffsetForLineTextPosition should return correct offset
00:41 +30: C:/Users/joaom/Documents/GitHub/Notes/universal_notes_flutter/test/editor/virtual_text_buffer_test.dart: VirtualTextBuffer should handle non-text blocks as length 1
00:43 +31: loading C:/Users/joaom/Documents/GitHub/Notes/universal_notes_flutter/test/editor_widget_stress_test.dart
00:48 +31: C:/Users/joaom/Documents/GitHub/Notes/universal_notes_flutter/test/editor_widget_stress_test.dart: EditorWidget Stress Tests should render a 50,000-word document without crashing
00:55 +32: C:/Users/joaom/Documents/GitHub/Notes/universal_notes_flutter/test/main_fluent_test.dart: MyFluentApp UI Tests Deve renderizar a UI inicial com notas
01:07 +32: C:/Users/joaom/Documents/GitHub/Notes/universal_notes_flutter/test/main_material_test.dart: MyApp Material UI Tests Deve renderizar a UI inicial com notas
══╡ EXCEPTION CAUGHT BY WIDGETS LIBRARY ╞═══════════════════════════════════════════════════════════
The following assertion was thrown building NavigationView(appBar:
NavigationAppBar#5db23(backgroundColor: null, decoration: null), pane: null, clipBehavior:
Clip.antiAlias, contentShape: null, dirty, state: NavigationViewState#32216):
A FluentTheme widget is necessary to draw this layout.
To introduce a FluentTheme widget, you can either directly include one, or use a widget that
contains FluentTheme itself, such as FluentApp
The specific widget that could not find a FluentTheme ancestor was:
  NavigationView
The ancestors of this widget were:
  ...
  NotesScreen
  Semantics
  Builder
  RepaintBoundary-[GlobalKey#10e8d]
  IgnorePointer
  ...

The relevant error-causing widget was:
  NavigationView
  NavigationView:file:///C:/Users/joaom/Documents/GitHub/Notes/universal_notes_flutter/lib/screens/notes_screen.dart:698:19

When the exception was thrown, this was the stack:
#0      debugCheckHasFluentTheme.<anonymous closure> (package:fluent_ui/src/utils.dart:19:7)
#1      debugCheckHasFluentTheme (package:fluent_ui/src/utils.dart:30:4)
#2      NavigationViewState.build (package:fluent_ui/src/controls/navigation/navigation_view/view.dart:368:12)
#3      StatefulElement.build (package:flutter/src/widgets/framework.dart:5934:27)
#4      ComponentElement.performRebuild (package:flutter/src/widgets/framework.dart:5820:15)
#5      StatefulElement.performRebuild (package:flutter/src/widgets/framework.dart:5985:11)
#6      Element.rebuild (package:flutter/src/widgets/framework.dart:5532:7)
#7      ComponentElement._firstBuild (package:flutter/src/widgets/framework.dart:5802:5)
#8      StatefulElement._firstBuild (package:flutter/src/widgets/framework.dart:5976:11)
#9      ComponentElement.mount (package:flutter/src/widgets/framework.dart:5796:5)
...     Normal element mounting (268 frames)
#277    Element.inflateWidget (package:flutter/src/widgets/framework.dart:4590:20)
#278    MultiChildRenderObjectElement.inflateWidget (package:flutter/src/widgets/framework.dart:7269:36)
#279    MultiChildRenderObjectElement.mount (package:flutter/src/widgets/framework.dart:7285:32)
...     Normal element mounting (465 frames)
#744    Element.inflateWidget (package:flutter/src/widgets/framework.dart:4590:20)
#745    Element.updateChild (package:flutter/src/widgets/framework.dart:4053:20)
#746    ComponentElement.performRebuild (package:flutter/src/widgets/framework.dart:5844:16)
#747    Element.rebuild (package:flutter/src/widgets/framework.dart:5532:7)
#748    ProxyElement.update (package:flutter/src/widgets/framework.dart:6152:5)
#749    _InheritedNotifierElement.update (package:flutter/src/widgets/inherited_notifier.dart:108:11)
#750    Element.updateChild (package:flutter/src/widgets/framework.dart:4037:15)
#751    ComponentElement.performRebuild (package:flutter/src/widgets/framework.dart:5844:16)
#752    StatefulElement.performRebuild (package:flutter/src/widgets/framework.dart:5985:11)
#753    Element.rebuild (package:flutter/src/widgets/framework.dart:5532:7)
#754    StatefulElement.update (package:flutter/src/widgets/framework.dart:6010:5)
#755    Element.updateChild (package:flutter/src/widgets/framework.dart:4037:15)
#756    ComponentElement.performRebuild (package:flutter/src/widgets/framework.dart:5844:16)
#757    Element.rebuild (package:flutter/src/widgets/framework.dart:5532:7)
#758    ProxyElement.update (package:flutter/src/widgets/framework.dart:6152:5)
#759    _InheritedNotifierElement.update (package:flutter/src/widgets/inherited_notifier.dart:108:11)
#760    Element.updateChild (package:flutter/src/widgets/framework.dart:4037:15)
#761    ComponentElement.performRebuild (package:flutter/src/widgets/framework.dart:5844:16)
#762    StatefulElement.performRebuild (package:flutter/src/widgets/framework.dart:5985:11)
#763    Element.rebuild (package:flutter/src/widgets/framework.dart:5532:7)
#764    StatefulElement.update (package:flutter/src/widgets/framework.dart:6010:5)
#765    Element.updateChild (package:flutter/src/widgets/framework.dart:4037:15)
#766    ComponentElement.performRebuild (package:flutter/src/widgets/framework.dart:5844:16)
#767    StatefulElement.performRebuild (package:flutter/src/widgets/framework.dart:5985:11)
#768    Element.rebuild (package:flutter/src/widgets/framework.dart:5532:7)
#769    StatefulElement.update (package:flutter/src/widgets/framework.dart:6010:5)
#770    Element.updateChild (package:flutter/src/widgets/framework.dart:4037:15)
#771    ComponentElement.performRebuild (package:flutter/src/widgets/framework.dart:5844:16)
#772    Element.rebuild (package:flutter/src/widgets/framework.dart:5532:7)
#773    ProxyElement.update (package:flutter/src/widgets/framework.dart:6152:5)
#774    Element.updateChild (package:flutter/src/widgets/framework.dart:4037:15)
#775    ComponentElement.performRebuild (package:flutter/src/widgets/framework.dart:5844:16)
#776    StatefulElement.performRebuild (package:flutter/src/widgets/framework.dart:5985:11)
#777    Element.rebuild (package:flutter/src/widgets/framework.dart:5532:7)
#778    StatefulElement.update (package:flutter/src/widgets/framework.dart:6010:5)
#779    Element.updateChild (package:flutter/src/widgets/framework.dart:4037:15)
#780    ComponentElement.performRebuild (package:flutter/src/widgets/framework.dart:5844:16)
#781    Element.rebuild (package:flutter/src/widgets/framework.dart:5532:7)
#782    ProxyElement.update (package:flutter/src/widgets/framework.dart:6152:5)
#783    Element.updateChild (package:flutter/src/widgets/framework.dart:4037:15)
#784    ComponentElement.performRebuild (package:flutter/src/widgets/framework.dart:5844:16)
#785    Element.rebuild (package:flutter/src/widgets/framework.dart:5532:7)
#786    ProxyElement.update (package:flutter/src/widgets/framework.dart:6152:5)
#787    Element.updateChild (package:flutter/src/widgets/framework.dart:4037:15)
#788    _RawViewElement._updateChild (package:flutter/src/widgets/view.dart:481:16)
#789    _RawViewElement.update (package:flutter/src/widgets/view.dart:568:5)
#790    Element.updateChild (package:flutter/src/widgets/framework.dart:4037:15)
#791    ComponentElement.performRebuild (package:flutter/src/widgets/framework.dart:5844:16)
#792    Element.rebuild (package:flutter/src/widgets/framework.dart:5532:7)
#793    StatelessElement.update (package:flutter/src/widgets/framework.dart:5898:5)
#794    Element.updateChild (package:flutter/src/widgets/framework.dart:4037:15)
#795    ComponentElement.performRebuild (package:flutter/src/widgets/framework.dart:5844:16)
#796    StatefulElement.performRebuild (package:flutter/src/widgets/framework.dart:5985:11)
#797    Element.rebuild (package:flutter/src/widgets/framework.dart:5532:7)
#798    StatefulElement.update (package:flutter/src/widgets/framework.dart:6010:5)
#799    Element.updateChild (package:flutter/src/widgets/framework.dart:4037:15)
#800    RootElement._rebuild (package:flutter/src/widgets/binding.dart:1782:16)
#801    RootElement.update (package:flutter/src/widgets/binding.dart:1760:5)
#802    RootElement.performRebuild (package:flutter/src/widgets/binding.dart:1774:7)
#803    Element.rebuild (package:flutter/src/widgets/framework.dart:5532:7)
#804    BuildScope._tryRebuild (package:flutter/src/widgets/framework.dart:2750:15)
#805    BuildScope._flushDirtyElements (package:flutter/src/widgets/framework.dart:2807:11)
#806    BuildOwner.buildScope (package:flutter/src/widgets/framework.dart:3111:18)
#807    AutomatedTestWidgetsFlutterBinding.drawFrame (package:flutter_test/src/binding.dart:1506:19)
#808    RendererBinding._handlePersistentFrameCallback (package:flutter/src/rendering/binding.dart:495:5)
#809    SchedulerBinding._invokeFrameCallback (package:flutter/src/scheduler/binding.dart:1434:15)
#810    SchedulerBinding.handleDrawFrame (package:flutter/src/scheduler/binding.dart:1347:9)
#811    AutomatedTestWidgetsFlutterBinding.pump.<anonymous closure> (package:flutter_test/src/binding.dart:1335:9)
#814    TestAsyncUtils.guard (package:flutter_test/src/test_async_utils.dart:74:41)
#815    AutomatedTestWidgetsFlutterBinding.pump (package:flutter_test/src/binding.dart:1324:27)
#816    WidgetTester.pumpWidget.<anonymous closure> (package:flutter_test/src/widget_tester.dart:598:22)
#819    TestAsyncUtils.guard (package:flutter_test/src/test_async_utils.dart:74:41)
#820    WidgetTester.pumpWidget (package:flutter_test/src/widget_tester.dart:595:27)
#821    main.pumpWidget (file:///C:/Users/joaom/Documents/GitHub/Notes/universal_notes_flutter/test/main_material_test.dart:54:18)
#822    main.<anonymous closure>.<anonymous closure> (file:///C:/Users/joaom/Documents/GitHub/Notes/universal_notes_flutter/test/main_material_test.dart:96:13)
#823    testWidgets.<anonymous closure>.<anonymous closure> (package:flutter_test/src/widget_tester.dart:192:29)
<asynchronous suspension>
#824    TestWidgetsFlutterBinding._runTestBody (package:flutter_test/src/binding.dart:1059:5)
<asynchronous suspension>
<asynchronous suspension>
(elided 5 frames from dart:async and package:stack_trace)

════════════════════════════════════════════════════════════════════════════════════════════════════
══╡ EXCEPTION CAUGHT BY FLUTTER TEST FRAMEWORK ╞════════════════════════════════════════════════════
The following TestFailure was thrown running a test:
Expected: exactly one matching candidate
  Actual: _TextWidgetFinder:<Found 0 widgets with text "Nota 1": []>
   Which: means none were found but one was expected

When the exception was thrown, this was the stack:
#4      main.<anonymous closure>.<anonymous closure> (file:///C:/Users/joaom/Documents/GitHub/Notes/universal_notes_flutter/test/main_material_test.dart:100:7)
<asynchronous suspension>
#5      testWidgets.<anonymous closure>.<anonymous closure> (package:flutter_test/src/widget_tester.dart:192:15)
<asynchronous suspension>
#6      TestWidgetsFlutterBinding._runTestBody (package:flutter_test/src/binding.dart:1059:5)
<asynchronous suspension>
<asynchronous suspension>
(elided one frame from package:stack_trace)

This was caught by the test expectation on the following line:
  file:///C:/Users/joaom/Documents/GitHub/Notes/universal_notes_flutter/test/main_material_test.dart line 100
The test description was:
  Deve renderizar a UI inicial com notas
════════════════════════════════════════════════════════════════════════════════════════════════════
══╡ EXCEPTION CAUGHT BY FLUTTER TEST FRAMEWORK ╞════════════════════════════════════════════════════
The following message was thrown:
Multiple exceptions (2) were detected during the running of the current test, and at least one was
unexpected.
════════════════════════════════════════════════════════════════════════════════════════════════════
01:07 +32 -1: C:/Users/joaom/Documents/GitHub/Notes/universal_notes_flutter/test/main_fluent_test.dart: MyFluentApp UI Tests Deve renderizar a UI inicial com notas
01:07 +32 -1: C:/Users/joaom/Documents/GitHub/Notes/universal_notes_flutter/test/main_material_test.dart: MyApp Material UI Tests Deve renderizar a UI inicial com notas [E]
  Test failed. See exception logs above.
  The test description was: Deve renderizar a UI inicial com notas
  
01:07 +32 -1: C:/Users/joaom/Documents/GitHub/Notes/universal_notes_flutter/test/main_material_test.dart: MyApp Material UI Tests Deve alternar entre os modos de visualização (lista -> grid)
══╡ EXCEPTION CAUGHT BY WIDGETS LIBRARY ╞═══════════════════════════════════════════════════════════
The following assertion was thrown building NavigationView(appBar:
NavigationAppBar#0557d(backgroundColor: null, decoration: null), pane: null, clipBehavior:
Clip.antiAlias, contentShape: null, dirty, state: NavigationViewState#82939):
A FluentTheme widget is necessary to draw this layout.
To introduce a FluentTheme widget, you can either directly include one, or use a widget that
contains FluentTheme itself, such as FluentApp
The specific widget that could not find a FluentTheme ancestor was:
  NavigationView
The ancestors of this widget were:
  ...
  NotesScreen
  Semantics
  Builder
  RepaintBoundary-[GlobalKey#86b26]
  IgnorePointer
  ...

The relevant error-causing widget was:
  NavigationView
  NavigationView:file:///C:/Users/joaom/Documents/GitHub/Notes/universal_notes_flutter/lib/screens/notes_screen.dart:698:19

When the exception was thrown, this was the stack:
#0      debugCheckHasFluentTheme.<anonymous closure> (package:fluent_ui/src/utils.dart:19:7)
#1      debugCheckHasFluentTheme (package:fluent_ui/src/utils.dart:30:4)
#2      NavigationViewState.build (package:fluent_ui/src/controls/navigation/navigation_view/view.dart:368:12)
#3      StatefulElement.build (package:flutter/src/widgets/framework.dart:5934:27)
#4      ComponentElement.performRebuild (package:flutter/src/widgets/framework.dart:5820:15)
#5      StatefulElement.performRebuild (package:flutter/src/widgets/framework.dart:5985:11)
#6      Element.rebuild (package:flutter/src/widgets/framework.dart:5532:7)
#7      ComponentElement._firstBuild (package:flutter/src/widgets/framework.dart:5802:5)
#8      StatefulElement._firstBuild (package:flutter/src/widgets/framework.dart:5976:11)
#9      ComponentElement.mount (package:flutter/src/widgets/framework.dart:5796:5)
...     Normal element mounting (268 frames)
#277    Element.inflateWidget (package:flutter/src/widgets/framework.dart:4590:20)
#278    MultiChildRenderObjectElement.inflateWidget (package:flutter/src/widgets/framework.dart:7269:36)
#279    MultiChildRenderObjectElement.mount (package:flutter/src/widgets/framework.dart:7285:32)
...     Normal element mounting (465 frames)
#744    Element.inflateWidget (package:flutter/src/widgets/framework.dart:4590:20)
#745    Element.updateChild (package:flutter/src/widgets/framework.dart:4053:20)
#746    ComponentElement.performRebuild (package:flutter/src/widgets/framework.dart:5844:16)
#747    Element.rebuild (package:flutter/src/widgets/framework.dart:5532:7)
#748    ProxyElement.update (package:flutter/src/widgets/framework.dart:6152:5)
#749    _InheritedNotifierElement.update (package:flutter/src/widgets/inherited_notifier.dart:108:11)
#750    Element.updateChild (package:flutter/src/widgets/framework.dart:4037:15)
#751    ComponentElement.performRebuild (package:flutter/src/widgets/framework.dart:5844:16)
#752    StatefulElement.performRebuild (package:flutter/src/widgets/framework.dart:5985:11)
#753    Element.rebuild (package:flutter/src/widgets/framework.dart:5532:7)
#754    StatefulElement.update (package:flutter/src/widgets/framework.dart:6010:5)
#755    Element.updateChild (package:flutter/src/widgets/framework.dart:4037:15)
#756    ComponentElement.performRebuild (package:flutter/src/widgets/framework.dart:5844:16)
#757    Element.rebuild (package:flutter/src/widgets/framework.dart:5532:7)
#758    ProxyElement.update (package:flutter/src/widgets/framework.dart:6152:5)
#759    _InheritedNotifierElement.update (package:flutter/src/widgets/inherited_notifier.dart:108:11)
#760    Element.updateChild (package:flutter/src/widgets/framework.dart:4037:15)
#761    ComponentElement.performRebuild (package:flutter/src/widgets/framework.dart:5844:16)
#762    StatefulElement.performRebuild (package:flutter/src/widgets/framework.dart:5985:11)
#763    Element.rebuild (package:flutter/src/widgets/framework.dart:5532:7)
#764    StatefulElement.update (package:flutter/src/widgets/framework.dart:6010:5)
#765    Element.updateChild (package:flutter/src/widgets/framework.dart:4037:15)
#766    ComponentElement.performRebuild (package:flutter/src/widgets/framework.dart:5844:16)
#767    StatefulElement.performRebuild (package:flutter/src/widgets/framework.dart:5985:11)
#768    Element.rebuild (package:flutter/src/widgets/framework.dart:5532:7)
#769    StatefulElement.update (package:flutter/src/widgets/framework.dart:6010:5)
#770    Element.updateChild (package:flutter/src/widgets/framework.dart:4037:15)
#771    ComponentElement.performRebuild (package:flutter/src/widgets/framework.dart:5844:16)
#772    Element.rebuild (package:flutter/src/widgets/framework.dart:5532:7)
#773    ProxyElement.update (package:flutter/src/widgets/framework.dart:6152:5)
#774    Element.updateChild (package:flutter/src/widgets/framework.dart:4037:15)
#775    ComponentElement.performRebuild (package:flutter/src/widgets/framework.dart:5844:16)
#776    StatefulElement.performRebuild (package:flutter/src/widgets/framework.dart:5985:11)
#777    Element.rebuild (package:flutter/src/widgets/framework.dart:5532:7)
#778    StatefulElement.update (package:flutter/src/widgets/framework.dart:6010:5)
#779    Element.updateChild (package:flutter/src/widgets/framework.dart:4037:15)
#780    ComponentElement.performRebuild (package:flutter/src/widgets/framework.dart:5844:16)
#781    Element.rebuild (package:flutter/src/widgets/framework.dart:5532:7)
#782    ProxyElement.update (package:flutter/src/widgets/framework.dart:6152:5)
#783    Element.updateChild (package:flutter/src/widgets/framework.dart:4037:15)
#784    ComponentElement.performRebuild (package:flutter/src/widgets/framework.dart:5844:16)
#785    Element.rebuild (package:flutter/src/widgets/framework.dart:5532:7)
#786    ProxyElement.update (package:flutter/src/widgets/framework.dart:6152:5)
#787    Element.updateChild (package:flutter/src/widgets/framework.dart:4037:15)
#788    _RawViewElement._updateChild (package:flutter/src/widgets/view.dart:481:16)
#789    _RawViewElement.update (package:flutter/src/widgets/view.dart:568:5)
#790    Element.updateChild (package:flutter/src/widgets/framework.dart:4037:15)
#791    ComponentElement.performRebuild (package:flutter/src/widgets/framework.dart:5844:16)
#792    Element.rebuild (package:flutter/src/widgets/framework.dart:5532:7)
#793    StatelessElement.update (package:flutter/src/widgets/framework.dart:5898:5)
#794    Element.updateChild (package:flutter/src/widgets/framework.dart:4037:15)
#795    ComponentElement.performRebuild (package:flutter/src/widgets/framework.dart:5844:16)
#796    StatefulElement.performRebuild (package:flutter/src/widgets/framework.dart:5985:11)
#797    Element.rebuild (package:flutter/src/widgets/framework.dart:5532:7)
#798    StatefulElement.update (package:flutter/src/widgets/framework.dart:6010:5)
#799    Element.updateChild (package:flutter/src/widgets/framework.dart:4037:15)
#800    RootElement._rebuild (package:flutter/src/widgets/binding.dart:1782:16)
#801    RootElement.update (package:flutter/src/widgets/binding.dart:1760:5)
#802    RootElement.performRebuild (package:flutter/src/widgets/binding.dart:1774:7)
#803    Element.rebuild (package:flutter/src/widgets/framework.dart:5532:7)
#804    BuildScope._tryRebuild (package:flutter/src/widgets/framework.dart:2750:15)
#805    BuildScope._flushDirtyElements (package:flutter/src/widgets/framework.dart:2807:11)
#806    BuildOwner.buildScope (package:flutter/src/widgets/framework.dart:3111:18)
#807    AutomatedTestWidgetsFlutterBinding.drawFrame (package:flutter_test/src/binding.dart:1506:19)
#808    RendererBinding._handlePersistentFrameCallback (package:flutter/src/rendering/binding.dart:495:5)
#809    SchedulerBinding._invokeFrameCallback (package:flutter/src/scheduler/binding.dart:1434:15)
#810    SchedulerBinding.handleDrawFrame (package:flutter/src/scheduler/binding.dart:1347:9)
#811    AutomatedTestWidgetsFlutterBinding.pump.<anonymous closure> (package:flutter_test/src/binding.dart:1335:9)
#814    TestAsyncUtils.guard (package:flutter_test/src/test_async_utils.dart:74:41)
#815    AutomatedTestWidgetsFlutterBinding.pump (package:flutter_test/src/binding.dart:1324:27)
#816    WidgetTester.pumpWidget.<anonymous closure> (package:flutter_test/src/widget_tester.dart:598:22)
#819    TestAsyncUtils.guard (package:flutter_test/src/test_async_utils.dart:74:41)
#820    WidgetTester.pumpWidget (package:flutter_test/src/widget_tester.dart:595:27)
#821    main.pumpWidget (file:///C:/Users/joaom/Documents/GitHub/Notes/universal_notes_flutter/test/main_material_test.dart:54:18)
#822    main.<anonymous closure>.<anonymous closure> (file:///C:/Users/joaom/Documents/GitHub/Notes/universal_notes_flutter/test/main_material_test.dart:112:15)
#823    testWidgets.<anonymous closure>.<anonymous closure> (package:flutter_test/src/widget_tester.dart:192:29)
<asynchronous suspension>
#824    TestWidgetsFlutterBinding._runTestBody (package:flutter_test/src/binding.dart:1059:5)
<asynchronous suspension>
<asynchronous suspension>
(elided 5 frames from dart:async and package:stack_trace)

════════════════════════════════════════════════════════════════════════════════════════════════════
══╡ EXCEPTION CAUGHT BY FLUTTER TEST FRAMEWORK ╞════════════════════════════════════════════════════
The following TestFailure was thrown running a test:
Expected: exactly one matching candidate
  Actual: _IconWidgetFinder:<Found 0 widgets with icon "IconData(U+0F48F)": []>
   Which: means none were found but one was expected

When the exception was thrown, this was the stack:
#4      main.<anonymous closure>.<anonymous closure> (file:///C:/Users/joaom/Documents/GitHub/Notes/universal_notes_flutter/test/main_material_test.dart:119:9)
<asynchronous suspension>
#5      testWidgets.<anonymous closure>.<anonymous closure> (package:flutter_test/src/widget_tester.dart:192:15)
<asynchronous suspension>
#6      TestWidgetsFlutterBinding._runTestBody (package:flutter_test/src/binding.dart:1059:5)
<asynchronous suspension>
<asynchronous suspension>
(elided one frame from package:stack_trace)

This was caught by the test expectation on the following line:
  file:///C:/Users/joaom/Documents/GitHub/Notes/universal_notes_flutter/test/main_material_test.dart line 119
The test description was:
  Deve alternar entre os modos de visualização (lista -> grid)
════════════════════════════════════════════════════════════════════════════════════════════════════
══╡ EXCEPTION CAUGHT BY FLUTTER TEST FRAMEWORK ╞════════════════════════════════════════════════════
The following message was thrown:
Multiple exceptions (2) were detected during the running of the current test, and at least one was
unexpected.
════════════════════════════════════════════════════════════════════════════════════════════════════
01:08 +32 -2: C:/Users/joaom/Documents/GitHub/Notes/universal_notes_flutter/test/main_fluent_test.dart: MyFluentApp UI Tests Deve renderizar a UI inicial com notas
01:08 +32 -2: C:/Users/joaom/Documents/GitHub/Notes/universal_notes_flutter/test/main_material_test.dart: MyApp Material UI Tests Deve alternar entre os modos de visualização (lista -> grid) [E]
  Test failed. See exception logs above.
  The test description was: Deve alternar entre os modos de visualização (lista -> grid)
  
01:08 +32 -2: C:/Users/joaom/Documents/GitHub/Notes/universal_notes_flutter/test/main_material_test.dart: MyApp Material UI Tests Deve navegar para a tela de nova nota ao pressionar o FAB
══╡ EXCEPTION CAUGHT BY WIDGETS LIBRARY ╞═══════════════════════════════════════════════════════════
The following assertion was thrown building NavigationView(appBar:
NavigationAppBar#c73e1(backgroundColor: null, decoration: null), pane: null, clipBehavior:
Clip.antiAlias, contentShape: null, dirty, state: NavigationViewState#03610):
A FluentTheme widget is necessary to draw this layout.
To introduce a FluentTheme widget, you can either directly include one, or use a widget that
contains FluentTheme itself, such as FluentApp
The specific widget that could not find a FluentTheme ancestor was:
  NavigationView
The ancestors of this widget were:
  ...
  NotesScreen
  Semantics
  Builder
  RepaintBoundary-[GlobalKey#bd958]
  IgnorePointer
  ...

The relevant error-causing widget was:
  NavigationView
  NavigationView:file:///C:/Users/joaom/Documents/GitHub/Notes/universal_notes_flutter/lib/screens/notes_screen.dart:698:19

When the exception was thrown, this was the stack:
#0      debugCheckHasFluentTheme.<anonymous closure> (package:fluent_ui/src/utils.dart:19:7)
#1      debugCheckHasFluentTheme (package:fluent_ui/src/utils.dart:30:4)
#2      NavigationViewState.build (package:fluent_ui/src/controls/navigation/navigation_view/view.dart:368:12)
#3      StatefulElement.build (package:flutter/src/widgets/framework.dart:5934:27)
#4      ComponentElement.performRebuild (package:flutter/src/widgets/framework.dart:5820:15)
#5      StatefulElement.performRebuild (package:flutter/src/widgets/framework.dart:5985:11)
#6      Element.rebuild (package:flutter/src/widgets/framework.dart:5532:7)
#7      ComponentElement._firstBuild (package:flutter/src/widgets/framework.dart:5802:5)
#8      StatefulElement._firstBuild (package:flutter/src/widgets/framework.dart:5976:11)
#9      ComponentElement.mount (package:flutter/src/widgets/framework.dart:5796:5)
...     Normal element mounting (268 frames)
#277    Element.inflateWidget (package:flutter/src/widgets/framework.dart:4590:20)
#278    MultiChildRenderObjectElement.inflateWidget (package:flutter/src/widgets/framework.dart:7269:36)
#279    MultiChildRenderObjectElement.mount (package:flutter/src/widgets/framework.dart:7285:32)
...     Normal element mounting (465 frames)
#744    Element.inflateWidget (package:flutter/src/widgets/framework.dart:4590:20)
#745    Element.updateChild (package:flutter/src/widgets/framework.dart:4053:20)
#746    ComponentElement.performRebuild (package:flutter/src/widgets/framework.dart:5844:16)
#747    Element.rebuild (package:flutter/src/widgets/framework.dart:5532:7)
#748    ProxyElement.update (package:flutter/src/widgets/framework.dart:6152:5)
#749    _InheritedNotifierElement.update (package:flutter/src/widgets/inherited_notifier.dart:108:11)
#750    Element.updateChild (package:flutter/src/widgets/framework.dart:4037:15)
#751    ComponentElement.performRebuild (package:flutter/src/widgets/framework.dart:5844:16)
#752    StatefulElement.performRebuild (package:flutter/src/widgets/framework.dart:5985:11)
#753    Element.rebuild (package:flutter/src/widgets/framework.dart:5532:7)
#754    StatefulElement.update (package:flutter/src/widgets/framework.dart:6010:5)
#755    Element.updateChild (package:flutter/src/widgets/framework.dart:4037:15)
#756    ComponentElement.performRebuild (package:flutter/src/widgets/framework.dart:5844:16)
#757    Element.rebuild (package:flutter/src/widgets/framework.dart:5532:7)
#758    ProxyElement.update (package:flutter/src/widgets/framework.dart:6152:5)
#759    _InheritedNotifierElement.update (package:flutter/src/widgets/inherited_notifier.dart:108:11)
#760    Element.updateChild (package:flutter/src/widgets/framework.dart:4037:15)
#761    ComponentElement.performRebuild (package:flutter/src/widgets/framework.dart:5844:16)
#762    StatefulElement.performRebuild (package:flutter/src/widgets/framework.dart:5985:11)
#763    Element.rebuild (package:flutter/src/widgets/framework.dart:5532:7)
#764    StatefulElement.update (package:flutter/src/widgets/framework.dart:6010:5)
#765    Element.updateChild (package:flutter/src/widgets/framework.dart:4037:15)
#766    ComponentElement.performRebuild (package:flutter/src/widgets/framework.dart:5844:16)
#767    StatefulElement.performRebuild (package:flutter/src/widgets/framework.dart:5985:11)
#768    Element.rebuild (package:flutter/src/widgets/framework.dart:5532:7)
#769    StatefulElement.update (package:flutter/src/widgets/framework.dart:6010:5)
#770    Element.updateChild (package:flutter/src/widgets/framework.dart:4037:15)
#771    ComponentElement.performRebuild (package:flutter/src/widgets/framework.dart:5844:16)
#772    Element.rebuild (package:flutter/src/widgets/framework.dart:5532:7)
#773    ProxyElement.update (package:flutter/src/widgets/framework.dart:6152:5)
#774    Element.updateChild (package:flutter/src/widgets/framework.dart:4037:15)
#775    ComponentElement.performRebuild (package:flutter/src/widgets/framework.dart:5844:16)
#776    StatefulElement.performRebuild (package:flutter/src/widgets/framework.dart:5985:11)
#777    Element.rebuild (package:flutter/src/widgets/framework.dart:5532:7)
#778    StatefulElement.update (package:flutter/src/widgets/framework.dart:6010:5)
#779    Element.updateChild (package:flutter/src/widgets/framework.dart:4037:15)
#780    ComponentElement.performRebuild (package:flutter/src/widgets/framework.dart:5844:16)
#781    Element.rebuild (package:flutter/src/widgets/framework.dart:5532:7)
#782    ProxyElement.update (package:flutter/src/widgets/framework.dart:6152:5)
#783    Element.updateChild (package:flutter/src/widgets/framework.dart:4037:15)
#784    ComponentElement.performRebuild (package:flutter/src/widgets/framework.dart:5844:16)
#785    Element.rebuild (package:flutter/src/widgets/framework.dart:5532:7)
#786    ProxyElement.update (package:flutter/src/widgets/framework.dart:6152:5)
#787    Element.updateChild (package:flutter/src/widgets/framework.dart:4037:15)
#788    _RawViewElement._updateChild (package:flutter/src/widgets/view.dart:481:16)
#789    _RawViewElement.update (package:flutter/src/widgets/view.dart:568:5)
#790    Element.updateChild (package:flutter/src/widgets/framework.dart:4037:15)
#791    ComponentElement.performRebuild (package:flutter/src/widgets/framework.dart:5844:16)
#792    Element.rebuild (package:flutter/src/widgets/framework.dart:5532:7)
#793    StatelessElement.update (package:flutter/src/widgets/framework.dart:5898:5)
#794    Element.updateChild (package:flutter/src/widgets/framework.dart:4037:15)
#795    ComponentElement.performRebuild (package:flutter/src/widgets/framework.dart:5844:16)
#796    StatefulElement.performRebuild (package:flutter/src/widgets/framework.dart:5985:11)
#797    Element.rebuild (package:flutter/src/widgets/framework.dart:5532:7)
#798    StatefulElement.update (package:flutter/src/widgets/framework.dart:6010:5)
#799    Element.updateChild (package:flutter/src/widgets/framework.dart:4037:15)
#800    RootElement._rebuild (package:flutter/src/widgets/binding.dart:1782:16)
#801    RootElement.update (package:flutter/src/widgets/binding.dart:1760:5)
#802    RootElement.performRebuild (package:flutter/src/widgets/binding.dart:1774:7)
#803    Element.rebuild (package:flutter/src/widgets/framework.dart:5532:7)
#804    BuildScope._tryRebuild (package:flutter/src/widgets/framework.dart:2750:15)
#805    BuildScope._flushDirtyElements (package:flutter/src/widgets/framework.dart:2807:11)
#806    BuildOwner.buildScope (package:flutter/src/widgets/framework.dart:3111:18)
#807    AutomatedTestWidgetsFlutterBinding.drawFrame (package:flutter_test/src/binding.dart:1506:19)
#808    RendererBinding._handlePersistentFrameCallback (package:flutter/src/rendering/binding.dart:495:5)
#809    SchedulerBinding._invokeFrameCallback (package:flutter/src/scheduler/binding.dart:1434:15)
#810    SchedulerBinding.handleDrawFrame (package:flutter/src/scheduler/binding.dart:1347:9)
#811    AutomatedTestWidgetsFlutterBinding.pump.<anonymous closure> (package:flutter_test/src/binding.dart:1335:9)
#814    TestAsyncUtils.guard (package:flutter_test/src/test_async_utils.dart:74:41)
#815    AutomatedTestWidgetsFlutterBinding.pump (package:flutter_test/src/binding.dart:1324:27)
#816    WidgetTester.pumpWidget.<anonymous closure> (package:flutter_test/src/widget_tester.dart:598:22)
#819    TestAsyncUtils.guard (package:flutter_test/src/test_async_utils.dart:74:41)
#820    WidgetTester.pumpWidget (package:flutter_test/src/widget_tester.dart:595:27)
#821    main.pumpWidget (file:///C:/Users/joaom/Documents/GitHub/Notes/universal_notes_flutter/test/main_material_test.dart:54:18)
#822    main.<anonymous closure>.<anonymous closure> (file:///C:/Users/joaom/Documents/GitHub/Notes/universal_notes_flutter/test/main_material_test.dart:139:13)
#823    testWidgets.<anonymous closure>.<anonymous closure> (package:flutter_test/src/widget_tester.dart:192:29)
<asynchronous suspension>
#824    TestWidgetsFlutterBinding._runTestBody (package:flutter_test/src/binding.dart:1059:5)
<asynchronous suspension>
<asynchronous suspension>
(elided 5 frames from dart:async and package:stack_trace)

════════════════════════════════════════════════════════════════════════════════════════════════════
══╡ EXCEPTION CAUGHT BY FLUTTER TEST FRAMEWORK ╞════════════════════════════════════════════════════
The following assertion was thrown running a test:
The finder "Found 0 widgets with type "FloatingActionButton": []" (used in a call to "tap()") could
not find any matching widgets.

When the exception was thrown, this was the stack:
#0      WidgetController._getElementPoint (package:flutter_test/src/controller.dart:2013:7)
#1      WidgetController.getCenter (package:flutter_test/src/controller.dart:1865:12)
#2      WidgetController.tap (package:flutter_test/src/controller.dart:1045:7)
#3      main.<anonymous closure>.<anonymous closure> (file:///C:/Users/joaom/Documents/GitHub/Notes/universal_notes_flutter/test/main_material_test.dart:142:20)
<asynchronous suspension>
#4      testWidgets.<anonymous closure>.<anonymous closure> (package:flutter_test/src/widget_tester.dart:192:15)
<asynchronous suspension>
#5      TestWidgetsFlutterBinding._runTestBody (package:flutter_test/src/binding.dart:1059:5)
<asynchronous suspension>
<asynchronous suspension>
(elided one frame from package:stack_trace)

The test description was:
  Deve navegar para a tela de nova nota ao pressionar o FAB
════════════════════════════════════════════════════════════════════════════════════════════════════
══╡ EXCEPTION CAUGHT BY FLUTTER TEST FRAMEWORK ╞════════════════════════════════════════════════════
The following message was thrown:
Multiple exceptions (2) were detected during the running of the current test, and at least one was
unexpected.
════════════════════════════════════════════════════════════════════════════════════════════════════
01:08 +32 -3: C:/Users/joaom/Documents/GitHub/Notes/universal_notes_flutter/test/main_fluent_test.dart: MyFluentApp UI Tests Deve renderizar a UI inicial com notas
01:08 +32 -3: C:/Users/joaom/Documents/GitHub/Notes/universal_notes_flutter/test/main_material_test.dart: MyApp Material UI Tests Deve navegar para a tela de nova nota ao pressionar o FAB [E]
  Test failed. See exception logs above.
  The test description was: Deve navegar para a tela de nova nota ao pressionar o FAB
  
01:08 +32 -3: C:/Users/joaom/Documents/GitHub/Notes/universal_notes_flutter/test/main_material_test.dart: MyApp Material UI Tests Deve navegar para a tela de edição de nota ao tocar em uma nota
══╡ EXCEPTION CAUGHT BY WIDGETS LIBRARY ╞═══════════════════════════════════════════════════════════
The following assertion was thrown building NavigationView(appBar:
NavigationAppBar#4e4a4(backgroundColor: null, decoration: null), pane: null, clipBehavior:
Clip.antiAlias, contentShape: null, dirty, state: NavigationViewState#ea5f4):
A FluentTheme widget is necessary to draw this layout.
To introduce a FluentTheme widget, you can either directly include one, or use a widget that
contains FluentTheme itself, such as FluentApp
The specific widget that could not find a FluentTheme ancestor was:
  NavigationView
The ancestors of this widget were:
  ...
  NotesScreen
  Semantics
  Builder
  RepaintBoundary-[GlobalKey#474e4]
  IgnorePointer
  ...

The relevant error-causing widget was:
  NavigationView
  NavigationView:file:///C:/Users/joaom/Documents/GitHub/Notes/universal_notes_flutter/lib/screens/notes_screen.dart:698:19

When the exception was thrown, this was the stack:
#0      debugCheckHasFluentTheme.<anonymous closure> (package:fluent_ui/src/utils.dart:19:7)
#1      debugCheckHasFluentTheme (package:fluent_ui/src/utils.dart:30:4)
#2      NavigationViewState.build (package:fluent_ui/src/controls/navigation/navigation_view/view.dart:368:12)
#3      StatefulElement.build (package:flutter/src/widgets/framework.dart:5934:27)
#4      ComponentElement.performRebuild (package:flutter/src/widgets/framework.dart:5820:15)
#5      StatefulElement.performRebuild (package:flutter/src/widgets/framework.dart:5985:11)
#6      Element.rebuild (package:flutter/src/widgets/framework.dart:5532:7)
#7      ComponentElement._firstBuild (package:flutter/src/widgets/framework.dart:5802:5)
#8      StatefulElement._firstBuild (package:flutter/src/widgets/framework.dart:5976:11)
#9      ComponentElement.mount (package:flutter/src/widgets/framework.dart:5796:5)
...     Normal element mounting (268 frames)
#277    Element.inflateWidget (package:flutter/src/widgets/framework.dart:4590:20)
#278    MultiChildRenderObjectElement.inflateWidget (package:flutter/src/widgets/framework.dart:7269:36)
#279    MultiChildRenderObjectElement.mount (package:flutter/src/widgets/framework.dart:7285:32)
...     Normal element mounting (465 frames)
#744    Element.inflateWidget (package:flutter/src/widgets/framework.dart:4590:20)
#745    Element.updateChild (package:flutter/src/widgets/framework.dart:4053:20)
#746    ComponentElement.performRebuild (package:flutter/src/widgets/framework.dart:5844:16)
#747    Element.rebuild (package:flutter/src/widgets/framework.dart:5532:7)
#748    ProxyElement.update (package:flutter/src/widgets/framework.dart:6152:5)
#749    _InheritedNotifierElement.update (package:flutter/src/widgets/inherited_notifier.dart:108:11)
#750    Element.updateChild (package:flutter/src/widgets/framework.dart:4037:15)
#751    ComponentElement.performRebuild (package:flutter/src/widgets/framework.dart:5844:16)
#752    StatefulElement.performRebuild (package:flutter/src/widgets/framework.dart:5985:11)
#753    Element.rebuild (package:flutter/src/widgets/framework.dart:5532:7)
#754    StatefulElement.update (package:flutter/src/widgets/framework.dart:6010:5)
#755    Element.updateChild (package:flutter/src/widgets/framework.dart:4037:15)
#756    ComponentElement.performRebuild (package:flutter/src/widgets/framework.dart:5844:16)
#757    Element.rebuild (package:flutter/src/widgets/framework.dart:5532:7)
#758    ProxyElement.update (package:flutter/src/widgets/framework.dart:6152:5)
#759    _InheritedNotifierElement.update (package:flutter/src/widgets/inherited_notifier.dart:108:11)
#760    Element.updateChild (package:flutter/src/widgets/framework.dart:4037:15)
#761    ComponentElement.performRebuild (package:flutter/src/widgets/framework.dart:5844:16)
#762    StatefulElement.performRebuild (package:flutter/src/widgets/framework.dart:5985:11)
#763    Element.rebuild (package:flutter/src/widgets/framework.dart:5532:7)
#764    StatefulElement.update (package:flutter/src/widgets/framework.dart:6010:5)
#765    Element.updateChild (package:flutter/src/widgets/framework.dart:4037:15)
#766    ComponentElement.performRebuild (package:flutter/src/widgets/framework.dart:5844:16)
#767    StatefulElement.performRebuild (package:flutter/src/widgets/framework.dart:5985:11)
#768    Element.rebuild (package:flutter/src/widgets/framework.dart:5532:7)
#769    StatefulElement.update (package:flutter/src/widgets/framework.dart:6010:5)
#770    Element.updateChild (package:flutter/src/widgets/framework.dart:4037:15)
#771    ComponentElement.performRebuild (package:flutter/src/widgets/framework.dart:5844:16)
#772    Element.rebuild (package:flutter/src/widgets/framework.dart:5532:7)
#773    ProxyElement.update (package:flutter/src/widgets/framework.dart:6152:5)
#774    Element.updateChild (package:flutter/src/widgets/framework.dart:4037:15)
#775    ComponentElement.performRebuild (package:flutter/src/widgets/framework.dart:5844:16)
#776    StatefulElement.performRebuild (package:flutter/src/widgets/framework.dart:5985:11)
#777    Element.rebuild (package:flutter/src/widgets/framework.dart:5532:7)
#778    StatefulElement.update (package:flutter/src/widgets/framework.dart:6010:5)
#779    Element.updateChild (package:flutter/src/widgets/framework.dart:4037:15)
#780    ComponentElement.performRebuild (package:flutter/src/widgets/framework.dart:5844:16)
#781    Element.rebuild (package:flutter/src/widgets/framework.dart:5532:7)
#782    ProxyElement.update (package:flutter/src/widgets/framework.dart:6152:5)
#783    Element.updateChild (package:flutter/src/widgets/framework.dart:4037:15)
#784    ComponentElement.performRebuild (package:flutter/src/widgets/framework.dart:5844:16)
#785    Element.rebuild (package:flutter/src/widgets/framework.dart:5532:7)
#786    ProxyElement.update (package:flutter/src/widgets/framework.dart:6152:5)
#787    Element.updateChild (package:flutter/src/widgets/framework.dart:4037:15)
#788    _RawViewElement._updateChild (package:flutter/src/widgets/view.dart:481:16)
#789    _RawViewElement.update (package:flutter/src/widgets/view.dart:568:5)
#790    Element.updateChild (package:flutter/src/widgets/framework.dart:4037:15)
#791    ComponentElement.performRebuild (package:flutter/src/widgets/framework.dart:5844:16)
#792    Element.rebuild (package:flutter/src/widgets/framework.dart:5532:7)
#793    StatelessElement.update (package:flutter/src/widgets/framework.dart:5898:5)
#794    Element.updateChild (package:flutter/src/widgets/framework.dart:4037:15)
#795    ComponentElement.performRebuild (package:flutter/src/widgets/framework.dart:5844:16)
#796    StatefulElement.performRebuild (package:flutter/src/widgets/framework.dart:5985:11)
#797    Element.rebuild (package:flutter/src/widgets/framework.dart:5532:7)
#798    StatefulElement.update (package:flutter/src/widgets/framework.dart:6010:5)
#799    Element.updateChild (package:flutter/src/widgets/framework.dart:4037:15)
#800    RootElement._rebuild (package:flutter/src/widgets/binding.dart:1782:16)
#801    RootElement.update (package:flutter/src/widgets/binding.dart:1760:5)
#802    RootElement.performRebuild (package:flutter/src/widgets/binding.dart:1774:7)
#803    Element.rebuild (package:flutter/src/widgets/framework.dart:5532:7)
#804    BuildScope._tryRebuild (package:flutter/src/widgets/framework.dart:2750:15)
#805    BuildScope._flushDirtyElements (package:flutter/src/widgets/framework.dart:2807:11)
#806    BuildOwner.buildScope (package:flutter/src/widgets/framework.dart:3111:18)
#807    AutomatedTestWidgetsFlutterBinding.drawFrame (package:flutter_test/src/binding.dart:1506:19)
#808    RendererBinding._handlePersistentFrameCallback (package:flutter/src/rendering/binding.dart:495:5)
#809    SchedulerBinding._invokeFrameCallback (package:flutter/src/scheduler/binding.dart:1434:15)
#810    SchedulerBinding.handleDrawFrame (package:flutter/src/scheduler/binding.dart:1347:9)
#811    AutomatedTestWidgetsFlutterBinding.pump.<anonymous closure> (package:flutter_test/src/binding.dart:1335:9)
#814    TestAsyncUtils.guard (package:flutter_test/src/test_async_utils.dart:74:41)
#815    AutomatedTestWidgetsFlutterBinding.pump (package:flutter_test/src/binding.dart:1324:27)
#816    WidgetTester.pumpWidget.<anonymous closure> (package:flutter_test/src/widget_tester.dart:598:22)
#819    TestAsyncUtils.guard (package:flutter_test/src/test_async_utils.dart:74:41)
#820    WidgetTester.pumpWidget (package:flutter_test/src/widget_tester.dart:595:27)
#821    main.pumpWidget (file:///C:/Users/joaom/Documents/GitHub/Notes/universal_notes_flutter/test/main_material_test.dart:54:18)
#822    main.<anonymous closure>.<anonymous closure> (file:///C:/Users/joaom/Documents/GitHub/Notes/universal_notes_flutter/test/main_material_test.dart:163:15)
#823    testWidgets.<anonymous closure>.<anonymous closure> (package:flutter_test/src/widget_tester.dart:192:29)
<asynchronous suspension>
#824    TestWidgetsFlutterBinding._runTestBody (package:flutter_test/src/binding.dart:1059:5)
<asynchronous suspension>
<asynchronous suspension>
(elided 5 frames from dart:async and package:stack_trace)

════════════════════════════════════════════════════════════════════════════════════════════════════
══╡ EXCEPTION CAUGHT BY FLUTTER TEST FRAMEWORK ╞════════════════════════════════════════════════════
The following assertion was thrown running a test:
The finder "Found 0 widgets with text "Nota Editável": []" (used in a call to "tap()") could not
find any matching widgets.

When the exception was thrown, this was the stack:
#0      WidgetController._getElementPoint (package:flutter_test/src/controller.dart:2013:7)
#1      WidgetController.getCenter (package:flutter_test/src/controller.dart:1865:12)
#2      WidgetController.tap (package:flutter_test/src/controller.dart:1045:7)
#3      main.<anonymous closure>.<anonymous closure> (file:///C:/Users/joaom/Documents/GitHub/Notes/universal_notes_flutter/test/main_material_test.dart:166:22)
<asynchronous suspension>
#4      testWidgets.<anonymous closure>.<anonymous closure> (package:flutter_test/src/widget_tester.dart:192:15)
<asynchronous suspension>
#5      TestWidgetsFlutterBinding._runTestBody (package:flutter_test/src/binding.dart:1059:5)
<asynchronous suspension>
<asynchronous suspension>
(elided one frame from package:stack_trace)

The test description was:
  Deve navegar para a tela de edição de nota ao tocar em uma nota
════════════════════════════════════════════════════════════════════════════════════════════════════
══╡ EXCEPTION CAUGHT BY FLUTTER TEST FRAMEWORK ╞════════════════════════════════════════════════════
The following message was thrown:
Multiple exceptions (2) were detected during the running of the current test, and at least one was
unexpected.
════════════════════════════════════════════════════════════════════════════════════════════════════
01:08 +32 -4: C:/Users/joaom/Documents/GitHub/Notes/universal_notes_flutter/test/main_fluent_test.dart: MyFluentApp UI Tests Deve renderizar a UI inicial com notas
01:08 +32 -4: C:/Users/joaom/Documents/GitHub/Notes/universal_notes_flutter/test/main_material_test.dart: MyApp Material UI Tests Deve navegar para a tela de edição de nota ao tocar em uma nota [E]
  Test failed. See exception logs above.
  The test description was: Deve navegar para a tela de edição de nota ao tocar em uma nota
  
01:08 +32 -4: C:/Users/joaom/Documents/GitHub/Notes/universal_notes_flutter/test/main_material_test.dart: MyApp Material UI Tests Deve mover a nota para a lixeira ao usar o menu de contexto
══╡ EXCEPTION CAUGHT BY WIDGETS LIBRARY ╞═══════════════════════════════════════════════════════════
The following assertion was thrown building NavigationView(appBar:
NavigationAppBar#48d7d(backgroundColor: null, decoration: null), pane: null, clipBehavior:
Clip.antiAlias, contentShape: null, dirty, state: NavigationViewState#71adf):
A FluentTheme widget is necessary to draw this layout.
To introduce a FluentTheme widget, you can either directly include one, or use a widget that
contains FluentTheme itself, such as FluentApp
The specific widget that could not find a FluentTheme ancestor was:
  NavigationView
The ancestors of this widget were:
  ...
  NotesScreen
  Semantics
  Builder
  RepaintBoundary-[GlobalKey#e2e61]
  IgnorePointer
  ...

The relevant error-causing widget was:
  NavigationView
  NavigationView:file:///C:/Users/joaom/Documents/GitHub/Notes/universal_notes_flutter/lib/screens/notes_screen.dart:698:19

When the exception was thrown, this was the stack:
#0      debugCheckHasFluentTheme.<anonymous closure> (package:fluent_ui/src/utils.dart:19:7)
#1      debugCheckHasFluentTheme (package:fluent_ui/src/utils.dart:30:4)
#2      NavigationViewState.build (package:fluent_ui/src/controls/navigation/navigation_view/view.dart:368:12)
#3      StatefulElement.build (package:flutter/src/widgets/framework.dart:5934:27)
#4      ComponentElement.performRebuild (package:flutter/src/widgets/framework.dart:5820:15)
#5      StatefulElement.performRebuild (package:flutter/src/widgets/framework.dart:5985:11)
#6      Element.rebuild (package:flutter/src/widgets/framework.dart:5532:7)
#7      ComponentElement._firstBuild (package:flutter/src/widgets/framework.dart:5802:5)
#8      StatefulElement._firstBuild (package:flutter/src/widgets/framework.dart:5976:11)
#9      ComponentElement.mount (package:flutter/src/widgets/framework.dart:5796:5)
...     Normal element mounting (268 frames)
#277    Element.inflateWidget (package:flutter/src/widgets/framework.dart:4590:20)
#278    MultiChildRenderObjectElement.inflateWidget (package:flutter/src/widgets/framework.dart:7269:36)
#279    MultiChildRenderObjectElement.mount (package:flutter/src/widgets/framework.dart:7285:32)
...     Normal element mounting (465 frames)
#744    Element.inflateWidget (package:flutter/src/widgets/framework.dart:4590:20)
#745    Element.updateChild (package:flutter/src/widgets/framework.dart:4053:20)
#746    ComponentElement.performRebuild (package:flutter/src/widgets/framework.dart:5844:16)
#747    Element.rebuild (package:flutter/src/widgets/framework.dart:5532:7)
#748    ProxyElement.update (package:flutter/src/widgets/framework.dart:6152:5)
#749    _InheritedNotifierElement.update (package:flutter/src/widgets/inherited_notifier.dart:108:11)
#750    Element.updateChild (package:flutter/src/widgets/framework.dart:4037:15)
#751    ComponentElement.performRebuild (package:flutter/src/widgets/framework.dart:5844:16)
#752    StatefulElement.performRebuild (package:flutter/src/widgets/framework.dart:5985:11)
#753    Element.rebuild (package:flutter/src/widgets/framework.dart:5532:7)
#754    StatefulElement.update (package:flutter/src/widgets/framework.dart:6010:5)
#755    Element.updateChild (package:flutter/src/widgets/framework.dart:4037:15)
#756    ComponentElement.performRebuild (package:flutter/src/widgets/framework.dart:5844:16)
#757    Element.rebuild (package:flutter/src/widgets/framework.dart:5532:7)
#758    ProxyElement.update (package:flutter/src/widgets/framework.dart:6152:5)
#759    _InheritedNotifierElement.update (package:flutter/src/widgets/inherited_notifier.dart:108:11)
#760    Element.updateChild (package:flutter/src/widgets/framework.dart:4037:15)
#761    ComponentElement.performRebuild (package:flutter/src/widgets/framework.dart:5844:16)
#762    StatefulElement.performRebuild (package:flutter/src/widgets/framework.dart:5985:11)
#763    Element.rebuild (package:flutter/src/widgets/framework.dart:5532:7)
#764    StatefulElement.update (package:flutter/src/widgets/framework.dart:6010:5)
#765    Element.updateChild (package:flutter/src/widgets/framework.dart:4037:15)
#766    ComponentElement.performRebuild (package:flutter/src/widgets/framework.dart:5844:16)
#767    StatefulElement.performRebuild (package:flutter/src/widgets/framework.dart:5985:11)
#768    Element.rebuild (package:flutter/src/widgets/framework.dart:5532:7)
#769    StatefulElement.update (package:flutter/src/widgets/framework.dart:6010:5)
#770    Element.updateChild (package:flutter/src/widgets/framework.dart:4037:15)
#771    ComponentElement.performRebuild (package:flutter/src/widgets/framework.dart:5844:16)
#772    Element.rebuild (package:flutter/src/widgets/framework.dart:5532:7)
#773    ProxyElement.update (package:flutter/src/widgets/framework.dart:6152:5)
#774    Element.updateChild (package:flutter/src/widgets/framework.dart:4037:15)
#775    ComponentElement.performRebuild (package:flutter/src/widgets/framework.dart:5844:16)
#776    StatefulElement.performRebuild (package:flutter/src/widgets/framework.dart:5985:11)
#777    Element.rebuild (package:flutter/src/widgets/framework.dart:5532:7)
#778    StatefulElement.update (package:flutter/src/widgets/framework.dart:6010:5)
#779    Element.updateChild (package:flutter/src/widgets/framework.dart:4037:15)
#780    ComponentElement.performRebuild (package:flutter/src/widgets/framework.dart:5844:16)
#781    Element.rebuild (package:flutter/src/widgets/framework.dart:5532:7)
#782    ProxyElement.update (package:flutter/src/widgets/framework.dart:6152:5)
#783    Element.updateChild (package:flutter/src/widgets/framework.dart:4037:15)
#784    ComponentElement.performRebuild (package:flutter/src/widgets/framework.dart:5844:16)
#785    Element.rebuild (package:flutter/src/widgets/framework.dart:5532:7)
#786    ProxyElement.update (package:flutter/src/widgets/framework.dart:6152:5)
#787    Element.updateChild (package:flutter/src/widgets/framework.dart:4037:15)
#788    _RawViewElement._updateChild (package:flutter/src/widgets/view.dart:481:16)
#789    _RawViewElement.update (package:flutter/src/widgets/view.dart:568:5)
#790    Element.updateChild (package:flutter/src/widgets/framework.dart:4037:15)
#791    ComponentElement.performRebuild (package:flutter/src/widgets/framework.dart:5844:16)
#792    Element.rebuild (package:flutter/src/widgets/framework.dart:5532:7)
#793    StatelessElement.update (package:flutter/src/widgets/framework.dart:5898:5)
#794    Element.updateChild (package:flutter/src/widgets/framework.dart:4037:15)
#795    ComponentElement.performRebuild (package:flutter/src/widgets/framework.dart:5844:16)
#796    StatefulElement.performRebuild (package:flutter/src/widgets/framework.dart:5985:11)
#797    Element.rebuild (package:flutter/src/widgets/framework.dart:5532:7)
#798    StatefulElement.update (package:flutter/src/widgets/framework.dart:6010:5)
#799    Element.updateChild (package:flutter/src/widgets/framework.dart:4037:15)
#800    RootElement._rebuild (package:flutter/src/widgets/binding.dart:1782:16)
#801    RootElement.update (package:flutter/src/widgets/binding.dart:1760:5)
#802    RootElement.performRebuild (package:flutter/src/widgets/binding.dart:1774:7)
#803    Element.rebuild (package:flutter/src/widgets/framework.dart:5532:7)
#804    BuildScope._tryRebuild (package:flutter/src/widgets/framework.dart:2750:15)
#805    BuildScope._flushDirtyElements (package:flutter/src/widgets/framework.dart:2807:11)
#806    BuildOwner.buildScope (package:flutter/src/widgets/framework.dart:3111:18)
#807    AutomatedTestWidgetsFlutterBinding.drawFrame (package:flutter_test/src/binding.dart:1506:19)
#808    RendererBinding._handlePersistentFrameCallback (package:flutter/src/rendering/binding.dart:495:5)
#809    SchedulerBinding._invokeFrameCallback (package:flutter/src/scheduler/binding.dart:1434:15)
#810    SchedulerBinding.handleDrawFrame (package:flutter/src/scheduler/binding.dart:1347:9)
#811    AutomatedTestWidgetsFlutterBinding.pump.<anonymous closure> (package:flutter_test/src/binding.dart:1335:9)
#814    TestAsyncUtils.guard (package:flutter_test/src/test_async_utils.dart:74:41)
#815    AutomatedTestWidgetsFlutterBinding.pump (package:flutter_test/src/binding.dart:1324:27)
#816    WidgetTester.pumpWidget.<anonymous closure> (package:flutter_test/src/widget_tester.dart:598:22)
#819    TestAsyncUtils.guard (package:flutter_test/src/test_async_utils.dart:74:41)
#820    WidgetTester.pumpWidget (package:flutter_test/src/widget_tester.dart:595:27)
#821    main.pumpWidget (file:///C:/Users/joaom/Documents/GitHub/Notes/universal_notes_flutter/test/main_material_test.dart:54:18)
#822    main.<anonymous closure>.<anonymous closure> (file:///C:/Users/joaom/Documents/GitHub/Notes/universal_notes_flutter/test/main_material_test.dart:189:13)
#823    testWidgets.<anonymous closure>.<anonymous closure> (package:flutter_test/src/widget_tester.dart:192:29)
<asynchronous suspension>
#824    TestWidgetsFlutterBinding._runTestBody (package:flutter_test/src/binding.dart:1059:5)
<asynchronous suspension>
<asynchronous suspension>
(elided 5 frames from dart:async and package:stack_trace)

════════════════════════════════════════════════════════════════════════════════════════════════════
══╡ EXCEPTION CAUGHT BY FLUTTER TEST FRAMEWORK ╞════════════════════════════════════════════════════
The following assertion was thrown running a test:
The finder "Found 0 widgets with text "Nota para Lixeira": []" (used in a call to "longPress()")
could not find any matching widgets.

When the exception was thrown, this was the stack:
#0      WidgetController._getElementPoint (package:flutter_test/src/controller.dart:2013:7)
#1      WidgetController.getCenter (package:flutter_test/src/controller.dart:1865:12)
#2      WidgetController.longPress (package:flutter_test/src/controller.dart:1171:7)
#3      main.<anonymous closure>.<anonymous closure> (file:///C:/Users/joaom/Documents/GitHub/Notes/universal_notes_flutter/test/main_material_test.dart:192:20)
<asynchronous suspension>
#4      testWidgets.<anonymous closure>.<anonymous closure> (package:flutter_test/src/widget_tester.dart:192:15)
<asynchronous suspension>
#5      TestWidgetsFlutterBinding._runTestBody (package:flutter_test/src/binding.dart:1059:5)
<asynchronous suspension>
<asynchronous suspension>
(elided one frame from package:stack_trace)

The test description was:
  Deve mover a nota para a lixeira ao usar o menu de contexto
════════════════════════════════════════════════════════════════════════════════════════════════════
══╡ EXCEPTION CAUGHT BY FLUTTER TEST FRAMEWORK ╞════════════════════════════════════════════════════
The following message was thrown:
Multiple exceptions (2) were detected during the running of the current test, and at least one was
unexpected.
════════════════════════════════════════════════════════════════════════════════════════════════════
01:08 +32 -5: C:/Users/joaom/Documents/GitHub/Notes/universal_notes_flutter/test/main_fluent_test.dart: MyFluentApp UI Tests Deve renderizar a UI inicial com notas
01:09 +32 -5: C:/Users/joaom/Documents/GitHub/Notes/universal_notes_flutter/test/main_material_test.dart: MyApp Material UI Tests Deve mover a nota para a lixeira ao usar o menu de contexto [E]
  Test failed. See exception logs above.
  The test description was: Deve mover a nota para a lixeira ao usar o menu de contexto
  
01:25 +32 -5: C:/Users/joaom/Documents/GitHub/Notes/universal_notes_flutter/test/main_fluent_test.dart: MyFluentApp UI Tests Deve renderizar a UI inicial com notas
══╡ EXCEPTION CAUGHT BY FLUTTER TEST FRAMEWORK ╞════════════════════════════════════════════════════
The following assertion was thrown running a test:
pumpAndSettle timed out

When the exception was thrown, this was the stack:
#0      WidgetTester.pumpAndSettle.<anonymous closure> (package:flutter_test/src/widget_tester.dart:717:11)
<asynchronous suspension>
#1      TestAsyncUtils.guard.<anonymous closure> (package:flutter_test/src/test_async_utils.dart:130:27)
<asynchronous suspension>
#2      main.pumpWidget (file:///C:/Users/joaom/Documents/GitHub/Notes/universal_notes_flutter/test/main_fluent_test.dart:69:5)
<asynchronous suspension>
#3      main.<anonymous closure>.<anonymous closure> (file:///C:/Users/joaom/Documents/GitHub/Notes/universal_notes_flutter/test/main_fluent_test.dart:98:7)
<asynchronous suspension>
#4      testWidgets.<anonymous closure>.<anonymous closure> (package:flutter_test/src/widget_tester.dart:192:15)
<asynchronous suspension>
#5      TestWidgetsFlutterBinding._runTestBody (package:flutter_test/src/binding.dart:1059:5)
<asynchronous suspension>
<asynchronous suspension>
(elided one frame from package:stack_trace)

The test description was:
  Deve renderizar a UI inicial com notas
════════════════════════════════════════════════════════════════════════════════════════════════════
01:25 +32 -6: C:/Users/joaom/Documents/GitHub/Notes/universal_notes_flutter/test/main_test.dart: NotesScreen displays notes
01:25 +32 -6: C:/Users/joaom/Documents/GitHub/Notes/universal_notes_flutter/test/main_fluent_test.dart: MyFluentApp UI Tests Deve renderizar a UI inicial com notas [E]
  Test failed. See exception logs above.
  The test description was: Deve renderizar a UI inicial com notas
  
01:49 +32 -6: C:/Users/joaom/Documents/GitHub/Notes/universal_notes_flutter/test/main_fluent_test.dart: MyFluentApp UI Tests Deve alternar entre os modos de visualização
══╡ EXCEPTION CAUGHT BY FLUTTER TEST FRAMEWORK ╞════════════════════════════════════════════════════
The following assertion was thrown running a test:
pumpAndSettle timed out

When the exception was thrown, this was the stack:
#0      WidgetTester.pumpAndSettle.<anonymous closure> (package:flutter_test/src/widget_tester.dart:717:11)
<asynchronous suspension>
#1      TestAsyncUtils.guard.<anonymous closure> (package:flutter_test/src/test_async_utils.dart:130:27)
<asynchronous suspension>
#2      main.pumpWidget (file:///C:/Users/joaom/Documents/GitHub/Notes/universal_notes_flutter/test/main_fluent_test.dart:69:5)
<asynchronous suspension>
#3      main.<anonymous closure>.<anonymous closure> (file:///C:/Users/joaom/Documents/GitHub/Notes/universal_notes_flutter/test/main_fluent_test.dart:115:9)
<asynchronous suspension>
#4      testWidgets.<anonymous closure>.<anonymous closure> (package:flutter_test/src/widget_tester.dart:192:15)
<asynchronous suspension>
#5      TestWidgetsFlutterBinding._runTestBody (package:flutter_test/src/binding.dart:1059:5)
<asynchronous suspension>
<asynchronous suspension>
(elided one frame from package:stack_trace)

The test description was:
  Deve alternar entre os modos de visualização
════════════════════════════════════════════════════════════════════════════════════════════════════
01:49 +32 -7: C:/Users/joaom/Documents/GitHub/Notes/universal_notes_flutter/test/main_test.dart: NotesScreen displays notes
01:49 +32 -7: C:/Users/joaom/Documents/GitHub/Notes/universal_notes_flutter/test/main_fluent_test.dart: MyFluentApp UI Tests Deve alternar entre os modos de visualização [E]
  Test failed. See exception logs above.
  The test description was: Deve alternar entre os modos de visualização
  
01:57 +32 -7: C:/Users/joaom/Documents/GitHub/Notes/universal_notes_flutter/test/main_test.dart: NotesScreen displays notes
Warning database has been locked for 0:00:10.000000. Make sure you always use the transaction object for database operations during a transaction
══╡ EXCEPTION CAUGHT BY FLUTTER TEST FRAMEWORK ╞════════════════════════════════════════════════════
The following assertion was thrown running a test:
pumpAndSettle timed out

When the exception was thrown, this was the stack:
#0      WidgetTester.pumpAndSettle.<anonymous closure> (package:flutter_test/src/widget_tester.dart:717:11)
<asynchronous suspension>
#1      TestAsyncUtils.guard.<anonymous closure> (package:flutter_test/src/test_async_utils.dart:130:27)
<asynchronous suspension>
#2      main._pumpNotesScreen (file:///C:/Users/joaom/Documents/GitHub/Notes/universal_notes_flutter/test/main_test.dart:288:5)
<asynchronous suspension>
#3      main.<anonymous closure> (file:///C:/Users/joaom/Documents/GitHub/Notes/universal_notes_flutter/test/main_test.dart:294:5)
<asynchronous suspension>
#4      testWidgets.<anonymous closure>.<anonymous closure> (package:flutter_test/src/widget_tester.dart:192:15)
<asynchronous suspension>
#5      TestWidgetsFlutterBinding._runTestBody (package:flutter_test/src/binding.dart:1059:5)
<asynchronous suspension>
<asynchronous suspension>
(elided one frame from package:stack_trace)

The test description was:
  NotesScreen displays notes
════════════════════════════════════════════════════════════════════════════════════════════════════
01:57 +32 -8: C:/Users/joaom/Documents/GitHub/Notes/universal_notes_flutter/test/main_fluent_test.dart: MyFluentApp UI Tests Deve navegar para a tela de nova nota ao clicar no botão
01:57 +32 -8: C:/Users/joaom/Documents/GitHub/Notes/universal_notes_flutter/test/main_test.dart: NotesScreen displays notes [E]
  Test failed. See exception logs above.
  The test description was: NotesScreen displays notes
  
02:07 +32 -8: C:/Users/joaom/Documents/GitHub/Notes/universal_notes_flutter/test/main_fluent_test.dart: MyFluentApp UI Tests Deve navegar para a tela de nova nota ao clicar no botão
══╡ EXCEPTION CAUGHT BY FLUTTER TEST FRAMEWORK ╞════════════════════════════════════════════════════
The following assertion was thrown running a test:
pumpAndSettle timed out

When the exception was thrown, this was the stack:
#0      WidgetTester.pumpAndSettle.<anonymous closure> (package:flutter_test/src/widget_tester.dart:717:11)
<asynchronous suspension>
#1      TestAsyncUtils.guard.<anonymous closure> (package:flutter_test/src/test_async_utils.dart:130:27)
<asynchronous suspension>
#2      main.pumpWidget (file:///C:/Users/joaom/Documents/GitHub/Notes/universal_notes_flutter/test/main_fluent_test.dart:69:5)
<asynchronous suspension>
#3      main.<anonymous closure>.<anonymous closure> (file:///C:/Users/joaom/Documents/GitHub/Notes/universal_notes_flutter/test/main_fluent_test.dart:155:9)
<asynchronous suspension>
#4      testWidgets.<anonymous closure>.<anonymous closure> (package:flutter_test/src/widget_tester.dart:192:15)
<asynchronous suspension>
#5      TestWidgetsFlutterBinding._runTestBody (package:flutter_test/src/binding.dart:1059:5)
<asynchronous suspension>
<asynchronous suspension>
(elided one frame from package:stack_trace)

The test description was:
  Deve navegar para a tela de nova nota ao clicar no botão
════════════════════════════════════════════════════════════════════════════════════════════════════
02:07 +32 -9: C:/Users/joaom/Documents/GitHub/Notes/universal_notes_flutter/test/main_test.dart: NotesScreen State Rendering shows error message when fetch fails
02:07 +32 -9: C:/Users/joaom/Documents/GitHub/Notes/universal_notes_flutter/test/main_fluent_test.dart: MyFluentApp UI Tests Deve navegar para a tela de nova nota ao clicar no botão [E]
  Test failed. See exception logs above.
  The test description was: Deve navegar para a tela de nova nota ao clicar no botão
  
02:22 +32 -9: C:/Users/joaom/Documents/GitHub/Notes/universal_notes_flutter/test/main_fluent_test.dart: MyFluentApp UI Tests Deve mover a nota para a lixeira com o menu de contexto
══╡ EXCEPTION CAUGHT BY FLUTTER TEST FRAMEWORK ╞════════════════════════════════════════════════════
The following assertion was thrown running a test:
pumpAndSettle timed out

When the exception was thrown, this was the stack:
#0      WidgetTester.pumpAndSettle.<anonymous closure> (package:flutter_test/src/widget_tester.dart:717:11)
<asynchronous suspension>
#1      TestAsyncUtils.guard.<anonymous closure> (package:flutter_test/src/test_async_utils.dart:130:27)
<asynchronous suspension>
#2      main.pumpWidget (file:///C:/Users/joaom/Documents/GitHub/Notes/universal_notes_flutter/test/main_fluent_test.dart:69:5)
<asynchronous suspension>
#3      main.<anonymous closure>.<anonymous closure> (file:///C:/Users/joaom/Documents/GitHub/Notes/universal_notes_flutter/test/main_fluent_test.dart:185:9)
<asynchronous suspension>
#4      testWidgets.<anonymous closure>.<anonymous closure> (package:flutter_test/src/widget_tester.dart:192:15)
<asynchronous suspension>
#5      TestWidgetsFlutterBinding._runTestBody (package:flutter_test/src/binding.dart:1059:5)
<asynchronous suspension>
<asynchronous suspension>
(elided one frame from package:stack_trace)

The test description was:
  Deve mover a nota para a lixeira com o menu de contexto
════════════════════════════════════════════════════════════════════════════════════════════════════
02:22 +32 -10: C:/Users/joaom/Documents/GitHub/Notes/universal_notes_flutter/test/main_test.dart: NotesScreen State Rendering shows error message when fetch fails
02:22 +32 -10: C:/Users/joaom/Documents/GitHub/Notes/universal_notes_flutter/test/main_fluent_test.dart: MyFluentApp UI Tests Deve mover a nota para a lixeira com o menu de contexto [E]
  Test failed. See exception logs above.
  The test description was: Deve mover a nota para a lixeira com o menu de contexto
  
02:26 +33 -10: C:/Users/joaom/Documents/GitHub/Notes/universal_notes_flutter/test/main_test.dart: NotesScreen State Rendering shows error message when fetch fails
02:30 +34 -10: C:/Users/joaom/Documents/GitHub/Notes/universal_notes_flutter/test/main_test.dart: NotesScreen State Rendering shows error message when fetch fails
02:30 +35 -10: C:/Users/joaom/Documents/GitHub/Notes/universal_notes_flutter/test/main_test.dart: NotesScreen State Rendering shows error message when fetch fails
02:30 +36 -10: C:/Users/joaom/Documents/GitHub/Notes/universal_notes_flutter/test/main_test.dart: NotesScreen State Rendering shows error message when fetch fails
02:30 +37 -10: C:/Users/joaom/Documents/GitHub/Notes/universal_notes_flutter/test/main_test.dart: NotesScreen State Rendering shows error message when fetch fails
02:30 +38 -10: C:/Users/joaom/Documents/GitHub/Notes/universal_notes_flutter/test/main_test.dart: NotesScreen State Rendering shows error message when fetch fails
02:30 +39 -10: C:/Users/joaom/Documents/GitHub/Notes/universal_notes_flutter/test/main_test.dart: NotesScreen State Rendering shows error message when fetch fails
02:30 +40 -10: C:/Users/joaom/Documents/GitHub/Notes/universal_notes_flutter/test/main_test.dart: NotesScreen State Rendering shows error message when fetch fails
02:30 +41 -10: C:/Users/joaom/Documents/GitHub/Notes/universal_notes_flutter/test/main_test.dart: NotesScreen State Rendering shows error message when fetch fails
02:30 +42 -10: C:/Users/joaom/Documents/GitHub/Notes/universal_notes_flutter/test/main_test.dart: NotesScreen State Rendering shows error message when fetch fails
02:30 +43 -10: C:/Users/joaom/Documents/GitHub/Notes/universal_notes_flutter/test/main_test.dart: NotesScreen State Rendering shows error message when fetch fails
02:30 +44 -10: C:/Users/joaom/Documents/GitHub/Notes/universal_notes_flutter/test/main_test.dart: NotesScreen State Rendering shows error message when fetch fails
02:30 +45 -10: C:/Users/joaom/Documents/GitHub/Notes/universal_notes_flutter/test/main_test.dart: NotesScreen State Rendering shows error message when fetch fails
02:33 +46 -10: C:/Users/joaom/Documents/GitHub/Notes/universal_notes_flutter/test/main_test.dart: NotesScreen State Rendering shows error message when fetch fails
02:33 +47 -10: C:/Users/joaom/Documents/GitHub/Notes/universal_notes_flutter/test/main_test.dart: NotesScreen State Rendering shows error message when fetch fails
02:33 +48 -10: C:/Users/joaom/Documents/GitHub/Notes/universal_notes_flutter/test/main_test.dart: NotesScreen State Rendering shows error message when fetch fails
02:36 +49 -10: C:/Users/joaom/Documents/GitHub/Notes/universal_notes_flutter/test/main_test.dart: NotesScreen State Rendering shows error message when fetch fails
02:36 +50 -10: C:/Users/joaom/Documents/GitHub/Notes/universal_notes_flutter/test/main_test.dart: NotesScreen State Rendering shows error message when fetch fails
02:36 +51 -10: C:/Users/joaom/Documents/GitHub/Notes/universal_notes_flutter/test/main_test.dart: NotesScreen State Rendering shows error message when fetch fails
02:36 +52 -10: C:/Users/joaom/Documents/GitHub/Notes/universal_notes_flutter/test/main_test.dart: NotesScreen State Rendering shows error message when fetch fails
02:36 +53 -10: C:/Users/joaom/Documents/GitHub/Notes/universal_notes_flutter/test/main_test.dart: NotesScreen State Rendering shows error message when fetch fails
02:40 +54 -10: C:/Users/joaom/Documents/GitHub/Notes/universal_notes_flutter/test/main_test.dart: NotesScreen State Rendering shows error message when fetch fails
02:40 +55 -10: C:/Users/joaom/Documents/GitHub/Notes/universal_notes_flutter/test/main_test.dart: NotesScreen State Rendering shows error message when fetch fails
02:40 +56 -10: C:/Users/joaom/Documents/GitHub/Notes/universal_notes_flutter/test/main_test.dart: NotesScreen State Rendering shows error message when fetch fails
02:40 +57 -10: C:/Users/joaom/Documents/GitHub/Notes/universal_notes_flutter/test/main_test.dart: NotesScreen State Rendering shows error message when fetch fails
02:40 +58 -10: C:/Users/joaom/Documents/GitHub/Notes/universal_notes_flutter/test/main_test.dart: NotesScreen State Rendering shows error message when fetch fails
02:42 +59 -10: C:/Users/joaom/Documents/GitHub/Notes/universal_notes_flutter/test/main_test.dart: NotesScreen State Rendering shows error message when fetch fails
02:42 +60 -10: C:/Users/joaom/Documents/GitHub/Notes/universal_notes_flutter/test/main_test.dart: NotesScreen State Rendering shows error message when fetch fails
02:42 +61 -10: C:/Users/joaom/Documents/GitHub/Notes/universal_notes_flutter/test/main_test.dart: NotesScreen State Rendering shows error message when fetch fails
02:42 +62 -10: C:/Users/joaom/Documents/GitHub/Notes/universal_notes_flutter/test/main_test.dart: NotesScreen State Rendering shows error message when fetch fails
02:46 +63 -10: C:/Users/joaom/Documents/GitHub/Notes/universal_notes_flutter/test/main_test.dart: NotesScreen State Rendering shows error message when fetch fails
02:46 +64 -10: C:/Users/joaom/Documents/GitHub/Notes/universal_notes_flutter/test/main_test.dart: NotesScreen State Rendering shows error message when fetch fails
02:46 +65 -10: C:/Users/joaom/Documents/GitHub/Notes/universal_notes_flutter/test/main_test.dart: NotesScreen State Rendering shows error message when fetch fails
02:50 +66 -10: C:/Users/joaom/Documents/GitHub/Notes/universal_notes_flutter/test/main_test.dart: NotesScreen State Rendering shows error message when fetch fails
02:50 +67 -10: C:/Users/joaom/Documents/GitHub/Notes/universal_notes_flutter/test/main_test.dart: NotesScreen State Rendering shows error message when fetch fails
02:50 +68 -10: C:/Users/joaom/Documents/GitHub/Notes/universal_notes_flutter/test/main_test.dart: NotesScreen State Rendering shows error message when fetch fails
02:50 +69 -10: C:/Users/joaom/Documents/GitHub/Notes/universal_notes_flutter/test/main_test.dart: NotesScreen State Rendering shows error message when fetch fails
02:50 +70 -10: C:/Users/joaom/Documents/GitHub/Notes/universal_notes_flutter/test/main_test.dart: NotesScreen State Rendering shows error message when fetch fails
02:50 +71 -10: C:/Users/joaom/Documents/GitHub/Notes/universal_notes_flutter/test/main_test.dart: NotesScreen State Rendering shows error message when fetch fails
02:50 +72 -10: C:/Users/joaom/Documents/GitHub/Notes/universal_notes_flutter/test/main_test.dart: NotesScreen State Rendering shows error message when fetch fails
02:56 +73 -10: C:/Users/joaom/Documents/GitHub/Notes/universal_notes_flutter/test/main_test.dart: NotesScreen State Rendering shows error message when fetch fails
02:56 +74 -10: C:/Users/joaom/Documents/GitHub/Notes/universal_notes_flutter/test/main_test.dart: NotesScreen State Rendering shows error message when fetch fails
02:56 +75 -10: C:/Users/joaom/Documents/GitHub/Notes/universal_notes_flutter/test/main_test.dart: NotesScreen State Rendering shows error message when fetch fails
03:02 +75 -10: C:/Users/joaom/Documents/GitHub/Notes/universal_notes_flutter/test/performance_benchmark_test.dart: Performance Benchmarks startup and initial frame
══╡ EXCEPTION CAUGHT BY FLUTTER TEST FRAMEWORK ╞════════════════════════════════════════════════════
The following PlatformException was thrown running a test:
PlatformException(channel-error, Unable to establish connection on channel:
"dev.flutter.pigeon.firebase_core_platform_interface.FirebaseCoreHostApi.initializeCore"., null,
null)

When the exception was thrown, this was the stack:
#0      FirebaseCoreHostApi.initializeCore (package:firebase_core_platform_interface/src/pigeon/messages.pigeon.dart:301:7)
<asynchronous suspension>
#1      MethodChannelFirebase._initializeCore (package:firebase_core_platform_interface/src/method_channel/method_channel_firebase.dart:29:41)
<asynchronous suspension>
#2      MethodChannelFirebase.initializeApp (package:firebase_core_platform_interface/src/method_channel/method_channel_firebase.dart:70:7)
<asynchronous suspension>
#3      Firebase.initializeApp (package:firebase_core/src/firebase.dart:78:31)
<asynchronous suspension>
#4      main (package:universal_notes_flutter/main.dart:25:3)
<asynchronous suspension>

The test description was:
  startup and initial frame
════════════════════════════════════════════════════════════════════════════════════════════════════
03:02 +75 -11: C:/Users/joaom/Documents/GitHub/Notes/universal_notes_flutter/test/main_test.dart: NotesScreen State Rendering shows error message when fetch fails
03:02 +75 -11: C:/Users/joaom/Documents/GitHub/Notes/universal_notes_flutter/test/performance_benchmark_test.dart: Performance Benchmarks startup and initial frame [E]
  Test failed. See exception logs above.
  The test description was: startup and initial frame
  
  'package:flutter_test/src/binding.dart': Failed assertion: line 2156 pos 12: '_pendingFrame == null': is not true.
  dart:core                                      _AssertionError._throwNew
  package:flutter_test/src/binding.dart 2156:12  LiveTestWidgetsFlutterBinding.postTest
  
PERFORMANCE_METRIC:startup_time_ms:381
  'package:flutter_test/src/binding.dart': Failed assertion: line 817 pos 14: 'Zone.current == _parentZone': is not true.
  dart:core                                              _AssertionError._throwNew
  package:flutter_test/src/binding.dart 817:14           TestWidgetsFlutterBinding._createTestCompletionHandler.<fn>
  ===== asynchronous gap ===========================
  dart:async                                             Future.whenComplete
  package:flutter_test/src/binding.dart 1038:10          TestWidgetsFlutterBinding._runTest
  package:flutter_test/src/binding.dart 2134:12          LiveTestWidgetsFlutterBinding.runTest
  package:integration_test/integration_test.dart 237:17  IntegrationTestWidgetsFlutterBinding.runTest
  package:flutter_test/src/widget_tester.dart 184:24     testWidgets.<fn>
  
03:02 +75 -12: C:/Users/joaom/Documents/GitHub/Notes/universal_notes_flutter/test/main_test.dart: NotesScreen State Rendering shows error message when fetch fails
03:02 +75 -12: C:/Users/joaom/Documents/GitHub/Notes/universal_notes_flutter/test/performance_benchmark_test.dart: Performance Benchmarks note creation and saving latency [E]
  'package:flutter_test/src/binding.dart': Failed assertion: line 2131 pos 12: '!inTest': is not true.
  dart:core                                              _AssertionError._throwNew
  package:flutter_test/src/binding.dart 2131:12          LiveTestWidgetsFlutterBinding.runTest
  package:integration_test/integration_test.dart 237:17  IntegrationTestWidgetsFlutterBinding.runTest
  package:flutter_test/src/widget_tester.dart 184:24     testWidgets.<fn>
  
03:02 +75 -12: C:/Users/joaom/Documents/GitHub/Notes/universal_notes_flutter/test/performance_benchmark_test.dart: (tearDownAll)
Warning: integration_test plugin was not detected.

If you're running the tests with `flutter drive`, please make sure your tests
are in the `integration_test/` directory of your package and use
`flutter test $path_to_test` to run it instead.

If you're running the tests with Android instrumentation or XCTest, this means
that you are not capturing test results properly! See the following link for
how to set up the integration_test plugin:

https://docs.flutter.dev/testing/integration-tests

03:02 +75 -12: C:/Users/joaom/Documents/GitHub/Notes/universal_notes_flutter/test/main_test.dart: NotesScreen State Rendering shows error message when fetch fails
03:10 +76 -12: C:/Users/joaom/Documents/GitHub/Notes/universal_notes_flutter/test/main_test.dart: NotesScreen State Rendering shows error message when fetch fails
03:10 +77 -12: C:/Users/joaom/Documents/GitHub/Notes/universal_notes_flutter/test/main_test.dart: NotesScreen State Rendering shows error message when fetch fails
03:10 +78 -12: C:/Users/joaom/Documents/GitHub/Notes/universal_notes_flutter/test/main_test.dart: NotesScreen State Rendering shows error message when fetch fails
03:10 +79 -12: C:/Users/joaom/Documents/GitHub/Notes/universal_notes_flutter/test/main_test.dart: NotesScreen State Rendering shows error message when fetch fails
03:10 +80 -12: C:/Users/joaom/Documents/GitHub/Notes/universal_notes_flutter/test/main_test.dart: NotesScreen State Rendering shows error message when fetch fails
03:10 +81 -12: C:/Users/joaom/Documents/GitHub/Notes/universal_notes_flutter/test/main_test.dart: NotesScreen State Rendering shows error message when fetch fails
03:10 +82 -12: C:/Users/joaom/Documents/GitHub/Notes/universal_notes_flutter/test/main_test.dart: NotesScreen State Rendering shows error message when fetch fails
03:10 +83 -12: C:/Users/joaom/Documents/GitHub/Notes/universal_notes_flutter/test/main_test.dart: NotesScreen State Rendering shows error message when fetch fails
03:10 +84 -12: C:/Users/joaom/Documents/GitHub/Notes/universal_notes_flutter/test/main_test.dart: NotesScreen State Rendering shows error message when fetch fails
03:16 +85 -12: C:/Users/joaom/Documents/GitHub/Notes/universal_notes_flutter/test/main_test.dart: NotesScreen State Rendering shows error message when fetch fails
03:17 +86 -12: C:/Users/joaom/Documents/GitHub/Notes/universal_notes_flutter/test/main_test.dart: NotesScreen State Rendering shows error message when fetch fails
03:17 +87 -12: C:/Users/joaom/Documents/GitHub/Notes/universal_notes_flutter/test/main_test.dart: NotesScreen State Rendering shows error message when fetch fails
03:17 +88 -12: C:/Users/joaom/Documents/GitHub/Notes/universal_notes_flutter/test/main_test.dart: NotesScreen State Rendering shows error message when fetch fails
03:18 +89 -12: C:/Users/joaom/Documents/GitHub/Notes/universal_notes_flutter/test/main_test.dart: NotesScreen State Rendering shows error message when fetch fails
03:19 +90 -12: C:/Users/joaom/Documents/GitHub/Notes/universal_notes_flutter/test/main_test.dart: NotesScreen State Rendering shows error message when fetch fails
03:19 +91 -12: C:/Users/joaom/Documents/GitHub/Notes/universal_notes_flutter/test/main_test.dart: NotesScreen State Rendering shows error message when fetch fails
03:19 +92 -12: C:/Users/joaom/Documents/GitHub/Notes/universal_notes_flutter/test/main_test.dart: NotesScreen State Rendering shows error message when fetch fails
03:19 +93 -12: C:/Users/joaom/Documents/GitHub/Notes/universal_notes_flutter/test/main_test.dart: NotesScreen State Rendering shows error message when fetch fails
03:20 +94 -12: C:/Users/joaom/Documents/GitHub/Notes/universal_notes_flutter/test/main_test.dart: NotesScreen State Rendering shows error message when fetch fails
03:20 +95 -12: C:/Users/joaom/Documents/GitHub/Notes/universal_notes_flutter/test/main_test.dart: NotesScreen State Rendering shows error message when fetch fails
03:30 +95 -12: C:/Users/joaom/Documents/GitHub/Notes/universal_notes_flutter/test/screens/note_editor_screen_test.dart: NoteEditorScreen builds without crashing
══╡ EXCEPTION CAUGHT BY WIDGETS LIBRARY ╞═══════════════════════════════════════════════════════════
The following FirebaseException was thrown building Builder:
[core/no-app] No Firebase App '[DEFAULT]' has been created - call Firebase.initializeApp()

The relevant error-causing widget was:
  MaterialApp
  MaterialApp:file:///C:/Users/joaom/Documents/GitHub/Notes/universal_notes_flutter/test/screens/note_editor_screen_test.dart:16:29

When the exception was thrown, this was the stack:
#0      MethodChannelFirebase.app (package:firebase_core_platform_interface/src/method_channel/method_channel_firebase.dart:190:5)
#1      Firebase.app (package:firebase_core/src/firebase.dart:91:41)
#2      FirebaseFirestore.instance (package:cloud_firestore/src/firestore.dart:29:21)
#3      FirestoreRepository.firestore (package:universal_notes_flutter/repositories/firestore_repository.dart:16:56)
#4      FirestoreRepository.firestore (package:universal_notes_flutter/repositories/firestore_repository.dart)
#5      FirestoreRepository._initCollections (package:universal_notes_flutter/repositories/firestore_repository.dart:21:24)
#6      new FirestoreRepository (package:universal_notes_flutter/repositories/firestore_repository.dart:12:5)
#7      new _NoteEditorScreenState (package:universal_notes_flutter/screens/note_editor_screen.dart:88:32)
#8      NoteEditorScreen.createState (package:universal_notes_flutter/screens/note_editor_screen.dart:55:44)
#9      new StatefulElement (package:flutter/src/widgets/framework.dart:5905:60)
#10     StatefulWidget.createElement (package:flutter/src/widgets/framework.dart:779:38)
...     Normal element mounting (260 frames)
#270    Element.inflateWidget (package:flutter/src/widgets/framework.dart:4590:20)
#271    MultiChildRenderObjectElement.inflateWidget (package:flutter/src/widgets/framework.dart:7269:36)
#272    MultiChildRenderObjectElement.mount (package:flutter/src/widgets/framework.dart:7285:32)
...     Normal element mounting (465 frames)
#737    Element.inflateWidget (package:flutter/src/widgets/framework.dart:4590:20)
#738    Element.updateChild (package:flutter/src/widgets/framework.dart:4053:20)
#739    ComponentElement.performRebuild (package:flutter/src/widgets/framework.dart:5844:16)
#740    Element.rebuild (package:flutter/src/widgets/framework.dart:5532:7)
#741    ProxyElement.update (package:flutter/src/widgets/framework.dart:6152:5)
#742    _InheritedNotifierElement.update (package:flutter/src/widgets/inherited_notifier.dart:108:11)
#743    Element.updateChild (package:flutter/src/widgets/framework.dart:4037:15)
#744    ComponentElement.performRebuild (package:flutter/src/widgets/framework.dart:5844:16)
#745    StatefulElement.performRebuild (package:flutter/src/widgets/framework.dart:5985:11)
#746    Element.rebuild (package:flutter/src/widgets/framework.dart:5532:7)
#747    StatefulElement.update (package:flutter/src/widgets/framework.dart:6010:5)
#748    Element.updateChild (package:flutter/src/widgets/framework.dart:4037:15)
#749    ComponentElement.performRebuild (package:flutter/src/widgets/framework.dart:5844:16)
#750    Element.rebuild (package:flutter/src/widgets/framework.dart:5532:7)
#751    ProxyElement.update (package:flutter/src/widgets/framework.dart:6152:5)
#752    _InheritedNotifierElement.update (package:flutter/src/widgets/inherited_notifier.dart:108:11)
#753    Element.updateChild (package:flutter/src/widgets/framework.dart:4037:15)
#754    ComponentElement.performRebuild (package:flutter/src/widgets/framework.dart:5844:16)
#755    StatefulElement.performRebuild (package:flutter/src/widgets/framework.dart:5985:11)
#756    Element.rebuild (package:flutter/src/widgets/framework.dart:5532:7)
#757    StatefulElement.update (package:flutter/src/widgets/framework.dart:6010:5)
#758    Element.updateChild (package:flutter/src/widgets/framework.dart:4037:15)
#759    ComponentElement.performRebuild (package:flutter/src/widgets/framework.dart:5844:16)
#760    StatefulElement.performRebuild (package:flutter/src/widgets/framework.dart:5985:11)
#761    Element.rebuild (package:flutter/src/widgets/framework.dart:5532:7)
#762    StatefulElement.update (package:flutter/src/widgets/framework.dart:6010:5)
#763    Element.updateChild (package:flutter/src/widgets/framework.dart:4037:15)
#764    ComponentElement.performRebuild (package:flutter/src/widgets/framework.dart:5844:16)
#765    Element.rebuild (package:flutter/src/widgets/framework.dart:5532:7)
#766    ProxyElement.update (package:flutter/src/widgets/framework.dart:6152:5)
#767    Element.updateChild (package:flutter/src/widgets/framework.dart:4037:15)
#768    ComponentElement.performRebuild (package:flutter/src/widgets/framework.dart:5844:16)
#769    StatefulElement.performRebuild (package:flutter/src/widgets/framework.dart:5985:11)
#770    Element.rebuild (package:flutter/src/widgets/framework.dart:5532:7)
#771    StatefulElement.update (package:flutter/src/widgets/framework.dart:6010:5)
#772    Element.updateChild (package:flutter/src/widgets/framework.dart:4037:15)
#773    ComponentElement.performRebuild (package:flutter/src/widgets/framework.dart:5844:16)
#774    Element.rebuild (package:flutter/src/widgets/framework.dart:5532:7)
#775    ProxyElement.update (package:flutter/src/widgets/framework.dart:6152:5)
#776    Element.updateChild (package:flutter/src/widgets/framework.dart:4037:15)
#777    ComponentElement.performRebuild (package:flutter/src/widgets/framework.dart:5844:16)
#778    Element.rebuild (package:flutter/src/widgets/framework.dart:5532:7)
#779    ProxyElement.update (package:flutter/src/widgets/framework.dart:6152:5)
#780    Element.updateChild (package:flutter/src/widgets/framework.dart:4037:15)
#781    _RawViewElement._updateChild (package:flutter/src/widgets/view.dart:481:16)
#782    _RawViewElement.update (package:flutter/src/widgets/view.dart:568:5)
#783    Element.updateChild (package:flutter/src/widgets/framework.dart:4037:15)
#784    ComponentElement.performRebuild (package:flutter/src/widgets/framework.dart:5844:16)
#785    Element.rebuild (package:flutter/src/widgets/framework.dart:5532:7)
#786    StatelessElement.update (package:flutter/src/widgets/framework.dart:5898:5)
#787    Element.updateChild (package:flutter/src/widgets/framework.dart:4037:15)
#788    ComponentElement.performRebuild (package:flutter/src/widgets/framework.dart:5844:16)
#789    StatefulElement.performRebuild (package:flutter/src/widgets/framework.dart:5985:11)
#790    Element.rebuild (package:flutter/src/widgets/framework.dart:5532:7)
#791    StatefulElement.update (package:flutter/src/widgets/framework.dart:6010:5)
#792    Element.updateChild (package:flutter/src/widgets/framework.dart:4037:15)
#793    RootElement._rebuild (package:flutter/src/widgets/binding.dart:1782:16)
#794    RootElement.update (package:flutter/src/widgets/binding.dart:1760:5)
#795    RootElement.performRebuild (package:flutter/src/widgets/binding.dart:1774:7)
#796    Element.rebuild (package:flutter/src/widgets/framework.dart:5532:7)
#797    BuildScope._tryRebuild (package:flutter/src/widgets/framework.dart:2750:15)
#798    BuildScope._flushDirtyElements (package:flutter/src/widgets/framework.dart:2807:11)
#799    BuildOwner.buildScope (package:flutter/src/widgets/framework.dart:3111:18)
#800    AutomatedTestWidgetsFlutterBinding.drawFrame (package:flutter_test/src/binding.dart:1506:19)
#801    RendererBinding._handlePersistentFrameCallback (package:flutter/src/rendering/binding.dart:495:5)
#802    SchedulerBinding._invokeFrameCallback (package:flutter/src/scheduler/binding.dart:1434:15)
#803    SchedulerBinding.handleDrawFrame (package:flutter/src/scheduler/binding.dart:1347:9)
#804    AutomatedTestWidgetsFlutterBinding.pump.<anonymous closure> (package:flutter_test/src/binding.dart:1335:9)
#807    TestAsyncUtils.guard (package:flutter_test/src/test_async_utils.dart:74:41)
#808    AutomatedTestWidgetsFlutterBinding.pump (package:flutter_test/src/binding.dart:1324:27)
#809    WidgetTester.pumpWidget.<anonymous closure> (package:flutter_test/src/widget_tester.dart:598:22)
#812    TestAsyncUtils.guard (package:flutter_test/src/test_async_utils.dart:74:41)
#813    WidgetTester.pumpWidget (package:flutter_test/src/widget_tester.dart:595:27)
#814    main.<anonymous closure> (file:///C:/Users/joaom/Documents/GitHub/Notes/universal_notes_flutter/test/screens/note_editor_screen_test.dart:16:18)
#815    testWidgets.<anonymous closure>.<anonymous closure> (package:flutter_test/src/widget_tester.dart:192:29)
<asynchronous suspension>
#816    TestWidgetsFlutterBinding._runTestBody (package:flutter_test/src/binding.dart:1059:5)
<asynchronous suspension>
<asynchronous suspension>
(elided 5 frames from dart:async and package:stack_trace)

════════════════════════════════════════════════════════════════════════════════════════════════════
══╡ EXCEPTION CAUGHT BY FLUTTER TEST FRAMEWORK ╞════════════════════════════════════════════════════
The following TestFailure was thrown running a test:
Expected: exactly one matching candidate
  Actual: _TypeWidgetFinder:<Found 0 widgets with type "NoteEditorScreen": []>
   Which: means none were found but one was expected

When the exception was thrown, this was the stack:
#4      main.<anonymous closure> (file:///C:/Users/joaom/Documents/GitHub/Notes/universal_notes_flutter/test/screens/note_editor_screen_test.dart:23:5)
<asynchronous suspension>
#5      testWidgets.<anonymous closure>.<anonymous closure> (package:flutter_test/src/widget_tester.dart:192:15)
<asynchronous suspension>
#6      TestWidgetsFlutterBinding._runTestBody (package:flutter_test/src/binding.dart:1059:5)
<asynchronous suspension>
<asynchronous suspension>
(elided one frame from package:stack_trace)

This was caught by the test expectation on the following line:
  file:///C:/Users/joaom/Documents/GitHub/Notes/universal_notes_flutter/test/screens/note_editor_screen_test.dart line 23
The test description was:
  NoteEditorScreen builds without crashing
════════════════════════════════════════════════════════════════════════════════════════════════════
══╡ EXCEPTION CAUGHT BY FLUTTER TEST FRAMEWORK ╞════════════════════════════════════════════════════
The following message was thrown:
Multiple exceptions (2) were detected during the running of the current test, and at least one was
unexpected.
════════════════════════════════════════════════════════════════════════════════════════════════════
03:30 +95 -13: C:/Users/joaom/Documents/GitHub/Notes/universal_notes_flutter/test/main_test.dart: NotesScreen State Rendering shows error message when fetch fails
03:30 +95 -13: C:/Users/joaom/Documents/GitHub/Notes/universal_notes_flutter/test/screens/note_editor_screen_test.dart: NoteEditorScreen builds without crashing [E]
  Test failed. See exception logs above.
  The test description was: NoteEditorScreen builds without crashing
  
03:37 +95 -13: C:/Users/joaom/Documents/GitHub/Notes/universal_notes_flutter/test/main_test.dart: NotesScreen State Rendering shows error message when fetch fails
03:39 +96 -13: C:/Users/joaom/Documents/GitHub/Notes/universal_notes_flutter/test/main_test.dart: NotesScreen State Rendering shows error message when fetch fails
03:40 +96 -13: C:/Users/joaom/Documents/GitHub/Notes/universal_notes_flutter/test/screens/settings_screen_test.dart: SettingsScreen navigates to AboutScreen on Android
══╡ EXCEPTION CAUGHT BY FLUTTER TEST FRAMEWORK ╞════════════════════════════════════════════════════
The following TestFailure was thrown running a test:
Expected: exactly one matching candidate
  Actual: _TypeWidgetFinder:<Found 0 widgets with type "AboutScreen": []>
   Which: means none were found but one was expected

When the exception was thrown, this was the stack:
#4      main.<anonymous closure>.<anonymous closure> (file:///C:/Users/joaom/Documents/GitHub/Notes/universal_notes_flutter/test/screens/settings_screen_test.dart:50:9)
<asynchronous suspension>
#5      testWidgets.<anonymous closure>.<anonymous closure> (package:flutter_test/src/widget_tester.dart:192:15)
<asynchronous suspension>
#6      TestWidgetsFlutterBinding._runTestBody (package:flutter_test/src/binding.dart:1059:5)
<asynchronous suspension>
<asynchronous suspension>
(elided one frame from package:stack_trace)

This was caught by the test expectation on the following line:
  file:///C:/Users/joaom/Documents/GitHub/Notes/universal_notes_flutter/test/screens/settings_screen_test.dart line 50
The test description was:
  navigates to AboutScreen on Android
════════════════════════════════════════════════════════════════════════════════════════════════════
03:40 +96 -14: C:/Users/joaom/Documents/GitHub/Notes/universal_notes_flutter/test/main_test.dart: NotesScreen State Rendering shows error message when fetch fails
03:40 +96 -14: C:/Users/joaom/Documents/GitHub/Notes/universal_notes_flutter/test/screens/settings_screen_test.dart: SettingsScreen navigates to AboutScreen on Android [E]
  Test failed. See exception logs above.
  The test description was: navigates to AboutScreen on Android
  
03:41 +97 -14: C:/Users/joaom/Documents/GitHub/Notes/universal_notes_flutter/test/main_test.dart: NotesScreen State Rendering shows error message when fetch fails
03:41 +97 -14: C:/Users/joaom/Documents/GitHub/Notes/universal_notes_flutter/test/screens/settings_screen_test.dart: SettingsScreen navigates to AboutScreen on Windows
══╡ EXCEPTION CAUGHT BY FLUTTER TEST FRAMEWORK ╞════════════════════════════════════════════════════
The following TestFailure was thrown running a test:
Expected: exactly one matching candidate
  Actual: _TypeWidgetFinder:<Found 0 widgets with type "AboutScreen": []>
   Which: means none were found but one was expected

When the exception was thrown, this was the stack:
#4      main.<anonymous closure>.<anonymous closure> (file:///C:/Users/joaom/Documents/GitHub/Notes/universal_notes_flutter/test/screens/settings_screen_test.dart:83:9)
<asynchronous suspension>
#5      testWidgets.<anonymous closure>.<anonymous closure> (package:flutter_test/src/widget_tester.dart:192:15)
<asynchronous suspension>
#6      TestWidgetsFlutterBinding._runTestBody (package:flutter_test/src/binding.dart:1059:5)
<asynchronous suspension>
<asynchronous suspension>
(elided one frame from package:stack_trace)

This was caught by the test expectation on the following line:
  file:///C:/Users/joaom/Documents/GitHub/Notes/universal_notes_flutter/test/screens/settings_screen_test.dart line 83
The test description was:
  navigates to AboutScreen on Windows
════════════════════════════════════════════════════════════════════════════════════════════════════
03:41 +97 -15: C:/Users/joaom/Documents/GitHub/Notes/universal_notes_flutter/test/main_test.dart: NotesScreen State Rendering shows error message when fetch fails
03:41 +97 -15: C:/Users/joaom/Documents/GitHub/Notes/universal_notes_flutter/test/screens/settings_screen_test.dart: SettingsScreen navigates to AboutScreen on Windows [E]
  Test failed. See exception logs above.
  The test description was: navigates to AboutScreen on Windows
  
03:41 +97 -15: C:/Users/joaom/Documents/GitHub/Notes/universal_notes_flutter/test/screens/settings_screen_test.dart: SettingsScreen returns to SettingsScreen after navigating back on Android
══╡ EXCEPTION CAUGHT BY FLUTTER TEST FRAMEWORK ╞════════════════════════════════════════════════════
The following TestFailure was thrown running a test:
Expected: exactly one matching candidate
  Actual: _TypeWidgetFinder:<Found 0 widgets with type "AboutScreen": []>
   Which: means none were found but one was expected

When the exception was thrown, this was the stack:
#4      main.<anonymous closure>.<anonymous closure> (file:///C:/Users/joaom/Documents/GitHub/Notes/universal_notes_flutter/test/screens/settings_screen_test.dart:101:9)
<asynchronous suspension>
#5      testWidgets.<anonymous closure>.<anonymous closure> (package:flutter_test/src/widget_tester.dart:192:15)
<asynchronous suspension>
#6      TestWidgetsFlutterBinding._runTestBody (package:flutter_test/src/binding.dart:1059:5)
<asynchronous suspension>
<asynchronous suspension>
(elided one frame from package:stack_trace)

This was caught by the test expectation on the following line:
  file:///C:/Users/joaom/Documents/GitHub/Notes/universal_notes_flutter/test/screens/settings_screen_test.dart line 101
The test description was:
  returns to SettingsScreen after navigating back on Android
════════════════════════════════════════════════════════════════════════════════════════════════════
03:41 +97 -16: C:/Users/joaom/Documents/GitHub/Notes/universal_notes_flutter/test/main_test.dart: NotesScreen State Rendering shows error message when fetch fails
03:41 +97 -16: C:/Users/joaom/Documents/GitHub/Notes/universal_notes_flutter/test/screens/settings_screen_test.dart: SettingsScreen returns to SettingsScreen after navigating back on Android [E]
  Test failed. See exception logs above.
  The test description was: returns to SettingsScreen after navigating back on Android
  
03:41 +97 -16: C:/Users/joaom/Documents/GitHub/Notes/universal_notes_flutter/test/screens/settings_screen_test.dart: SettingsScreen returns to SettingsScreen after navigating back on Windows
══╡ EXCEPTION CAUGHT BY FLUTTER TEST FRAMEWORK ╞════════════════════════════════════════════════════
The following TestFailure was thrown running a test:
Expected: exactly one matching candidate
  Actual: _TypeWidgetFinder:<Found 0 widgets with type "AboutScreen": []>
   Which: means none were found but one was expected

When the exception was thrown, this was the stack:
#4      main.<anonymous closure>.<anonymous closure> (file:///C:/Users/joaom/Documents/GitHub/Notes/universal_notes_flutter/test/screens/settings_screen_test.dart:128:9)
<asynchronous suspension>
#5      testWidgets.<anonymous closure>.<anonymous closure> (package:flutter_test/src/widget_tester.dart:192:15)
<asynchronous suspension>
#6      TestWidgetsFlutterBinding._runTestBody (package:flutter_test/src/binding.dart:1059:5)
<asynchronous suspension>
<asynchronous suspension>
(elided one frame from package:stack_trace)

This was caught by the test expectation on the following line:
  file:///C:/Users/joaom/Documents/GitHub/Notes/universal_notes_flutter/test/screens/settings_screen_test.dart line 128
The test description was:
  returns to SettingsScreen after navigating back on Windows
════════════════════════════════════════════════════════════════════════════════════════════════════
03:41 +97 -17: C:/Users/joaom/Documents/GitHub/Notes/universal_notes_flutter/test/main_test.dart: NotesScreen State Rendering shows error message when fetch fails
03:42 +97 -17: C:/Users/joaom/Documents/GitHub/Notes/universal_notes_flutter/test/screens/settings_screen_test.dart: SettingsScreen returns to SettingsScreen after navigating back on Windows [E]
  Test failed. See exception logs above.
  The test description was: returns to SettingsScreen after navigating back on Windows
  
03:42 +97 -17: C:/Users/joaom/Documents/GitHub/Notes/universal_notes_flutter/test/main_test.dart: NotesScreen State Rendering shows error message when fetch fails
03:49 +97 -18: C:/Users/joaom/Documents/GitHub/Notes/universal_notes_flutter/test/main_test.dart: NotesScreen State Rendering shows error message when fetch fails
03:49 +97 -18: C:/Users/joaom/Documents/GitHub/Notes/universal_notes_flutter/test/services/autocomplete_service_test.dart: AutocompleteService returns suggestions from all sources in order [E]
  type 'Null' is not a subtype of type 'Future<List<String>>'
  test\services\autocomplete_service_test.dart 8:7    MockFirestoreRepository.getFrequentWords
  test\services\autocomplete_service_test.dart 29:21  main.<fn>.<fn>
  
03:55 +98 -18: C:/Users/joaom/Documents/GitHub/Notes/universal_notes_flutter/test/main_test.dart: NotesScreen State Rendering shows error message when fetch fails
03:55 +99 -18: C:/Users/joaom/Documents/GitHub/Notes/universal_notes_flutter/test/main_test.dart: NotesScreen State Rendering shows error message when fetch fails
03:55 +100 -18: C:/Users/joaom/Documents/GitHub/Notes/universal_notes_flutter/test/main_test.dart: NotesScreen State Rendering shows error message when fetch fails
03:55 +101 -18: C:/Users/joaom/Documents/GitHub/Notes/universal_notes_flutter/test/main_test.dart: NotesScreen State Rendering shows error message when fetch fails
03:55 +102 -18: C:/Users/joaom/Documents/GitHub/Notes/universal_notes_flutter/test/main_test.dart: NotesScreen State Rendering shows error message when fetch fails
04:03 +103 -18: C:/Users/joaom/Documents/GitHub/Notes/universal_notes_flutter/test/main_test.dart: NotesScreen State Rendering shows error message when fetch fails
04:05 +104 -18: C:/Users/joaom/Documents/GitHub/Notes/universal_notes_flutter/test/main_test.dart: NotesScreen State Rendering shows error message when fetch fails
04:08 +105 -18: C:/Users/joaom/Documents/GitHub/Notes/universal_notes_flutter/test/main_test.dart: NotesScreen State Rendering shows error message when fetch fails
04:10 +106 -18: C:/Users/joaom/Documents/GitHub/Notes/universal_notes_flutter/test/main_test.dart: NotesScreen State Rendering shows error message when fetch fails
04:15 +107 -18: C:/Users/joaom/Documents/GitHub/Notes/universal_notes_flutter/test/main_test.dart: NotesScreen State Rendering shows error message when fetch fails
04:19 +108 -18: C:/Users/joaom/Documents/GitHub/Notes/universal_notes_flutter/test/main_test.dart: NotesScreen State Rendering shows error message when fetch fails
04:19 +108 -19: C:/Users/joaom/Documents/GitHub/Notes/universal_notes_flutter/test/main_test.dart: NotesScreen State Rendering shows error message when fetch fails
04:19 +108 -19: C:/Users/joaom/Documents/GitHub/Notes/universal_notes_flutter/test/services/event_replayer_test.dart: EventReplayer reconstructs document from insert events [E]
  Expected: 'Hello World'
    Actual: ''
     Which: is different. Both strings start the same, but the actual value is missing the following trailing characters: Hello Worl ...
  
  package:matcher                                     expect
  package:flutter_test/src/widget_tester.dart 473:18  expect
  test\services\event_replayer_test.dart 32:7         main.<fn>.<fn>
  
04:19 +108 -20: C:/Users/joaom/Documents/GitHub/Notes/universal_notes_flutter/test/main_test.dart: NotesScreen State Rendering shows error message when fetch fails
04:19 +108 -20: C:/Users/joaom/Documents/GitHub/Notes/universal_notes_flutter/test/services/event_replayer_test.dart: EventReplayer reconstructs document with delete events [E]
  Expected: 'Hello'
    Actual: ''
     Which: is different. Both strings start the same, but the actual value is missing the following trailing characters: Hello
  
  package:matcher                                     expect
  package:flutter_test/src/widget_tester.dart 473:18  expect
  test\services\event_replayer_test.dart 54:7         main.<fn>.<fn>
  
04:19 +108 -21: C:/Users/joaom/Documents/GitHub/Notes/universal_notes_flutter/test/main_test.dart: NotesScreen State Rendering shows error message when fetch fails
04:19 +108 -21: C:/Users/joaom/Documents/GitHub/Notes/universal_notes_flutter/test/services/event_replayer_test.dart: EventReplayer handles events out of order by sorting [E]
  Expected: 'Hello World'
    Actual: ''
     Which: is different. Both strings start the same, but the actual value is missing the following trailing characters: Hello Worl ...
  
  package:matcher                                     expect
  package:flutter_test/src/widget_tester.dart 473:18  expect
  test\services\event_replayer_test.dart 76:7         main.<fn>.<fn>
  
04:19 +109 -21: C:/Users/joaom/Documents/GitHub/Notes/universal_notes_flutter/test/main_test.dart: NotesScreen State Rendering shows error message when fetch fails
04:25 +110 -21: C:/Users/joaom/Documents/GitHub/Notes/universal_notes_flutter/test/main_test.dart: NotesScreen State Rendering shows error message when fetch fails
04:31 +111 -21: C:/Users/joaom/Documents/GitHub/Notes/universal_notes_flutter/test/main_test.dart: NotesScreen State Rendering shows error message when fetch fails
04:31 +112 -21: C:/Users/joaom/Documents/GitHub/Notes/universal_notes_flutter/test/main_test.dart: NotesScreen State Rendering shows error message when fetch fails
04:31 +113 -21: C:/Users/joaom/Documents/GitHub/Notes/universal_notes_flutter/test/main_test.dart: NotesScreen State Rendering shows error message when fetch fails
04:31 +114 -21: C:/Users/joaom/Documents/GitHub/Notes/universal_notes_flutter/test/main_test.dart: NotesScreen State Rendering shows error message when fetch fails
04:37 +115 -21: C:/Users/joaom/Documents/GitHub/Notes/universal_notes_flutter/test/main_test.dart: NotesScreen State Rendering shows error message when fetch fails
04:37 +116 -21: C:/Users/joaom/Documents/GitHub/Notes/universal_notes_flutter/test/main_test.dart: NotesScreen State Rendering shows error message when fetch fails
04:37 +117 -21: C:/Users/joaom/Documents/GitHub/Notes/universal_notes_flutter/test/main_test.dart: NotesScreen State Rendering shows error message when fetch fails
04:43 +117 -22: C:/Users/joaom/Documents/GitHub/Notes/universal_notes_flutter/test/main_test.dart: NotesScreen State Rendering shows error message when fetch fails
04:43 +117 -22: C:/Users/joaom/Documents/GitHub/Notes/universal_notes_flutter/test/services/tag_suggestion_service_test.dart: TagSuggestionService should suggest tags found in document text [E]
  Expected: contains all of ['flutter', 'dart']
    Actual: MappedListIterable<Tag, String>:['Flutter', 'Dart']
     Which: has no match for 'flutter' at index 0 along with 1 other unmatched
  
  package:matcher                                      expect
  test\services\tag_suggestion_service_test.dart 28:7  main.<fn>.<fn>
  
04:43 +118 -22: C:/Users/joaom/Documents/GitHub/Notes/universal_notes_flutter/test/main_test.dart: NotesScreen State Rendering shows error message when fetch fails
04:43 +119 -22: C:/Users/joaom/Documents/GitHub/Notes/universal_notes_flutter/test/main_test.dart: NotesScreen State Rendering shows error message when fetch fails
04:43 +120 -22: C:/Users/joaom/Documents/GitHub/Notes/universal_notes_flutter/test/main_test.dart: NotesScreen State Rendering shows error message when fetch fails
04:47 +121 -22: C:/Users/joaom/Documents/GitHub/Notes/universal_notes_flutter/test/main_test.dart: NotesScreen State Rendering shows error message when fetch fails
04:47 +121 -23: C:/Users/joaom/Documents/GitHub/Notes/universal_notes_flutter/test/main_test.dart: NotesScreen State Rendering shows error message when fetch fails
04:47 +121 -23: C:/Users/joaom/Documents/GitHub/Notes/universal_notes_flutter/test/services/tracing_service_test.dart: TracingService should start a span with the given name [E]
  Bad state: A global TracerProvider has already been created. registerGlobalTracerProvider must be called only once before any calls to the getter globalTracerProvider.
  package:opentelemetry/src/api/open_telemetry.dart 29:5              registerGlobalTracerProvider
  package:universal_notes_flutter/services/tracing_service.dart 25:5  TracingService.init
  test\services\tracing_service_test.dart 9:35                        main.<fn>.<fn>
  
04:47 +121 -24: C:/Users/joaom/Documents/GitHub/Notes/universal_notes_flutter/test/main_test.dart: NotesScreen State Rendering shows error message when fetch fails
04:47 +121 -24: C:/Users/joaom/Documents/GitHub/Notes/universal_notes_flutter/test/services/tracing_service_test.dart: TracingService singleton instance should be shared [E]
  Bad state: A global TracerProvider has already been created. registerGlobalTracerProvider must be called only once before any calls to the getter globalTracerProvider.
  package:opentelemetry/src/api/open_telemetry.dart 29:5              registerGlobalTracerProvider
  package:universal_notes_flutter/services/tracing_service.dart 25:5  TracingService.init
  test\services\tracing_service_test.dart 9:35                        main.<fn>.<fn>
  
04:51 +122 -24: C:/Users/joaom/Documents/GitHub/Notes/universal_notes_flutter/test/main_test.dart: NotesScreen State Rendering shows error message when fetch fails
04:51 +123 -24: C:/Users/joaom/Documents/GitHub/Notes/universal_notes_flutter/test/main_test.dart: NotesScreen State Rendering shows error message when fetch fails
04:51 +124 -24: C:/Users/joaom/Documents/GitHub/Notes/universal_notes_flutter/test/main_test.dart: NotesScreen State Rendering shows error message when fetch fails
04:51 +125 -24: C:/Users/joaom/Documents/GitHub/Notes/universal_notes_flutter/test/main_test.dart: NotesScreen State Rendering shows error message when fetch fails
04:51 +126 -24: C:/Users/joaom/Documents/GitHub/Notes/universal_notes_flutter/test/main_test.dart: NotesScreen State Rendering shows error message when fetch fails
04:51 +127 -24: C:/Users/joaom/Documents/GitHub/Notes/universal_notes_flutter/test/main_test.dart: NotesScreen State Rendering shows error message when fetch fails
04:51 +128 -24: C:/Users/joaom/Documents/GitHub/Notes/universal_notes_flutter/test/main_test.dart: NotesScreen State Rendering shows error message when fetch fails
04:51 +129 -24: C:/Users/joaom/Documents/GitHub/Notes/universal_notes_flutter/test/main_test.dart: NotesScreen State Rendering shows error message when fetch fails
04:51 +130 -24: C:/Users/joaom/Documents/GitHub/Notes/universal_notes_flutter/test/main_test.dart: NotesScreen State Rendering shows error message when fetch fails
04:51 +131 -24: C:/Users/joaom/Documents/GitHub/Notes/universal_notes_flutter/test/main_test.dart: NotesScreen State Rendering shows error message when fetch fails
04:51 +132 -24: C:/Users/joaom/Documents/GitHub/Notes/universal_notes_flutter/test/main_test.dart: NotesScreen State Rendering shows error message when fetch fails
04:51 +133 -24: C:/Users/joaom/Documents/GitHub/Notes/universal_notes_flutter/test/main_test.dart: NotesScreen State Rendering shows error message when fetch fails
04:51 +134 -24: C:/Users/joaom/Documents/GitHub/Notes/universal_notes_flutter/test/main_test.dart: NotesScreen State Rendering shows error message when fetch fails
04:51 +135 -24: C:/Users/joaom/Documents/GitHub/Notes/universal_notes_flutter/test/main_test.dart: NotesScreen State Rendering shows error message when fetch fails
04:51 +136 -24: C:/Users/joaom/Documents/GitHub/Notes/universal_notes_flutter/test/main_test.dart: NotesScreen State Rendering shows error message when fetch fails
04:55 +137 -24: C:/Users/joaom/Documents/GitHub/Notes/universal_notes_flutter/test/main_test.dart: NotesScreen State Rendering shows error message when fetch fails
04:59 +138 -24: C:/Users/joaom/Documents/GitHub/Notes/universal_notes_flutter/test/main_test.dart: NotesScreen State Rendering shows error message when fetch fails
04:59 +139 -24: C:/Users/joaom/Documents/GitHub/Notes/universal_notes_flutter/test/main_test.dart: NotesScreen State Rendering shows error message when fetch fails
04:59 +140 -24: C:/Users/joaom/Documents/GitHub/Notes/universal_notes_flutter/test/main_test.dart: NotesScreen State Rendering shows error message when fetch fails
04:59 +141 -24: C:/Users/joaom/Documents/GitHub/Notes/universal_notes_flutter/test/main_test.dart: NotesScreen State Rendering shows error message when fetch fails
04:59 +142 -24: C:/Users/joaom/Documents/GitHub/Notes/universal_notes_flutter/test/main_test.dart: NotesScreen State Rendering shows error message when fetch fails
04:59 +143 -24: C:/Users/joaom/Documents/GitHub/Notes/universal_notes_flutter/test/main_test.dart: NotesScreen State Rendering shows error message when fetch fails
05:03 +144 -24: C:/Users/joaom/Documents/GitHub/Notes/universal_notes_flutter/test/main_test.dart: NotesScreen State Rendering shows error message when fetch fails
05:03 +145 -24: C:/Users/joaom/Documents/GitHub/Notes/universal_notes_flutter/test/main_test.dart: NotesScreen State Rendering shows error message when fetch fails
05:03 +146 -24: C:/Users/joaom/Documents/GitHub/Notes/universal_notes_flutter/test/main_test.dart: NotesScreen State Rendering shows error message when fetch fails
05:03 +147 -24: C:/Users/joaom/Documents/GitHub/Notes/universal_notes_flutter/test/main_test.dart: NotesScreen State Rendering shows error message when fetch fails
05:03 +148 -24: C:/Users/joaom/Documents/GitHub/Notes/universal_notes_flutter/test/main_test.dart: NotesScreen State Rendering shows error message when fetch fails
05:09 +149 -24: C:/Users/joaom/Documents/GitHub/Notes/universal_notes_flutter/test/main_test.dart: NotesScreen State Rendering shows error message when fetch fails
05:09 +150 -24: C:/Users/joaom/Documents/GitHub/Notes/universal_notes_flutter/test/main_test.dart: NotesScreen State Rendering shows error message when fetch fails
05:09 +151 -24: C:/Users/joaom/Documents/GitHub/Notes/universal_notes_flutter/test/main_test.dart: NotesScreen State Rendering shows error message when fetch fails
05:10 +152 -24: C:/Users/joaom/Documents/GitHub/Notes/universal_notes_flutter/test/main_test.dart: NotesScreen State Rendering shows error message when fetch fails
05:10 +153 -24: C:/Users/joaom/Documents/GitHub/Notes/universal_notes_flutter/test/main_test.dart: NotesScreen State Rendering shows error message when fetch fails
05:10 +154 -24: C:/Users/joaom/Documents/GitHub/Notes/universal_notes_flutter/test/main_test.dart: NotesScreen State Rendering shows error message when fetch fails
05:10 +155 -24: C:/Users/joaom/Documents/GitHub/Notes/universal_notes_flutter/test/main_test.dart: NotesScreen State Rendering shows error message when fetch fails
05:11 +156 -24: C:/Users/joaom/Documents/GitHub/Notes/universal_notes_flutter/test/main_test.dart: NotesScreen State Rendering shows error message when fetch fails
05:11 +157 -24: C:/Users/joaom/Documents/GitHub/Notes/universal_notes_flutter/test/main_test.dart: NotesScreen State Rendering shows error message when fetch fails
05:11 +158 -24: C:/Users/joaom/Documents/GitHub/Notes/universal_notes_flutter/test/main_test.dart: NotesScreen State Rendering shows error message when fetch fails
05:11 +159 -24: C:/Users/joaom/Documents/GitHub/Notes/universal_notes_flutter/test/main_test.dart: NotesScreen State Rendering shows error message when fetch fails
05:12 +160 -24: C:/Users/joaom/Documents/GitHub/Notes/universal_notes_flutter/test/main_test.dart: NotesScreen State Rendering shows error message when fetch fails
05:19 +161 -24: C:/Users/joaom/Documents/GitHub/Notes/universal_notes_flutter/test/main_test.dart: NotesScreen State Rendering shows error message when fetch fails
05:19 +162 -24: C:/Users/joaom/Documents/GitHub/Notes/universal_notes_flutter/test/main_test.dart: NotesScreen State Rendering shows error message when fetch fails
05:19 +163 -24: C:/Users/joaom/Documents/GitHub/Notes/universal_notes_flutter/test/main_test.dart: NotesScreen State Rendering shows error message when fetch fails
05:19 +164 -24: C:/Users/joaom/Documents/GitHub/Notes/universal_notes_flutter/test/main_test.dart: NotesScreen State Rendering shows error message when fetch fails
05:19 +165 -24: C:/Users/joaom/Documents/GitHub/Notes/universal_notes_flutter/test/main_test.dart: NotesScreen State Rendering shows error message when fetch fails
05:20 +166 -24: C:/Users/joaom/Documents/GitHub/Notes/universal_notes_flutter/test/main_test.dart: NotesScreen State Rendering shows error message when fetch fails
05:20 +167 -24: C:/Users/joaom/Documents/GitHub/Notes/universal_notes_flutter/test/main_test.dart: NotesScreen State Rendering shows error message when fetch fails
05:20 +168 -24: C:/Users/joaom/Documents/GitHub/Notes/universal_notes_flutter/test/main_test.dart: NotesScreen State Rendering shows error message when fetch fails
05:20 +169 -24: C:/Users/joaom/Documents/GitHub/Notes/universal_notes_flutter/test/main_test.dart: NotesScreen State Rendering shows error message when fetch fails
05:29 +170 -24: C:/Users/joaom/Documents/GitHub/Notes/universal_notes_flutter/test/main_test.dart: NotesScreen State Rendering shows error message when fetch fails
05:29 +171 -24: C:/Users/joaom/Documents/GitHub/Notes/universal_notes_flutter/test/main_test.dart: NotesScreen State Rendering shows error message when fetch fails
../../../../AppData/Local/Pub/Cache/hosted/pub.dev/alchemist-0.8.0/lib/src/blocked_text_image.dart:65:7: Error: The non-abstract class 'BlockedTextCanvasAdapter' is missing implementations for these members:
 - Canvas.clipRSuperellipse
 - Canvas.drawRSuperellipse
Try to either
 - provide an implementation,
 - inherit an implementation from a superclass or mixin,
 - mark the class as abstract, or
 - provide a 'noSuchMethod' implementation.
class BlockedTextCanvasAdapter implements Canvas {
      ^^^^^^^^^^^^^^^^^^^^^^^^
org-dartlang-sdk:///flutter/lib/ui/painting.dart:5967:8: Context: 'Canvas.clipRSuperellipse' is defined here.
  void clipRSuperellipse(RSuperellipse rsuperellipse, {bool doAntiAlias = true});
       ^^^^^^^^^^^^^^^^^
org-dartlang-sdk:///flutter/lib/ui/painting.dart:6097:8: Context: 'Canvas.drawRSuperellipse' is defined here.
  void drawRSuperellipse(RSuperellipse rsuperellipse, Paint paint);
       ^^^^^^^^^^^^^^^^^
05:32 +171 -25: loading C:/Users/joaom/Documents/GitHub/Notes/universal_notes_flutter/test/widgets/fluent_note_card_golden_test.dart [E]
  Failed to load "C:/Users/joaom/Documents/GitHub/Notes/universal_notes_flutter/test/widgets/fluent_note_card_golden_test.dart":
  Compilation failed for testPath=C:/Users/joaom/Documents/GitHub/Notes/universal_notes_flutter/test/widgets/fluent_note_card_golden_test.dart: ../../../../AppData/Local/Pub/Cache/hosted/pub.dev/alchemist-0.8.0/lib/src/blocked_text_image.dart:65:7: Error: The non-abstract class 'BlockedTextCanvasAdapter' is missing implementations for these members:
   - Canvas.clipRSuperellipse
   - Canvas.drawRSuperellipse
  Try to either
   - provide an implementation,
   - inherit an implementation from a superclass or mixin,
   - mark the class as abstract, or
   - provide a 'noSuchMethod' implementation.
  class BlockedTextCanvasAdapter implements Canvas {
        ^^^^^^^^^^^^^^^^^^^^^^^^
  org-dartlang-sdk:///flutter/lib/ui/painting.dart:5967:8: Context: 'Canvas.clipRSuperellipse' is defined here.
    void clipRSuperellipse(RSuperellipse rsuperellipse, {bool doAntiAlias = true});
         ^^^^^^^^^^^^^^^^^
  org-dartlang-sdk:///flutter/lib/ui/painting.dart:6097:8: Context: 'Canvas.drawRSuperellipse' is defined here.
    void drawRSuperellipse(RSuperellipse rsuperellipse, Paint paint);
         ^^^^^^^^^^^^^^^^^
  .
05:45 +171 -25: C:/Users/joaom/Documents/GitHub/Notes/universal_notes_flutter/test/widgets/fluent_note_card_test.dart: FluentNoteCard displays title and content preview for valid content
══╡ EXCEPTION CAUGHT BY FLUTTER TEST FRAMEWORK ╞════════════════════════════════════════════════════
The following TestFailure was thrown running a test:
Expected: exactly one matching candidate
  Actual: _TextWidgetFinder:<Found 0 widgets with text "This is a test note.": []>
   Which: means none were found but one was expected

When the exception was thrown, this was the stack:
#4      main.<anonymous closure>.<anonymous closure> (file:///C:/Users/joaom/Documents/GitHub/Notes/universal_notes_flutter/test/widgets/fluent_note_card_test.dart:39:7)
<asynchronous suspension>
#5      testWidgets.<anonymous closure>.<anonymous closure> (package:flutter_test/src/widget_tester.dart:192:15)
<asynchronous suspension>
#6      TestWidgetsFlutterBinding._runTestBody (package:flutter_test/src/binding.dart:1059:5)
<asynchronous suspension>
<asynchronous suspension>
(elided one frame from package:stack_trace)

This was caught by the test expectation on the following line:
  file:///C:/Users/joaom/Documents/GitHub/Notes/universal_notes_flutter/test/widgets/fluent_note_card_test.dart line 39
The test description was:
  displays title and content preview for valid content
════════════════════════════════════════════════════════════════════════════════════════════════════
05:45 +171 -26: C:/Users/joaom/Documents/GitHub/Notes/universal_notes_flutter/test/main_test.dart: NotesScreen State Rendering shows error message when fetch fails
05:45 +171 -26: C:/Users/joaom/Documents/GitHub/Notes/universal_notes_flutter/test/widgets/fluent_note_card_test.dart: FluentNoteCard displays title and content preview for valid content [E]
  Test failed. See exception logs above.
  The test description was: displays title and content preview for valid content
  
05:46 +171 -26: C:/Users/joaom/Documents/GitHub/Notes/universal_notes_flutter/test/widgets/fluent_note_card_test.dart: FluentNoteCard displays fallback text for invalid content
══╡ EXCEPTION CAUGHT BY FLUTTER TEST FRAMEWORK ╞════════════════════════════════════════════════════
The following TestFailure was thrown running a test:
Expected: exactly one matching candidate
  Actual: _TextWidgetFinder:<Found 0 widgets with text "...": []>
   Which: means none were found but one was expected

When the exception was thrown, this was the stack:
#4      main.<anonymous closure>.<anonymous closure> (file:///C:/Users/joaom/Documents/GitHub/Notes/universal_notes_flutter/test/widgets/fluent_note_card_test.dart:58:7)
<asynchronous suspension>
#5      testWidgets.<anonymous closure>.<anonymous closure> (package:flutter_test/src/widget_tester.dart:192:15)
<asynchronous suspension>
#6      TestWidgetsFlutterBinding._runTestBody (package:flutter_test/src/binding.dart:1059:5)
<asynchronous suspension>
<asynchronous suspension>
(elided one frame from package:stack_trace)

This was caught by the test expectation on the following line:
  file:///C:/Users/joaom/Documents/GitHub/Notes/universal_notes_flutter/test/widgets/fluent_note_card_test.dart line 58
The test description was:
  displays fallback text for invalid content
════════════════════════════════════════════════════════════════════════════════════════════════════
05:46 +171 -27: C:/Users/joaom/Documents/GitHub/Notes/universal_notes_flutter/test/main_test.dart: NotesScreen State Rendering shows error message when fetch fails
05:46 +171 -27: C:/Users/joaom/Documents/GitHub/Notes/universal_notes_flutter/test/widgets/fluent_note_card_test.dart: FluentNoteCard displays fallback text for invalid content [E]
  Test failed. See exception logs above.
  The test description was: displays fallback text for invalid content
  
05:46 +172 -27: C:/Users/joaom/Documents/GitHub/Notes/universal_notes_flutter/test/main_test.dart: NotesScreen State Rendering shows error message when fetch fails
05:47 +173 -27: C:/Users/joaom/Documents/GitHub/Notes/universal_notes_flutter/test/main_test.dart: NotesScreen State Rendering shows error message when fetch fails
05:53 +173 -27: C:/Users/joaom/Documents/GitHub/Notes/universal_notes_flutter/test/widgets/note_card_test.dart: NoteCard displays note
══╡ EXCEPTION CAUGHT BY FLUTTER TEST FRAMEWORK ╞════════════════════════════════════════════════════
The following TestFailure was thrown running a test:
Expected: exactly one matching candidate
  Actual: _TextWidgetFinder:<Found 0 widgets with text "Test Note": []>
   Which: means none were found but one was expected

When the exception was thrown, this was the stack:
#4      main.<anonymous closure> (file:///C:/Users/joaom/Documents/GitHub/Notes/universal_notes_flutter/test/widgets/note_card_test.dart:30:5)
<asynchronous suspension>
#5      testWidgets.<anonymous closure>.<anonymous closure> (package:flutter_test/src/widget_tester.dart:192:15)
<asynchronous suspension>
#6      TestWidgetsFlutterBinding._runTestBody (package:flutter_test/src/binding.dart:1059:5)
<asynchronous suspension>
<asynchronous suspension>
(elided one frame from package:stack_trace)

This was caught by the test expectation on the following line:
  file:///C:/Users/joaom/Documents/GitHub/Notes/universal_notes_flutter/test/widgets/note_card_test.dart line 30
The test description was:
  NoteCard displays note
════════════════════════════════════════════════════════════════════════════════════════════════════
05:53 +173 -28: C:/Users/joaom/Documents/GitHub/Notes/universal_notes_flutter/test/main_test.dart: NotesScreen State Rendering shows error message when fetch fails
05:53 +173 -28: C:/Users/joaom/Documents/GitHub/Notes/universal_notes_flutter/test/widgets/note_card_test.dart: NoteCard displays note [E]
  Test failed. See exception logs above.
  The test description was: NoteCard displays note
  
05:53 +174 -28: C:/Users/joaom/Documents/GitHub/Notes/universal_notes_flutter/test/main_test.dart: NotesScreen State Rendering shows error message when fetch fails
05:53 +174 -28: C:/Users/joaom/Documents/GitHub/Notes/universal_notes_flutter/test/widgets/note_card_test.dart: tapping NoteCard navigates to NoteEditorScreen when onTap null
══╡ EXCEPTION CAUGHT BY FLUTTER TEST FRAMEWORK ╞════════════════════════════════════════════════════
The following TestFailure was thrown running a test:
Expected: exactly one matching candidate
  Actual: _TypeWidgetFinder:<Found 0 widgets with type "NoteEditorScreen": []>
   Which: means none were found but one was expected

When the exception was thrown, this was the stack:
#4      main.<anonymous closure> (file:///C:/Users/joaom/Documents/GitHub/Notes/universal_notes_flutter/test/widgets/note_card_test.dart:105:7)
<asynchronous suspension>
#5      testWidgets.<anonymous closure>.<anonymous closure> (package:flutter_test/src/widget_tester.dart:192:15)
<asynchronous suspension>
#6      TestWidgetsFlutterBinding._runTestBody (package:flutter_test/src/binding.dart:1059:5)
<asynchronous suspension>
<asynchronous suspension>
(elided one frame from package:stack_trace)

This was caught by the test expectation on the following line:
  file:///C:/Users/joaom/Documents/GitHub/Notes/universal_notes_flutter/test/widgets/note_card_test.dart line 105
The test description was:
  tapping NoteCard navigates to NoteEditorScreen when onTap null
════════════════════════════════════════════════════════════════════════════════════════════════════
05:53 +174 -29: C:/Users/joaom/Documents/GitHub/Notes/universal_notes_flutter/test/main_test.dart: NotesScreen State Rendering shows error message when fetch fails
05:53 +174 -29: C:/Users/joaom/Documents/GitHub/Notes/universal_notes_flutter/test/widgets/note_card_test.dart: tapping NoteCard navigates to NoteEditorScreen when onTap null [E]
  Test failed. See exception logs above.
  The test description was: tapping NoteCard navigates to NoteEditorScreen when onTap null
  
05:54 +175 -29: C:/Users/joaom/Documents/GitHub/Notes/universal_notes_flutter/test/main_test.dart: NotesScreen State Rendering shows error message when fetch fails
06:00 +176 -29: C:/Users/joaom/Documents/GitHub/Notes/universal_notes_flutter/test/main_test.dart: NotesScreen State Rendering shows error message when fetch fails
06:00 +177 -29: C:/Users/joaom/Documents/GitHub/Notes/universal_notes_flutter/test/main_test.dart: NotesScreen State Rendering shows error message when fetch fails
06:00 +178 -29: C:/Users/joaom/Documents/GitHub/Notes/universal_notes_flutter/test/main_test.dart: NotesScreen State Rendering shows error message when fetch fails
06:01 +179 -29: C:/Users/joaom/Documents/GitHub/Notes/universal_notes_flutter/test/main_test.dart: NotesScreen State Rendering shows error message when fetch fails
06:01 +179 -29: C:/Users/joaom/Documents/GitHub/Notes/universal_notes_flutter/test/widgets/note_simple_list_tile_test.dart: tapping NoteSimpleListTile navigates to editor when onTap is null
══╡ EXCEPTION CAUGHT BY WIDGETS LIBRARY ╞═══════════════════════════════════════════════════════════
The following FirebaseException was thrown building Builder:
[core/no-app] No Firebase App '[DEFAULT]' has been created - call Firebase.initializeApp()

The relevant error-causing widget was:
  MaterialApp
  MaterialApp:file:///C:/Users/joaom/Documents/GitHub/Notes/universal_notes_flutter/test/widgets/note_simple_list_tile_test.dart:109:9

When the exception was thrown, this was the stack:
#0      MethodChannelFirebase.app (package:firebase_core_platform_interface/src/method_channel/method_channel_firebase.dart:190:5)
#1      Firebase.app (package:firebase_core/src/firebase.dart:91:41)
#2      FirebaseFirestore.instance (package:cloud_firestore/src/firestore.dart:29:21)
#3      FirestoreRepository.firestore (package:universal_notes_flutter/repositories/firestore_repository.dart:16:56)
#4      FirestoreRepository.firestore (package:universal_notes_flutter/repositories/firestore_repository.dart)
#5      FirestoreRepository._initCollections (package:universal_notes_flutter/repositories/firestore_repository.dart:21:24)
#6      new FirestoreRepository (package:universal_notes_flutter/repositories/firestore_repository.dart:12:5)
#7      new _NoteEditorScreenState (package:universal_notes_flutter/screens/note_editor_screen.dart:88:32)
#8      NoteEditorScreen.createState (package:universal_notes_flutter/screens/note_editor_screen.dart:55:44)
#9      new StatefulElement (package:flutter/src/widgets/framework.dart:5905:60)
#10     StatefulWidget.createElement (package:flutter/src/widgets/framework.dart:779:38)
...     Normal element mounting (260 frames)
#270    Element.inflateWidget (package:flutter/src/widgets/framework.dart:4590:20)
#271    MultiChildRenderObjectElement.inflateWidget (package:flutter/src/widgets/framework.dart:7269:36)
#272    Element.updateChild (package:flutter/src/widgets/framework.dart:4059:18)
#273    Element.updateChildren (package:flutter/src/widgets/framework.dart:4258:32)
#274    MultiChildRenderObjectElement.update (package:flutter/src/widgets/framework.dart:7302:17)
#275    Element.updateChild (package:flutter/src/widgets/framework.dart:4037:15)
#276    ComponentElement.performRebuild (package:flutter/src/widgets/framework.dart:5844:16)
#277    StatefulElement.performRebuild (package:flutter/src/widgets/framework.dart:5985:11)
#278    Element.rebuild (package:flutter/src/widgets/framework.dart:5532:7)
#279    StatefulElement.update (package:flutter/src/widgets/framework.dart:6010:5)
#280    Element.updateChild (package:flutter/src/widgets/framework.dart:4037:15)
#281    ComponentElement.performRebuild (package:flutter/src/widgets/framework.dart:5844:16)
#282    Element.rebuild (package:flutter/src/widgets/framework.dart:5532:7)
#283    ProxyElement.update (package:flutter/src/widgets/framework.dart:6152:5)
#284    Element.updateChild (package:flutter/src/widgets/framework.dart:4037:15)
#285    ComponentElement.performRebuild (package:flutter/src/widgets/framework.dart:5844:16)
#286    Element.rebuild (package:flutter/src/widgets/framework.dart:5532:7)
#287    ProxyElement.update (package:flutter/src/widgets/framework.dart:6152:5)
#288    _InheritedNotifierElement.update (package:flutter/src/widgets/inherited_notifier.dart:108:11)
#289    Element.updateChild (package:flutter/src/widgets/framework.dart:4037:15)
#290    ComponentElement.performRebuild (package:flutter/src/widgets/framework.dart:5844:16)
#291    StatefulElement.performRebuild (package:flutter/src/widgets/framework.dart:5985:11)
#292    Element.rebuild (package:flutter/src/widgets/framework.dart:5532:7)
#293    StatefulElement.update (package:flutter/src/widgets/framework.dart:6010:5)
#294    Element.updateChild (package:flutter/src/widgets/framework.dart:4037:15)
#295    ComponentElement.performRebuild (package:flutter/src/widgets/framework.dart:5844:16)
#296    Element.rebuild (package:flutter/src/widgets/framework.dart:5532:7)
#297    ProxyElement.update (package:flutter/src/widgets/framework.dart:6152:5)
#298    _InheritedNotifierElement.update (package:flutter/src/widgets/inherited_notifier.dart:108:11)
#299    Element.updateChild (package:flutter/src/widgets/framework.dart:4037:15)
#300    ComponentElement.performRebuild (package:flutter/src/widgets/framework.dart:5844:16)
#301    StatefulElement.performRebuild (package:flutter/src/widgets/framework.dart:5985:11)
#302    Element.rebuild (package:flutter/src/widgets/framework.dart:5532:7)
#303    StatefulElement.update (package:flutter/src/widgets/framework.dart:6010:5)
#304    Element.updateChild (package:flutter/src/widgets/framework.dart:4037:15)
#305    ComponentElement.performRebuild (package:flutter/src/widgets/framework.dart:5844:16)
#306    StatefulElement.performRebuild (package:flutter/src/widgets/framework.dart:5985:11)
#307    Element.rebuild (package:flutter/src/widgets/framework.dart:5532:7)
#308    StatefulElement.update (package:flutter/src/widgets/framework.dart:6010:5)
#309    Element.updateChild (package:flutter/src/widgets/framework.dart:4037:15)
#310    SingleChildRenderObjectElement.update (package:flutter/src/widgets/framework.dart:7125:14)
#311    Element.updateChild (package:flutter/src/widgets/framework.dart:4037:15)
#312    SingleChildRenderObjectElement.update (package:flutter/src/widgets/framework.dart:7125:14)
#313    Element.updateChild (package:flutter/src/widgets/framework.dart:4037:15)
#314    ComponentElement.performRebuild (package:flutter/src/widgets/framework.dart:5844:16)
#315    Element.rebuild (package:flutter/src/widgets/framework.dart:5532:7)
#316    ProxyElement.update (package:flutter/src/widgets/framework.dart:6152:5)
#317    Element.updateChild (package:flutter/src/widgets/framework.dart:4037:15)
#318    ComponentElement.performRebuild (package:flutter/src/widgets/framework.dart:5844:16)
#319    Element.rebuild (package:flutter/src/widgets/framework.dart:5532:7)
#320    ProxyElement.update (package:flutter/src/widgets/framework.dart:6152:5)
#321    Element.updateChild (package:flutter/src/widgets/framework.dart:4037:15)
#322    ComponentElement.performRebuild (package:flutter/src/widgets/framework.dart:5844:16)
#323    StatefulElement.performRebuild (package:flutter/src/widgets/framework.dart:5985:11)
#324    Element.rebuild (package:flutter/src/widgets/framework.dart:5532:7)
#325    BuildScope._tryRebuild (package:flutter/src/widgets/framework.dart:2750:15)
#326    BuildScope._flushDirtyElements (package:flutter/src/widgets/framework.dart:2807:11)
#327    BuildOwner.buildScope (package:flutter/src/widgets/framework.dart:3111:18)
#328    AutomatedTestWidgetsFlutterBinding.drawFrame (package:flutter_test/src/binding.dart:1506:19)
#329    RendererBinding._handlePersistentFrameCallback (package:flutter/src/rendering/binding.dart:495:5)
#330    SchedulerBinding._invokeFrameCallback (package:flutter/src/scheduler/binding.dart:1434:15)
#331    SchedulerBinding.handleDrawFrame (package:flutter/src/scheduler/binding.dart:1347:9)
#332    AutomatedTestWidgetsFlutterBinding.pump.<anonymous closure> (package:flutter_test/src/binding.dart:1335:9)
#335    TestAsyncUtils.guard (package:flutter_test/src/test_async_utils.dart:74:41)
#336    AutomatedTestWidgetsFlutterBinding.pump (package:flutter_test/src/binding.dart:1324:27)
#337    WidgetTester.pumpAndSettle.<anonymous closure> (package:flutter_test/src/widget_tester.dart:719:23)
#340    TestAsyncUtils.guard (package:flutter_test/src/test_async_utils.dart:74:41)
#341    WidgetTester.pumpAndSettle (package:flutter_test/src/widget_tester.dart:712:27)
#342    main.<anonymous closure> (file:///C:/Users/joaom/Documents/GitHub/Notes/universal_notes_flutter/test/widgets/note_simple_list_tile_test.dart:125:20)
<asynchronous suspension>
#343    testWidgets.<anonymous closure>.<anonymous closure> (package:flutter_test/src/widget_tester.dart:192:15)
<asynchronous suspension>
#344    TestWidgetsFlutterBinding._runTestBody (package:flutter_test/src/binding.dart:1059:5)
<asynchronous suspension>
<asynchronous suspension>
(elided 5 frames from dart:async and package:stack_trace)

════════════════════════════════════════════════════════════════════════════════════════════════════
══╡ EXCEPTION CAUGHT BY FLUTTER TEST FRAMEWORK ╞════════════════════════════════════════════════════
The following TestFailure was thrown running a test:
Expected: exactly one matching candidate
  Actual: _TypeWidgetFinder:<Found 0 widgets with type "NoteEditorScreen": []>
   Which: means none were found but one was expected

When the exception was thrown, this was the stack:
#4      main.<anonymous closure> (file:///C:/Users/joaom/Documents/GitHub/Notes/universal_notes_flutter/test/widgets/note_simple_list_tile_test.dart:128:7)
<asynchronous suspension>
#5      testWidgets.<anonymous closure>.<anonymous closure> (package:flutter_test/src/widget_tester.dart:192:15)
<asynchronous suspension>
#6      TestWidgetsFlutterBinding._runTestBody (package:flutter_test/src/binding.dart:1059:5)
<asynchronous suspension>
<asynchronous suspension>
(elided one frame from package:stack_trace)

This was caught by the test expectation on the following line:
  file:///C:/Users/joaom/Documents/GitHub/Notes/universal_notes_flutter/test/widgets/note_simple_list_tile_test.dart line 128
The test description was:
  tapping NoteSimpleListTile navigates to editor when onTap is null
════════════════════════════════════════════════════════════════════════════════════════════════════
══╡ EXCEPTION CAUGHT BY FLUTTER TEST FRAMEWORK ╞════════════════════════════════════════════════════
The following message was thrown:
Multiple exceptions (2) were detected during the running of the current test, and at least one was
unexpected.
════════════════════════════════════════════════════════════════════════════════════════════════════
06:01 +179 -30: C:/Users/joaom/Documents/GitHub/Notes/universal_notes_flutter/test/main_test.dart: NotesScreen State Rendering shows error message when fetch fails
06:01 +179 -30: C:/Users/joaom/Documents/GitHub/Notes/universal_notes_flutter/test/widgets/note_simple_list_tile_test.dart: tapping NoteSimpleListTile navigates to editor when onTap is null [E]
  Test failed. See exception logs above.
  The test description was: tapping NoteSimpleListTile navigates to editor when onTap is null
  
../../../../AppData/Local/Pub/Cache/hosted/pub.dev/alchemist-0.8.0/lib/src/blocked_text_image.dart:65:7: Error: The non-abstract class 'BlockedTextCanvasAdapter' is missing implementations for these members:
 - Canvas.clipRSuperellipse
 - Canvas.drawRSuperellipse
Try to either
 - provide an implementation,
 - inherit an implementation from a superclass or mixin,
 - mark the class as abstract, or
 - provide a 'noSuchMethod' implementation.
class BlockedTextCanvasAdapter implements Canvas {
      ^^^^^^^^^^^^^^^^^^^^^^^^
org-dartlang-sdk:///flutter/lib/ui/painting.dart:5967:8: Context: 'Canvas.clipRSuperellipse' is defined here.
  void clipRSuperellipse(RSuperellipse rsuperellipse, {bool doAntiAlias = true});
       ^^^^^^^^^^^^^^^^^
org-dartlang-sdk:///flutter/lib/ui/painting.dart:6097:8: Context: 'Canvas.drawRSuperellipse' is defined here.
  void drawRSuperellipse(RSuperellipse rsuperellipse, Paint paint);
       ^^^^^^^^^^^^^^^^^
06:04 +179 -31: loading C:/Users/joaom/Documents/GitHub/Notes/universal_notes_flutter/test/widgets/simple_fluent_golden_test.dart [E]
  Failed to load "C:/Users/joaom/Documents/GitHub/Notes/universal_notes_flutter/test/widgets/simple_fluent_golden_test.dart":
  Compilation failed for testPath=C:/Users/joaom/Documents/GitHub/Notes/universal_notes_flutter/test/widgets/simple_fluent_golden_test.dart: ../../../../AppData/Local/Pub/Cache/hosted/pub.dev/alchemist-0.8.0/lib/src/blocked_text_image.dart:65:7: Error: The non-abstract class 'BlockedTextCanvasAdapter' is missing implementations for these members:
   - Canvas.clipRSuperellipse
   - Canvas.drawRSuperellipse
  Try to either
   - provide an implementation,
   - inherit an implementation from a superclass or mixin,
   - mark the class as abstract, or
   - provide a 'noSuchMethod' implementation.
  class BlockedTextCanvasAdapter implements Canvas {
        ^^^^^^^^^^^^^^^^^^^^^^^^
  org-dartlang-sdk:///flutter/lib/ui/painting.dart:5967:8: Context: 'Canvas.clipRSuperellipse' is defined here.
    void clipRSuperellipse(RSuperellipse rsuperellipse, {bool doAntiAlias = true});
         ^^^^^^^^^^^^^^^^^
  org-dartlang-sdk:///flutter/lib/ui/painting.dart:6097:8: Context: 'Canvas.drawRSuperellipse' is defined here.
    void drawRSuperellipse(RSuperellipse rsuperellipse, Paint paint);
         ^^^^^^^^^^^^^^^^^
  .
../../../../AppData/Local/Pub/Cache/hosted/pub.dev/alchemist-0.8.0/lib/src/blocked_text_image.dart:65:7: Error: The non-abstract class 'BlockedTextCanvasAdapter' is missing implementations for these members:
 - Canvas.clipRSuperellipse
 - Canvas.drawRSuperellipse
Try to either
 - provide an implementation,
 - inherit an implementation from a superclass or mixin,
 - mark the class as abstract, or
 - provide a 'noSuchMethod' implementation.
class BlockedTextCanvasAdapter implements Canvas {
      ^^^^^^^^^^^^^^^^^^^^^^^^
org-dartlang-sdk:///flutter/lib/ui/painting.dart:5967:8: Context: 'Canvas.clipRSuperellipse' is defined here.
  void clipRSuperellipse(RSuperellipse rsuperellipse, {bool doAntiAlias = true});
       ^^^^^^^^^^^^^^^^^
org-dartlang-sdk:///flutter/lib/ui/painting.dart:6097:8: Context: 'Canvas.drawRSuperellipse' is defined here.
  void drawRSuperellipse(RSuperellipse rsuperellipse, Paint paint);
       ^^^^^^^^^^^^^^^^^
06:08 +179 -32: loading C:/Users/joaom/Documents/GitHub/Notes/universal_notes_flutter/test/widgets/standard_golden_test.dart [E]
  Failed to load "C:/Users/joaom/Documents/GitHub/Notes/universal_notes_flutter/test/widgets/standard_golden_test.dart":
  Compilation failed for testPath=C:/Users/joaom/Documents/GitHub/Notes/universal_notes_flutter/test/widgets/standard_golden_test.dart: ../../../../AppData/Local/Pub/Cache/hosted/pub.dev/alchemist-0.8.0/lib/src/blocked_text_image.dart:65:7: Error: The non-abstract class 'BlockedTextCanvasAdapter' is missing implementations for these members:
   - Canvas.clipRSuperellipse
   - Canvas.drawRSuperellipse
  Try to either
   - provide an implementation,
   - inherit an implementation from a superclass or mixin,
   - mark the class as abstract, or
   - provide a 'noSuchMethod' implementation.
  class BlockedTextCanvasAdapter implements Canvas {
        ^^^^^^^^^^^^^^^^^^^^^^^^
  org-dartlang-sdk:///flutter/lib/ui/painting.dart:5967:8: Context: 'Canvas.clipRSuperellipse' is defined here.
    void clipRSuperellipse(RSuperellipse rsuperellipse, {bool doAntiAlias = true});
         ^^^^^^^^^^^^^^^^^
  org-dartlang-sdk:///flutter/lib/ui/painting.dart:6097:8: Context: 'Canvas.drawRSuperellipse' is defined here.
    void drawRSuperellipse(RSuperellipse rsuperellipse, Paint paint);
         ^^^^^^^^^^^^^^^^^
  .
11:58 +179 -33: C:/Users/joaom/Documents/GitHub/Notes/universal_notes_flutter/test/main_test.dart: NotesScreen State Rendering shows error message when fetch fails [E]
  TimeoutException after 0:10:00.000000: Test timed out after 10 minutes.
  dart:isolate  _RawReceivePort._handleMessage
  
11:58 +179 -33: C:/Users/joaom/Documents/GitHub/Notes/universal_notes_flutter/test/main_test.dart: NotesScreen State Rendering shows empty state when no notes exist
12:13 +179 -34: C:/Users/joaom/Documents/GitHub/Notes/universal_notes_flutter/test/main_test.dart: NotesScreen State Rendering shows empty state when no notes exist [E]
  Exception: Fetch failed
  dart:async                                                        new Stream.error
  test\main_test.dart 311:34                                        main.<fn>.<fn>.<fn>
  package:mockito/src/mock.dart 194:47                              Mock.noSuchMethod
  test\main_test.dart 43:18                                         MockFirestoreRepository.notesStream
  package:universal_notes_flutter/services/sync_service.dart 94:47  SyncService._startBackgroundSync
  package:universal_notes_flutter/services/sync_service.dart 51:5   SyncService.init
  ===== asynchronous gap ===========================
  dart:async                                                        _CustomZone.registerUnaryCallback
  package:universal_notes_flutter/services/sync_service.dart 48:5   SyncService.init
  test\main_test.dart 259:32                                        main.<fn>
  ===== asynchronous gap ===========================
  dart:async                                                        _CustomZone.registerUnaryCallback
  test\main_test.dart 254:5                                         main.<fn>
  
Warning database has been locked for 0:00:10.000000. Make sure you always use the transaction object for database operations during a transaction
══╡ EXCEPTION CAUGHT BY FLUTTER TEST FRAMEWORK ╞════════════════════════════════════════════════════
The following assertion was thrown running a test:
pumpAndSettle timed out

When the exception was thrown, this was the stack:
#0      WidgetTester.pumpAndSettle.<anonymous closure> (package:flutter_test/src/widget_tester.dart:717:11)
<asynchronous suspension>
#1      TestAsyncUtils.guard.<anonymous closure> (package:flutter_test/src/test_async_utils.dart:130:27)
<asynchronous suspension>
#2      main._pumpNotesScreen (file:///C:/Users/joaom/Documents/GitHub/Notes/universal_notes_flutter/test/main_test.dart:288:5)
<asynchronous suspension>
#3      main.<anonymous closure>.<anonymous closure> (file:///C:/Users/joaom/Documents/GitHub/Notes/universal_notes_flutter/test/main_test.dart:324:7)
<asynchronous suspension>
#4      testWidgets.<anonymous closure>.<anonymous closure> (package:flutter_test/src/widget_tester.dart:192:15)
<asynchronous suspension>
#5      TestWidgetsFlutterBinding._runTestBody (package:flutter_test/src/binding.dart:1059:5)
<asynchronous suspension>
<asynchronous suspension>
(elided one frame from package:stack_trace)

The test description was:
  shows empty state when no notes exist
════════════════════════════════════════════════════════════════════════════════════════════════════
  Test failed. See exception logs above.
  The test description was: shows empty state when no notes exist
  
12:13 +179 -34: C:/Users/joaom/Documents/GitHub/Notes/universal_notes_flutter/test/main_test.dart: NotesScreen State Rendering displays notes when available
12:13 +179 -35: C:/Users/joaom/Documents/GitHub/Notes/universal_notes_flutter/test/main_test.dart: NotesScreen State Rendering displays notes when available [E]
  Exception: Fetch failed
  dart:async                                                        new Stream.error
  test\main_test.dart 311:34                                        main.<fn>.<fn>.<fn>
  package:mockito/src/mock.dart 194:47                              Mock.noSuchMethod
  test\main_test.dart 43:18                                         MockFirestoreRepository.notesStream
  package:universal_notes_flutter/services/sync_service.dart 94:47  SyncService._startBackgroundSync
  package:universal_notes_flutter/services/sync_service.dart 51:5   SyncService.init
  ===== asynchronous gap ===========================
  dart:async                                                        _CustomZone.registerUnaryCallback
  package:universal_notes_flutter/services/sync_service.dart 48:5   SyncService.init
  test\main_test.dart 259:32                                        main.<fn>
  ===== asynchronous gap ===========================
  dart:async                                                        _CustomZone.registerUnaryCallback
  test\main_test.dart 254:5                                         main.<fn>
  
  TimeoutException after 0:10:00.000000: Test timed out after 10 minutes.
  dart:isolate  _RawReceivePort._handleMessage
  
22:13 +179 -35: C:/Users/joaom/Documents/GitHub/Notes/universal_notes_flutter/test/main_test.dart: NotesScreen View Modes cycles through view modes when button is tapped
Warning database has been locked for 0:00:10.000000. Make sure you always use the transaction object for database operations during a transaction
══╡ EXCEPTION CAUGHT BY FLUTTER TEST FRAMEWORK ╞════════════════════════════════════════════════════
The following assertion was thrown running a test:
pumpAndSettle timed out

When the exception was thrown, this was the stack:
#0      WidgetTester.pumpAndSettle.<anonymous closure> (package:flutter_test/src/widget_tester.dart:717:11)
<asynchronous suspension>
#1      TestAsyncUtils.guard.<anonymous closure> (package:flutter_test/src/test_async_utils.dart:130:27)
<asynchronous suspension>
#2      main._pumpNotesScreen (file:///C:/Users/joaom/Documents/GitHub/Notes/universal_notes_flutter/test/main_test.dart:288:5)
<asynchronous suspension>
#3      main.<anonymous closure>.<anonymous closure> (file:///C:/Users/joaom/Documents/GitHub/Notes/universal_notes_flutter/test/main_test.dart:348:7)
<asynchronous suspension>
#4      testWidgets.<anonymous closure>.<anonymous closure> (package:flutter_test/src/widget_tester.dart:192:15)
<asynchronous suspension>
#5      TestWidgetsFlutterBinding._runTestBody (package:flutter_test/src/binding.dart:1059:5)
<asynchronous suspension>
<asynchronous suspension>
(elided one frame from package:stack_trace)

The test description was:
  cycles through view modes when button is tapped
════════════════════════════════════════════════════════════════════════════════════════════════════
22:25 +179 -36: C:/Users/joaom/Documents/GitHub/Notes/universal_notes_flutter/test/main_test.dart: NotesScreen View Modes cycles through view modes when button is tapped [E]
  Test failed. See exception logs above.
  The test description was: cycles through view modes when button is tapped
  
22:26 +179 -36: C:/Users/joaom/Documents/GitHub/Notes/universal_notes_flutter/test/main_test.dart: NotesScreen Note Filtering shows only non-trash notes by default
32:26 +179 -37: C:/Users/joaom/Documents/GitHub/Notes/universal_notes_flutter/test/main_test.dart: NotesScreen Note Filtering shows only non-trash notes by default [E]
  TimeoutException after 0:10:00.000000: Test timed out after 10 minutes.
  dart:isolate  _RawReceivePort._handleMessage
  
32:26 +179 -37: C:/Users/joaom/Documents/GitHub/Notes/universal_notes_flutter/test/main_test.dart: NotesScreen Note Filtering filters favorites correctly
42:26 +179 -38: C:/Users/joaom/Documents/GitHub/Notes/universal_notes_flutter/test/main_test.dart: NotesScreen Note Filtering filters favorites correctly [E]
  TimeoutException after 0:10:00.000000: Test timed out after 10 minutes.
  dart:isolate  _RawReceivePort._handleMessage
  
42:26 +179 -38: C:/Users/joaom/Documents/GitHub/Notes/universal_notes_flutter/test/main_test.dart: NotesScreen Navigation FAB navigates to note editor
Warning database has been locked for 0:00:10.000000. Make sure you always use the transaction object for database operations during a transaction
══╡ EXCEPTION CAUGHT BY FLUTTER TEST FRAMEWORK ╞════════════════════════════════════════════════════
The following assertion was thrown running a test:
pumpAndSettle timed out

When the exception was thrown, this was the stack:
#0      WidgetTester.pumpAndSettle.<anonymous closure> (package:flutter_test/src/widget_tester.dart:717:11)
<asynchronous suspension>
#1      TestAsyncUtils.guard.<anonymous closure> (package:flutter_test/src/test_async_utils.dart:130:27)
<asynchronous suspension>
#2      main._pumpNotesScreen (file:///C:/Users/joaom/Documents/GitHub/Notes/universal_notes_flutter/test/main_test.dart:288:5)
<asynchronous suspension>
#3      main.<anonymous closure>.<anonymous closure> (file:///C:/Users/joaom/Documents/GitHub/Notes/universal_notes_flutter/test/main_test.dart:467:7)
<asynchronous suspension>
#4      testWidgets.<anonymous closure>.<anonymous closure> (package:flutter_test/src/widget_tester.dart:192:15)
<asynchronous suspension>
#5      TestWidgetsFlutterBinding._runTestBody (package:flutter_test/src/binding.dart:1059:5)
<asynchronous suspension>
<asynchronous suspension>
(elided one frame from package:stack_trace)

The test description was:
  FAB navigates to note editor
════════════════════════════════════════════════════════════════════════════════════════════════════
42:37 +179 -39: C:/Users/joaom/Documents/GitHub/Notes/universal_notes_flutter/test/main_test.dart: NotesScreen Navigation FAB navigates to note editor [E]
  Test failed. See exception logs above.
  The test description was: FAB navigates to note editor
  
42:37 +179 -39: C:/Users/joaom/Documents/GitHub/Notes/universal_notes_flutter/test/main_test.dart: NotesScreen Navigation shows Sidebar on mobile layout (Fluent UI)
Warning database has been locked for 0:00:10.000000. Make sure you always use the transaction object for database operations during a transaction
══╡ EXCEPTION CAUGHT BY FLUTTER TEST FRAMEWORK ╞════════════════════════════════════════════════════
The following assertion was thrown running a test:
pumpAndSettle timed out

When the exception was thrown, this was the stack:
#0      WidgetTester.pumpAndSettle.<anonymous closure> (package:flutter_test/src/widget_tester.dart:717:11)
<asynchronous suspension>
#1      TestAsyncUtils.guard.<anonymous closure> (package:flutter_test/src/test_async_utils.dart:130:27)
<asynchronous suspension>
#2      main._pumpNotesScreen (file:///C:/Users/joaom/Documents/GitHub/Notes/universal_notes_flutter/test/main_test.dart:288:5)
<asynchronous suspension>
#3      main.<anonymous closure>.<anonymous closure> (file:///C:/Users/joaom/Documents/GitHub/Notes/universal_notes_flutter/test/main_test.dart:480:7)
<asynchronous suspension>
#4      testWidgets.<anonymous closure>.<anonymous closure> (package:flutter_test/src/widget_tester.dart:192:15)
<asynchronous suspension>
#5      TestWidgetsFlutterBinding._runTestBody (package:flutter_test/src/binding.dart:1059:5)
<asynchronous suspension>
<asynchronous suspension>
(elided one frame from package:stack_trace)

The test description was:
  shows Sidebar on mobile layout (Fluent UI)
════════════════════════════════════════════════════════════════════════════════════════════════════
42:52 +179 -40: C:/Users/joaom/Documents/GitHub/Notes/universal_notes_flutter/test/main_test.dart: NotesScreen Navigation shows Sidebar on mobile layout (Fluent UI) [E]
  Test failed. See exception logs above.
  The test description was: shows Sidebar on mobile layout (Fluent UI)
  
42:52 +179 -40: C:/Users/joaom/Documents/GitHub/Notes/universal_notes_flutter/test/main_test.dart: NotesScreen AppBar shows correct title for default index
42:52 +179 -40: C:/Users/joaom/Documents/GitHub/Notes/universal_notes_flutter/test/main_test.dart: NotesScreen Navigation shows Sidebar on mobile layout (Fluent UI) [E]
  DatabaseException(error database_closed)
  package:sqflite_common/src/database_mixin.dart 518:7                      SqfliteDatabaseMixin.checkNotClosed
  package:sqflite_common/src/database_mixin.dart 147:8                      SqfliteDatabaseExecutorMixin._rawQuery
  package:sqflite_common/src/database_mixin.dart 140:12                     SqfliteDatabaseExecutorMixin.rawQuery
  package:sqflite_common/src/database_mixin.dart 128:12                     SqfliteDatabaseExecutorMixin.query
  package:universal_notes_flutter/repositories/note_repository.dart 480:27  NoteRepository.getAllFolders
  ===== asynchronous gap ===========================
  dart:async                                                                _CustomZone.registerBinaryCallback
  package:universal_notes_flutter/services/sync_service.dart 98:7           SyncService._startBackgroundSync.<fn>
  ===== asynchronous gap ===========================
  dart:async                                                                _StreamImpl.listen
  package:universal_notes_flutter/services/sync_service.dart 94:61          SyncService._startBackgroundSync
  package:universal_notes_flutter/services/sync_service.dart 51:5           SyncService.init
  ===== asynchronous gap ===========================
  dart:async                                                                _CustomZone.registerUnaryCallback
  package:universal_notes_flutter/services/sync_service.dart 48:5           SyncService.init
  test\main_test.dart 259:32                                                main.<fn>
  ===== asynchronous gap ===========================
  dart:async                                                                _CustomZone.registerUnaryCallback
  test\main_test.dart 254:5                                                 main.<fn>
  
43:05 +179 -40: C:/Users/joaom/Documents/GitHub/Notes/universal_notes_flutter/test/main_test.dart: NotesScreen AppBar shows correct title for default index
Warning database has been locked for 0:00:10.000000. Make sure you always use the transaction object for database operations during a transaction
══╡ EXCEPTION CAUGHT BY FLUTTER TEST FRAMEWORK ╞════════════════════════════════════════════════════
The following assertion was thrown running a test:
pumpAndSettle timed out

When the exception was thrown, this was the stack:
#0      WidgetTester.pumpAndSettle.<anonymous closure> (package:flutter_test/src/widget_tester.dart:717:11)
<asynchronous suspension>
#1      TestAsyncUtils.guard.<anonymous closure> (package:flutter_test/src/test_async_utils.dart:130:27)
<asynchronous suspension>
#2      main._pumpNotesScreen (file:///C:/Users/joaom/Documents/GitHub/Notes/universal_notes_flutter/test/main_test.dart:288:5)
<asynchronous suspension>
#3      main.<anonymous closure>.<anonymous closure> (file:///C:/Users/joaom/Documents/GitHub/Notes/universal_notes_flutter/test/main_test.dart:491:7)
<asynchronous suspension>
#4      testWidgets.<anonymous closure>.<anonymous closure> (package:flutter_test/src/widget_tester.dart:192:15)
<asynchronous suspension>
#5      TestWidgetsFlutterBinding._runTestBody (package:flutter_test/src/binding.dart:1059:5)
<asynchronous suspension>
<asynchronous suspension>
(elided one frame from package:stack_trace)

The test description was:
  shows correct title for default index
════════════════════════════════════════════════════════════════════════════════════════════════════
43:05 +179 -41: C:/Users/joaom/Documents/GitHub/Notes/universal_notes_flutter/test/main_test.dart: NotesScreen AppBar shows correct title for default index [E]
  Test failed. See exception logs above.
  The test description was: shows correct title for default index
  
43:05 +179 -41: C:/Users/joaom/Documents/GitHub/Notes/universal_notes_flutter/test/main_test.dart: NotesScreen Error State shows error message when future fails
43:05 +179 -41: C:/Users/joaom/Documents/GitHub/Notes/universal_notes_flutter/test/main_test.dart: NotesScreen AppBar shows correct title for default index [E]
  DatabaseException(error database_closed)
  package:sqflite_common/src/database_mixin.dart 518:7                      SqfliteDatabaseMixin.checkNotClosed
  package:sqflite_common/src/database_mixin.dart 147:8                      SqfliteDatabaseExecutorMixin._rawQuery
  package:sqflite_common/src/database_mixin.dart 140:12                     SqfliteDatabaseExecutorMixin.rawQuery
  package:sqflite_common/src/database_mixin.dart 128:12                     SqfliteDatabaseExecutorMixin.query
  package:universal_notes_flutter/repositories/note_repository.dart 480:27  NoteRepository.getAllFolders
  ===== asynchronous gap ===========================
  dart:async                                                                _CustomZone.registerBinaryCallback
  package:universal_notes_flutter/services/sync_service.dart 98:7           SyncService._startBackgroundSync.<fn>
  ===== asynchronous gap ===========================
  dart:async                                                                _StreamImpl.listen
  package:universal_notes_flutter/services/sync_service.dart 94:61          SyncService._startBackgroundSync
  package:universal_notes_flutter/services/sync_service.dart 51:5           SyncService.init
  ===== asynchronous gap ===========================
  dart:async                                                                _CustomZone.registerUnaryCallback
  package:universal_notes_flutter/services/sync_service.dart 48:5           SyncService.init
  test\main_test.dart 259:32                                                main.<fn>
  ===== asynchronous gap ===========================
  dart:async                                                                _CustomZone.registerUnaryCallback
  test\main_test.dart 254:5                                                 main.<fn>
  
53:05 +179 -42: C:/Users/joaom/Documents/GitHub/Notes/universal_notes_flutter/test/main_test.dart: NotesScreen Error State shows error message when future fails [E]
  TimeoutException after 0:10:00.000000: Test timed out after 10 minutes.
  dart:isolate  _RawReceivePort._handleMessage
  
53:05 +179 -42: C:/Users/joaom/Documents/GitHub/Notes/universal_notes_flutter/test/main_test.dart: NotesScreen Drawer Navigation tapping Favorites in drawer changes index
53:05 +179 -43: C:/Users/joaom/Documents/GitHub/Notes/universal_notes_flutter/test/main_test.dart: NotesScreen Drawer Navigation tapping Favorites in drawer changes index [E]
  Test error
  dart:async                                                        new Stream.error
  test\main_test.dart 510:34                                        main.<fn>.<fn>.<fn>
  package:mockito/src/mock.dart 194:47                              Mock.noSuchMethod
  test\main_test.dart 43:18                                         MockFirestoreRepository.notesStream
  package:universal_notes_flutter/services/sync_service.dart 94:47  SyncService._startBackgroundSync
  package:universal_notes_flutter/services/sync_service.dart 51:5   SyncService.init
  ===== asynchronous gap ===========================
  dart:async                                                        _CustomZone.registerUnaryCallback
  package:universal_notes_flutter/services/sync_service.dart 48:5   SyncService.init
  test\main_test.dart 259:32                                        main.<fn>
  ===== asynchronous gap ===========================
  dart:async                                                        _CustomZone.registerUnaryCallback
  test\main_test.dart 254:5                                         main.<fn>
  
  TimeoutException after 0:10:00.000000: Test timed out after 10 minutes.
  dart:isolate  _RawReceivePort._handleMessage
  
63:05 +179 -43: C:/Users/joaom/Documents/GitHub/Notes/universal_notes_flutter/test/main_test.dart: NotesScreen Drawer Navigation tapping Trash in drawer shows trash notes
73:05 +179 -44: C:/Users/joaom/Documents/GitHub/Notes/universal_notes_flutter/test/main_test.dart: NotesScreen Drawer Navigation tapping Trash in drawer shows trash notes [E]
  TimeoutException after 0:10:00.000000: Test timed out after 10 minutes.
  dart:isolate  _RawReceivePort._handleMessage
  
73:05 +179 -44: C:/Users/joaom/Documents/GitHub/Notes/universal_notes_flutter/test/main_test.dart: NotesScreen Drawer Navigation tapping Settings in drawer navigates
Warning database has been locked for 0:00:10.000000. Make sure you always use the transaction object for database operations during a transaction
══╡ EXCEPTION CAUGHT BY FLUTTER TEST FRAMEWORK ╞════════════════════════════════════════════════════
The following assertion was thrown running a test:
pumpAndSettle timed out

When the exception was thrown, this was the stack:
#0      WidgetTester.pumpAndSettle.<anonymous closure> (package:flutter_test/src/widget_tester.dart:717:11)
<asynchronous suspension>
#1      TestAsyncUtils.guard.<anonymous closure> (package:flutter_test/src/test_async_utils.dart:130:27)
<asynchronous suspension>
#2      main._pumpNotesScreen (file:///C:/Users/joaom/Documents/GitHub/Notes/universal_notes_flutter/test/main_test.dart:288:5)
<asynchronous suspension>
#3      main.<anonymous closure>.<anonymous closure> (file:///C:/Users/joaom/Documents/GitHub/Notes/universal_notes_flutter/test/main_test.dart:609:7)
<asynchronous suspension>
#4      testWidgets.<anonymous closure>.<anonymous closure> (package:flutter_test/src/widget_tester.dart:192:15)
<asynchronous suspension>
#5      TestWidgetsFlutterBinding._runTestBody (package:flutter_test/src/binding.dart:1059:5)
<asynchronous suspension>
<asynchronous suspension>
(elided one frame from package:stack_trace)

The test description was:
  tapping Settings in drawer navigates
════════════════════════════════════════════════════════════════════════════════════════════════════
73:20 +179 -45: C:/Users/joaom/Documents/GitHub/Notes/universal_notes_flutter/test/main_test.dart: NotesScreen Drawer Navigation tapping Settings in drawer navigates [E]
  Test failed. See exception logs above.
  The test description was: tapping Settings in drawer navigates
  
73:20 +179 -45: C:/Users/joaom/Documents/GitHub/Notes/universal_notes_flutter/test/main_test.dart: NotesScreen Drawer Navigation tapping drawer items changes selection
73:20 +179 -45: C:/Users/joaom/Documents/GitHub/Notes/universal_notes_flutter/test/main_test.dart: NotesScreen Drawer Navigation tapping Settings in drawer navigates [E]
  DatabaseException(error database_closed)
  package:sqflite_common/src/database_mixin.dart 518:7                      SqfliteDatabaseMixin.checkNotClosed
  package:sqflite_common/src/database_mixin.dart 147:8                      SqfliteDatabaseExecutorMixin._rawQuery
  package:sqflite_common/src/database_mixin.dart 140:12                     SqfliteDatabaseExecutorMixin.rawQuery
  package:sqflite_common/src/database_mixin.dart 128:12                     SqfliteDatabaseExecutorMixin.query
  package:universal_notes_flutter/repositories/note_repository.dart 480:27  NoteRepository.getAllFolders
  ===== asynchronous gap ===========================
  dart:async                                                                _CustomZone.registerBinaryCallback
  package:universal_notes_flutter/services/sync_service.dart 98:7           SyncService._startBackgroundSync.<fn>
  ===== asynchronous gap ===========================
  dart:async                                                                _StreamImpl.listen
  package:universal_notes_flutter/services/sync_service.dart 94:61          SyncService._startBackgroundSync
  package:universal_notes_flutter/services/sync_service.dart 51:5           SyncService.init
  ===== asynchronous gap ===========================
  dart:async                                                                _CustomZone.registerUnaryCallback
  package:universal_notes_flutter/services/sync_service.dart 48:5           SyncService.init
  test\main_test.dart 259:32                                                main.<fn>
  ===== asynchronous gap ===========================
  dart:async                                                                _CustomZone.registerUnaryCallback
  test\main_test.dart 254:5                                                 main.<fn>
  
73:35 +179 -45: C:/Users/joaom/Documents/GitHub/Notes/universal_notes_flutter/test/main_test.dart: NotesScreen Drawer Navigation tapping drawer items changes selection
Warning database has been locked for 0:00:10.000000. Make sure you always use the transaction object for database operations during a transaction
══╡ EXCEPTION CAUGHT BY FLUTTER TEST FRAMEWORK ╞════════════════════════════════════════════════════
The following assertion was thrown running a test:
pumpAndSettle timed out

When the exception was thrown, this was the stack:
#0      WidgetTester.pumpAndSettle.<anonymous closure> (package:flutter_test/src/widget_tester.dart:717:11)
<asynchronous suspension>
#1      TestAsyncUtils.guard.<anonymous closure> (package:flutter_test/src/test_async_utils.dart:130:27)
<asynchronous suspension>
#2      main._pumpNotesScreen (file:///C:/Users/joaom/Documents/GitHub/Notes/universal_notes_flutter/test/main_test.dart:288:5)
<asynchronous suspension>
#3      main.<anonymous closure>.<anonymous closure> (file:///C:/Users/joaom/Documents/GitHub/Notes/universal_notes_flutter/test/main_test.dart:621:7)
<asynchronous suspension>
#4      testWidgets.<anonymous closure>.<anonymous closure> (package:flutter_test/src/widget_tester.dart:192:15)
<asynchronous suspension>
#5      TestWidgetsFlutterBinding._runTestBody (package:flutter_test/src/binding.dart:1059:5)
<asynchronous suspension>
<asynchronous suspension>
(elided one frame from package:stack_trace)

The test description was:
  tapping drawer items changes selection
════════════════════════════════════════════════════════════════════════════════════════════════════
73:35 +179 -46: C:/Users/joaom/Documents/GitHub/Notes/universal_notes_flutter/test/main_test.dart: NotesScreen Drawer Navigation tapping drawer items changes selection [E]
  Test failed. See exception logs above.
  The test description was: tapping drawer items changes selection
  
73:35 +179 -46: C:/Users/joaom/Documents/GitHub/Notes/universal_notes_flutter/test/main_test.dart: NotesScreen Grid View Modes list mode shows ListView-style rendering
Warning database has been locked for 0:00:10.000000. Make sure you always use the transaction object for database operations during a transaction
══╡ EXCEPTION CAUGHT BY FLUTTER TEST FRAMEWORK ╞════════════════════════════════════════════════════
The following assertion was thrown running a test:
pumpAndSettle timed out

When the exception was thrown, this was the stack:
#0      WidgetTester.pumpAndSettle.<anonymous closure> (package:flutter_test/src/widget_tester.dart:717:11)
<asynchronous suspension>
#1      TestAsyncUtils.guard.<anonymous closure> (package:flutter_test/src/test_async_utils.dart:130:27)
<asynchronous suspension>
#2      main._pumpNotesScreen (file:///C:/Users/joaom/Documents/GitHub/Notes/universal_notes_flutter/test/main_test.dart:288:5)
<asynchronous suspension>
#3      main.<anonymous closure>.<anonymous closure> (file:///C:/Users/joaom/Documents/GitHub/Notes/universal_notes_flutter/test/main_test.dart:645:7)
<asynchronous suspension>
#4      testWidgets.<anonymous closure>.<anonymous closure> (package:flutter_test/src/widget_tester.dart:192:15)
<asynchronous suspension>
#5      TestWidgetsFlutterBinding._runTestBody (package:flutter_test/src/binding.dart:1059:5)
<asynchronous suspension>
<asynchronous suspension>
(elided one frame from package:stack_trace)

The test description was:
  list mode shows ListView-style rendering
════════════════════════════════════════════════════════════════════════════════════════════════════
73:51 +179 -47: C:/Users/joaom/Documents/GitHub/Notes/universal_notes_flutter/test/main_test.dart: NotesScreen Grid View Modes list mode shows ListView-style rendering [E]
  Test failed. See exception logs above.
  The test description was: list mode shows ListView-style rendering
  
73:51 +179 -47: C:/Users/joaom/Documents/GitHub/Notes/universal_notes_flutter/test/main_test.dart: NotesScreen Grid View Modes grid small mode renders correctly
Warning database has been locked for 0:00:10.000000. Make sure you always use the transaction object for database operations during a transaction
══╡ EXCEPTION CAUGHT BY FLUTTER TEST FRAMEWORK ╞════════════════════════════════════════════════════
The following assertion was thrown running a test:
pumpAndSettle timed out

When the exception was thrown, this was the stack:
#0      WidgetTester.pumpAndSettle.<anonymous closure> (package:flutter_test/src/widget_tester.dart:717:11)
<asynchronous suspension>
#1      TestAsyncUtils.guard.<anonymous closure> (package:flutter_test/src/test_async_utils.dart:130:27)
<asynchronous suspension>
#2      main._pumpNotesScreen (file:///C:/Users/joaom/Documents/GitHub/Notes/universal_notes_flutter/test/main_test.dart:288:5)
<asynchronous suspension>
#3      main.<anonymous closure>.<anonymous closure> (file:///C:/Users/joaom/Documents/GitHub/Notes/universal_notes_flutter/test/main_test.dart:664:7)
<asynchronous suspension>
#4      testWidgets.<anonymous closure>.<anonymous closure> (package:flutter_test/src/widget_tester.dart:192:15)
<asynchronous suspension>
#5      TestWidgetsFlutterBinding._runTestBody (package:flutter_test/src/binding.dart:1059:5)
<asynchronous suspension>
<asynchronous suspension>
(elided one frame from package:stack_trace)

The test description was:
  grid small mode renders correctly
════════════════════════════════════════════════════════════════════════════════════════════════════
74:04 +179 -48: C:/Users/joaom/Documents/GitHub/Notes/universal_notes_flutter/test/main_test.dart: NotesScreen Grid View Modes grid small mode renders correctly [E]
  Test failed. See exception logs above.
  The test description was: grid small mode renders correctly
  
74:04 +179 -48: C:/Users/joaom/Documents/GitHub/Notes/universal_notes_flutter/test/main_test.dart: NotesScreen Grid View Modes grid large mode renders correctly
Warning database has been locked for 0:00:10.000000. Make sure you always use the transaction object for database operations during a transaction
══╡ EXCEPTION CAUGHT BY FLUTTER TEST FRAMEWORK ╞════════════════════════════════════════════════════
The following assertion was thrown running a test:
pumpAndSettle timed out

When the exception was thrown, this was the stack:
#0      WidgetTester.pumpAndSettle.<anonymous closure> (package:flutter_test/src/widget_tester.dart:717:11)
<asynchronous suspension>
#1      TestAsyncUtils.guard.<anonymous closure> (package:flutter_test/src/test_async_utils.dart:130:27)
<asynchronous suspension>
#2      main._pumpNotesScreen (file:///C:/Users/joaom/Documents/GitHub/Notes/universal_notes_flutter/test/main_test.dart:288:5)
<asynchronous suspension>
#3      main.<anonymous closure>.<anonymous closure> (file:///C:/Users/joaom/Documents/GitHub/Notes/universal_notes_flutter/test/main_test.dart:678:7)
<asynchronous suspension>
#4      testWidgets.<anonymous closure>.<anonymous closure> (package:flutter_test/src/widget_tester.dart:192:15)
<asynchronous suspension>
#5      TestWidgetsFlutterBinding._runTestBody (package:flutter_test/src/binding.dart:1059:5)
<asynchronous suspension>
<asynchronous suspension>
(elided one frame from package:stack_trace)

The test description was:
  grid large mode renders correctly
════════════════════════════════════════════════════════════════════════════════════════════════════
74:19 +179 -49: C:/Users/joaom/Documents/GitHub/Notes/universal_notes_flutter/test/main_test.dart: NotesScreen Grid View Modes grid large mode renders correctly [E]
  Test failed. See exception logs above.
  The test description was: grid large mode renders correctly
  
74:19 +179 -49: C:/Users/joaom/Documents/GitHub/Notes/universal_notes_flutter/test/main_test.dart: NotesScreen Sidebar interaction toggle Sidebar expansion
Warning database has been locked for 0:00:10.000000. Make sure you always use the transaction object for database operations during a transaction
══╡ EXCEPTION CAUGHT BY FLUTTER TEST FRAMEWORK ╞════════════════════════════════════════════════════
The following assertion was thrown running a test:
pumpAndSettle timed out

When the exception was thrown, this was the stack:
#0      WidgetTester.pumpAndSettle.<anonymous closure> (package:flutter_test/src/widget_tester.dart:717:11)
<asynchronous suspension>
#1      TestAsyncUtils.guard.<anonymous closure> (package:flutter_test/src/test_async_utils.dart:130:27)
<asynchronous suspension>
#2      main._pumpNotesScreen (file:///C:/Users/joaom/Documents/GitHub/Notes/universal_notes_flutter/test/main_test.dart:288:5)
<asynchronous suspension>
#3      main.<anonymous closure>.<anonymous closure> (file:///C:/Users/joaom/Documents/GitHub/Notes/universal_notes_flutter/test/main_test.dart:694:7)
<asynchronous suspension>
#4      testWidgets.<anonymous closure>.<anonymous closure> (package:flutter_test/src/widget_tester.dart:192:15)
<asynchronous suspension>
#5      TestWidgetsFlutterBinding._runTestBody (package:flutter_test/src/binding.dart:1059:5)
<asynchronous suspension>
<asynchronous suspension>
(elided one frame from package:stack_trace)

The test description was:
  toggle Sidebar expansion
════════════════════════════════════════════════════════════════════════════════════════════════════
74:35 +179 -50: C:/Users/joaom/Documents/GitHub/Notes/universal_notes_flutter/test/main_test.dart: NotesScreen Sidebar interaction toggle Sidebar expansion [E]
  Test failed. See exception logs above.
  The test description was: toggle Sidebar expansion
  
74:35 +179 -50: C:/Users/joaom/Documents/GitHub/Notes/universal_notes_flutter/test/main_test.dart: NotesScreen Responsive Layout calculates crossAxisCount correctly on Android (gridMedium)
══╡ EXCEPTION CAUGHT BY RENDERING LIBRARY ╞═════════════════════════════════════════════════════════
The following assertion was thrown during layout:
A RenderFlex overflowed by 196 pixels on the right.

The relevant error-causing widget was:
  Row
  Row:file:///C:/Users/joaom/Documents/GitHub/Notes/universal_notes_flutter/lib/screens/notes_screen.dart:812:37

The overflowing RenderFlex has an orientation of Axis.horizontal.
The edge of the RenderFlex that is overflowing has been marked in the rendering with a yellow and
black striped pattern. This is usually caused by the contents being too big for the RenderFlex.
Consider applying a flex factor (e.g. using an Expanded widget) to force the children of the
RenderFlex to fit within the available space instead of being sized to their natural size.
This is considered an error condition because it indicates that there is content that cannot be
seen. If the content is legitimately bigger than the available space, consider clipping it with a
ClipRect widget before putting it in the flex, or using a scrollable container rather than a Flex,
like a ListView.
The specific RenderFlex in question is: RenderFlex#43337 relayoutBoundary=up6 OVERFLOWING:
  creator: Row ← Padding ← Column ← Padding ← PageStorage ← DecoratedBox ← Mica ← ScaffoldPage ←
    Expanded ← Row ← Expanded ← Column ← ⋯
  parentData: offset=Offset(16.0, 16.0) (can use size)
  constraints: BoxConstraints(0.0<=w<=164.0, 0.0<=h<=Infinity)
  size: Size(164.0, 27.0)
  direction: horizontal
  mainAxisAlignment: end
  mainAxisSize: max
  crossAxisAlignment: center
  textDirection: ltr
  verticalDirection: down
  spacing: 0.0
◢◤◢◤◢◤◢◤◢◤◢◤◢◤◢◤◢◤◢◤◢◤◢◤◢◤◢◤◢◤◢◤◢◤◢◤◢◤◢◤◢◤◢◤◢◤◢◤◢◤◢◤◢◤◢◤◢◤◢◤◢◤◢◤◢◤◢◤◢◤◢◤◢◤◢◤◢◤◢◤◢◤◢◤◢◤◢◤◢◤◢◤◢◤◢◤◢◤◢◤
════════════════════════════════════════════════════════════════════════════════════════════════════
══╡ EXCEPTION CAUGHT BY FLUTTER TEST FRAMEWORK ╞════════════════════════════════════════════════════
The following StateError was thrown running a test:
Bad state: No element

When the exception was thrown, this was the stack:
#0      Iterable.single (dart:core/iterable.dart:694:25)
#1      WidgetController.widget (package:flutter_test/src/controller.dart:808:30)
#2      main.<anonymous closure>.<anonymous closure> (file:///C:/Users/joaom/Documents/GitHub/Notes/universal_notes_flutter/test/main_test.dart:790:27)
<asynchronous suspension>
#3      testWidgets.<anonymous closure>.<anonymous closure> (package:flutter_test/src/widget_tester.dart:192:15)
<asynchronous suspension>
#4      TestWidgetsFlutterBinding._runTestBody (package:flutter_test/src/binding.dart:1059:5)
<asynchronous suspension>
<asynchronous suspension>
(elided one frame from package:stack_trace)

The test description was:
  calculates crossAxisCount correctly on Android (gridMedium)
════════════════════════════════════════════════════════════════════════════════════════════════════
══╡ EXCEPTION CAUGHT BY FLUTTER TEST FRAMEWORK ╞════════════════════════════════════════════════════
The following message was thrown:
Multiple exceptions (2) were detected during the running of the current test, and at least one was
unexpected.
════════════════════════════════════════════════════════════════════════════════════════════════════
74:36 +179 -51: C:/Users/joaom/Documents/GitHub/Notes/universal_notes_flutter/test/main_test.dart: NotesScreen Responsive Layout calculates crossAxisCount correctly on Android (gridMedium) [E]
  Test failed. See exception logs above.
  The test description was: calculates crossAxisCount correctly on Android (gridMedium)
  
74:36 +179 -51: C:/Users/joaom/Documents/GitHub/Notes/universal_notes_flutter/test/main_test.dart: NotesScreen Responsive Layout calculates crossAxisCount correctly on Windows (gridMedium)
══╡ EXCEPTION CAUGHT BY FLUTTER TEST FRAMEWORK ╞════════════════════════════════════════════════════
The following StateError was thrown running a test:
Bad state: No element

When the exception was thrown, this was the stack:
#0      Iterable.single (dart:core/iterable.dart:694:25)
#1      WidgetController.widget (package:flutter_test/src/controller.dart:808:30)
#2      main.<anonymous closure>.<anonymous closure> (file:///C:/Users/joaom/Documents/GitHub/Notes/universal_notes_flutter/test/main_test.dart:818:27)
<asynchronous suspension>
#3      testWidgets.<anonymous closure>.<anonymous closure> (package:flutter_test/src/widget_tester.dart:192:15)
<asynchronous suspension>
#4      TestWidgetsFlutterBinding._runTestBody (package:flutter_test/src/binding.dart:1059:5)
<asynchronous suspension>
<asynchronous suspension>
(elided one frame from package:stack_trace)

The test description was:
  calculates crossAxisCount correctly on Windows (gridMedium)
════════════════════════════════════════════════════════════════════════════════════════════════════
74:37 +179 -52: C:/Users/joaom/Documents/GitHub/Notes/universal_notes_flutter/test/main_test.dart: NotesScreen Responsive Layout calculates crossAxisCount correctly on Windows (gridMedium) [E]
  Test failed. See exception logs above.
  The test description was: calculates crossAxisCount correctly on Windows (gridMedium)
  
74:37 +179 -52: C:/Users/joaom/Documents/GitHub/Notes/universal_notes_flutter/test/main_test.dart: NotesScreen Responsive Layout calculates crossAxisCount correctly on Android (gridSmall)
══╡ EXCEPTION CAUGHT BY FLUTTER TEST FRAMEWORK ╞════════════════════════════════════════════════════
The following assertion was thrown running a test:
The finder "Found 0 widgets with icon "IconData(U+0F48F)": []" (used in a call to "tap()") could not
find any matching widgets.

When the exception was thrown, this was the stack:
#0      WidgetController._getElementPoint (package:flutter_test/src/controller.dart:2013:7)
#1      WidgetController.getCenter (package:flutter_test/src/controller.dart:1865:12)
#2      WidgetController.tap (package:flutter_test/src/controller.dart:1045:7)
#3      main.<anonymous closure>.pumpWithConstraints (file:///C:/Users/joaom/Documents/GitHub/Notes/universal_notes_flutter/test/main_test.dart:773:24)
<asynchronous suspension>
#4      main.<anonymous closure>.<anonymous closure> (file:///C:/Users/joaom/Documents/GitHub/Notes/universal_notes_flutter/test/main_test.dart:842:7)
<asynchronous suspension>
#5      testWidgets.<anonymous closure>.<anonymous closure> (package:flutter_test/src/widget_tester.dart:192:15)
<asynchronous suspension>
#6      TestWidgetsFlutterBinding._runTestBody (package:flutter_test/src/binding.dart:1059:5)
<asynchronous suspension>
<asynchronous suspension>
(elided one frame from package:stack_trace)

The test description was:
  calculates crossAxisCount correctly on Android (gridSmall)
════════════════════════════════════════════════════════════════════════════════════════════════════
74:38 +179 -53: C:/Users/joaom/Documents/GitHub/Notes/universal_notes_flutter/test/main_test.dart: NotesScreen Responsive Layout calculates crossAxisCount correctly on Android (gridSmall) [E]
  Test failed. See exception logs above.
  The test description was: calculates crossAxisCount correctly on Android (gridSmall)
  
74:38 +179 -53: C:/Users/joaom/Documents/GitHub/Notes/universal_notes_flutter/test/main_test.dart: NotesScreen Responsive Layout calculates crossAxisCount correctly on Windows (gridSmall)
══╡ EXCEPTION CAUGHT BY FLUTTER TEST FRAMEWORK ╞════════════════════════════════════════════════════
The following assertion was thrown running a test:
The finder "Found 0 widgets with icon "IconData(U+0E890)": []" (used in a call to "tap()") could not
find any matching widgets.

When the exception was thrown, this was the stack:
#0      WidgetController._getElementPoint (package:flutter_test/src/controller.dart:2013:7)
#1      WidgetController.getCenter (package:flutter_test/src/controller.dart:1865:12)
#2      WidgetController.tap (package:flutter_test/src/controller.dart:1045:7)
#3      main.<anonymous closure>.pumpWithConstraints (file:///C:/Users/joaom/Documents/GitHub/Notes/universal_notes_flutter/test/main_test.dart:773:24)
<asynchronous suspension>
#4      main.<anonymous closure>.<anonymous closure> (file:///C:/Users/joaom/Documents/GitHub/Notes/universal_notes_flutter/test/main_test.dart:860:7)
<asynchronous suspension>
#5      testWidgets.<anonymous closure>.<anonymous closure> (package:flutter_test/src/widget_tester.dart:192:15)
<asynchronous suspension>
#6      TestWidgetsFlutterBinding._runTestBody (package:flutter_test/src/binding.dart:1059:5)
<asynchronous suspension>
<asynchronous suspension>
(elided one frame from package:stack_trace)

The test description was:
  calculates crossAxisCount correctly on Windows (gridSmall)
════════════════════════════════════════════════════════════════════════════════════════════════════
74:39 +179 -54: C:/Users/joaom/Documents/GitHub/Notes/universal_notes_flutter/test/main_test.dart: NotesScreen Responsive Layout calculates crossAxisCount correctly on Windows (gridSmall) [E]
  Test failed. See exception logs above.
  The test description was: calculates crossAxisCount correctly on Windows (gridSmall)
  
74:39 +179 -54: C:/Users/joaom/Documents/GitHub/Notes/universal_notes_flutter/test/main_test.dart: NotesScreen Responsive Layout calculates crossAxisCount correctly on Android (gridLarge)
══╡ EXCEPTION CAUGHT BY FLUTTER TEST FRAMEWORK ╞════════════════════════════════════════════════════
The following assertion was thrown running a test:
The finder "Found 0 widgets with icon "IconData(U+0F48F)": []" (used in a call to "tap()") could not
find any matching widgets.

When the exception was thrown, this was the stack:
#0      WidgetController._getElementPoint (package:flutter_test/src/controller.dart:2013:7)
#1      WidgetController.getCenter (package:flutter_test/src/controller.dart:1865:12)
#2      WidgetController.tap (package:flutter_test/src/controller.dart:1045:7)
#3      main.<anonymous closure>.pumpWithConstraints (file:///C:/Users/joaom/Documents/GitHub/Notes/universal_notes_flutter/test/main_test.dart:773:24)
<asynchronous suspension>
#4      main.<anonymous closure>.<anonymous closure> (file:///C:/Users/joaom/Documents/GitHub/Notes/universal_notes_flutter/test/main_test.dart:879:7)
<asynchronous suspension>
#5      testWidgets.<anonymous closure>.<anonymous closure> (package:flutter_test/src/widget_tester.dart:192:15)
<asynchronous suspension>
#6      TestWidgetsFlutterBinding._runTestBody (package:flutter_test/src/binding.dart:1059:5)
<asynchronous suspension>
<asynchronous suspension>
(elided one frame from package:stack_trace)

The test description was:
  calculates crossAxisCount correctly on Android (gridLarge)
════════════════════════════════════════════════════════════════════════════════════════════════════
74:40 +179 -55: C:/Users/joaom/Documents/GitHub/Notes/universal_notes_flutter/test/main_test.dart: NotesScreen Responsive Layout calculates crossAxisCount correctly on Android (gridLarge) [E]
  Test failed. See exception logs above.
  The test description was: calculates crossAxisCount correctly on Android (gridLarge)
  
74:40 +179 -55: C:/Users/joaom/Documents/GitHub/Notes/universal_notes_flutter/test/main_test.dart: NotesScreen Responsive Layout calculates crossAxisCount correctly on Windows (gridLarge)
══╡ EXCEPTION CAUGHT BY FLUTTER TEST FRAMEWORK ╞════════════════════════════════════════════════════
The following assertion was thrown running a test:
The finder "Found 0 widgets with icon "IconData(U+0E890)": []" (used in a call to "tap()") could not
find any matching widgets.

When the exception was thrown, this was the stack:
#0      WidgetController._getElementPoint (package:flutter_test/src/controller.dart:2013:7)
#1      WidgetController.getCenter (package:flutter_test/src/controller.dart:1865:12)
#2      WidgetController.tap (package:flutter_test/src/controller.dart:1045:7)
#3      main.<anonymous closure>.pumpWithConstraints (file:///C:/Users/joaom/Documents/GitHub/Notes/universal_notes_flutter/test/main_test.dart:773:24)
<asynchronous suspension>
#4      main.<anonymous closure>.<anonymous closure> (file:///C:/Users/joaom/Documents/GitHub/Notes/universal_notes_flutter/test/main_test.dart:898:7)
<asynchronous suspension>
#5      testWidgets.<anonymous closure>.<anonymous closure> (package:flutter_test/src/widget_tester.dart:192:15)
<asynchronous suspension>
#6      TestWidgetsFlutterBinding._runTestBody (package:flutter_test/src/binding.dart:1059:5)
<asynchronous suspension>
<asynchronous suspension>
(elided one frame from package:stack_trace)

The test description was:
  calculates crossAxisCount correctly on Windows (gridLarge)
════════════════════════════════════════════════════════════════════════════════════════════════════
74:40 +179 -56: C:/Users/joaom/Documents/GitHub/Notes/universal_notes_flutter/test/main_test.dart: NotesScreen Responsive Layout calculates crossAxisCount correctly on Windows (gridLarge) [E]
  Test failed. See exception logs above.
  The test description was: calculates crossAxisCount correctly on Windows (gridLarge)
  
74:40 +179 -56: C:/Users/joaom/Documents/GitHub/Notes/universal_notes_flutter/test/main_test.dart: NotesScreen Comprehensive AppBar Titles shows correct title for every navigation index
74:40 +179 -56: C:/Users/joaom/Documents/GitHub/Notes/universal_notes_flutter/test/main_test.dart: NotesScreen Responsive Layout calculates crossAxisCount correctly on Windows (gridLarge) [E]
  DatabaseException(error database_closed)
  package:sqflite_common/src/database_mixin.dart 518:7                      SqfliteDatabaseMixin.checkNotClosed
  package:sqflite_common/src/database_mixin.dart 147:8                      SqfliteDatabaseExecutorMixin._rawQuery
  package:sqflite_common/src/database_mixin.dart 140:12                     SqfliteDatabaseExecutorMixin.rawQuery
  package:universal_notes_flutter/repositories/note_repository.dart 565:27  NoteRepository.getAllNotes
  ===== asynchronous gap ===========================
  dart:async                                                                _CustomZone.registerBinaryCallback
  package:universal_notes_flutter/services/sync_service.dart 98:7           SyncService._startBackgroundSync.<fn>
  ===== asynchronous gap ===========================
  dart:async                                                                _StreamImpl.listen
  package:universal_notes_flutter/services/sync_service.dart 94:61          SyncService._startBackgroundSync
  package:universal_notes_flutter/services/sync_service.dart 51:5           SyncService.init
  ===== asynchronous gap ===========================
  dart:async                                                                _CustomZone.registerUnaryCallback
  package:universal_notes_flutter/services/sync_service.dart 48:5           SyncService.init
  test\main_test.dart 259:32                                                main.<fn>
  ===== asynchronous gap ===========================
  dart:async                                                                _CustomZone.registerUnaryCallback
  test\main_test.dart 254:5                                                 main.<fn>
  
74:56 +179 -56: C:/Users/joaom/Documents/GitHub/Notes/universal_notes_flutter/test/main_test.dart: NotesScreen Comprehensive AppBar Titles shows correct title for every navigation index
Warning database has been locked for 0:00:10.000000. Make sure you always use the transaction object for database operations during a transaction
══╡ EXCEPTION CAUGHT BY FLUTTER TEST FRAMEWORK ╞════════════════════════════════════════════════════
The following assertion was thrown running a test:
pumpAndSettle timed out

When the exception was thrown, this was the stack:
#0      WidgetTester.pumpAndSettle.<anonymous closure> (package:flutter_test/src/widget_tester.dart:717:11)
<asynchronous suspension>
#1      TestAsyncUtils.guard.<anonymous closure> (package:flutter_test/src/test_async_utils.dart:130:27)
<asynchronous suspension>
#2      main._pumpNotesScreen (file:///C:/Users/joaom/Documents/GitHub/Notes/universal_notes_flutter/test/main_test.dart:288:5)
<asynchronous suspension>
#3      main.<anonymous closure>.<anonymous closure> (file:///C:/Users/joaom/Documents/GitHub/Notes/universal_notes_flutter/test/main_test.dart:920:7)
<asynchronous suspension>
#4      testWidgets.<anonymous closure>.<anonymous closure> (package:flutter_test/src/widget_tester.dart:192:15)
<asynchronous suspension>
#5      TestWidgetsFlutterBinding._runTestBody (package:flutter_test/src/binding.dart:1059:5)
<asynchronous suspension>
<asynchronous suspension>
(elided one frame from package:stack_trace)

The test description was:
  shows correct title for every navigation index
════════════════════════════════════════════════════════════════════════════════════════════════════
74:56 +179 -57: C:/Users/joaom/Documents/GitHub/Notes/universal_notes_flutter/test/main_test.dart: NotesScreen Comprehensive AppBar Titles shows correct title for every navigation index [E]
  Test failed. See exception logs above.
  The test description was: shows correct title for every navigation index
  
74:56 +179 -57: C:/Users/joaom/Documents/GitHub/Notes/universal_notes_flutter/test/main_test.dart: NotesScreen Navigation Rail Destinations verify all rail destinations exist
Warning database has been locked for 0:00:10.000000. Make sure you always use the transaction object for database operations during a transaction
══╡ EXCEPTION CAUGHT BY FLUTTER TEST FRAMEWORK ╞════════════════════════════════════════════════════
The following assertion was thrown running a test:
pumpAndSettle timed out

When the exception was thrown, this was the stack:
#0      WidgetTester.pumpAndSettle.<anonymous closure> (package:flutter_test/src/widget_tester.dart:717:11)
<asynchronous suspension>
#1      TestAsyncUtils.guard.<anonymous closure> (package:flutter_test/src/test_async_utils.dart:130:27)
<asynchronous suspension>
#2      main._pumpNotesScreen (file:///C:/Users/joaom/Documents/GitHub/Notes/universal_notes_flutter/test/main_test.dart:288:5)
<asynchronous suspension>
#3      main.<anonymous closure>.<anonymous closure> (file:///C:/Users/joaom/Documents/GitHub/Notes/universal_notes_flutter/test/main_test.dart:957:7)
<asynchronous suspension>
#4      testWidgets.<anonymous closure>.<anonymous closure> (package:flutter_test/src/widget_tester.dart:192:15)
<asynchronous suspension>
#5      TestWidgetsFlutterBinding._runTestBody (package:flutter_test/src/binding.dart:1059:5)
<asynchronous suspension>
<asynchronous suspension>
(elided one frame from package:stack_trace)

The test description was:
  verify all rail destinations exist
════════════════════════════════════════════════════════════════════════════════════════════════════
75:11 +179 -58: C:/Users/joaom/Documents/GitHub/Notes/universal_notes_flutter/test/main_test.dart: NotesScreen Navigation Rail Destinations verify all rail destinations exist [E]
  Test failed. See exception logs above.
  The test description was: verify all rail destinations exist
  
75:11 +179 -58: C:/Users/joaom/Documents/GitHub/Notes/universal_notes_flutter/test/main_test.dart: NotesScreen Data Operations creating a new note calls insertNote
75:11 +179 -58: C:/Users/joaom/Documents/GitHub/Notes/universal_notes_flutter/test/main_test.dart: NotesScreen Navigation Rail Destinations verify all rail destinations exist [E]
  DatabaseException(error database_closed)
  package:sqflite_common/src/database_mixin.dart 518:7                      SqfliteDatabaseMixin.checkNotClosed
  package:sqflite_common/src/database_mixin.dart 147:8                      SqfliteDatabaseExecutorMixin._rawQuery
  package:sqflite_common/src/database_mixin.dart 140:12                     SqfliteDatabaseExecutorMixin.rawQuery
  package:sqflite_common/src/database_mixin.dart 128:12                     SqfliteDatabaseExecutorMixin.query
  package:universal_notes_flutter/repositories/note_repository.dart 480:27  NoteRepository.getAllFolders
  ===== asynchronous gap ===========================
  dart:async                                                                _CustomZone.registerBinaryCallback
  package:universal_notes_flutter/services/sync_service.dart 98:7           SyncService._startBackgroundSync.<fn>
  ===== asynchronous gap ===========================
  dart:async                                                                _StreamImpl.listen
  package:universal_notes_flutter/services/sync_service.dart 94:61          SyncService._startBackgroundSync
  package:universal_notes_flutter/services/sync_service.dart 51:5           SyncService.init
  ===== asynchronous gap ===========================
  dart:async                                                                _CustomZone.registerUnaryCallback
  package:universal_notes_flutter/services/sync_service.dart 48:5           SyncService.init
  test\main_test.dart 259:32                                                main.<fn>
  ===== asynchronous gap ===========================
  dart:async                                                                _CustomZone.registerUnaryCallback
  test\main_test.dart 254:5                                                 main.<fn>
  
