[+2431 ms] Artifact Instance of 'MaterialFonts' is not required, skipping update.
[   +1 ms] Artifact Instance of 'GradleWrapper' is not required, skipping update.
[        ] Artifact Instance of 'AndroidGenSnapshotArtifacts' is not required, skipping update.
[ +156 ms] Artifact Instance of 'AndroidInternalBuildArtifacts' is not required, skipping update.
[        ] Artifact Instance of 'IOSEngineArtifacts' is not required, skipping update.
[        ] Artifact Instance of 'FlutterWebSdk' is not required, skipping update.
[   +2 ms] Artifact Instance of 'LegacyCanvasKitRemover' is not required, skipping update.
[        ] Artifact Instance of 'FlutterSdk' is not required, skipping update.
[        ] Artifact Instance of 'WindowsEngineArtifacts' is not required, skipping update.
[        ] Artifact Instance of 'MacOSEngineArtifacts' is not required, skipping update.
[        ] Artifact Instance of 'LinuxEngineArtifacts' is not required, skipping update.
[        ] Artifact Instance of 'LinuxFuchsiaSDKArtifacts' is not required, skipping update.
[        ] Artifact Instance of 'MacOSFuchsiaSDKArtifacts' is not required, skipping update.
[        ] Artifact Instance of 'FlutterRunnerSDKArtifacts' is not required, skipping update.
[        ] Artifact Instance of 'FlutterRunnerDebugSymbols' is not required, skipping update.
[        ] Artifact Instance of 'IosUsbArtifacts' is not required, skipping update.
[        ] Artifact Instance of 'IosUsbArtifacts' is not required, skipping update.
[        ] Artifact Instance of 'IosUsbArtifacts' is not required, skipping update.
[        ] Artifact Instance of 'IosUsbArtifacts' is not required, skipping update.
[        ] Artifact Instance of 'IosUsbArtifacts' is not required, skipping update.
[        ] Artifact Instance of 'IosUsbArtifacts' is not required, skipping update.
[        ] Artifact Instance of 'FontSubsetArtifacts' is not required, skipping update.
[        ] Artifact Instance of 'PubDependencies' is not required, skipping update.
[   +1 ms] executing: [C:\Flutter\flutter/] git -c log.showSignature=false log HEAD -n 1 --pretty=format:%ad --date=iso
[+1602 ms] Exit code 0 from: git -c log.showSignature=false log HEAD -n 1 --pretty=format:%ad --date=iso
[        ] 2025-12-03 14:56:10 -0800
[  +47 ms] Artifact Instance of 'AndroidGenSnapshotArtifacts' is not required, skipping update.
[        ] Artifact Instance of 'AndroidInternalBuildArtifacts' is not required, skipping update.
[        ] Artifact Instance of 'IOSEngineArtifacts' is not required, skipping update.
[        ] Artifact Instance of 'FlutterWebSdk' is not required, skipping update.
[        ] Artifact Instance of 'FlutterEngineStamp' is not required, skipping update.
[        ] Artifact Instance of 'LegacyCanvasKitRemover' is not required, skipping update.
[  +11 ms] Artifact Instance of 'WindowsEngineArtifacts' is not required, skipping update.
[        ] Artifact Instance of 'MacOSEngineArtifacts' is not required, skipping update.
[        ] Artifact Instance of 'LinuxEngineArtifacts' is not required, skipping update.
[        ] Artifact Instance of 'LinuxFuchsiaSDKArtifacts' is not required, skipping update.
[        ] Artifact Instance of 'MacOSFuchsiaSDKArtifacts' is not required, skipping update.
[        ] Artifact Instance of 'FlutterRunnerSDKArtifacts' is not required, skipping update.
[        ] Artifact Instance of 'FlutterRunnerDebugSymbols' is not required, skipping update.
[ +485 ms] Artifact Instance of 'MaterialFonts' is not required, skipping update.
[        ] Artifact Instance of 'GradleWrapper' is not required, skipping update.
[  +58 ms] Artifact Instance of 'AndroidInternalBuildArtifacts' is not required, skipping update.
[        ] Artifact Instance of 'IOSEngineArtifacts' is not required, skipping update.
[        ] Artifact Instance of 'FlutterWebSdk' is not required, skipping update.
[        ] Artifact Instance of 'FlutterEngineStamp' is not required, skipping update.
[        ] Artifact Instance of 'LegacyCanvasKitRemover' is not required, skipping update.
[        ] Artifact Instance of 'FlutterSdk' is not required, skipping update.
[        ] Artifact Instance of 'WindowsEngineArtifacts' is not required, skipping update.
[        ] Artifact Instance of 'MacOSEngineArtifacts' is not required, skipping update.
[        ] Artifact Instance of 'LinuxEngineArtifacts' is not required, skipping update.
[        ] Artifact Instance of 'LinuxFuchsiaSDKArtifacts' is not required, skipping update.
[        ] Artifact Instance of 'MacOSFuchsiaSDKArtifacts' is not required, skipping update.
[        ] Artifact Instance of 'FlutterRunnerSDKArtifacts' is not required, skipping update.
[        ] Artifact Instance of 'FlutterRunnerDebugSymbols' is not required, skipping update.
[        ] Artifact Instance of 'IosUsbArtifacts' is not required, skipping update.
[        ] Artifact Instance of 'IosUsbArtifacts' is not required, skipping update.
[        ] Artifact Instance of 'IosUsbArtifacts' is not required, skipping update.
[        ] Artifact Instance of 'IosUsbArtifacts' is not required, skipping update.
[        ] Artifact Instance of 'IosUsbArtifacts' is not required, skipping update.
[        ] Artifact Instance of 'IosUsbArtifacts' is not required, skipping update.
[        ] Artifact Instance of 'FontSubsetArtifacts' is not required, skipping update.
[        ] Artifact Instance of 'PubDependencies' is not required, skipping update.
[ +714 ms] Skipping pub get: version match.
[+1663 ms] Found plugin integration_test at C:\Flutter\flutter\packages\integration_test\
[ +463 ms] Found plugin window_manager at C:\Users\joaom\AppData\Local\Pub\Cache\hosted\pub.dev\window_manager-0.5.1\
[  +11 ms] Found plugin screen_retriever at C:\Users\joaom\AppData\Local\Pub\Cache\hosted\pub.dev\screen_retriever-0.2.0\
[   +9 ms] Found plugin screen_retriever_windows at C:\Users\joaom\AppData\Local\Pub\Cache\hosted\pub.dev\screen_retriever_windows-0.2.0\
[  +11 ms] Found plugin screen_retriever_macos at C:\Users\joaom\AppData\Local\Pub\Cache\hosted\pub.dev\screen_retriever_macos-0.2.0\
[   +4 ms] Found plugin screen_retriever_linux at C:\Users\joaom\AppData\Local\Pub\Cache\hosted\pub.dev\screen_retriever_linux-0.2.0\
[  +44 ms] Found plugin url_launcher at C:\Users\joaom\AppData\Local\Pub\Cache\hosted\pub.dev\url_launcher-6.3.2\
[   +8 ms] Found plugin url_launcher_windows at C:\Users\joaom\AppData\Local\Pub\Cache\hosted\pub.dev\url_launcher_windows-3.1.5\
[  +20 ms] Found plugin url_launcher_web at C:\Users\joaom\AppData\Local\Pub\Cache\hosted\pub.dev\url_launcher_web-2.4.1\
[  +29 ms] Found plugin url_launcher_macos at C:\Users\joaom\AppData\Local\Pub\Cache\hosted\pub.dev\url_launcher_macos-3.2.5\
[  +12 ms] Found plugin url_launcher_linux at C:\Users\joaom\AppData\Local\Pub\Cache\hosted\pub.dev\url_launcher_linux-3.2.2\
[   +5 ms] Found plugin url_launcher_ios at C:\Users\joaom\AppData\Local\Pub\Cache\hosted\pub.dev\url_launcher_ios-6.3.6\
[   +3 ms] Found plugin url_launcher_android at C:\Users\joaom\AppData\Local\Pub\Cache\hosted\pub.dev\url_launcher_android-6.3.28\
[  +87 ms] Found plugin sqflite at C:\Users\joaom\AppData\Local\Pub\Cache\hosted\pub.dev\sqflite-2.4.2\
[  +19 ms] Found plugin sqflite_darwin at C:\Users\joaom\AppData\Local\Pub\Cache\hosted\pub.dev\sqflite_darwin-2.4.2\
[   +5 ms] Found plugin sqflite_android at C:\Users\joaom\AppData\Local\Pub\Cache\hosted\pub.dev\sqflite_android-2.4.2+2\
[  +15 ms] Found plugin shared_preferences at C:\Users\joaom\AppData\Local\Pub\Cache\hosted\pub.dev\shared_preferences-2.5.4\
[   +7 ms] Found plugin shared_preferences_windows at C:\Users\joaom\AppData\Local\Pub\Cache\hosted\pub.dev\shared_preferences_windows-2.4.1\
[  +12 ms] Found plugin path_provider_windows at C:\Users\joaom\AppData\Local\Pub\Cache\hosted\pub.dev\path_provider_windows-2.3.0\
[   +8 ms] Found plugin shared_preferences_web at C:\Users\joaom\AppData\Local\Pub\Cache\hosted\pub.dev\shared_preferences_web-2.4.3\
[   +4 ms] Found plugin shared_preferences_linux at C:\Users\joaom\AppData\Local\Pub\Cache\hosted\pub.dev\shared_preferences_linux-2.4.1\
[   +4 ms] Found plugin path_provider_linux at C:\Users\joaom\AppData\Local\Pub\Cache\hosted\pub.dev\path_provider_linux-2.2.1\
[  +12 ms] Found plugin shared_preferences_foundation at C:\Users\joaom\AppData\Local\Pub\Cache\hosted\pub.dev\shared_preferences_foundation-2.5.6\
[   +3 ms] Found plugin shared_preferences_android at C:\Users\joaom\AppData\Local\Pub\Cache\hosted\pub.dev\shared_preferences_android-2.4.18\
[  +17 ms] Found plugin printing at C:\Users\joaom\AppData\Local\Pub\Cache\hosted\pub.dev\printing-5.14.2\
[  +66 ms] Found plugin permission_handler at C:\Users\joaom\AppData\Local\Pub\Cache\hosted\pub.dev\permission_handler-12.0.1\
[  +47 ms] Found plugin permission_handler_windows at C:\Users\joaom\AppData\Local\Pub\Cache\hosted\pub.dev\permission_handler_windows-0.2.1\
[  +35 ms] Found plugin permission_handler_html at C:\Users\joaom\AppData\Local\Pub\Cache\hosted\pub.dev\permission_handler_html-0.1.3+5\
[   +4 ms] Found plugin permission_handler_apple at C:\Users\joaom\AppData\Local\Pub\Cache\hosted\pub.dev\permission_handler_apple-9.4.7\
[   +4 ms] Found plugin permission_handler_android at C:\Users\joaom\Documents\GitHub\Notes\universal_notes_flutter\packages\permission_handler_android\
[   +5 ms] Found plugin path_provider at C:\Users\joaom\AppData\Local\Pub\Cache\hosted\pub.dev\path_provider-2.1.5\
[   +6 ms] Found plugin path_provider_foundation at C:\Users\joaom\AppData\Local\Pub\Cache\hosted\pub.dev\path_provider_foundation-2.5.1\
[   +8 ms] Found plugin path_provider_android at C:\Users\joaom\AppData\Local\Pub\Cache\hosted\pub.dev\path_provider_android-2.2.22\
[   +5 ms] Found plugin package_info_plus at C:\Users\joaom\AppData\Local\Pub\Cache\hosted\pub.dev\package_info_plus-9.0.0\
[ +126 ms] Found plugin open_file at C:\Users\joaom\AppData\Local\Pub\Cache\hosted\pub.dev\open_file-3.5.10\
[  +34 ms] Found plugin open_file_windows at C:\Users\joaom\AppData\Local\Pub\Cache\hosted\pub.dev\open_file_windows-0.0.3\
[  +48 ms] Found plugin open_file_web at C:\Users\joaom\AppData\Local\Pub\Cache\hosted\pub.dev\open_file_web-0.0.4\
[   +5 ms] Found plugin open_file_mac at C:\Users\joaom\AppData\Local\Pub\Cache\hosted\pub.dev\open_file_mac-1.0.3\
[   +5 ms] Found plugin open_file_linux at C:\Users\joaom\AppData\Local\Pub\Cache\hosted\pub.dev\open_file_linux-0.0.5\
[   +8 ms] Found plugin open_file_ios at C:\Users\joaom\AppData\Local\Pub\Cache\hosted\pub.dev\open_file_ios-1.0.3\
[   +4 ms] Found plugin open_file_android at C:\Users\joaom\AppData\Local\Pub\Cache\hosted\pub.dev\open_file_android-1.0.6\
[  +12 ms] Found plugin local_auth at C:\Users\joaom\AppData\Local\Pub\Cache\hosted\pub.dev\local_auth-3.0.0\
[  +14 ms] Found plugin local_auth_windows at C:\Users\joaom\AppData\Local\Pub\Cache\hosted\pub.dev\local_auth_windows-2.0.1\
[  +49 ms] Found plugin local_auth_darwin at C:\Users\joaom\AppData\Local\Pub\Cache\hosted\pub.dev\local_auth_darwin-2.0.1\
[  +47 ms] Found plugin local_auth_android at C:\Users\joaom\Documents\GitHub\Notes\universal_notes_flutter\packages\local_auth_android\
[   +7 ms] Found plugin flutter_plugin_android_lifecycle at C:\Users\joaom\AppData\Local\Pub\Cache\hosted\pub.dev\flutter_plugin_android_lifecycle-2.0.33\
[  +37 ms] Found plugin image_picker at C:\Users\joaom\AppData\Local\Pub\Cache\hosted\pub.dev\image_picker-1.2.1\
[  +10 ms] Found plugin image_picker_windows at C:\Users\joaom\AppData\Local\Pub\Cache\hosted\pub.dev\image_picker_windows-0.2.2\
[  +14 ms] Found plugin file_selector_windows at C:\Users\joaom\AppData\Local\Pub\Cache\hosted\pub.dev\file_selector_windows-0.9.3+5\
[   +7 ms] Found plugin image_picker_macos at C:\Users\joaom\AppData\Local\Pub\Cache\hosted\pub.dev\image_picker_macos-0.2.2+1\
[   +8 ms] Found plugin file_selector_macos at C:\Users\joaom\AppData\Local\Pub\Cache\hosted\pub.dev\file_selector_macos-0.9.5\
[  +25 ms] Found plugin image_picker_linux at C:\Users\joaom\AppData\Local\Pub\Cache\hosted\pub.dev\image_picker_linux-0.2.2\
[   +9 ms] Found plugin file_selector_linux at C:\Users\joaom\AppData\Local\Pub\Cache\hosted\pub.dev\file_selector_linux-0.9.4\
[   +4 ms] Found plugin image_picker_ios at C:\Users\joaom\AppData\Local\Pub\Cache\hosted\pub.dev\image_picker_ios-0.8.13+3\
[  +34 ms] Found plugin image_picker_for_web at C:\Users\joaom\AppData\Local\Pub\Cache\hosted\pub.dev\image_picker_for_web-3.1.1\
[   +7 ms] Found plugin image_picker_android at C:\Users\joaom\AppData\Local\Pub\Cache\hosted\pub.dev\image_picker_android-0.8.13+10\
[  +83 ms] Found plugin firebase_storage at C:\Users\joaom\AppData\Local\Pub\Cache\hosted\pub.dev\firebase_storage-13.0.5\
[   +7 ms] Found plugin firebase_storage_web at C:\Users\joaom\AppData\Local\Pub\Cache\hosted\pub.dev\firebase_storage_web-3.11.1\
[  +16 ms] Found plugin firebase_core at C:\Users\joaom\AppData\Local\Pub\Cache\hosted\pub.dev\firebase_core-4.3.0\
[  +12 ms] Found plugin firebase_core_web at C:\Users\joaom\AppData\Local\Pub\Cache\hosted\pub.dev\firebase_core_web-3.3.1\
[   +8 ms] Found plugin firebase_crashlytics at C:\Users\joaom\AppData\Local\Pub\Cache\hosted\pub.dev\firebase_crashlytics-5.0.6\
[   +9 ms] Found plugin firebase_auth at C:\Users\joaom\AppData\Local\Pub\Cache\hosted\pub.dev\firebase_auth-6.1.3\
[   +3 ms] Found plugin firebase_auth_web at C:\Users\joaom\AppData\Local\Pub\Cache\hosted\pub.dev\firebase_auth_web-6.1.1\
[  +16 ms] Found plugin firebase_analytics at C:\Users\joaom\AppData\Local\Pub\Cache\hosted\pub.dev\firebase_analytics-12.1.0\
[  +14 ms] Found plugin firebase_analytics_web at C:\Users\joaom\AppData\Local\Pub\Cache\hosted\pub.dev\firebase_analytics_web-0.6.1+1\
[  +12 ms] Found plugin file_picker at C:\Users\joaom\AppData\Local\Pub\Cache\hosted\pub.dev\file_picker-10.3.8\
[  +57 ms] Found plugin cloud_firestore at C:\Users\joaom\AppData\Local\Pub\Cache\hosted\pub.dev\cloud_firestore-6.1.1\
[   +4 ms] Found plugin cloud_firestore_web at C:\Users\joaom\AppData\Local\Pub\Cache\hosted\pub.dev\cloud_firestore_web-5.1.1\
[ +584 ms] Found plugin integration_test at C:\Flutter\flutter\packages\integration_test\
[ +157 ms] Found plugin window_manager at C:\Users\joaom\AppData\Local\Pub\Cache\hosted\pub.dev\window_manager-0.5.1\
[   +2 ms] Found plugin screen_retriever at C:\Users\joaom\AppData\Local\Pub\Cache\hosted\pub.dev\screen_retriever-0.2.0\
[   +2 ms] Found plugin screen_retriever_windows at C:\Users\joaom\AppData\Local\Pub\Cache\hosted\pub.dev\screen_retriever_windows-0.2.0\
[   +8 ms] Found plugin screen_retriever_macos at C:\Users\joaom\AppData\Local\Pub\Cache\hosted\pub.dev\screen_retriever_macos-0.2.0\
[   +2 ms] Found plugin screen_retriever_linux at C:\Users\joaom\AppData\Local\Pub\Cache\hosted\pub.dev\screen_retriever_linux-0.2.0\
[   +5 ms] Found plugin url_launcher at C:\Users\joaom\AppData\Local\Pub\Cache\hosted\pub.dev\url_launcher-6.3.2\
[   +2 ms] Found plugin url_launcher_windows at C:\Users\joaom\AppData\Local\Pub\Cache\hosted\pub.dev\url_launcher_windows-3.1.5\
[  +31 ms] Found plugin url_launcher_web at C:\Users\joaom\AppData\Local\Pub\Cache\hosted\pub.dev\url_launcher_web-2.4.1\
[ +110 ms] Found plugin url_launcher_macos at C:\Users\joaom\AppData\Local\Pub\Cache\hosted\pub.dev\url_launcher_macos-3.2.5\
[   +3 ms] Found plugin url_launcher_linux at C:\Users\joaom\AppData\Local\Pub\Cache\hosted\pub.dev\url_launcher_linux-3.2.2\
[  +14 ms] Found plugin url_launcher_ios at C:\Users\joaom\AppData\Local\Pub\Cache\hosted\pub.dev\url_launcher_ios-6.3.6\
[   +5 ms] Found plugin url_launcher_android at C:\Users\joaom\AppData\Local\Pub\Cache\hosted\pub.dev\url_launcher_android-6.3.28\
[  +40 ms] Found plugin sqflite at C:\Users\joaom\AppData\Local\Pub\Cache\hosted\pub.dev\sqflite-2.4.2\
[   +9 ms] Found plugin sqflite_darwin at C:\Users\joaom\AppData\Local\Pub\Cache\hosted\pub.dev\sqflite_darwin-2.4.2\
[ +116 ms] Found plugin sqflite_android at C:\Users\joaom\AppData\Local\Pub\Cache\hosted\pub.dev\sqflite_android-2.4.2+2\
[   +6 ms] Found plugin shared_preferences at C:\Users\joaom\AppData\Local\Pub\Cache\hosted\pub.dev\shared_preferences-2.5.4\
[   +6 ms] Found plugin shared_preferences_windows at C:\Users\joaom\AppData\Local\Pub\Cache\hosted\pub.dev\shared_preferences_windows-2.4.1\
[  +19 ms] Found plugin path_provider_windows at C:\Users\joaom\AppData\Local\Pub\Cache\hosted\pub.dev\path_provider_windows-2.3.0\
[  +18 ms] Found plugin shared_preferences_web at C:\Users\joaom\AppData\Local\Pub\Cache\hosted\pub.dev\shared_preferences_web-2.4.3\
[  +24 ms] Found plugin shared_preferences_linux at C:\Users\joaom\AppData\Local\Pub\Cache\hosted\pub.dev\shared_preferences_linux-2.4.1\
[   +3 ms] Found plugin path_provider_linux at C:\Users\joaom\AppData\Local\Pub\Cache\hosted\pub.dev\path_provider_linux-2.2.1\
[  +28 ms] Found plugin shared_preferences_foundation at C:\Users\joaom\AppData\Local\Pub\Cache\hosted\pub.dev\shared_preferences_foundation-2.5.6\
[   +3 ms] Found plugin shared_preferences_android at C:\Users\joaom\AppData\Local\Pub\Cache\hosted\pub.dev\shared_preferences_android-2.4.18\
[ +195 ms] Found plugin printing at C:\Users\joaom\AppData\Local\Pub\Cache\hosted\pub.dev\printing-5.14.2\
[  +42 ms] Found plugin permission_handler at C:\Users\joaom\AppData\Local\Pub\Cache\hosted\pub.dev\permission_handler-12.0.1\
[   +3 ms] Found plugin permission_handler_windows at C:\Users\joaom\AppData\Local\Pub\Cache\hosted\pub.dev\permission_handler_windows-0.2.1\
[  +14 ms] Found plugin permission_handler_html at C:\Users\joaom\AppData\Local\Pub\Cache\hosted\pub.dev\permission_handler_html-0.1.3+5\
[  +10 ms] Found plugin permission_handler_apple at C:\Users\joaom\AppData\Local\Pub\Cache\hosted\pub.dev\permission_handler_apple-9.4.7\
[  +36 ms] Found plugin permission_handler_android at C:\Users\joaom\Documents\GitHub\Notes\universal_notes_flutter\packages\permission_handler_android\
[   +3 ms] Found plugin path_provider at C:\Users\joaom\AppData\Local\Pub\Cache\hosted\pub.dev\path_provider-2.1.5\
[   +8 ms] Found plugin path_provider_foundation at C:\Users\joaom\AppData\Local\Pub\Cache\hosted\pub.dev\path_provider_foundation-2.5.1\
[   +3 ms] Found plugin path_provider_android at C:\Users\joaom\AppData\Local\Pub\Cache\hosted\pub.dev\path_provider_android-2.2.22\
[   +3 ms] Found plugin package_info_plus at C:\Users\joaom\AppData\Local\Pub\Cache\hosted\pub.dev\package_info_plus-9.0.0\
[  +24 ms] Found plugin open_file at C:\Users\joaom\AppData\Local\Pub\Cache\hosted\pub.dev\open_file-3.5.10\
[   +2 ms] Found plugin open_file_windows at C:\Users\joaom\AppData\Local\Pub\Cache\hosted\pub.dev\open_file_windows-0.0.3\
[   +3 ms] Found plugin open_file_web at C:\Users\joaom\AppData\Local\Pub\Cache\hosted\pub.dev\open_file_web-0.0.4\
[   +2 ms] Found plugin open_file_mac at C:\Users\joaom\AppData\Local\Pub\Cache\hosted\pub.dev\open_file_mac-1.0.3\
[  +17 ms] Found plugin open_file_linux at C:\Users\joaom\AppData\Local\Pub\Cache\hosted\pub.dev\open_file_linux-0.0.5\
[   +6 ms] Found plugin open_file_ios at C:\Users\joaom\AppData\Local\Pub\Cache\hosted\pub.dev\open_file_ios-1.0.3\
[   +3 ms] Found plugin open_file_android at C:\Users\joaom\AppData\Local\Pub\Cache\hosted\pub.dev\open_file_android-1.0.6\
[   +3 ms] Found plugin local_auth at C:\Users\joaom\AppData\Local\Pub\Cache\hosted\pub.dev\local_auth-3.0.0\
[   +3 ms] Found plugin local_auth_windows at C:\Users\joaom\AppData\Local\Pub\Cache\hosted\pub.dev\local_auth_windows-2.0.1\
[   +8 ms] Found plugin local_auth_darwin at C:\Users\joaom\AppData\Local\Pub\Cache\hosted\pub.dev\local_auth_darwin-2.0.1\
[   +6 ms] Found plugin local_auth_android at C:\Users\joaom\Documents\GitHub\Notes\universal_notes_flutter\packages\local_auth_android\
[   +9 ms] Found plugin flutter_plugin_android_lifecycle at C:\Users\joaom\AppData\Local\Pub\Cache\hosted\pub.dev\flutter_plugin_android_lifecycle-2.0.33\
[   +5 ms] Found plugin image_picker at C:\Users\joaom\AppData\Local\Pub\Cache\hosted\pub.dev\image_picker-1.2.1\
[   +3 ms] Found plugin image_picker_windows at C:\Users\joaom\AppData\Local\Pub\Cache\hosted\pub.dev\image_picker_windows-0.2.2\
[  +34 ms] Found plugin file_selector_windows at C:\Users\joaom\AppData\Local\Pub\Cache\hosted\pub.dev\file_selector_windows-0.9.3+5\
[   +7 ms] Found plugin image_picker_macos at C:\Users\joaom\AppData\Local\Pub\Cache\hosted\pub.dev\image_picker_macos-0.2.2+1\
[   +4 ms] Found plugin file_selector_macos at C:\Users\joaom\AppData\Local\Pub\Cache\hosted\pub.dev\file_selector_macos-0.9.5\
[   +3 ms] Found plugin image_picker_linux at C:\Users\joaom\AppData\Local\Pub\Cache\hosted\pub.dev\image_picker_linux-0.2.2\
[   +2 ms] Found plugin file_selector_linux at C:\Users\joaom\AppData\Local\Pub\Cache\hosted\pub.dev\file_selector_linux-0.9.4\
[   +5 ms] Found plugin image_picker_ios at C:\Users\joaom\AppData\Local\Pub\Cache\hosted\pub.dev\image_picker_ios-0.8.13+3\
[   +2 ms] Found plugin image_picker_for_web at C:\Users\joaom\AppData\Local\Pub\Cache\hosted\pub.dev\image_picker_for_web-3.1.1\
[   +4 ms] Found plugin image_picker_android at C:\Users\joaom\AppData\Local\Pub\Cache\hosted\pub.dev\image_picker_android-0.8.13+10\
[  +65 ms] Found plugin firebase_storage at C:\Users\joaom\AppData\Local\Pub\Cache\hosted\pub.dev\firebase_storage-13.0.5\
[   +3 ms] Found plugin firebase_storage_web at C:\Users\joaom\AppData\Local\Pub\Cache\hosted\pub.dev\firebase_storage_web-3.11.1\
[  +11 ms] Found plugin firebase_core at C:\Users\joaom\AppData\Local\Pub\Cache\hosted\pub.dev\firebase_core-4.3.0\
[   +4 ms] Found plugin firebase_core_web at C:\Users\joaom\AppData\Local\Pub\Cache\hosted\pub.dev\firebase_core_web-3.3.1\
[  +19 ms] Found plugin firebase_crashlytics at C:\Users\joaom\AppData\Local\Pub\Cache\hosted\pub.dev\firebase_crashlytics-5.0.6\
[  +91 ms] Found plugin firebase_auth at C:\Users\joaom\AppData\Local\Pub\Cache\hosted\pub.dev\firebase_auth-6.1.3\
[   +2 ms] Found plugin firebase_auth_web at C:\Users\joaom\AppData\Local\Pub\Cache\hosted\pub.dev\firebase_auth_web-6.1.1\
[   +4 ms] Found plugin firebase_analytics at C:\Users\joaom\AppData\Local\Pub\Cache\hosted\pub.dev\firebase_analytics-12.1.0\
[   +5 ms] Found plugin firebase_analytics_web at C:\Users\joaom\AppData\Local\Pub\Cache\hosted\pub.dev\firebase_analytics_web-0.6.1+1\
[   +7 ms] Found plugin file_picker at C:\Users\joaom\AppData\Local\Pub\Cache\hosted\pub.dev\file_picker-10.3.8\
[  +19 ms] Found plugin cloud_firestore at C:\Users\joaom\AppData\Local\Pub\Cache\hosted\pub.dev\cloud_firestore-6.1.1\
[   +7 ms] Found plugin cloud_firestore_web at C:\Users\joaom\AppData\Local\Pub\Cache\hosted\pub.dev\cloud_firestore_web-5.1.1\
[ +100 ms] Skipping generating web_plugin_registrant.dart because it is up-to-date.
[+1006 ms] Found plugin integration_test at C:\Flutter\flutter\packages\integration_test\
[ +131 ms] Found plugin window_manager at C:\Users\joaom\AppData\Local\Pub\Cache\hosted\pub.dev\window_manager-0.5.1\
[   +4 ms] Found plugin screen_retriever at C:\Users\joaom\AppData\Local\Pub\Cache\hosted\pub.dev\screen_retriever-0.2.0\
[  +16 ms] Found plugin screen_retriever_windows at C:\Users\joaom\AppData\Local\Pub\Cache\hosted\pub.dev\screen_retriever_windows-0.2.0\
[  +11 ms] Found plugin screen_retriever_macos at C:\Users\joaom\AppData\Local\Pub\Cache\hosted\pub.dev\screen_retriever_macos-0.2.0\
[   +7 ms] Found plugin screen_retriever_linux at C:\Users\joaom\AppData\Local\Pub\Cache\hosted\pub.dev\screen_retriever_linux-0.2.0\
[   +8 ms] Found plugin url_launcher at C:\Users\joaom\AppData\Local\Pub\Cache\hosted\pub.dev\url_launcher-6.3.2\
[   +7 ms] Found plugin url_launcher_windows at C:\Users\joaom\AppData\Local\Pub\Cache\hosted\pub.dev\url_launcher_windows-3.1.5\
[   +9 ms] Found plugin url_launcher_web at C:\Users\joaom\AppData\Local\Pub\Cache\hosted\pub.dev\url_launcher_web-2.4.1\
[ +154 ms] Found plugin url_launcher_macos at C:\Users\joaom\AppData\Local\Pub\Cache\hosted\pub.dev\url_launcher_macos-3.2.5\
[   +1 ms] Found plugin url_launcher_linux at C:\Users\joaom\AppData\Local\Pub\Cache\hosted\pub.dev\url_launcher_linux-3.2.2\
[   +1 ms] Found plugin url_launcher_ios at C:\Users\joaom\AppData\Local\Pub\Cache\hosted\pub.dev\url_launcher_ios-6.3.6\
[   +6 ms] Found plugin url_launcher_android at C:\Users\joaom\AppData\Local\Pub\Cache\hosted\pub.dev\url_launcher_android-6.3.28\
[  +23 ms] Found plugin sqflite at C:\Users\joaom\AppData\Local\Pub\Cache\hosted\pub.dev\sqflite-2.4.2\
[   +8 ms] Found plugin sqflite_darwin at C:\Users\joaom\AppData\Local\Pub\Cache\hosted\pub.dev\sqflite_darwin-2.4.2\
[   +2 ms] Found plugin sqflite_android at C:\Users\joaom\AppData\Local\Pub\Cache\hosted\pub.dev\sqflite_android-2.4.2+2\
[   +3 ms] Found plugin shared_preferences at C:\Users\joaom\AppData\Local\Pub\Cache\hosted\pub.dev\shared_preferences-2.5.4\
[ +110 ms] Found plugin shared_preferences_windows at C:\Users\joaom\AppData\Local\Pub\Cache\hosted\pub.dev\shared_preferences_windows-2.4.1\
[   +6 ms] Found plugin path_provider_windows at C:\Users\joaom\AppData\Local\Pub\Cache\hosted\pub.dev\path_provider_windows-2.3.0\
[   +2 ms] Found plugin shared_preferences_web at C:\Users\joaom\AppData\Local\Pub\Cache\hosted\pub.dev\shared_preferences_web-2.4.3\
[   +6 ms] Found plugin shared_preferences_linux at C:\Users\joaom\AppData\Local\Pub\Cache\hosted\pub.dev\shared_preferences_linux-2.4.1\
[   +4 ms] Found plugin path_provider_linux at C:\Users\joaom\AppData\Local\Pub\Cache\hosted\pub.dev\path_provider_linux-2.2.1\
[   +5 ms] Found plugin shared_preferences_foundation at C:\Users\joaom\AppData\Local\Pub\Cache\hosted\pub.dev\shared_preferences_foundation-2.5.6\
[   +2 ms] Found plugin shared_preferences_android at C:\Users\joaom\AppData\Local\Pub\Cache\hosted\pub.dev\shared_preferences_android-2.4.18\
[  +16 ms] Found plugin printing at C:\Users\joaom\AppData\Local\Pub\Cache\hosted\pub.dev\printing-5.14.2\
[  +82 ms] Found plugin permission_handler at C:\Users\joaom\AppData\Local\Pub\Cache\hosted\pub.dev\permission_handler-12.0.1\
[   +5 ms] Found plugin permission_handler_windows at C:\Users\joaom\AppData\Local\Pub\Cache\hosted\pub.dev\permission_handler_windows-0.2.1\
[   +3 ms] Found plugin permission_handler_html at C:\Users\joaom\AppData\Local\Pub\Cache\hosted\pub.dev\permission_handler_html-0.1.3+5\
[   +2 ms] Found plugin permission_handler_apple at C:\Users\joaom\AppData\Local\Pub\Cache\hosted\pub.dev\permission_handler_apple-9.4.7\
[   +3 ms] Found plugin permission_handler_android at C:\Users\joaom\Documents\GitHub\Notes\universal_notes_flutter\packages\permission_handler_android\
[   +7 ms] Found plugin path_provider at C:\Users\joaom\AppData\Local\Pub\Cache\hosted\pub.dev\path_provider-2.1.5\
[   +3 ms] Found plugin path_provider_foundation at C:\Users\joaom\AppData\Local\Pub\Cache\hosted\pub.dev\path_provider_foundation-2.5.1\
[  +54 ms] Found plugin path_provider_android at C:\Users\joaom\AppData\Local\Pub\Cache\hosted\pub.dev\path_provider_android-2.2.22\
[   +2 ms] Found plugin package_info_plus at C:\Users\joaom\AppData\Local\Pub\Cache\hosted\pub.dev\package_info_plus-9.0.0\
[  +30 ms] Found plugin open_file at C:\Users\joaom\AppData\Local\Pub\Cache\hosted\pub.dev\open_file-3.5.10\
[   +2 ms] Found plugin open_file_windows at C:\Users\joaom\AppData\Local\Pub\Cache\hosted\pub.dev\open_file_windows-0.0.3\
[   +9 ms] Found plugin open_file_web at C:\Users\joaom\AppData\Local\Pub\Cache\hosted\pub.dev\open_file_web-0.0.4\
[   +2 ms] Found plugin open_file_mac at C:\Users\joaom\AppData\Local\Pub\Cache\hosted\pub.dev\open_file_mac-1.0.3\
[   +1 ms] Found plugin open_file_linux at C:\Users\joaom\AppData\Local\Pub\Cache\hosted\pub.dev\open_file_linux-0.0.5\
[   +1 ms] Found plugin open_file_ios at C:\Users\joaom\AppData\Local\Pub\Cache\hosted\pub.dev\open_file_ios-1.0.3\
[   +7 ms] Found plugin open_file_android at C:\Users\joaom\AppData\Local\Pub\Cache\hosted\pub.dev\open_file_android-1.0.6\
[   +2 ms] Found plugin local_auth at C:\Users\joaom\AppData\Local\Pub\Cache\hosted\pub.dev\local_auth-3.0.0\
[   +2 ms] Found plugin local_auth_windows at C:\Users\joaom\AppData\Local\Pub\Cache\hosted\pub.dev\local_auth_windows-2.0.1\
[ +191 ms] Found plugin local_auth_darwin at C:\Users\joaom\AppData\Local\Pub\Cache\hosted\pub.dev\local_auth_darwin-2.0.1\
[   +4 ms] Found plugin local_auth_android at C:\Users\joaom\Documents\GitHub\Notes\universal_notes_flutter\packages\local_auth_android\
[   +3 ms] Found plugin flutter_plugin_android_lifecycle at C:\Users\joaom\AppData\Local\Pub\Cache\hosted\pub.dev\flutter_plugin_android_lifecycle-2.0.33\
[   +3 ms] Found plugin image_picker at C:\Users\joaom\AppData\Local\Pub\Cache\hosted\pub.dev\image_picker-1.2.1\
[   +2 ms] Found plugin image_picker_windows at C:\Users\joaom\AppData\Local\Pub\Cache\hosted\pub.dev\image_picker_windows-0.2.2\
[  +11 ms] Found plugin file_selector_windows at C:\Users\joaom\AppData\Local\Pub\Cache\hosted\pub.dev\file_selector_windows-0.9.3+5\
[   +4 ms] Found plugin image_picker_macos at C:\Users\joaom\AppData\Local\Pub\Cache\hosted\pub.dev\image_picker_macos-0.2.2+1\
[   +3 ms] Found plugin file_selector_macos at C:\Users\joaom\AppData\Local\Pub\Cache\hosted\pub.dev\file_selector_macos-0.9.5\
[   +3 ms] Found plugin image_picker_linux at C:\Users\joaom\AppData\Local\Pub\Cache\hosted\pub.dev\image_picker_linux-0.2.2\
[   +2 ms] Found plugin file_selector_linux at C:\Users\joaom\AppData\Local\Pub\Cache\hosted\pub.dev\file_selector_linux-0.9.4\
[  +51 ms] Found plugin image_picker_ios at C:\Users\joaom\AppData\Local\Pub\Cache\hosted\pub.dev\image_picker_ios-0.8.13+3\
[   +2 ms] Found plugin image_picker_for_web at C:\Users\joaom\AppData\Local\Pub\Cache\hosted\pub.dev\image_picker_for_web-3.1.1\
[   +2 ms] Found plugin image_picker_android at C:\Users\joaom\AppData\Local\Pub\Cache\hosted\pub.dev\image_picker_android-0.8.13+10\
[ +144 ms] Found plugin firebase_storage at C:\Users\joaom\AppData\Local\Pub\Cache\hosted\pub.dev\firebase_storage-13.0.5\
[   +2 ms] Found plugin firebase_storage_web at C:\Users\joaom\AppData\Local\Pub\Cache\hosted\pub.dev\firebase_storage_web-3.11.1\
[   +9 ms] Found plugin firebase_core at C:\Users\joaom\AppData\Local\Pub\Cache\hosted\pub.dev\firebase_core-4.3.0\
[  +39 ms] Found plugin firebase_core_web at C:\Users\joaom\AppData\Local\Pub\Cache\hosted\pub.dev\firebase_core_web-3.3.1\
[  +15 ms] Found plugin firebase_crashlytics at C:\Users\joaom\AppData\Local\Pub\Cache\hosted\pub.dev\firebase_crashlytics-5.0.6\
[   +4 ms] Found plugin firebase_auth at C:\Users\joaom\AppData\Local\Pub\Cache\hosted\pub.dev\firebase_auth-6.1.3\
[   +6 ms] Found plugin firebase_auth_web at C:\Users\joaom\AppData\Local\Pub\Cache\hosted\pub.dev\firebase_auth_web-6.1.1\
[   +8 ms] Found plugin firebase_analytics at C:\Users\joaom\AppData\Local\Pub\Cache\hosted\pub.dev\firebase_analytics-12.1.0\
[   +3 ms] Found plugin firebase_analytics_web at C:\Users\joaom\AppData\Local\Pub\Cache\hosted\pub.dev\firebase_analytics_web-0.6.1+1\
[   +8 ms] Found plugin file_picker at C:\Users\joaom\AppData\Local\Pub\Cache\hosted\pub.dev\file_picker-10.3.8\
[ +140 ms] Found plugin cloud_firestore at C:\Users\joaom\AppData\Local\Pub\Cache\hosted\pub.dev\cloud_firestore-6.1.1\
[   +4 ms] Found plugin cloud_firestore_web at C:\Users\joaom\AppData\Local\Pub\Cache\hosted\pub.dev\cloud_firestore_web-5.1.1\
[+1605 ms] Generating C:\Users\joaom\Documents\GitHub\Notes\universal_notes_flutter\android\app\src\main\java\io\flutter\plugins\GeneratedPluginRegistrant.java
[  +49 ms] Skipping generating GeneratedPluginRegistrant.java because it is up-to-date.
[  +83 ms] Skipping generating generated_plugin_registrant.h because it is up-to-date.
[  +29 ms] Skipping generating generated_plugin_registrant.cc because it is up-to-date.
[  +35 ms] Skipping generating generated_plugins.cmake because it is up-to-date.
[  +24 ms] Skipping generating GeneratedPluginRegistrant.h because it is up-to-date.
[  +55 ms] Skipping generating GeneratedPluginRegistrant.m because it is up-to-date.
[  +40 ms] Skipping generating GeneratedPluginRegistrant.swift because it is up-to-date.
[ +748 ms] Top-level Gradle build file not found, skipping migration of task "clean".
[   +1 ms] Android Studio version could not be detected, skipping Gradle-Java version compatibility check.
[  +96 ms] CMake project not found, skipping support Android 15 16k page size migration.
[  +37 ms] Using gradle from C:\Users\joaom\Documents\GitHub\Notes\universal_notes_flutter\android\gradlew.bat.
[  +94 ms] LocalFile: 'C:\Users\joaom\Documents\GitHub\Notes\universal_notes_flutter\android\build.gradle.kts' provides AGP version from classpath: 8.7.2
[  +89 ms] Running Gradle task 'assembleDebug'...
[   +2 ms] executing: [C:\Users\joaom\Documents\GitHub\Notes\universal_notes_flutter\android/] C:\Users\joaom\Documents\GitHub\Notes\universal_notes_flutter\android\gradlew.bat --full-stacktrace --info -Pverbose=true -Ptarget-platform=android-arm,android-arm64,android-x64 -Ptarget=lib\main.dart -Pbase-application-name=android.app.Application -Pdart-defines=RkxVVFRFUl9WRVJTSU9OPTMuMzguNA==,RkxVVFRFUl9DSEFOTkVMPXN0YWJsZQ==,RkxVVFRFUl9HSVRfVVJMPWh0dHBzOi8vZ2l0aHViLmNvbS9mbHV0dGVyL2ZsdXR0ZXIuZ2l0,RkxVVFRFUl9GUkFNRVdPUktfUkVWSVNJT049NjZkZDkzZjlhMg==,RkxVVFRFUl9FTkdJTkVfUkVWSVNJT049YTVjYjk2MzY5ZQ==,RkxVVFRFUl9EQVJUX1ZFUlNJT049My4xMC4z -Pdart-obfuscation=false -Ptrack-widget-creation=true -Ptree-shake-icons=false assembleDebug
[+12910 ms] Initialized native services in: C:\Users\joaom\.gradle\native
[  +22 ms] Initialized jansi services in: C:\Users\joaom\.gradle\native
[+7861 ms] To honour the JVM settings for this build a single-use Daemon process will be forked. For more on this, please refer to https://docs.gradle.org/8.13/userguide/gradle_daemon.html#sec:disabling_the_daemon in the Gradle documentation.
[+2767 ms] Starting process 'Gradle build daemon'. Working directory: C:\Users\joaom\.gradle\daemon\8.13 Command: C:\Program Files\Eclipse Adoptium\jdk-17.0.17.10-hotspot\bin\java.exe --add-opens=java.base/java.lang=ALL-UNNAMED --add-opens=java.base/java.lang.invoke=ALL-UNNAMED --add-opens=java.base/java.util=ALL-UNNAMED --add-opens=java.prefs/java.util.prefs=ALL-UNNAMED --add-exports=jdk.compiler/com.sun.tools.javac.api=ALL-UNNAMED --add-exports=jdk.compiler/com.sun.tools.javac.util=ALL-UNNAMED --add-opens=java.base/java.util=ALL-UNNAMED --add-opens=java.prefs/java.util.prefs=ALL-UNNAMED --add-opens=java.base/java.nio.charset=ALL-UNNAMED --add-opens=java.base/java.net=ALL-UNNAMED --add-opens=java.base/java.util.concurrent.atomic=ALL-UNNAMED --add-opens=java.xml/javax.xml.namespace=ALL-UNNAMED -XX:+UseParallelGC -XX:MaxMetaspaceSize=512m -Xmx4g -Dfile.encoding=windows-1252 -Duser.country=BR -Duser.language=pt -Duser.variant -cp C:\Users\joaom\.gradle\wrapper\dists\gradle-8.13-all\54h0s9kvb6g2sinako7ub77ku\gradle-8.13\lib\gradle-daemon-main-8.13.jar -javaagent:C:\Users\joaom\.gradle\wrapper\dists\gradle-8.13-all\54h0s9kvb6g2sinako7ub77ku\gradle-8.13\lib\agents\gradle-instrumentation-agent-8.13.jar org.gradle.launcher.daemon.bootstrap.GradleDaemon 8.13
[ +513 ms] Successfully started process 'Gradle build daemon'
[+15187 ms] An attempt to start the daemon took 15.869 secs.
[ +908 ms] The client will now receive all logging from the daemon (pid: 10568). The daemon log file: C:\Users\joaom\.gradle\daemon\8.13\daemon-10568.out.log
[  +10 ms] Daemon will be stopped at the end of the build 
[+2182 ms] Using 4 worker leases.
[  +92 ms] Configuration on demand is an incubating feature.
[+1309 ms] Received JVM installation metadata from 'C:\Program Files\Eclipse Adoptium\jdk-17.0.17.10-hotspot': {JAVA_HOME=C:\Program Files\Eclipse Adoptium\jdk-17.0.17.10-hotspot, JAVA_VERSION=17.0.17, JAVA_VENDOR=Eclipse Adoptium, RUNTIME_NAME=OpenJDK Runtime Environment, RUNTIME_VERSION=17.0.17+10, VM_NAME=OpenJDK 64-Bit Server VM, VM_VERSION=17.0.17+10, VM_VENDOR=Eclipse Adoptium, OS_ARCH=amd64}
[+1700 ms] Watching the file system is configured to be enabled if available
[ +214 ms] Now considering [C:\Users\joaom\Documents\GitHub\Notes\universal_notes_flutter\android] as hierarchies to watch
[   +1 ms] File system watching is active
[+5175 ms] Starting Build
[+4600 ms] Now considering [C:\Flutter\flutter\packages\flutter_tools\gradle, C:\Users\joaom\Documents\GitHub\Notes\universal_notes_flutter\android] as hierarchies to watch
[ +617 ms] Using local directory build cache for build ':gradle' (location = C:\Users\joaom\.gradle\caches\build-cache-1, remove unused entries = after 7 days).
[+3982 ms] > Configure project :gradle
[        ] Evaluating project ':gradle' using build file 'C:\Flutter\flutter\packages\flutter_tools\gradle\build.gradle.kts'.
[        ] Resolved plugin [id: 'org.gradle.java-gradle-plugin']
[        ] Resolved plugin [id: 'org.gradle.groovy']
[+1007 ms] Resolved plugin [id: 'org.gradle.kotlin.kotlin-dsl', version: '5.2.0']
[   +4 ms] Resolved plugin [id: 'org.jetbrains.kotlin.jvm', version: '1.9.20']
[+6992 ms] Using Kotlin Gradle Plugin gradle85 variant
[+2532 ms] kotlin scripting plugin: created the scripting discovery configuration: kotlinScriptDef
[ +273 ms] kotlin scripting plugin: created the scripting discovery configuration: testKotlinScriptDef
[ +889 ms] file or directory 'C:\Flutter\flutter\packages\flutter_tools\gradle\src\main\java', not found
[+2141 ms] Resolved plugin [id: 'dev.flutter.flutter-plugin-loader', version: '1.0.0']
[  +66 ms] Resolved plugin [id: 'com.android.application', version: '8.7.2', apply: false]
[   +2 ms] Resolved plugin [id: 'com.google.gms.google-services', version: '4.4.2', apply: false]
[   +1 ms] Resolved plugin [id: 'org.jetbrains.kotlin.android', version: '2.1.10', apply: false]
[ +100 ms] Resolved plugin [id: 'com.google.firebase.crashlytics', version: '3.0.2', apply: false]
[+1027 ms] Resolve mutations for :gradle:checkKotlinGradlePluginConfigurationErrors (Thread[included builds,5,main]) started.
[   +8 ms] :gradle:checkKotlinGradlePluginConfigurationErrors (Thread[included builds,5,main]) started.
[  +67 ms] > Task :gradle:checkKotlinGradlePluginConfigurationErrors SKIPPED
[   +2 ms] Skipping task ':gradle:checkKotlinGradlePluginConfigurationErrors' as task onlyIf 'errorDiagnostics are present' is false.
[   +4 ms] Resolve mutations for :gradle:compileKotlin (Thread[included builds,5,main]) started.
[ +130 ms] :gradle:compileKotlin (Thread[included builds,5,main]) started.
[+1698 ms] > Task :gradle:compileKotlin UP-TO-DATE
[   +5 ms] Build cache key for task ':gradle:compileKotlin' is a85b5afdf49a2eee3dc5ef56008fe39f
[        ] Skipping task ':gradle:compileKotlin' as it is up-to-date.
[   +2 ms] Resolve mutations for :gradle:compileJava (Thread[included builds,5,main]) started.
[        ] :gradle:compileJava (Thread[included builds,5,main]) started.
[        ] > Task :gradle:compileJava NO-SOURCE
[   +1 ms] Skipping task ':gradle:compileJava' as it has no source files and no previous output files.
[   +1 ms] Resolve mutations for :gradle:compileGroovy (Thread[included builds,5,main]) started.
[        ] :gradle:compileGroovy (Thread[included builds,5,main]) started.
[        ] > Task :gradle:compileGroovy NO-SOURCE
[   +8 ms] Skipping task ':gradle:compileGroovy' as it has no source files and no previous output files.
[        ] Resolve mutations for :gradle:pluginDescriptors (Thread[included builds,5,main]) started.
[  +72 ms] :gradle:pluginDescriptors (Thread[included builds,5,main]) started.
[        ] > Task :gradle:pluginDescriptors UP-TO-DATE
[  +68 ms] Caching disabled for task ':gradle:pluginDescriptors' because:
[        ]   Not worth caching
[        ] Skipping task ':gradle:pluginDescriptors' as it is up-to-date.
[   +1 ms] Resolve mutations for :gradle:processResources (Thread[included builds,5,main]) started.
[  +55 ms] :gradle:processResources (Thread[Execution worker,5,main]) started.
[ +190 ms] > Task :gradle:processResources
[  +33 ms] Caching disabled for task ':gradle:processResources' because:
[        ]   Not worth caching
[  +38 ms] Task ':gradle:processResources' is not up-to-date because:
[        ]   Value of input property 'rootSpec$1.filteringCharset' has changed for task ':gradle:processResources'
[        ]   Value of input property 'rootSpec$2.filteringCharset' has changed for task ':gradle:processResources'
[        ] file or directory 'C:\Flutter\flutter\packages\flutter_tools\gradle\src\main\resources', not found
[        ] Resolve mutations for :gradle:classes (Thread[Execution worker,5,main]) started.
[        ] :gradle:classes (Thread[Execution worker,5,main]) started.
[        ] > Task :gradle:classes
[        ] Skipping task ':gradle:classes' as it has no actions.
[  +32 ms] Resolve mutations for :gradle:jar (Thread[Execution worker,5,main]) started.
[        ] :gradle:jar (Thread[Execution worker,5,main]) started.
[ +652 ms] > Task :gradle:jar
[        ] Caching disabled for task ':gradle:jar' because:
[   +1 ms]   Not worth caching
[        ] Task ':gradle:jar' is not up-to-date because:
[   +3 ms]   Value of input property 'rootSpec$1.filteringCharset' has changed for task ':gradle:jar'
[   +1 ms]   Value of input property 'rootSpec$2$1.filteringCharset' has changed for task ':gradle:jar'
[        ]   Value of input property 'rootSpec$2.filteringCharset' has changed for task ':gradle:jar'
[   +4 ms] file or directory 'C:\Flutter\flutter\packages\flutter_tools\gradle\build\classes\java\main', not found
[        ] file or directory 'C:\Flutter\flutter\packages\flutter_tools\gradle\build\classes\groovy\main', not found
[+10099 ms] Settings evaluated using settings file 'C:\Users\joaom\Documents\GitHub\Notes\universal_notes_flutter\android\settings.gradle.kts'.
[   +1 ms] Using local directory build cache for the root build (location = C:\Users\joaom\.gradle\caches\build-cache-1, remove unused entries = after 7 days).
[ +282 ms] Projects loaded. Root project using build file 'C:\Users\joaom\Documents\GitHub\Notes\universal_notes_flutter\android\build.gradle.kts'.
[   +1 ms] Included projects: [root project 'android', project ':app', project ':cloud_firestore', project ':file_picker', project ':firebase_analytics', project ':firebase_auth', project ':firebase_core', project ':firebase_crashlytics', project ':firebase_storage', project ':flutter_plugin_android_lifecycle', project ':image_picker_android', project ':integration_test', project ':local_auth_android', project ':open_file_android', project ':package_info_plus', project ':path_provider_android', project ':permission_handler_android', project ':printing', project ':shared_preferences_android', project ':sqflite_android', project ':url_launcher_android']
[+2144 ms] > Configure project :
[   +1 ms] Evaluating root project 'android' using build file 'C:\Users\joaom\Documents\GitHub\Notes\universal_notes_flutter\android\build.gradle.kts'.
[ +612 ms] Build cache key for Kotlin DSL script compilation (Project/TopLevel/stage2) is 18f8ee1bfbeefdc34fb10d241ab404f0
[+22232 ms] e: file:///C:/Users/joaom/Documents/GitHub/Notes/universal_notes_flutter/android/build.gradle.kts:35:19: Unresolved reference: compileSdk
[+1435 ms] FAILURE: Build failed with an exception.
[   +4 ms] * Where:
[   +2 ms] Build file 'C:\Users\joaom\Documents\GitHub\Notes\universal_notes_flutter\android\build.gradle.kts' line: 35
[        ] * What went wrong:
[        ] Script compilation error:
[        ]   Line 35:         extension.compileSdk = 36
[  +12 ms]                              ^ Unresolved reference: compileSdk
[ +111 ms] 1 error
[   +1 ms] * Try:
[   +3 ms] > Run with --debug option to get more log output.
[        ] > Run with --scan to get full insights.
[        ] > Get more help at https://help.gradle.org.
[        ] * Exception is:
[        ] ScriptCompilationException(scriptCompilationErrors=[ScriptCompilationError(message=Unresolved reference: compileSdk, location=C:\Users\joaom\.gradle\.tmp\gradle-kotlin-dsl-14733293618568876236.tmp\build.gradle.kts (35:19))])
[        ] 	at org.gradle.kotlin.dsl.support.KotlinCompilerKt.reportToMessageCollectorAndThrowOnErrors(KotlinCompiler.kt:277)
[  +53 ms] 	at org.gradle.kotlin.dsl.support.KotlinCompilerKt.compileKotlinScriptModuleTo(KotlinCompiler.kt:246)
[   +2 ms] 	at org.gradle.kotlin.dsl.support.KotlinCompilerKt.compileKotlinScriptToDirectory(KotlinCompiler.kt:198)
[        ] 	at org.gradle.kotlin.dsl.execution.ResidualProgramCompiler$compileScript$1.invoke(ResidualProgramCompiler.kt:713)
[        ] 	at org.gradle.kotlin.dsl.execution.ResidualProgramCompiler$compileScript$1.invoke(ResidualProgramCompiler.kt:712)
[   +1 ms] 	at org.gradle.kotlin.dsl.provider.StandardKotlinScriptEvaluator$InterpreterHost$runCompileBuildOperation$1.call(KotlinScriptEvaluator.kt:209)
[   +1 ms] 	at org.gradle.kotlin.dsl.provider.StandardKotlinScriptEvaluator$InterpreterHost$runCompileBuildOperation$1.call(KotlinScriptEvaluator.kt:206)
[   +1 ms] 	at org.gradle.internal.operations.DefaultBuildOperationRunner$CallableBuildOperationWorker.execute(DefaultBuildOperationRunner.java:210)
[   +1 ms] 	at org.gradle.internal.operations.DefaultBuildOperationRunner$CallableBuildOperationWorker.execute(DefaultBuildOperationRunner.java:205)
[   +8 ms] 	at org.gradle.internal.operations.DefaultBuildOperationRunner$2.execute(DefaultBuildOperationRunner.java:67)
[   +2 ms] 	at org.gradle.internal.operations.DefaultBuildOperationRunner$2.execute(DefaultBuildOperationRunner.java:60)
[        ] 	at org.gradle.internal.operations.DefaultBuildOperationRunner.execute(DefaultBuildOperationRunner.java:167)
[        ] 	at org.gradle.internal.operations.DefaultBuildOperationRunner.execute(DefaultBuildOperationRunner.java:60)
[        ] 	at org.gradle.internal.operations.DefaultBuildOperationRunner.call(DefaultBuildOperationRunner.java:54)
[        ] 	at org.gradle.kotlin.dsl.provider.StandardKotlinScriptEvaluator$InterpreterHost.runCompileBuildOperation(KotlinScriptEvaluator.kt:206)
[        ] 	at org.gradle.kotlin.dsl.execution.Interpreter$ProgramHost$compileSecondStageOf$cacheDir$1$1$1$1$1.invoke(Interpreter.kt:492)
[        ] 	at org.gradle.kotlin.dsl.execution.Interpreter$ProgramHost$compileSecondStageOf$cacheDir$1$1$1$1$1.invoke(Interpreter.kt:492)
[        ] 	at org.gradle.kotlin.dsl.execution.ResidualProgramCompiler.compileScript-C5AE47M(ResidualProgramCompiler.kt:712)
[        ] 	at org.gradle.kotlin.dsl.execution.ResidualProgramCompiler.compileScript-C5AE47M$default(ResidualProgramCompiler.kt:705)
[        ] 	at org.gradle.kotlin.dsl.execution.ResidualProgramCompiler.emitStage2ProgramFor(ResidualProgramCompiler.kt:364)
[        ] 	at org.gradle.kotlin.dsl.execution.Interpreter$ProgramHost$compileSecondStageOf$cacheDir$1.invoke(Interpreter.kt:493)
[   +1 ms] 	at org.gradle.kotlin.dsl.execution.Interpreter$ProgramHost$compileSecondStageOf$cacheDir$1.invoke(Interpreter.kt:469)
[        ] 	at org.gradle.kotlin.dsl.provider.StandardKotlinScriptEvaluator$KotlinScriptCompilationAndInstrumentation.compile(KotlinScriptEvaluator.kt:440)
[        ] 	at org.gradle.internal.scripts.BuildScriptCompilationAndInstrumentation.execute(BuildScriptCompilationAndInstrumentation.java:136)
[        ] 	at org.gradle.internal.execution.steps.ExecuteStep.executeInternal(ExecuteStep.java:105)
[        ] 	at org.gradle.internal.execution.steps.ExecuteStep.access$000(ExecuteStep.java:44)
[        ] 	at org.gradle.internal.execution.steps.ExecuteStep$1.call(ExecuteStep.java:59)
[        ] 	at org.gradle.internal.execution.steps.ExecuteStep$1.call(ExecuteStep.java:56)
[        ] 	at org.gradle.internal.operations.DefaultBuildOperationRunner$CallableBuildOperationWorker.execute(DefaultBuildOperationRunner.java:210)
[        ] 	at org.gradle.internal.operations.DefaultBuildOperationRunner$CallableBuildOperationWorker.execute(DefaultBuildOperationRunner.java:205)
[        ] 	at org.gradle.internal.operations.DefaultBuildOperationRunner$2.execute(DefaultBuildOperationRunner.java:67)
[        ] 	at org.gradle.internal.operations.DefaultBuildOperationRunner$2.execute(DefaultBuildOperationRunner.java:60)
[        ] 	at org.gradle.internal.operations.DefaultBuildOperationRunner.execute(DefaultBuildOperationRunner.java:167)
[        ] 	at org.gradle.internal.operations.DefaultBuildOperationRunner.execute(DefaultBuildOperationRunner.java:60)
[        ] 	at org.gradle.internal.operations.DefaultBuildOperationRunner.call(DefaultBuildOperationRunner.java:54)
[        ] 	at org.gradle.internal.execution.steps.ExecuteStep.execute(ExecuteStep.java:56)
[        ] 	at org.gradle.internal.execution.steps.ExecuteStep.execute(ExecuteStep.java:44)
[   +3 ms] 	at org.gradle.internal.execution.steps.CancelExecutionStep.execute(CancelExecutionStep.java:42)
[   +1 ms] 	at org.gradle.internal.execution.steps.TimeoutStep.executeWithoutTimeout(TimeoutStep.java:75)
[   +1 ms] 	at org.gradle.internal.execution.steps.TimeoutStep.execute(TimeoutStep.java:55)
[   +1 ms] 	at org.gradle.internal.execution.steps.PreCreateOutputParentsStep.execute(PreCreateOutputParentsStep.java:50)
[   +1 ms] 	at org.gradle.internal.execution.steps.PreCreateOutputParentsStep.execute(PreCreateOutputParentsStep.java:28)
[        ] 	at org.gradle.internal.execution.steps.BroadcastChangingOutputsStep.execute(BroadcastChangingOutputsStep.java:61)
[   +1 ms] 	at org.gradle.internal.execution.steps.BroadcastChangingOutputsStep.execute(BroadcastChangingOutputsStep.java:26)
[        ] 	at org.gradle.internal.execution.steps.NoInputChangesStep.execute(NoInputChangesStep.java:30)
[        ] 	at org.gradle.internal.execution.steps.NoInputChangesStep.execute(NoInputChangesStep.java:21)
[        ] 	at org.gradle.internal.execution.steps.CaptureOutputsAfterExecutionStep.execute(CaptureOutputsAfterExecutionStep.java:69)
[        ] 	at org.gradle.internal.execution.steps.CaptureOutputsAfterExecutionStep.execute(CaptureOutputsAfterExecutionStep.java:46)
[        ] 	at org.gradle.internal.execution.steps.BuildCacheStep.executeWithoutCache(BuildCacheStep.java:189)
[        ] 	at org.gradle.internal.execution.steps.BuildCacheStep.executeAndStoreInCache(BuildCacheStep.java:145)
[        ] 	at org.gradle.internal.execution.steps.BuildCacheStep.lambda$executeWithCache$4(BuildCacheStep.java:101)
[        ] 	at java.base/java.util.Optional.orElseGet(Optional.java:364)
[        ] 	at org.gradle.internal.execution.steps.BuildCacheStep.lambda$executeWithCache$5(BuildCacheStep.java:101)
[        ] 	at org.gradle.internal.Try$Success.map(Try.java:175)
[        ] 	at org.gradle.internal.execution.steps.BuildCacheStep.executeWithCache(BuildCacheStep.java:85)
[        ] 	at org.gradle.internal.execution.steps.BuildCacheStep.lambda$execute$0(BuildCacheStep.java:74)
[        ] 	at org.gradle.internal.Either$Left.fold(Either.java:115)
[        ] 	at org.gradle.internal.execution.caching.CachingState.fold(CachingState.java:62)
[        ] 	at org.gradle.internal.execution.steps.BuildCacheStep.execute(BuildCacheStep.java:73)
[   +1 ms] 	at org.gradle.internal.execution.steps.BuildCacheStep.execute(BuildCacheStep.java:48)
[  +32 ms] 	at org.gradle.internal.execution.steps.NeverUpToDateStep.execute(NeverUpToDateStep.java:34)
[        ] 	at org.gradle.internal.execution.steps.NeverUpToDateStep.execute(NeverUpToDateStep.java:22)
[        ] 	at org.gradle.internal.execution.steps.legacy.MarkSnapshottingInputsFinishedStep.execute(MarkSnapshottingInputsFinishedStep.java:37)
[        ] 	at org.gradle.internal.execution.steps.legacy.MarkSnapshottingInputsFinishedStep.execute(MarkSnapshottingInputsFinishedStep.java:27)
[   +5 ms] 	at org.gradle.internal.execution.steps.ResolveNonIncrementalCachingStateStep.executeDelegate(ResolveNonIncrementalCachingStateStep.java:50)
[        ] 	at org.gradle.internal.execution.steps.AbstractResolveCachingStateStep.execute(AbstractResolveCachingStateStep.java:71)
[        ] 	at org.gradle.internal.execution.steps.AbstractResolveCachingStateStep.execute(AbstractResolveCachingStateStep.java:39)
[        ] 	at org.gradle.internal.execution.steps.ValidateStep.execute(ValidateStep.java:107)
[        ] 	at org.gradle.internal.execution.steps.ValidateStep.execute(ValidateStep.java:56)
[        ] 	at org.gradle.internal.execution.steps.AbstractCaptureStateBeforeExecutionStep.execute(AbstractCaptureStateBeforeExecutionStep.java:64)
[        ] 	at org.gradle.internal.execution.steps.AbstractCaptureStateBeforeExecutionStep.execute(AbstractCaptureStateBeforeExecutionStep.java:43)
[        ] 	at org.gradle.internal.execution.steps.legacy.MarkSnapshottingInputsStartedStep.execute(MarkSnapshottingInputsStartedStep.java:38)
[        ] 	at org.gradle.internal.execution.steps.AssignImmutableWorkspaceStep.lambda$executeInTemporaryWorkspace$3(AssignImmutableWorkspaceStep.java:209)
[        ] 	at org.gradle.internal.execution.workspace.impl.CacheBasedImmutableWorkspaceProvider$1.withTemporaryWorkspace(CacheBasedImmutableWorkspaceProvider.java:116)
[        ] 	at org.gradle.internal.execution.steps.AssignImmutableWorkspaceStep.executeInTemporaryWorkspace(AssignImmutableWorkspaceStep.java:199)
[        ] 	at org.gradle.internal.execution.steps.AssignImmutableWorkspaceStep.lambda$execute$0(AssignImmutableWorkspaceStep.java:121)
[        ] 	at java.base/java.util.Optional.orElseGet(Optional.java:364)
[        ] 	at org.gradle.internal.execution.steps.AssignImmutableWorkspaceStep.execute(AssignImmutableWorkspaceStep.java:121)
[        ] 	at org.gradle.internal.execution.steps.AssignImmutableWorkspaceStep.execute(AssignImmutableWorkspaceStep.java:90)
[        ] 	at org.gradle.internal.execution.steps.ChoosePipelineStep.execute(ChoosePipelineStep.java:38)
[        ] 	at org.gradle.internal.execution.steps.ChoosePipelineStep.execute(ChoosePipelineStep.java:23)
[        ] 	at org.gradle.internal.execution.steps.ExecuteWorkBuildOperationFiringStep.lambda$execute$2(ExecuteWorkBuildOperationFiringStep.java:67)
[        ] 	at java.base/java.util.Optional.orElseGet(Optional.java:364)
[        ] 	at org.gradle.internal.execution.steps.ExecuteWorkBuildOperationFiringStep.execute(ExecuteWorkBuildOperationFiringStep.java:67)
[  +21 ms] 	at org.gradle.internal.execution.steps.ExecuteWorkBuildOperationFiringStep.execute(ExecuteWorkBuildOperationFiringStep.java:39)
[        ] 	at org.gradle.internal.execution.steps.IdentityCacheStep.execute(IdentityCacheStep.java:46)
[        ] 	at org.gradle.internal.execution.steps.IdentityCacheStep.execute(IdentityCacheStep.java:34)
[        ] 	at org.gradle.internal.execution.steps.IdentifyStep.execute(IdentifyStep.java:48)
[        ] 	at org.gradle.internal.execution.steps.IdentifyStep.execute(IdentifyStep.java:35)
[        ] 	at org.gradle.internal.execution.impl.DefaultExecutionEngine$1.execute(DefaultExecutionEngine.java:61)
[        ] 	at org.gradle.kotlin.dsl.provider.StandardKotlinScriptEvaluator$InterpreterHost.cachedDirFor(KotlinScriptEvaluator.kt:304)
[   +1 ms] 	at org.gradle.kotlin.dsl.execution.Interpreter$ProgramHost.compileSecondStageOf(Interpreter.kt:469)
[        ] 	at Program.loadSecondStageFor(Unknown Source)
[        ] 	at org.gradle.kotlin.dsl.execution.Interpreter$ProgramHost.evaluateSecondStageOf(Interpreter.kt:433)
[   +1 ms] 	at Program.execute(Unknown Source)
[        ] 	at org.gradle.kotlin.dsl.execution.Interpreter$ProgramHost.eval(Interpreter.kt:516)
[        ] 	at org.gradle.kotlin.dsl.execution.Interpreter.eval(Interpreter.kt:214)
[        ] 	at org.gradle.kotlin.dsl.provider.StandardKotlinScriptEvaluator.evaluate(KotlinScriptEvaluator.kt:133)
[   +1 ms] 	at org.gradle.kotlin.dsl.provider.KotlinScriptPluginFactory$create$1.invoke(KotlinScriptPluginFactory.kt:61)
[        ] 	at org.gradle.kotlin.dsl.provider.KotlinScriptPluginFactory$create$1.invoke(KotlinScriptPluginFactory.kt:52)
[        ] 	at org.gradle.kotlin.dsl.provider.KotlinScriptPlugin.apply(KotlinScriptPlugin.kt:35)
[        ] 	at org.gradle.configuration.BuildOperationScriptPlugin$1.run(BuildOperationScriptPlugin.java:68)
[        ] 	at org.gradle.internal.operations.DefaultBuildOperationRunner$1.execute(DefaultBuildOperationRunner.java:30)
[        ] 	at org.gradle.internal.operations.DefaultBuildOperationRunner$1.execute(DefaultBuildOperationRunner.java:27)
[        ] 	at org.gradle.internal.operations.DefaultBuildOperationRunner$2.execute(DefaultBuildOperationRunner.java:67)
[        ] 	at org.gradle.internal.operations.DefaultBuildOperationRunner$2.execute(DefaultBuildOperationRunner.java:60)
[        ] 	at org.gradle.internal.operations.DefaultBuildOperationRunner.execute(DefaultBuildOperationRunner.java:167)
[        ] 	at org.gradle.internal.operations.DefaultBuildOperationRunner.execute(DefaultBuildOperationRunner.java:60)
[        ] 	at org.gradle.internal.operations.DefaultBuildOperationRunner.run(DefaultBuildOperationRunner.java:48)
[        ] 	at org.gradle.configuration.BuildOperationScriptPlugin.lambda$apply$0(BuildOperationScriptPlugin.java:65)
[        ] 	at org.gradle.internal.code.DefaultUserCodeApplicationContext.apply(DefaultUserCodeApplicationContext.java:44)
[        ] 	at org.gradle.configuration.BuildOperationScriptPlugin.apply(BuildOperationScriptPlugin.java:65)
[        ] 	at org.gradle.api.internal.project.DefaultProjectStateRegistry$ProjectStateImpl.lambda$applyToMutableState$1(DefaultProjectStateRegistry.java:435)
[        ] 	at org.gradle.api.internal.project.DefaultProjectStateRegistry$ProjectStateImpl.fromMutableState(DefaultProjectStateRegistry.java:453)
[        ] 	at org.gradle.api.internal.project.DefaultProjectStateRegistry$ProjectStateImpl.applyToMutableState(DefaultProjectStateRegistry.java:434)
[        ] 	at org.gradle.configuration.project.BuildScriptProcessor.execute(BuildScriptProcessor.java:46)
[        ] 	at org.gradle.configuration.project.BuildScriptProcessor.execute(BuildScriptProcessor.java:27)
[        ] 	at org.gradle.configuration.project.ConfigureActionsProjectEvaluator.evaluate(ConfigureActionsProjectEvaluator.java:35)
[        ] 	at org.gradle.configuration.project.LifecycleProjectEvaluator$EvaluateProject.lambda$run$0(LifecycleProjectEvaluator.java:109)
[        ] 	at org.gradle.api.internal.project.DefaultProjectStateRegistry$ProjectStateImpl.lambda$applyToMutableState$1(DefaultProjectStateRegistry.java:435)
[        ] 	at org.gradle.api.internal.project.DefaultProjectStateRegistry$ProjectStateImpl.fromMutableState(DefaultProjectStateRegistry.java:453)
[        ] 	at org.gradle.api.internal.project.DefaultProjectStateRegistry$ProjectStateImpl.applyToMutableState(DefaultProjectStateRegistry.java:434)
[   +1 ms] 	at org.gradle.configuration.project.LifecycleProjectEvaluator$EvaluateProject.run(LifecycleProjectEvaluator.java:100)
[   +1 ms] 	at org.gradle.internal.operations.DefaultBuildOperationRunner$1.execute(DefaultBuildOperationRunner.java:30)
[   +1 ms] 	at org.gradle.internal.operations.DefaultBuildOperationRunner$1.execute(DefaultBuildOperationRunner.java:27)
[        ] 	at org.gradle.internal.operations.DefaultBuildOperationRunner$2.execute(DefaultBuildOperationRunner.java:67)
[        ] 	at org.gradle.internal.operations.DefaultBuildOperationRunner$2.execute(DefaultBuildOperationRunner.java:60)
[        ] 	at org.gradle.internal.operations.DefaultBuildOperationRunner.execute(DefaultBuildOperationRunner.java:167)
[        ] 	at org.gradle.internal.operations.DefaultBuildOperationRunner.execute(DefaultBuildOperationRunner.java:60)
[        ] 	at org.gradle.internal.operations.DefaultBuildOperationRunner.run(DefaultBuildOperationRunner.java:48)
[        ] 	at org.gradle.configuration.project.LifecycleProjectEvaluator.evaluate(LifecycleProjectEvaluator.java:72)
[        ] 	at org.gradle.api.internal.project.DefaultProject.evaluateUnchecked(DefaultProject.java:828)
[        ] 	at org.gradle.api.internal.project.ProjectLifecycleController.lambda$ensureSelfConfigured$2(ProjectLifecycleController.java:89)
[        ] 	at org.gradle.internal.model.StateTransitionController.lambda$doTransition$14(StateTransitionController.java:255)
[        ] 	at org.gradle.internal.model.StateTransitionController.doTransition(StateTransitionController.java:266)
[        ] 	at org.gradle.internal.model.StateTransitionController.doTransition(StateTransitionController.java:254)
[        ] 	at org.gradle.internal.model.StateTransitionController.lambda$maybeTransitionIfNotCurrentlyTransitioning$10(StateTransitionController.java:199)
[        ] 	at org.gradle.internal.work.DefaultSynchronizer.withLock(DefaultSynchronizer.java:36)
[        ] 	at org.gradle.internal.model.StateTransitionController.maybeTransitionIfNotCurrentlyTransitioning(StateTransitionController.java:195)
[   +1 ms] 	at org.gradle.api.internal.project.ProjectLifecycleController.ensureSelfConfigured(ProjectLifecycleController.java:89)
[        ] 	at org.gradle.api.internal.project.DefaultProjectStateRegistry$ProjectStateImpl.ensureConfigured(DefaultProjectStateRegistry.java:400)
[        ] 	at org.gradle.execution.TaskPathProjectEvaluator.configure(TaskPathProjectEvaluator.java:70)
[        ] 	at org.gradle.execution.TaskPathProjectEvaluator.configureHierarchy(TaskPathProjectEvaluator.java:84)
[        ] 	at org.gradle.execution.DefaultTaskSelector.getSelection(DefaultTaskSelector.java:75)
[        ] 	at org.gradle.execution.selection.DefaultBuildTaskSelector.resolveTaskName(DefaultBuildTaskSelector.java:109)
[        ] 	at org.gradle.execution.commandline.CommandLineTaskParser.parseTasks(CommandLineTaskParser.java:49)
[        ] 	at org.gradle.execution.TaskNameResolvingBuildTaskScheduler.scheduleRequestedTasks(TaskNameResolvingBuildTaskScheduler.java:58)
[        ] 	at org.gradle.execution.DefaultTasksBuildTaskScheduler.scheduleRequestedTasks(DefaultTasksBuildTaskScheduler.java:72)
[        ] 	at org.gradle.initialization.DefaultTaskExecutionPreparer.lambda$scheduleRequestedTasks$0(DefaultTaskExecutionPreparer.java:48)
[        ] 	at org.gradle.internal.Factories$1.create(Factories.java:31)
[        ] 	at org.gradle.internal.work.DefaultWorkerLeaseService.withReplacedLocks(DefaultWorkerLeaseService.java:359)
[        ] 	at org.gradle.api.internal.project.DefaultProjectStateRegistry$DefaultBuildProjectRegistry.withMutableStateOfAllProjects(DefaultProjectStateRegistry.java:239)
[        ] 	at org.gradle.api.internal.project.DefaultProjectStateRegistry$DefaultBuildProjectRegistry.withMutableStateOfAllProjects(DefaultProjectStateRegistry.java:232)
[   +3 ms] 	at org.gradle.initialization.DefaultTaskExecutionPreparer.scheduleRequestedTasks(DefaultTaskExecutionPreparer.java:47)
[        ] 	at org.gradle.initialization.VintageBuildModelController.lambda$scheduleRequestedTasks$0(VintageBuildModelController.java:76)
[        ] 	at org.gradle.internal.model.StateTransitionController.lambda$inState$1(StateTransitionController.java:99)
[        ] 	at org.gradle.internal.model.StateTransitionController.lambda$inState$2(StateTransitionController.java:114)
[        ] 	at org.gradle.internal.work.DefaultSynchronizer.withLock(DefaultSynchronizer.java:46)
[        ] 	at org.gradle.internal.model.StateTransitionController.inState(StateTransitionController.java:110)
[        ] 	at org.gradle.internal.model.StateTransitionController.inState(StateTransitionController.java:98)
[        ] 	at org.gradle.initialization.VintageBuildModelController.scheduleRequestedTasks(VintageBuildModelController.java:76)
[        ] 	at org.gradle.internal.build.DefaultBuildLifecycleController$DefaultWorkGraphBuilder.addRequestedTasks(DefaultBuildLifecycleController.java:404)
[        ] 	at org.gradle.internal.buildtree.DefaultBuildTreeWorkPreparer.lambda$scheduleRequestedTasks$0(DefaultBuildTreeWorkPreparer.java:41)
[        ] 	at org.gradle.internal.build.DefaultBuildLifecycleController.lambda$populateWorkGraph$7(DefaultBuildLifecycleController.java:189)
[        ] 	at org.gradle.internal.build.DefaultBuildWorkPreparer.populateWorkGraph(DefaultBuildWorkPreparer.java:42)
[        ] 	at org.gradle.internal.build.BuildOperationFiringBuildWorkPreparer$PopulateWorkGraph.populateTaskGraph(BuildOperationFiringBuildWorkPreparer.java:106)
[        ] 	at org.gradle.internal.build.BuildOperationFiringBuildWorkPreparer$PopulateWorkGraph.run(BuildOperationFiringBuildWorkPreparer.java:92)
[        ] 	at org.gradle.internal.operations.DefaultBuildOperationRunner$1.execute(DefaultBuildOperationRunner.java:30)
[        ] 	at org.gradle.internal.operations.DefaultBuildOperationRunner$1.execute(DefaultBuildOperationRunner.java:27)
[        ] 	at org.gradle.internal.operations.DefaultBuildOperationRunner$2.execute(DefaultBuildOperationRunner.java:67)
[        ] 	at org.gradle.internal.operations.DefaultBuildOperationRunner$2.execute(DefaultBuildOperationRunner.java:60)
[        ] 	at org.gradle.internal.operations.DefaultBuildOperationRunner.execute(DefaultBuildOperationRunner.java:167)
[        ] 	at org.gradle.internal.operations.DefaultBuildOperationRunner.execute(DefaultBuildOperationRunner.java:60)
[        ] 	at org.gradle.internal.operations.DefaultBuildOperationRunner.run(DefaultBuildOperationRunner.java:48)
[        ] 	at org.gradle.internal.build.BuildOperationFiringBuildWorkPreparer.populateWorkGraph(BuildOperationFiringBuildWorkPreparer.java:67)
[   +1 ms] 	at org.gradle.internal.build.DefaultBuildLifecycleController.lambda$populateWorkGraph$8(DefaultBuildLifecycleController.java:189)
[        ] 	at org.gradle.internal.model.StateTransitionController.lambda$inState$1(StateTransitionController.java:99)
[   +1 ms] 	at org.gradle.internal.model.StateTransitionController.lambda$inState$2(StateTransitionController.java:114)
[        ] 	at org.gradle.internal.work.DefaultSynchronizer.withLock(DefaultSynchronizer.java:46)
[        ] 	at org.gradle.internal.model.StateTransitionController.inState(StateTransitionController.java:110)
[        ] 	at org.gradle.internal.model.StateTransitionController.inState(StateTransitionController.java:98)
[        ] 	at org.gradle.internal.build.DefaultBuildLifecycleController.populateWorkGraph(DefaultBuildLifecycleController.java:189)
[        ] 	at org.gradle.internal.build.DefaultBuildWorkGraphController$DefaultBuildWorkGraph.populateWorkGraph(DefaultBuildWorkGraphController.java:169)
[        ] 	at org.gradle.composite.internal.DefaultBuildController.populateWorkGraph(DefaultBuildController.java:76)
[   +1 ms] 	at org.gradle.composite.internal.DefaultIncludedBuildTaskGraph$DefaultBuildTreeWorkGraphBuilder.withWorkGraph(DefaultIncludedBuildTaskGraph.java:153)
[   +1 ms] 	at org.gradle.internal.buildtree.DefaultBuildTreeWorkPreparer.lambda$scheduleRequestedTasks$1(DefaultBuildTreeWorkPreparer.java:41)
[        ] 	at org.gradle.composite.internal.DefaultIncludedBuildTaskGraph$DefaultBuildTreeWorkGraph$1.run(DefaultIncludedBuildTaskGraph.java:209)
[        ] 	at org.gradle.internal.operations.DefaultBuildOperationRunner$1.execute(DefaultBuildOperationRunner.java:30)
[        ] 	at org.gradle.internal.operations.DefaultBuildOperationRunner$1.execute(DefaultBuildOperationRunner.java:27)
[        ] 	at org.gradle.internal.operations.DefaultBuildOperationRunner$2.execute(DefaultBuildOperationRunner.java:67)
[        ] 	at org.gradle.internal.operations.DefaultBuildOperationRunner$2.execute(DefaultBuildOperationRunner.java:60)
[        ] 	at org.gradle.internal.operations.DefaultBuildOperationRunner.execute(DefaultBuildOperationRunner.java:167)
[        ] 	at org.gradle.internal.operations.DefaultBuildOperationRunner.execute(DefaultBuildOperationRunner.java:60)
[   +1 ms] 	at org.gradle.internal.operations.DefaultBuildOperationRunner.run(DefaultBuildOperationRunner.java:48)
[        ] 	at org.gradle.composite.internal.DefaultIncludedBuildTaskGraph$DefaultBuildTreeWorkGraph.scheduleWork(DefaultIncludedBuildTaskGraph.java:204)
[        ] 	at org.gradle.internal.buildtree.DefaultBuildTreeWorkPreparer.scheduleRequestedTasks(DefaultBuildTreeWorkPreparer.java:37)
[        ] 	at org.gradle.internal.cc.impl.VintageBuildTreeWorkController$scheduleAndRunRequestedTasks$1.apply(VintageBuildTreeWorkController.kt:36)
[        ] 	at org.gradle.internal.cc.impl.VintageBuildTreeWorkController$scheduleAndRunRequestedTasks$1.apply(VintageBuildTreeWorkController.kt:35)
[        ] 	at org.gradle.composite.internal.DefaultIncludedBuildTaskGraph.withNewWorkGraph(DefaultIncludedBuildTaskGraph.java:112)
[        ] 	at org.gradle.internal.cc.impl.VintageBuildTreeWorkController.scheduleAndRunRequestedTasks(VintageBuildTreeWorkController.kt:35)
[        ] 	at org.gradle.internal.buildtree.DefaultBuildTreeLifecycleController.lambda$scheduleAndRunTasks$1(DefaultBuildTreeLifecycleController.java:77)
[        ] 	at org.gradle.internal.buildtree.DefaultBuildTreeLifecycleController.lambda$runBuild$4(DefaultBuildTreeLifecycleController.java:120)
[        ] 	at org.gradle.internal.model.StateTransitionController.lambda$transition$6(StateTransitionController.java:169)
[        ] 	at org.gradle.internal.model.StateTransitionController.doTransition(StateTransitionController.java:266)
[        ] 	at org.gradle.internal.model.StateTransitionController.lambda$transition$7(StateTransitionController.java:169)
[        ] 	at org.gradle.internal.work.DefaultSynchronizer.withLock(DefaultSynchronizer.java:46)
[        ] 	at org.gradle.internal.model.StateTransitionController.transition(StateTransitionController.java:169)
[        ] 	at org.gradle.internal.buildtree.DefaultBuildTreeLifecycleController.runBuild(DefaultBuildTreeLifecycleController.java:117)
[        ] 	at org.gradle.internal.buildtree.DefaultBuildTreeLifecycleController.scheduleAndRunTasks(DefaultBuildTreeLifecycleController.java:77)
[        ] 	at org.gradle.internal.buildtree.DefaultBuildTreeLifecycleController.scheduleAndRunTasks(DefaultBuildTreeLifecycleController.java:72)
[   +1 ms] 	at org.gradle.tooling.internal.provider.ExecuteBuildActionRunner.run(ExecuteBuildActionRunner.java:31)
[        ] 	at org.gradle.launcher.exec.ChainingBuildActionRunner.run(ChainingBuildActionRunner.java:35)
[        ] 	at org.gradle.internal.buildtree.ProblemReportingBuildActionRunner.run(ProblemReportingBuildActionRunner.java:49)
[        ] 	at org.gradle.launcher.exec.BuildOutcomeReportingBuildActionRunner.run(BuildOutcomeReportingBuildActionRunner.java:71)
[        ] 	at org.gradle.tooling.internal.provider.FileSystemWatchingBuildActionRunner.run(FileSystemWatchingBuildActionRunner.java:135)
[        ] 	at org.gradle.launcher.exec.BuildCompletionNotifyingBuildActionRunner.run(BuildCompletionNotifyingBuildActionRunner.java:41)
[   +1 ms] 	at org.gradle.launcher.exec.RootBuildLifecycleBuildActionExecutor.lambda$execute$0(RootBuildLifecycleBuildActionExecutor.java:54)
[ +100 ms] 	at org.gradle.composite.internal.DefaultRootBuildState.run(DefaultRootBuildState.java:130)
[        ] 	at org.gradle.launcher.exec.RootBuildLifecycleBuildActionExecutor.execute(RootBuildLifecycleBuildActionExecutor.java:54)
[  +36 ms] 	at org.gradle.internal.buildtree.InitDeprecationLoggingActionExecutor.execute(InitDeprecationLoggingActionExecutor.java:62)
[        ] 	at org.gradle.internal.buildtree.InitProblems.execute(InitProblems.java:36)
[        ] 	at org.gradle.internal.buildtree.DefaultBuildTreeContext.execute(DefaultBuildTreeContext.java:40)
[        ] 	at org.gradle.launcher.exec.BuildTreeLifecycleBuildActionExecutor.lambda$execute$0(BuildTreeLifecycleBuildActionExecutor.java:71)
[        ] 	at org.gradle.internal.buildtree.BuildTreeState.run(BuildTreeState.java:60)
[        ] 	at org.gradle.launcher.exec.BuildTreeLifecycleBuildActionExecutor.execute(BuildTreeLifecycleBuildActionExecutor.java:71)
[        ] 	at org.gradle.launcher.exec.RunAsBuildOperationBuildActionExecutor$2.call(RunAsBuildOperationBuildActionExecutor.java:67)
[        ] 	at org.gradle.launcher.exec.RunAsBuildOperationBuildActionExecutor$2.call(RunAsBuildOperationBuildActionExecutor.java:63)
[        ] 	at org.gradle.internal.operations.DefaultBuildOperationRunner$CallableBuildOperationWorker.execute(DefaultBuildOperationRunner.java:210)
[   +2 ms] 	at org.gradle.internal.operations.DefaultBuildOperationRunner$CallableBuildOperationWorker.execute(DefaultBuildOperationRunner.java:205)
[        ] 	at org.gradle.internal.operations.DefaultBuildOperationRunner$2.execute(DefaultBuildOperationRunner.java:67)
[  +32 ms] 	at org.gradle.internal.operations.DefaultBuildOperationRunner$2.execute(DefaultBuildOperationRunner.java:60)
[        ] 	at org.gradle.internal.operations.DefaultBuildOperationRunner.execute(DefaultBuildOperationRunner.java:167)
[        ] 	at org.gradle.internal.operations.DefaultBuildOperationRunner.execute(DefaultBuildOperationRunner.java:60)
[        ] 	at org.gradle.internal.operations.DefaultBuildOperationRunner.call(DefaultBuildOperationRunner.java:54)
[        ] 	at org.gradle.launcher.exec.RunAsBuildOperationBuildActionExecutor.execute(RunAsBuildOperationBuildActionExecutor.java:63)
[   +5 ms] 	at org.gradle.launcher.exec.RunAsWorkerThreadBuildActionExecutor.lambda$execute$0(RunAsWorkerThreadBuildActionExecutor.java:36)
[        ] 	at org.gradle.internal.work.DefaultWorkerLeaseService.withLocks(DefaultWorkerLeaseService.java:263)
[        ] 	at org.gradle.internal.work.DefaultWorkerLeaseService.runAsWorkerThread(DefaultWorkerLeaseService.java:127)
[        ] 	at org.gradle.launcher.exec.RunAsWorkerThreadBuildActionExecutor.execute(RunAsWorkerThreadBuildActionExecutor.java:36)
[        ] 	at org.gradle.tooling.internal.provider.continuous.ContinuousBuildActionExecutor.execute(ContinuousBuildActionExecutor.java:110)
[        ] 	at org.gradle.tooling.internal.provider.SubscribableBuildActionExecutor.execute(SubscribableBuildActionExecutor.java:64)
[        ] 	at org.gradle.internal.session.DefaultBuildSessionContext.execute(DefaultBuildSessionContext.java:46)
[        ] 	at org.gradle.internal.buildprocess.execution.BuildSessionLifecycleBuildActionExecutor$ActionImpl.apply(BuildSessionLifecycleBuildActionExecutor.java:92)
[        ] 	at org.gradle.internal.buildprocess.execution.BuildSessionLifecycleBuildActionExecutor$ActionImpl.apply(BuildSessionLifecycleBuildActionExecutor.java:80)
[        ] 	at org.gradle.internal.session.BuildSessionState.run(BuildSessionState.java:73)
[        ] 	at org.gradle.internal.buildprocess.execution.BuildSessionLifecycleBuildActionExecutor.execute(BuildSessionLifecycleBuildActionExecutor.java:62)
[  +14 ms] 	at org.gradle.internal.buildprocess.execution.BuildSessionLifecycleBuildActionExecutor.execute(BuildSessionLifecycleBuildActionExecutor.java:41)
[        ] 	at org.gradle.internal.buildprocess.execution.StartParamsValidatingActionExecutor.execute(StartParamsValidatingActionExecutor.java:64)
[        ] 	at org.gradle.internal.buildprocess.execution.StartParamsValidatingActionExecutor.execute(StartParamsValidatingActionExecutor.java:32)
[        ] 	at org.gradle.internal.buildprocess.execution.SessionFailureReportingActionExecutor.execute(SessionFailureReportingActionExecutor.java:51)
[        ] 	at org.gradle.internal.buildprocess.execution.SessionFailureReportingActionExecutor.execute(SessionFailureReportingActionExecutor.java:39)
[        ] 	at org.gradle.internal.buildprocess.execution.SetupLoggingActionExecutor.execute(SetupLoggingActionExecutor.java:47)
[        ] 	at org.gradle.internal.buildprocess.execution.SetupLoggingActionExecutor.execute(SetupLoggingActionExecutor.java:31)
[        ] 	at org.gradle.launcher.daemon.server.exec.ExecuteBuild.doBuild(ExecuteBuild.java:70)
[        ] 	at org.gradle.launcher.daemon.server.exec.BuildCommandOnly.execute(BuildCommandOnly.java:37)
[  +18 ms] 	at org.gradle.launcher.daemon.server.api.DaemonCommandExecution.proceed(DaemonCommandExecution.java:104)
[        ] 	at org.gradle.launcher.daemon.server.exec.WatchForDisconnection.execute(WatchForDisconnection.java:39)
[        ] 	at org.gradle.launcher.daemon.server.api.DaemonCommandExecution.proceed(DaemonCommandExecution.java:104)
[        ] 	at org.gradle.launcher.daemon.server.exec.ResetDeprecationLogger.execute(ResetDeprecationLogger.java:29)
[        ] 	at org.gradle.launcher.daemon.server.api.DaemonCommandExecution.proceed(DaemonCommandExecution.java:104)
[        ] 	at org.gradle.launcher.daemon.server.exec.RequestStopIfSingleUsedDaemon.execute(RequestStopIfSingleUsedDaemon.java:35)
[        ] 	at org.gradle.launcher.daemon.server.api.DaemonCommandExecution.proceed(DaemonCommandExecution.java:104)
[        ] 	at org.gradle.launcher.daemon.server.exec.ForwardClientInput.lambda$execute$0(ForwardClientInput.java:40)
[        ] 	at org.gradle.internal.daemon.clientinput.ClientInputForwarder.forwardInput(ClientInputForwarder.java:80)
[        ] 	at org.gradle.launcher.daemon.server.exec.ForwardClientInput.execute(ForwardClientInput.java:37)
[  +16 ms] 	at org.gradle.launcher.daemon.server.api.DaemonCommandExecution.proceed(DaemonCommandExecution.java:104)
[        ] 	at org.gradle.launcher.daemon.server.exec.LogAndCheckHealth.execute(LogAndCheckHealth.java:53)
[        ] 	at org.gradle.launcher.daemon.server.api.DaemonCommandExecution.proceed(DaemonCommandExecution.java:104)
[   +4 ms] 	at org.gradle.launcher.daemon.server.exec.LogToClient.doBuild(LogToClient.java:63)
[        ] 	at org.gradle.launcher.daemon.server.exec.BuildCommandOnly.execute(BuildCommandOnly.java:37)
[        ] 	at org.gradle.launcher.daemon.server.api.DaemonCommandExecution.proceed(DaemonCommandExecution.java:104)
[        ] 	at org.gradle.launcher.daemon.server.exec.EstablishBuildEnvironment.doBuild(EstablishBuildEnvironment.java:84)
[        ] 	at org.gradle.launcher.daemon.server.exec.BuildCommandOnly.execute(BuildCommandOnly.java:37)
[        ] 	at org.gradle.launcher.daemon.server.api.DaemonCommandExecution.proceed(DaemonCommandExecution.java:104)
[        ] 	at org.gradle.launcher.daemon.server.exec.StartBuildOrRespondWithBusy$1.run(StartBuildOrRespondWithBusy.java:52)
[  +26 ms] 	at org.gradle.launcher.daemon.server.DaemonStateCoordinator.lambda$runCommand$0(DaemonStateCoordinator.java:321)
[   +4 ms] 	at org.gradle.internal.concurrent.ExecutorPolicy$CatchAndRecordFailures.onExecute(ExecutorPolicy.java:64)
[        ] 	at org.gradle.internal.concurrent.AbstractManagedExecutor$1.run(AbstractManagedExecutor.java:48)
[        ] 	at java.base/java.util.concurrent.ThreadPoolExecutor.runWorker(ThreadPoolExecutor.java:1136)
[        ] 	at java.base/java.util.concurrent.ThreadPoolExecutor$Worker.run(ThreadPoolExecutor.java:635)
[        ] 	at java.base/java.lang.Thread.run(Thread.java:840)
[   +5 ms] BUILD FAILED in 1m 52s
[        ] 4 actionable tasks: 2 executed, 2 up-to-date
[        ] Watched directory hierarchies: [C:\Flutter\flutter\packages\flutter_tools\gradle]
[ +390 ms] Running Gradle task 'assembleDebug'... (completed in 116,1s)
[ +183 ms] "flutter apk" took 128.508ms.
[ +348 ms] Gradle task assembleDebug failed with exit code 1
[   +3 ms] 
           #0      throwToolExit (package:flutter_tools/src/base/common.dart:34:3)
           #1      AndroidGradleBuilder.buildGradleApp (package:flutter_tools/src/android/gradle.dart:592:7)
           <asynchronous suspension>
           #2      AndroidGradleBuilder.buildApk (package:flutter_tools/src/android/gradle.dart:234:5)
           <asynchronous suspension>
           #3      BuildApkCommand.runCommand (package:flutter_tools/src/commands/build_apk.dart:131:5)
           <asynchronous suspension>
           #4      FlutterCommand.run.<anonymous closure> (package:flutter_tools/src/runner/flutter_command.dart:1559:27)
           <asynchronous suspension>
           #5      AppContext.run.<anonymous closure> (package:flutter_tools/src/base/context.dart:154:19)
           <asynchronous suspension>
           #6      CommandRunner.runCommand (package:args/command_runner.dart:212:13)
           <asynchronous suspension>
           #7      FlutterCommandRunner.runCommand.<anonymous closure> (package:flutter_tools/src/runner/flutter_command_runner.dart:487:9)
           <asynchronous suspension>
           #8      AppContext.run.<anonymous closure> (package:flutter_tools/src/base/context.dart:154:19)
           <asynchronous suspension>
           #9      FlutterCommandRunner.runCommand (package:flutter_tools/src/runner/flutter_command_runner.dart:422:5)
           <asynchronous suspension>
           #10     run.<anonymous closure>.<anonymous closure> (package:flutter_tools/runner.dart:104:11)
           <asynchronous suspension>
           #11     AppContext.run.<anonymous closure> (package:flutter_tools/src/base/context.dart:154:19)
           <asynchronous suspension>
           #12     main (package:flutter_tools/executable.dart:103:3)
           <asynchronous suspension>


[        ] Running 1 shutdown hook
[   +7 ms] Shutdown hooks complete
[ +194 ms] exiting with code 1
