[ +252 ms] Artifact Instance of 'MaterialFonts' is not required, skipping update.
[   +1 ms] Artifact Instance of 'GradleWrapper' is not required, skipping update.
[        ] Artifact Instance of 'AndroidGenSnapshotArtifacts' is not required, skipping update.
[        ] Artifact Instance of 'AndroidInternalBuildArtifacts' is not required, skipping update.
[        ] Artifact Instance of 'IOSEngineArtifacts' is not required, skipping update.
[        ] Artifact Instance of 'FlutterWebSdk' is not required, skipping update.
[   +2 ms] Artifact Instance of 'LegacyCanvasKitRemover' is not required, skipping update.
[        ] Artifact Instance of 'FlutterSdk' is not required, skipping update.
[        ] Artifact Instance of 'WindowsEngineArtifacts' is not required, skipping update.
[        ] Artifact Instance of 'MacOSEngineArtifacts' is not required, skipping update.
[        ] Artifact Instance of 'LinuxEngineArtifacts' is not required, skipping update.
[        ] Artifact Instance of 'LinuxFuchsiaSDKArtifacts' is not required, skipping update.
[        ] Artifact Instance of 'MacOSFuchsiaSDKArtifacts' is not required, skipping update.
[        ] Artifact Instance of 'FlutterRunnerSDKArtifacts' is not required, skipping update.
[        ] Artifact Instance of 'FlutterRunnerDebugSymbols' is not required, skipping update.
[        ] Artifact Instance of 'IosUsbArtifacts' is not required, skipping update.
[        ] Artifact Instance of 'IosUsbArtifacts' is not required, skipping update.
[        ] Artifact Instance of 'IosUsbArtifacts' is not required, skipping update.
[        ] Artifact Instance of 'IosUsbArtifacts' is not required, skipping update.
[        ] Artifact Instance of 'IosUsbArtifacts' is not required, skipping update.
[        ] Artifact Instance of 'IosUsbArtifacts' is not required, skipping update.
[        ] Artifact Instance of 'FontSubsetArtifacts' is not required, skipping update.
[        ] Artifact Instance of 'PubDependencies' is not required, skipping update.
[   +2 ms] executing: [C:\Flutter\flutter/] git -c log.showSignature=false log HEAD -n 1 --pretty=format:%ad --date=iso
[ +118 ms] Exit code 0 from: git -c log.showSignature=false log HEAD -n 1 --pretty=format:%ad --date=iso
[        ] 2025-12-03 14:56:10 -0800
[  +22 ms] Artifact Instance of 'AndroidGenSnapshotArtifacts' is not required, skipping update.
[        ] Artifact Instance of 'AndroidInternalBuildArtifacts' is not required, skipping update.
[        ] Artifact Instance of 'IOSEngineArtifacts' is not required, skipping update.
[        ] Artifact Instance of 'FlutterWebSdk' is not required, skipping update.
[        ] Artifact Instance of 'FlutterEngineStamp' is not required, skipping update.
[        ] Artifact Instance of 'LegacyCanvasKitRemover' is not required, skipping update.
[   +6 ms] Artifact Instance of 'WindowsEngineArtifacts' is not required, skipping update.
[        ] Artifact Instance of 'MacOSEngineArtifacts' is not required, skipping update.
[        ] Artifact Instance of 'LinuxEngineArtifacts' is not required, skipping update.
[        ] Artifact Instance of 'LinuxFuchsiaSDKArtifacts' is not required, skipping update.
[        ] Artifact Instance of 'MacOSFuchsiaSDKArtifacts' is not required, skipping update.
[        ] Artifact Instance of 'FlutterRunnerSDKArtifacts' is not required, skipping update.
[        ] Artifact Instance of 'FlutterRunnerDebugSymbols' is not required, skipping update.
[ +111 ms] Artifact Instance of 'MaterialFonts' is not required, skipping update.
[        ] Artifact Instance of 'GradleWrapper' is not required, skipping update.
[   +4 ms] Artifact Instance of 'AndroidInternalBuildArtifacts' is not required, skipping update.
[        ] Artifact Instance of 'IOSEngineArtifacts' is not required, skipping update.
[        ] Artifact Instance of 'FlutterWebSdk' is not required, skipping update.
[        ] Artifact Instance of 'FlutterEngineStamp' is not required, skipping update.
[        ] Artifact Instance of 'LegacyCanvasKitRemover' is not required, skipping update.
[        ] Artifact Instance of 'FlutterSdk' is not required, skipping update.
[        ] Artifact Instance of 'WindowsEngineArtifacts' is not required, skipping update.
[        ] Artifact Instance of 'MacOSEngineArtifacts' is not required, skipping update.
[        ] Artifact Instance of 'LinuxEngineArtifacts' is not required, skipping update.
[        ] Artifact Instance of 'LinuxFuchsiaSDKArtifacts' is not required, skipping update.
[        ] Artifact Instance of 'MacOSFuchsiaSDKArtifacts' is not required, skipping update.
[        ] Artifact Instance of 'FlutterRunnerSDKArtifacts' is not required, skipping update.
[        ] Artifact Instance of 'FlutterRunnerDebugSymbols' is not required, skipping update.
[        ] Artifact Instance of 'IosUsbArtifacts' is not required, skipping update.
[        ] Artifact Instance of 'IosUsbArtifacts' is not required, skipping update.
[        ] Artifact Instance of 'IosUsbArtifacts' is not required, skipping update.
[        ] Artifact Instance of 'IosUsbArtifacts' is not required, skipping update.
[        ] Artifact Instance of 'IosUsbArtifacts' is not required, skipping update.
[        ] Artifact Instance of 'IosUsbArtifacts' is not required, skipping update.
[        ] Artifact Instance of 'FontSubsetArtifacts' is not required, skipping update.
[        ] Artifact Instance of 'PubDependencies' is not required, skipping update.
[ +105 ms] Skipping pub get: version match.
[ +241 ms] Found plugin integration_test at C:\Flutter\flutter\packages\integration_test\
[  +66 ms] Found plugin window_manager at C:\Users\joaom\AppData\Local\Pub\Cache\hosted\pub.dev\window_manager-0.5.1\
[   +6 ms] Found plugin screen_retriever at C:\Users\joaom\AppData\Local\Pub\Cache\hosted\pub.dev\screen_retriever-0.2.0\
[   +2 ms] Found plugin screen_retriever_windows at C:\Users\joaom\AppData\Local\Pub\Cache\hosted\pub.dev\screen_retriever_windows-0.2.0\
[   +3 ms] Found plugin screen_retriever_macos at C:\Users\joaom\AppData\Local\Pub\Cache\hosted\pub.dev\screen_retriever_macos-0.2.0\
[   +3 ms] Found plugin screen_retriever_linux at C:\Users\joaom\AppData\Local\Pub\Cache\hosted\pub.dev\screen_retriever_linux-0.2.0\
[   +9 ms] Found plugin url_launcher at C:\Users\joaom\AppData\Local\Pub\Cache\hosted\pub.dev\url_launcher-6.3.2\
[   +3 ms] Found plugin url_launcher_windows at C:\Users\joaom\AppData\Local\Pub\Cache\hosted\pub.dev\url_launcher_windows-3.1.5\
[   +5 ms] Found plugin url_launcher_web at C:\Users\joaom\AppData\Local\Pub\Cache\hosted\pub.dev\url_launcher_web-2.4.1\
[   +7 ms] Found plugin url_launcher_macos at C:\Users\joaom\AppData\Local\Pub\Cache\hosted\pub.dev\url_launcher_macos-3.2.5\
[   +3 ms] Found plugin url_launcher_linux at C:\Users\joaom\AppData\Local\Pub\Cache\hosted\pub.dev\url_launcher_linux-3.2.2\
[   +3 ms] Found plugin url_launcher_ios at C:\Users\joaom\AppData\Local\Pub\Cache\hosted\pub.dev\url_launcher_ios-6.3.6\
[   +3 ms] Found plugin url_launcher_android at C:\Users\joaom\AppData\Local\Pub\Cache\hosted\pub.dev\url_launcher_android-6.3.28\
[  +36 ms] Found plugin sqflite at C:\Users\joaom\AppData\Local\Pub\Cache\hosted\pub.dev\sqflite-2.4.2\
[   +6 ms] Found plugin sqflite_darwin at C:\Users\joaom\AppData\Local\Pub\Cache\hosted\pub.dev\sqflite_darwin-2.4.2\
[   +3 ms] Found plugin sqflite_android at C:\Users\joaom\AppData\Local\Pub\Cache\hosted\pub.dev\sqflite_android-2.4.2+2\
[   +3 ms] Found plugin shared_preferences at C:\Users\joaom\AppData\Local\Pub\Cache\hosted\pub.dev\shared_preferences-2.5.4\
[   +3 ms] Found plugin shared_preferences_windows at C:\Users\joaom\AppData\Local\Pub\Cache\hosted\pub.dev\shared_preferences_windows-2.4.1\
[   +6 ms] Found plugin path_provider_windows at C:\Users\joaom\AppData\Local\Pub\Cache\hosted\pub.dev\path_provider_windows-2.3.0\
[   +3 ms] Found plugin shared_preferences_web at C:\Users\joaom\AppData\Local\Pub\Cache\hosted\pub.dev\shared_preferences_web-2.4.3\
[   +2 ms] Found plugin shared_preferences_linux at C:\Users\joaom\AppData\Local\Pub\Cache\hosted\pub.dev\shared_preferences_linux-2.4.1\
[   +2 ms] Found plugin path_provider_linux at C:\Users\joaom\AppData\Local\Pub\Cache\hosted\pub.dev\path_provider_linux-2.2.1\
[   +7 ms] Found plugin shared_preferences_foundation at C:\Users\joaom\AppData\Local\Pub\Cache\hosted\pub.dev\shared_preferences_foundation-2.5.6\
[   +4 ms] Found plugin shared_preferences_android at C:\Users\joaom\AppData\Local\Pub\Cache\hosted\pub.dev\shared_preferences_android-2.4.18\
[   +9 ms] Found plugin printing at C:\Users\joaom\AppData\Local\Pub\Cache\hosted\pub.dev\printing-5.14.2\
[  +32 ms] Found plugin permission_handler at C:\Users\joaom\AppData\Local\Pub\Cache\hosted\pub.dev\permission_handler-12.0.1\
[   +3 ms] Found plugin permission_handler_windows at C:\Users\joaom\AppData\Local\Pub\Cache\hosted\pub.dev\permission_handler_windows-0.2.1\
[   +4 ms] Found plugin permission_handler_html at C:\Users\joaom\AppData\Local\Pub\Cache\hosted\pub.dev\permission_handler_html-0.1.3+5\
[   +2 ms] Found plugin permission_handler_apple at C:\Users\joaom\AppData\Local\Pub\Cache\hosted\pub.dev\permission_handler_apple-9.4.7\
[   +2 ms] Found plugin permission_handler_android at C:\Users\joaom\AppData\Local\Pub\Cache\hosted\pub.dev\permission_handler_android-13.0.1\
[   +3 ms] Found plugin path_provider at C:\Users\joaom\AppData\Local\Pub\Cache\hosted\pub.dev\path_provider-2.1.5\
[   +3 ms] Found plugin path_provider_foundation at C:\Users\joaom\AppData\Local\Pub\Cache\hosted\pub.dev\path_provider_foundation-2.5.1\
[   +3 ms] Found plugin path_provider_android at C:\Users\joaom\AppData\Local\Pub\Cache\hosted\pub.dev\path_provider_android-2.2.22\
[   +3 ms] Found plugin package_info_plus at C:\Users\joaom\AppData\Local\Pub\Cache\hosted\pub.dev\package_info_plus-9.0.0\
[  +23 ms] Found plugin open_file at C:\Users\joaom\AppData\Local\Pub\Cache\hosted\pub.dev\open_file-3.5.10\
[   +3 ms] Found plugin open_file_windows at C:\Users\joaom\AppData\Local\Pub\Cache\hosted\pub.dev\open_file_windows-0.0.3\
[   +4 ms] Found plugin open_file_web at C:\Users\joaom\AppData\Local\Pub\Cache\hosted\pub.dev\open_file_web-0.0.4\
[   +2 ms] Found plugin open_file_mac at C:\Users\joaom\AppData\Local\Pub\Cache\hosted\pub.dev\open_file_mac-1.0.3\
[   +2 ms] Found plugin open_file_linux at C:\Users\joaom\AppData\Local\Pub\Cache\hosted\pub.dev\open_file_linux-0.0.5\
[   +2 ms] Found plugin open_file_ios at C:\Users\joaom\AppData\Local\Pub\Cache\hosted\pub.dev\open_file_ios-1.0.3\
[   +3 ms] Found plugin open_file_android at C:\Users\joaom\AppData\Local\Pub\Cache\hosted\pub.dev\open_file_android-1.0.6\
[   +2 ms] Found plugin local_auth at C:\Users\joaom\AppData\Local\Pub\Cache\hosted\pub.dev\local_auth-3.0.0\
[   +2 ms] Found plugin local_auth_windows at C:\Users\joaom\AppData\Local\Pub\Cache\hosted\pub.dev\local_auth_windows-2.0.1\
[   +6 ms] Found plugin local_auth_darwin at C:\Users\joaom\AppData\Local\Pub\Cache\hosted\pub.dev\local_auth_darwin-2.0.1\
[   +5 ms] Found plugin local_auth_android at C:\Users\joaom\AppData\Local\Pub\Cache\hosted\pub.dev\local_auth_android-2.0.4\
[   +2 ms] Found plugin flutter_plugin_android_lifecycle at C:\Users\joaom\AppData\Local\Pub\Cache\hosted\pub.dev\flutter_plugin_android_lifecycle-2.0.33\
[   +3 ms] Found plugin image_picker at C:\Users\joaom\AppData\Local\Pub\Cache\hosted\pub.dev\image_picker-1.2.1\
[   +3 ms] Found plugin image_picker_windows at C:\Users\joaom\AppData\Local\Pub\Cache\hosted\pub.dev\image_picker_windows-0.2.2\
[   +7 ms] Found plugin file_selector_windows at C:\Users\joaom\AppData\Local\Pub\Cache\hosted\pub.dev\file_selector_windows-0.9.3+5\
[   +5 ms] Found plugin image_picker_macos at C:\Users\joaom\AppData\Local\Pub\Cache\hosted\pub.dev\image_picker_macos-0.2.2+1\
[   +2 ms] Found plugin file_selector_macos at C:\Users\joaom\AppData\Local\Pub\Cache\hosted\pub.dev\file_selector_macos-0.9.5\
[   +3 ms] Found plugin image_picker_linux at C:\Users\joaom\AppData\Local\Pub\Cache\hosted\pub.dev\image_picker_linux-0.2.2\
[   +3 ms] Found plugin file_selector_linux at C:\Users\joaom\AppData\Local\Pub\Cache\hosted\pub.dev\file_selector_linux-0.9.4\
[   +3 ms] Found plugin image_picker_ios at C:\Users\joaom\AppData\Local\Pub\Cache\hosted\pub.dev\image_picker_ios-0.8.13+3\
[   +3 ms] Found plugin image_picker_for_web at C:\Users\joaom\AppData\Local\Pub\Cache\hosted\pub.dev\image_picker_for_web-3.1.1\
[   +3 ms] Found plugin image_picker_android at C:\Users\joaom\AppData\Local\Pub\Cache\hosted\pub.dev\image_picker_android-0.8.13+10\
[  +23 ms] Found plugin firebase_storage at C:\Users\joaom\AppData\Local\Pub\Cache\hosted\pub.dev\firebase_storage-13.0.5\
[   +2 ms] Found plugin firebase_storage_web at C:\Users\joaom\AppData\Local\Pub\Cache\hosted\pub.dev\firebase_storage_web-3.11.1\
[   +3 ms] Found plugin firebase_core at C:\Users\joaom\AppData\Local\Pub\Cache\hosted\pub.dev\firebase_core-4.3.0\
[   +2 ms] Found plugin firebase_core_web at C:\Users\joaom\AppData\Local\Pub\Cache\hosted\pub.dev\firebase_core_web-3.3.1\
[   +5 ms] Found plugin firebase_crashlytics at C:\Users\joaom\AppData\Local\Pub\Cache\hosted\pub.dev\firebase_crashlytics-5.0.6\
[   +3 ms] Found plugin firebase_auth at C:\Users\joaom\AppData\Local\Pub\Cache\hosted\pub.dev\firebase_auth-6.1.3\
[   +2 ms] Found plugin firebase_auth_web at C:\Users\joaom\AppData\Local\Pub\Cache\hosted\pub.dev\firebase_auth_web-6.1.1\
[   +5 ms] Found plugin firebase_analytics at C:\Users\joaom\AppData\Local\Pub\Cache\hosted\pub.dev\firebase_analytics-12.1.0\
[   +3 ms] Found plugin firebase_analytics_web at C:\Users\joaom\AppData\Local\Pub\Cache\hosted\pub.dev\firebase_analytics_web-0.6.1+1\
[   +4 ms] Found plugin file_picker at C:\Users\joaom\AppData\Local\Pub\Cache\hosted\pub.dev\file_picker-10.3.8\
[  +14 ms] Found plugin cloud_firestore at C:\Users\joaom\AppData\Local\Pub\Cache\hosted\pub.dev\cloud_firestore-6.1.1\
[   +2 ms] Found plugin cloud_firestore_web at C:\Users\joaom\AppData\Local\Pub\Cache\hosted\pub.dev\cloud_firestore_web-5.1.1\
[ +132 ms] Found plugin integration_test at C:\Flutter\flutter\packages\integration_test\
[  +30 ms] Found plugin window_manager at C:\Users\joaom\AppData\Local\Pub\Cache\hosted\pub.dev\window_manager-0.5.1\
[   +1 ms] Found plugin screen_retriever at C:\Users\joaom\AppData\Local\Pub\Cache\hosted\pub.dev\screen_retriever-0.2.0\
[   +1 ms] Found plugin screen_retriever_windows at C:\Users\joaom\AppData\Local\Pub\Cache\hosted\pub.dev\screen_retriever_windows-0.2.0\
[   +2 ms] Found plugin screen_retriever_macos at C:\Users\joaom\AppData\Local\Pub\Cache\hosted\pub.dev\screen_retriever_macos-0.2.0\
[   +1 ms] Found plugin screen_retriever_linux at C:\Users\joaom\AppData\Local\Pub\Cache\hosted\pub.dev\screen_retriever_linux-0.2.0\
[   +3 ms] Found plugin url_launcher at C:\Users\joaom\AppData\Local\Pub\Cache\hosted\pub.dev\url_launcher-6.3.2\
[   +2 ms] Found plugin url_launcher_windows at C:\Users\joaom\AppData\Local\Pub\Cache\hosted\pub.dev\url_launcher_windows-3.1.5\
[   +3 ms] Found plugin url_launcher_web at C:\Users\joaom\AppData\Local\Pub\Cache\hosted\pub.dev\url_launcher_web-2.4.1\
[   +3 ms] Found plugin url_launcher_macos at C:\Users\joaom\AppData\Local\Pub\Cache\hosted\pub.dev\url_launcher_macos-3.2.5\
[   +1 ms] Found plugin url_launcher_linux at C:\Users\joaom\AppData\Local\Pub\Cache\hosted\pub.dev\url_launcher_linux-3.2.2\
[   +2 ms] Found plugin url_launcher_ios at C:\Users\joaom\AppData\Local\Pub\Cache\hosted\pub.dev\url_launcher_ios-6.3.6\
[   +2 ms] Found plugin url_launcher_android at C:\Users\joaom\AppData\Local\Pub\Cache\hosted\pub.dev\url_launcher_android-6.3.28\
[  +17 ms] Found plugin sqflite at C:\Users\joaom\AppData\Local\Pub\Cache\hosted\pub.dev\sqflite-2.4.2\
[   +3 ms] Found plugin sqflite_darwin at C:\Users\joaom\AppData\Local\Pub\Cache\hosted\pub.dev\sqflite_darwin-2.4.2\
[   +1 ms] Found plugin sqflite_android at C:\Users\joaom\AppData\Local\Pub\Cache\hosted\pub.dev\sqflite_android-2.4.2+2\
[   +1 ms] Found plugin shared_preferences at C:\Users\joaom\AppData\Local\Pub\Cache\hosted\pub.dev\shared_preferences-2.5.4\
[   +1 ms] Found plugin shared_preferences_windows at C:\Users\joaom\AppData\Local\Pub\Cache\hosted\pub.dev\shared_preferences_windows-2.4.1\
[   +3 ms] Found plugin path_provider_windows at C:\Users\joaom\AppData\Local\Pub\Cache\hosted\pub.dev\path_provider_windows-2.3.0\
[   +2 ms] Found plugin shared_preferences_web at C:\Users\joaom\AppData\Local\Pub\Cache\hosted\pub.dev\shared_preferences_web-2.4.3\
[   +1 ms] Found plugin shared_preferences_linux at C:\Users\joaom\AppData\Local\Pub\Cache\hosted\pub.dev\shared_preferences_linux-2.4.1\
[   +1 ms] Found plugin path_provider_linux at C:\Users\joaom\AppData\Local\Pub\Cache\hosted\pub.dev\path_provider_linux-2.2.1\
[   +2 ms] Found plugin shared_preferences_foundation at C:\Users\joaom\AppData\Local\Pub\Cache\hosted\pub.dev\shared_preferences_foundation-2.5.6\
[   +1 ms] Found plugin shared_preferences_android at C:\Users\joaom\AppData\Local\Pub\Cache\hosted\pub.dev\shared_preferences_android-2.4.18\
[   +3 ms] Found plugin printing at C:\Users\joaom\AppData\Local\Pub\Cache\hosted\pub.dev\printing-5.14.2\
[  +14 ms] Found plugin permission_handler at C:\Users\joaom\AppData\Local\Pub\Cache\hosted\pub.dev\permission_handler-12.0.1\
[   +1 ms] Found plugin permission_handler_windows at C:\Users\joaom\AppData\Local\Pub\Cache\hosted\pub.dev\permission_handler_windows-0.2.1\
[   +2 ms] Found plugin permission_handler_html at C:\Users\joaom\AppData\Local\Pub\Cache\hosted\pub.dev\permission_handler_html-0.1.3+5\
[   +2 ms] Found plugin permission_handler_apple at C:\Users\joaom\AppData\Local\Pub\Cache\hosted\pub.dev\permission_handler_apple-9.4.7\
[   +2 ms] Found plugin permission_handler_android at C:\Users\joaom\AppData\Local\Pub\Cache\hosted\pub.dev\permission_handler_android-13.0.1\
[   +2 ms] Found plugin path_provider at C:\Users\joaom\AppData\Local\Pub\Cache\hosted\pub.dev\path_provider-2.1.5\
[   +1 ms] Found plugin path_provider_foundation at C:\Users\joaom\AppData\Local\Pub\Cache\hosted\pub.dev\path_provider_foundation-2.5.1\
[   +1 ms] Found plugin path_provider_android at C:\Users\joaom\AppData\Local\Pub\Cache\hosted\pub.dev\path_provider_android-2.2.22\
[   +2 ms] Found plugin package_info_plus at C:\Users\joaom\AppData\Local\Pub\Cache\hosted\pub.dev\package_info_plus-9.0.0\
[   +8 ms] Found plugin open_file at C:\Users\joaom\AppData\Local\Pub\Cache\hosted\pub.dev\open_file-3.5.10\
[   +1 ms] Found plugin open_file_windows at C:\Users\joaom\AppData\Local\Pub\Cache\hosted\pub.dev\open_file_windows-0.0.3\
[   +2 ms] Found plugin open_file_web at C:\Users\joaom\AppData\Local\Pub\Cache\hosted\pub.dev\open_file_web-0.0.4\
[   +1 ms] Found plugin open_file_mac at C:\Users\joaom\AppData\Local\Pub\Cache\hosted\pub.dev\open_file_mac-1.0.3\
[   +1 ms] Found plugin open_file_linux at C:\Users\joaom\AppData\Local\Pub\Cache\hosted\pub.dev\open_file_linux-0.0.5\
[   +1 ms] Found plugin open_file_ios at C:\Users\joaom\AppData\Local\Pub\Cache\hosted\pub.dev\open_file_ios-1.0.3\
[   +1 ms] Found plugin open_file_android at C:\Users\joaom\AppData\Local\Pub\Cache\hosted\pub.dev\open_file_android-1.0.6\
[   +1 ms] Found plugin local_auth at C:\Users\joaom\AppData\Local\Pub\Cache\hosted\pub.dev\local_auth-3.0.0\
[   +1 ms] Found plugin local_auth_windows at C:\Users\joaom\AppData\Local\Pub\Cache\hosted\pub.dev\local_auth_windows-2.0.1\
[   +2 ms] Found plugin local_auth_darwin at C:\Users\joaom\AppData\Local\Pub\Cache\hosted\pub.dev\local_auth_darwin-2.0.1\
[   +2 ms] Found plugin local_auth_android at C:\Users\joaom\AppData\Local\Pub\Cache\hosted\pub.dev\local_auth_android-2.0.4\
[   +1 ms] Found plugin flutter_plugin_android_lifecycle at C:\Users\joaom\AppData\Local\Pub\Cache\hosted\pub.dev\flutter_plugin_android_lifecycle-2.0.33\
[   +1 ms] Found plugin image_picker at C:\Users\joaom\AppData\Local\Pub\Cache\hosted\pub.dev\image_picker-1.2.1\
[   +1 ms] Found plugin image_picker_windows at C:\Users\joaom\AppData\Local\Pub\Cache\hosted\pub.dev\image_picker_windows-0.2.2\
[   +5 ms] Found plugin file_selector_windows at C:\Users\joaom\AppData\Local\Pub\Cache\hosted\pub.dev\file_selector_windows-0.9.3+5\
[   +3 ms] Found plugin image_picker_macos at C:\Users\joaom\AppData\Local\Pub\Cache\hosted\pub.dev\image_picker_macos-0.2.2+1\
[   +2 ms] Found plugin file_selector_macos at C:\Users\joaom\AppData\Local\Pub\Cache\hosted\pub.dev\file_selector_macos-0.9.5\
[   +2 ms] Found plugin image_picker_linux at C:\Users\joaom\AppData\Local\Pub\Cache\hosted\pub.dev\image_picker_linux-0.2.2\
[   +1 ms] Found plugin file_selector_linux at C:\Users\joaom\AppData\Local\Pub\Cache\hosted\pub.dev\file_selector_linux-0.9.4\
[   +1 ms] Found plugin image_picker_ios at C:\Users\joaom\AppData\Local\Pub\Cache\hosted\pub.dev\image_picker_ios-0.8.13+3\
[   +2 ms] Found plugin image_picker_for_web at C:\Users\joaom\AppData\Local\Pub\Cache\hosted\pub.dev\image_picker_for_web-3.1.1\
[   +1 ms] Found plugin image_picker_android at C:\Users\joaom\AppData\Local\Pub\Cache\hosted\pub.dev\image_picker_android-0.8.13+10\
[  +14 ms] Found plugin firebase_storage at C:\Users\joaom\AppData\Local\Pub\Cache\hosted\pub.dev\firebase_storage-13.0.5\
[   +1 ms] Found plugin firebase_storage_web at C:\Users\joaom\AppData\Local\Pub\Cache\hosted\pub.dev\firebase_storage_web-3.11.1\
[   +2 ms] Found plugin firebase_core at C:\Users\joaom\AppData\Local\Pub\Cache\hosted\pub.dev\firebase_core-4.3.0\
[   +1 ms] Found plugin firebase_core_web at C:\Users\joaom\AppData\Local\Pub\Cache\hosted\pub.dev\firebase_core_web-3.3.1\
[   +3 ms] Found plugin firebase_crashlytics at C:\Users\joaom\AppData\Local\Pub\Cache\hosted\pub.dev\firebase_crashlytics-5.0.6\
[   +2 ms] Found plugin firebase_auth at C:\Users\joaom\AppData\Local\Pub\Cache\hosted\pub.dev\firebase_auth-6.1.3\
[   +1 ms] Found plugin firebase_auth_web at C:\Users\joaom\AppData\Local\Pub\Cache\hosted\pub.dev\firebase_auth_web-6.1.1\
[   +4 ms] Found plugin firebase_analytics at C:\Users\joaom\AppData\Local\Pub\Cache\hosted\pub.dev\firebase_analytics-12.1.0\
[   +1 ms] Found plugin firebase_analytics_web at C:\Users\joaom\AppData\Local\Pub\Cache\hosted\pub.dev\firebase_analytics_web-0.6.1+1\
[   +3 ms] Found plugin file_picker at C:\Users\joaom\AppData\Local\Pub\Cache\hosted\pub.dev\file_picker-10.3.8\
[   +9 ms] Found plugin cloud_firestore at C:\Users\joaom\AppData\Local\Pub\Cache\hosted\pub.dev\cloud_firestore-6.1.1\
[   +1 ms] Found plugin cloud_firestore_web at C:\Users\joaom\AppData\Local\Pub\Cache\hosted\pub.dev\cloud_firestore_web-5.1.1\
[  +19 ms] Skipping generating web_plugin_registrant.dart because it is up-to-date.
[ +105 ms] Found plugin integration_test at C:\Flutter\flutter\packages\integration_test\
[  +35 ms] Found plugin window_manager at C:\Users\joaom\AppData\Local\Pub\Cache\hosted\pub.dev\window_manager-0.5.1\
[   +2 ms] Found plugin screen_retriever at C:\Users\joaom\AppData\Local\Pub\Cache\hosted\pub.dev\screen_retriever-0.2.0\
[   +2 ms] Found plugin screen_retriever_windows at C:\Users\joaom\AppData\Local\Pub\Cache\hosted\pub.dev\screen_retriever_windows-0.2.0\
[   +4 ms] Found plugin screen_retriever_macos at C:\Users\joaom\AppData\Local\Pub\Cache\hosted\pub.dev\screen_retriever_macos-0.2.0\
[   +2 ms] Found plugin screen_retriever_linux at C:\Users\joaom\AppData\Local\Pub\Cache\hosted\pub.dev\screen_retriever_linux-0.2.0\
[   +3 ms] Found plugin url_launcher at C:\Users\joaom\AppData\Local\Pub\Cache\hosted\pub.dev\url_launcher-6.3.2\
[   +2 ms] Found plugin url_launcher_windows at C:\Users\joaom\AppData\Local\Pub\Cache\hosted\pub.dev\url_launcher_windows-3.1.5\
[   +3 ms] Found plugin url_launcher_web at C:\Users\joaom\AppData\Local\Pub\Cache\hosted\pub.dev\url_launcher_web-2.4.1\
[   +3 ms] Found plugin url_launcher_macos at C:\Users\joaom\AppData\Local\Pub\Cache\hosted\pub.dev\url_launcher_macos-3.2.5\
[   +1 ms] Found plugin url_launcher_linux at C:\Users\joaom\AppData\Local\Pub\Cache\hosted\pub.dev\url_launcher_linux-3.2.2\
[   +1 ms] Found plugin url_launcher_ios at C:\Users\joaom\AppData\Local\Pub\Cache\hosted\pub.dev\url_launcher_ios-6.3.6\
[   +1 ms] Found plugin url_launcher_android at C:\Users\joaom\AppData\Local\Pub\Cache\hosted\pub.dev\url_launcher_android-6.3.28\
[  +15 ms] Found plugin sqflite at C:\Users\joaom\AppData\Local\Pub\Cache\hosted\pub.dev\sqflite-2.4.2\
[   +3 ms] Found plugin sqflite_darwin at C:\Users\joaom\AppData\Local\Pub\Cache\hosted\pub.dev\sqflite_darwin-2.4.2\
[   +2 ms] Found plugin sqflite_android at C:\Users\joaom\AppData\Local\Pub\Cache\hosted\pub.dev\sqflite_android-2.4.2+2\
[   +3 ms] Found plugin shared_preferences at C:\Users\joaom\AppData\Local\Pub\Cache\hosted\pub.dev\shared_preferences-2.5.4\
[   +2 ms] Found plugin shared_preferences_windows at C:\Users\joaom\AppData\Local\Pub\Cache\hosted\pub.dev\shared_preferences_windows-2.4.1\
[   +4 ms] Found plugin path_provider_windows at C:\Users\joaom\AppData\Local\Pub\Cache\hosted\pub.dev\path_provider_windows-2.3.0\
[   +1 ms] Found plugin shared_preferences_web at C:\Users\joaom\AppData\Local\Pub\Cache\hosted\pub.dev\shared_preferences_web-2.4.3\
[   +1 ms] Found plugin shared_preferences_linux at C:\Users\joaom\AppData\Local\Pub\Cache\hosted\pub.dev\shared_preferences_linux-2.4.1\
[   +1 ms] Found plugin path_provider_linux at C:\Users\joaom\AppData\Local\Pub\Cache\hosted\pub.dev\path_provider_linux-2.2.1\
[   +4 ms] Found plugin shared_preferences_foundation at C:\Users\joaom\AppData\Local\Pub\Cache\hosted\pub.dev\shared_preferences_foundation-2.5.6\
[   +2 ms] Found plugin shared_preferences_android at C:\Users\joaom\AppData\Local\Pub\Cache\hosted\pub.dev\shared_preferences_android-2.4.18\
[   +4 ms] Found plugin printing at C:\Users\joaom\AppData\Local\Pub\Cache\hosted\pub.dev\printing-5.14.2\
[  +22 ms] Found plugin permission_handler at C:\Users\joaom\AppData\Local\Pub\Cache\hosted\pub.dev\permission_handler-12.0.1\
[   +4 ms] Found plugin permission_handler_windows at C:\Users\joaom\AppData\Local\Pub\Cache\hosted\pub.dev\permission_handler_windows-0.2.1\
[   +3 ms] Found plugin permission_handler_html at C:\Users\joaom\AppData\Local\Pub\Cache\hosted\pub.dev\permission_handler_html-0.1.3+5\
[   +2 ms] Found plugin permission_handler_apple at C:\Users\joaom\AppData\Local\Pub\Cache\hosted\pub.dev\permission_handler_apple-9.4.7\
[   +2 ms] Found plugin permission_handler_android at C:\Users\joaom\AppData\Local\Pub\Cache\hosted\pub.dev\permission_handler_android-13.0.1\
[   +1 ms] Found plugin path_provider at C:\Users\joaom\AppData\Local\Pub\Cache\hosted\pub.dev\path_provider-2.1.5\
[   +1 ms] Found plugin path_provider_foundation at C:\Users\joaom\AppData\Local\Pub\Cache\hosted\pub.dev\path_provider_foundation-2.5.1\
[   +1 ms] Found plugin path_provider_android at C:\Users\joaom\AppData\Local\Pub\Cache\hosted\pub.dev\path_provider_android-2.2.22\
[   +1 ms] Found plugin package_info_plus at C:\Users\joaom\AppData\Local\Pub\Cache\hosted\pub.dev\package_info_plus-9.0.0\
[   +7 ms] Found plugin open_file at C:\Users\joaom\AppData\Local\Pub\Cache\hosted\pub.dev\open_file-3.5.10\
[   +1 ms] Found plugin open_file_windows at C:\Users\joaom\AppData\Local\Pub\Cache\hosted\pub.dev\open_file_windows-0.0.3\
[   +2 ms] Found plugin open_file_web at C:\Users\joaom\AppData\Local\Pub\Cache\hosted\pub.dev\open_file_web-0.0.4\
[   +2 ms] Found plugin open_file_mac at C:\Users\joaom\AppData\Local\Pub\Cache\hosted\pub.dev\open_file_mac-1.0.3\
[   +2 ms] Found plugin open_file_linux at C:\Users\joaom\AppData\Local\Pub\Cache\hosted\pub.dev\open_file_linux-0.0.5\
[   +1 ms] Found plugin open_file_ios at C:\Users\joaom\AppData\Local\Pub\Cache\hosted\pub.dev\open_file_ios-1.0.3\
[   +1 ms] Found plugin open_file_android at C:\Users\joaom\AppData\Local\Pub\Cache\hosted\pub.dev\open_file_android-1.0.6\
[   +1 ms] Found plugin local_auth at C:\Users\joaom\AppData\Local\Pub\Cache\hosted\pub.dev\local_auth-3.0.0\
[   +1 ms] Found plugin local_auth_windows at C:\Users\joaom\AppData\Local\Pub\Cache\hosted\pub.dev\local_auth_windows-2.0.1\
[   +2 ms] Found plugin local_auth_darwin at C:\Users\joaom\AppData\Local\Pub\Cache\hosted\pub.dev\local_auth_darwin-2.0.1\
[   +2 ms] Found plugin local_auth_android at C:\Users\joaom\AppData\Local\Pub\Cache\hosted\pub.dev\local_auth_android-2.0.4\
[   +1 ms] Found plugin flutter_plugin_android_lifecycle at C:\Users\joaom\AppData\Local\Pub\Cache\hosted\pub.dev\flutter_plugin_android_lifecycle-2.0.33\
[   +3 ms] Found plugin image_picker at C:\Users\joaom\AppData\Local\Pub\Cache\hosted\pub.dev\image_picker-1.2.1\
[   +1 ms] Found plugin image_picker_windows at C:\Users\joaom\AppData\Local\Pub\Cache\hosted\pub.dev\image_picker_windows-0.2.2\
[   +4 ms] Found plugin file_selector_windows at C:\Users\joaom\AppData\Local\Pub\Cache\hosted\pub.dev\file_selector_windows-0.9.3+5\
[   +4 ms] Found plugin image_picker_macos at C:\Users\joaom\AppData\Local\Pub\Cache\hosted\pub.dev\image_picker_macos-0.2.2+1\
[   +1 ms] Found plugin file_selector_macos at C:\Users\joaom\AppData\Local\Pub\Cache\hosted\pub.dev\file_selector_macos-0.9.5\
[   +1 ms] Found plugin image_picker_linux at C:\Users\joaom\AppData\Local\Pub\Cache\hosted\pub.dev\image_picker_linux-0.2.2\
[   +1 ms] Found plugin file_selector_linux at C:\Users\joaom\AppData\Local\Pub\Cache\hosted\pub.dev\file_selector_linux-0.9.4\
[   +1 ms] Found plugin image_picker_ios at C:\Users\joaom\AppData\Local\Pub\Cache\hosted\pub.dev\image_picker_ios-0.8.13+3\
[   +1 ms] Found plugin image_picker_for_web at C:\Users\joaom\AppData\Local\Pub\Cache\hosted\pub.dev\image_picker_for_web-3.1.1\
[   +1 ms] Found plugin image_picker_android at C:\Users\joaom\AppData\Local\Pub\Cache\hosted\pub.dev\image_picker_android-0.8.13+10\
[  +16 ms] Found plugin firebase_storage at C:\Users\joaom\AppData\Local\Pub\Cache\hosted\pub.dev\firebase_storage-13.0.5\
[   +1 ms] Found plugin firebase_storage_web at C:\Users\joaom\AppData\Local\Pub\Cache\hosted\pub.dev\firebase_storage_web-3.11.1\
[   +2 ms] Found plugin firebase_core at C:\Users\joaom\AppData\Local\Pub\Cache\hosted\pub.dev\firebase_core-4.3.0\
[   +2 ms] Found plugin firebase_core_web at C:\Users\joaom\AppData\Local\Pub\Cache\hosted\pub.dev\firebase_core_web-3.3.1\
[   +6 ms] Found plugin firebase_crashlytics at C:\Users\joaom\AppData\Local\Pub\Cache\hosted\pub.dev\firebase_crashlytics-5.0.6\
[   +3 ms] Found plugin firebase_auth at C:\Users\joaom\AppData\Local\Pub\Cache\hosted\pub.dev\firebase_auth-6.1.3\
[   +1 ms] Found plugin firebase_auth_web at C:\Users\joaom\AppData\Local\Pub\Cache\hosted\pub.dev\firebase_auth_web-6.1.1\
[   +4 ms] Found plugin firebase_analytics at C:\Users\joaom\AppData\Local\Pub\Cache\hosted\pub.dev\firebase_analytics-12.1.0\
[   +1 ms] Found plugin firebase_analytics_web at C:\Users\joaom\AppData\Local\Pub\Cache\hosted\pub.dev\firebase_analytics_web-0.6.1+1\
[   +2 ms] Found plugin file_picker at C:\Users\joaom\AppData\Local\Pub\Cache\hosted\pub.dev\file_picker-10.3.8\
[   +8 ms] Found plugin cloud_firestore at C:\Users\joaom\AppData\Local\Pub\Cache\hosted\pub.dev\cloud_firestore-6.1.1\
[   +3 ms] Found plugin cloud_firestore_web at C:\Users\joaom\AppData\Local\Pub\Cache\hosted\pub.dev\cloud_firestore_web-5.1.1\
[  +30 ms] Generating C:\Users\joaom\Documents\GitHub\Notes\universal_notes_flutter\android\app\src\main\java\io\flutter\plugins\GeneratedPluginRegistrant.java
[   +4 ms] Skipping generating GeneratedPluginRegistrant.java because it is up-to-date.
[  +10 ms] Skipping generating generated_plugin_registrant.h because it is up-to-date.
[   +2 ms] Skipping generating generated_plugin_registrant.cc because it is up-to-date.
[   +3 ms] Skipping generating generated_plugins.cmake because it is up-to-date.
[   +3 ms] Skipping generating GeneratedPluginRegistrant.h because it is up-to-date.
[   +2 ms] Skipping generating GeneratedPluginRegistrant.m because it is up-to-date.
[   +2 ms] Skipping generating GeneratedPluginRegistrant.swift because it is up-to-date.
[ +229 ms] Top-level Gradle build file not found, skipping migration of task "clean".
[   +1 ms] Android Studio version could not be detected, skipping Gradle-Java version compatibility check.
[  +19 ms] CMake project not found, skipping support Android 15 16k page size migration.
[   +6 ms] Using gradle from C:\Users\joaom\Documents\GitHub\Notes\universal_notes_flutter\android\gradlew.bat.
[  +17 ms] LocalFile: 'C:\Users\joaom\Documents\GitHub\Notes\universal_notes_flutter\android\build.gradle.kts' doesn't provide an AGP version. Checking settings.
[   +2 ms] LocalFile: 'C:\Users\joaom\Documents\GitHub\Notes\universal_notes_flutter\android\settings.gradle.kts' provides AGP version: 8.9.1
[  +44 ms] Running Gradle task 'assembleDebug'...
[   +2 ms] executing: [C:\Users\joaom\Documents\GitHub\Notes\universal_notes_flutter\android/] C:\Users\joaom\Documents\GitHub\Notes\universal_notes_flutter\android\gradlew.bat --full-stacktrace --info -Pverbose=true -Ptarget-platform=android-arm,android-arm64,android-x64 -Ptarget=lib\main.dart -Pbase-application-name=android.app.Application -Pdart-defines=RkxVVFRFUl9WRVJTSU9OPTMuMzguNA==,RkxVVFRFUl9DSEFOTkVMPXN0YWJsZQ==,RkxVVFRFUl9HSVRfVVJMPWh0dHBzOi8vZ2l0aHViLmNvbS9mbHV0dGVyL2ZsdXR0ZXIuZ2l0,RkxVVFRFUl9GUkFNRVdPUktfUkVWSVNJT049NjZkZDkzZjlhMg==,RkxVVFRFUl9FTkdJTkVfUkVWSVNJT049YTVjYjk2MzY5ZQ==,RkxVVFRFUl9EQVJUX1ZFUlNJT049My4xMC4z -Pdart-obfuscation=false -Ptrack-widget-creation=true -Ptree-shake-icons=false assembleDebug
[+1906 ms] Initialized native services in: C:\Users\joaom\.gradle\native
[   +1 ms] Initialized jansi services in: C:\Users\joaom\.gradle\native
[ +859 ms] To honour the JVM settings for this build a single-use Daemon process will be forked. For more on this, please refer to https://docs.gradle.org/8.13/userguide/gradle_daemon.html#sec:disabling_the_daemon in the Gradle documentation.
[ +207 ms] Starting process 'Gradle build daemon'. Working directory: C:\Users\joaom\.gradle\daemon\8.13 Command: C:\Program Files\Eclipse Adoptium\jdk-17.0.17.10-hotspot\bin\java.exe --add-opens=java.base/java.lang=ALL-UNNAMED --add-opens=java.base/java.lang.invoke=ALL-UNNAMED --add-opens=java.base/java.util=ALL-UNNAMED --add-opens=java.prefs/java.util.prefs=ALL-UNNAMED --add-exports=jdk.compiler/com.sun.tools.javac.api=ALL-UNNAMED --add-exports=jdk.compiler/com.sun.tools.javac.util=ALL-UNNAMED --add-opens=java.base/java.util=ALL-UNNAMED --add-opens=java.prefs/java.util.prefs=ALL-UNNAMED --add-opens=java.base/java.nio.charset=ALL-UNNAMED --add-opens=java.base/java.net=ALL-UNNAMED --add-opens=java.base/java.util.concurrent.atomic=ALL-UNNAMED --add-opens=java.xml/javax.xml.namespace=ALL-UNNAMED -XX:+UseParallelGC -XX:MaxMetaspaceSize=512m -Xmx4g -Dfile.encoding=windows-1252 -Duser.country=BR -Duser.language=pt -Duser.variant -cp C:\Users\joaom\.gradle\wrapper\dists\gradle-8.13-all\54h0s9kvb6g2sinako7ub77ku\gradle-8.13\lib\gradle-daemon-main-8.13.jar -javaagent:C:\Users\joaom\.gradle\wrapper\dists\gradle-8.13-all\54h0s9kvb6g2sinako7ub77ku\gradle-8.13\lib\agents\gradle-instrumentation-agent-8.13.jar org.gradle.launcher.daemon.bootstrap.GradleDaemon 8.13
[        ] Successfully started process 'Gradle build daemon'
[+3887 ms] An attempt to start the daemon took 3.937 secs.
[ +204 ms] The client will now receive all logging from the daemon (pid: 12456). The daemon log file: C:\Users\joaom\.gradle\daemon\8.13\daemon-12456.out.log
[        ] Daemon will be stopped at the end of the build 
[ +794 ms] Using 4 worker leases.
[ +109 ms] Configuration on demand is an incubating feature.
[ +701 ms] Received JVM installation metadata from 'C:\Program Files\Eclipse Adoptium\jdk-17.0.17.10-hotspot': {JAVA_HOME=C:\Program Files\Eclipse Adoptium\jdk-17.0.17.10-hotspot, JAVA_VERSION=17.0.17, JAVA_VENDOR=Eclipse Adoptium, RUNTIME_NAME=OpenJDK Runtime Environment, RUNTIME_VERSION=17.0.17+10, VM_NAME=OpenJDK 64-Bit Server VM, VM_VERSION=17.0.17+10, VM_VENDOR=Eclipse Adoptium, OS_ARCH=amd64}
[ +895 ms] Watching the file system is configured to be enabled if available
[ +106 ms] Now considering [C:\Users\joaom\Documents\GitHub\Notes\universal_notes_flutter\android] as hierarchies to watch
[   +1 ms] File system watching is active
[+2385 ms] Starting Build
[+2614 ms] Now considering [C:\Flutter\flutter\packages\flutter_tools\gradle, C:\Users\joaom\Documents\GitHub\Notes\universal_notes_flutter\android] as hierarchies to watch
[ +206 ms] Using local directory build cache for build ':gradle' (location = C:\Users\joaom\.gradle\caches\build-cache-1, remove unused entries = after 7 days).
[+2432 ms] > Configure project :gradle
[   +1 ms] Evaluating project ':gradle' using build file 'C:\Flutter\flutter\packages\flutter_tools\gradle\build.gradle.kts'.
[        ] Resolved plugin [id: 'org.gradle.java-gradle-plugin']
[        ] Resolved plugin [id: 'org.gradle.groovy']
[        ] Resolved plugin [id: 'org.gradle.kotlin.kotlin-dsl', version: '5.2.0']
[        ] Resolved plugin [id: 'org.jetbrains.kotlin.jvm', version: '1.9.20']
[+3647 ms] Using Kotlin Gradle Plugin gradle85 variant
[ +998 ms] kotlin scripting plugin: created the scripting discovery configuration: kotlinScriptDef
[ +200 ms] kotlin scripting plugin: created the scripting discovery configuration: testKotlinScriptDef
[ +547 ms] file or directory 'C:\Flutter\flutter\packages\flutter_tools\gradle\src\main\java', not found
[+1353 ms] Resolved plugin [id: 'dev.flutter.flutter-plugin-loader', version: '1.0.0']
[   +7 ms] Resolved plugin [id: 'com.android.application', version: '8.9.1', apply: false]
[   +1 ms] Resolved plugin [id: 'com.google.gms.google-services', version: '4.4.2', apply: false]
[  +89 ms] Resolved plugin [id: 'org.jetbrains.kotlin.android', version: '2.1.0', apply: false]
[   +1 ms] Resolved plugin [id: 'com.google.firebase.crashlytics', version: '3.0.2', apply: false]
[ +908 ms] Resolve mutations for :gradle:checkKotlinGradlePluginConfigurationErrors (Thread[included builds,5,main]) started.
[  +88 ms] :gradle:checkKotlinGradlePluginConfigurationErrors (Thread[included builds,5,main]) started.
[ +121 ms] > Task :gradle:checkKotlinGradlePluginConfigurationErrors SKIPPED
[   +8 ms] Skipping task ':gradle:checkKotlinGradlePluginConfigurationErrors' as task onlyIf 'errorDiagnostics are present' is false.
[   +1 ms] Resolve mutations for :gradle:compileKotlin (Thread[included builds,5,main]) started.
[   +2 ms] :gradle:compileKotlin (Thread[included builds,5,main]) started.
[ +973 ms] > Task :gradle:compileKotlin UP-TO-DATE
[   +1 ms] Build cache key for task ':gradle:compileKotlin' is a85b5afdf49a2eee3dc5ef56008fe39f
[   +1 ms] Skipping task ':gradle:compileKotlin' as it is up-to-date.
[        ] Resolve mutations for :gradle:compileJava (Thread[included builds,5,main]) started.
[        ] :gradle:compileJava (Thread[included builds,5,main]) started.
[        ] > Task :gradle:compileJava NO-SOURCE
[   +1 ms] Skipping task ':gradle:compileJava' as it has no source files and no previous output files.
[        ] Resolve mutations for :gradle:compileGroovy (Thread[included builds,5,main]) started.
[   +1 ms] :gradle:compileGroovy (Thread[included builds,5,main]) started.
[  +20 ms] > Task :gradle:compileGroovy NO-SOURCE
[   +2 ms] Skipping task ':gradle:compileGroovy' as it has no source files and no previous output files.
[  +11 ms] Resolve mutations for :gradle:pluginDescriptors (Thread[included builds,5,main]) started.
[   +1 ms] :gradle:pluginDescriptors (Thread[included builds,5,main]) started.
[   +1 ms] > Task :gradle:pluginDescriptors UP-TO-DATE
[        ] Caching disabled for task ':gradle:pluginDescriptors' because:
[        ]   Not worth caching
[   +7 ms] Skipping task ':gradle:pluginDescriptors' as it is up-to-date.
[   +1 ms] Resolve mutations for :gradle:processResources (Thread[included builds,5,main]) started.
[  +42 ms] :gradle:processResources (Thread[included builds,5,main]) started.
[  +26 ms] > Task :gradle:processResources UP-TO-DATE
[   +3 ms] Caching disabled for task ':gradle:processResources' because:
[   +3 ms]   Not worth caching
[   +1 ms] Skipping task ':gradle:processResources' as it is up-to-date.
[        ] Resolve mutations for :gradle:classes (Thread[Execution worker,5,main]) started.
[        ] :gradle:classes (Thread[Execution worker,5,main]) started.
[        ] > Task :gradle:classes UP-TO-DATE
[   +5 ms] Skipping task ':gradle:classes' as it has no actions.
[        ] Resolve mutations for :gradle:jar (Thread[Execution worker,5,main]) started.
[        ] :gradle:jar (Thread[Execution worker,5,main]) started.
[   +1 ms] > Task :gradle:jar UP-TO-DATE
[        ] Caching disabled for task ':gradle:jar' because:
[        ]   Not worth caching
[   +1 ms] Skipping task ':gradle:jar' as it is up-to-date.
[+3754 ms] Settings evaluated using settings file 'C:\Users\joaom\Documents\GitHub\Notes\universal_notes_flutter\android\settings.gradle.kts'.
[   +1 ms] Using local directory build cache for the root build (location = C:\Users\joaom\.gradle\caches\build-cache-1, remove unused entries = after 7 days).
[ +117 ms] Projects loaded. Root project using build file 'C:\Users\joaom\Documents\GitHub\Notes\universal_notes_flutter\android\build.gradle.kts'.
[   +8 ms] Included projects: [root project 'android', project ':app', project ':cloud_firestore', project ':file_picker', project ':firebase_analytics', project ':firebase_auth', project ':firebase_core', project ':firebase_crashlytics', project ':firebase_storage', project ':flutter_plugin_android_lifecycle', project ':image_picker_android', project ':integration_test', project ':local_auth_android', project ':open_file_android', project ':package_info_plus', project ':path_provider_android', project ':permission_handler_android', project ':printing', project ':shared_preferences_android', project ':sqflite_android', project ':url_launcher_android']
[+1976 ms] > Configure project :
[        ] Evaluating root project 'android' using build file 'C:\Users\joaom\Documents\GitHub\Notes\universal_notes_flutter\android\build.gradle.kts'.
[+7793 ms] > Configure project :app
[   +3 ms] Evaluating project ':app' using build file 'C:\Users\joaom\Documents\GitHub\Notes\universal_notes_flutter\android\app\build.gradle.kts'.
[   +1 ms] Resolved plugin [id: 'com.android.application']
[        ] Resolved plugin [id: 'com.google.gms.google-services']
[        ] Resolved plugin [id: 'kotlin-android']
[        ] Resolved plugin [id: 'dev.flutter.flutter-gradle-plugin']
[        ] Resolved plugin [id: 'com.google.firebase.crashlytics']
[        ] Using default execution profile
[        ] Using Kotlin Gradle Plugin gradle85 variant
[   +1 ms] C/C++: android.ndkVersion from module build.gradle is [28.2.13676358]
[        ] C/C++: android.ndkPath from module build.gradle is not set
[        ] C/C++: ndk.dir in local.properties is not set
[        ] C/C++: Not considering ANDROID_NDK_HOME because support was removed after deprecation period.
[        ] C/C++: sdkFolder is C:\Android\Sdk
[        ] C/C++: android.ndkVersion from module build.gradle is [28.2.13676358]
[        ] C/C++: android.ndkPath from module build.gradle is not set
[   +1 ms] C/C++: ndk.dir in local.properties is not set
[        ] C/C++: Not considering ANDROID_NDK_HOME because support was removed after deprecation period.
[   +2 ms] C/C++: sdkFolder is C:\Android\Sdk
[   +1 ms] C/C++: android.ndkVersion from module build.gradle is [28.2.13676358]
[        ] C/C++: android.ndkPath from module build.gradle is not set
[        ] C/C++: ndk.dir in local.properties is not set
[        ] C/C++: Not considering ANDROID_NDK_HOME because support was removed after deprecation period.
[        ] C/C++: sdkFolder is C:\Android\Sdk
[        ] C/C++: android.ndkVersion from module build.gradle is [28.2.13676358]
[   +1 ms] C/C++: android.ndkPath from module build.gradle is not set
[        ] C/C++: ndk.dir in local.properties is not set
[        ] C/C++: Not considering ANDROID_NDK_HOME because support was removed after deprecation period.
[        ] C/C++: sdkFolder is C:\Android\Sdk
[        ] C/C++: android.ndkVersion from module build.gradle is [28.2.13676358]
[        ] C/C++: android.ndkPath from module build.gradle is not set
[        ] C/C++: ndk.dir in local.properties is not set
[   +1 ms] C/C++: Not considering ANDROID_NDK_HOME because support was removed after deprecation period.
[        ] C/C++: sdkFolder is C:\Android\Sdk
[   +1 ms] C/C++: android.ndkVersion from module build.gradle is [28.2.13676358]
[        ] C/C++: android.ndkPath from module build.gradle is not set
[        ] C/C++: ndk.dir in local.properties is not set
[        ] C/C++: Not considering ANDROID_NDK_HOME because support was removed after deprecation period.
[        ] C/C++: sdkFolder is C:\Android\Sdk
[        ] C/C++: android.ndkVersion from module build.gradle is [28.2.13676358]
[   +2 ms] C/C++: android.ndkPath from module build.gradle is not set
[   +7 ms] C/C++: ndk.dir in local.properties is not set
[   +3 ms] C/C++: Not considering ANDROID_NDK_HOME because support was removed after deprecation period.
[  +18 ms] C/C++: sdkFolder is C:\Android\Sdk
[   +1 ms] C/C++: android.ndkVersion from module build.gradle is [28.2.13676358]
[   +8 ms] C/C++: android.ndkPath from module build.gradle is not set
[   +3 ms] C/C++: ndk.dir in local.properties is not set
[        ] C/C++: Not considering ANDROID_NDK_HOME because support was removed after deprecation period.
[        ] C/C++: sdkFolder is C:\Android\Sdk
[        ] C/C++: android.ndkVersion from module build.gradle is [28.2.13676358]
[        ] C/C++: android.ndkPath from module build.gradle is not set
[  +16 ms] C/C++: ndk.dir in local.properties is not set
[        ] C/C++: Not considering ANDROID_NDK_HOME because support was removed after deprecation period.
[   +4 ms] C/C++: sdkFolder is C:\Android\Sdk
[   +3 ms] C/C++: android.ndkVersion from module build.gradle is [28.2.13676358]
[   +6 ms] C/C++: android.ndkPath from module build.gradle is not set
[        ] C/C++: ndk.dir in local.properties is not set
[        ] C/C++: Not considering ANDROID_NDK_HOME because support was removed after deprecation period.
[        ] C/C++: sdkFolder is C:\Android\Sdk
[        ] C/C++: android.ndkVersion from module build.gradle is [28.2.13676358]
[        ] C/C++: android.ndkPath from module build.gradle is not set
[        ] C/C++: ndk.dir in local.properties is not set
[        ] C/C++: Not considering ANDROID_NDK_HOME because support was removed after deprecation period.
[   +4 ms] C/C++: sdkFolder is C:\Android\Sdk
[        ] C/C++: android.ndkVersion from module build.gradle is [28.2.13676358]
[        ] C/C++: android.ndkPath from module build.gradle is not set
[        ] C/C++: ndk.dir in local.properties is not set
[        ] C/C++: Not considering ANDROID_NDK_HOME because support was removed after deprecation period.
[        ] C/C++: sdkFolder is C:\Android\Sdk
[        ] C/C++: android.ndkVersion from module build.gradle is [28.2.13676358]
[        ] C/C++: android.ndkPath from module build.gradle is not set
[        ] C/C++: ndk.dir in local.properties is not set
[        ] C/C++: Not considering ANDROID_NDK_HOME because support was removed after deprecation period.
[        ] C/C++: sdkFolder is C:\Android\Sdk
[        ] C/C++: android.ndkVersion from module build.gradle is [28.2.13676358]
[        ] C/C++: android.ndkPath from module build.gradle is not set
[        ] C/C++: ndk.dir in local.properties is not set
[        ] C/C++: Not considering ANDROID_NDK_HOME because support was removed after deprecation period.
[   +2 ms] C/C++: sdkFolder is C:\Android\Sdk
[        ] C/C++: android.ndkVersion from module build.gradle is [28.2.13676358]
[        ] C/C++: android.ndkPath from module build.gradle is not set
[        ] C/C++: ndk.dir in local.properties is not set
[        ] C/C++: Not considering ANDROID_NDK_HOME because support was removed after deprecation period.
[        ] C/C++: sdkFolder is C:\Android\Sdk
[        ] C/C++: android.ndkVersion from module build.gradle is [28.2.13676358]
[        ] C/C++: android.ndkPath from module build.gradle is not set
[        ] C/C++: ndk.dir in local.properties is not set
[        ] C/C++: Not considering ANDROID_NDK_HOME because support was removed after deprecation period.
[        ] C/C++: sdkFolder is C:\Android\Sdk
[        ] C/C++: android.ndkVersion from module build.gradle is [28.2.13676358]
[        ] C/C++: android.ndkPath from module build.gradle is not set
[        ] C/C++: ndk.dir in local.properties is not set
[  +15 ms] C/C++: Not considering ANDROID_NDK_HOME because support was removed after deprecation period.
[  +15 ms] C/C++: sdkFolder is C:\Android\Sdk
[        ] C/C++: android.ndkVersion from module build.gradle is [28.2.13676358]
[        ] C/C++: android.ndkPath from module build.gradle is not set
[        ] C/C++: ndk.dir in local.properties is not set
[        ] C/C++: Not considering ANDROID_NDK_HOME because support was removed after deprecation period.
[        ] C/C++: sdkFolder is C:\Android\Sdk
[        ] C/C++: android.ndkVersion from module build.gradle is [28.2.13676358]
[   +7 ms] C/C++: android.ndkPath from module build.gradle is not set
[        ] C/C++: ndk.dir in local.properties is not set
[        ] C/C++: Not considering ANDROID_NDK_HOME because support was removed after deprecation period.
[   +3 ms] C/C++: sdkFolder is C:\Android\Sdk
[+1829 ms] > Configure project :cloud_firestore
[   +1 ms] Evaluating project ':cloud_firestore' using build file 'C:\Users\joaom\AppData\Local\Pub\Cache\hosted\pub.dev\cloud_firestore-6.1.1\android\build.gradle'.
[ +317 ms] Using default execution profile
[+3778 ms] > Configure project :file_picker
[   +1 ms] Evaluating project ':file_picker' using build file 'C:\Users\joaom\AppData\Local\Pub\Cache\hosted\pub.dev\file_picker-10.3.8\android\build.gradle'.
[  +90 ms] Using default execution profile
[        ] Using Kotlin Gradle Plugin gradle85 variant
[+2701 ms] > Configure project :firebase_analytics
[   +1 ms] Evaluating project ':firebase_analytics' using build file 'C:\Users\joaom\AppData\Local\Pub\Cache\hosted\pub.dev\firebase_analytics-12.1.0\android\build.gradle'.
[        ] Using default execution profile
[        ] Using Kotlin Gradle Plugin gradle85 variant
[ +798 ms] > Configure project :firebase_auth
[   +2 ms] Evaluating project ':firebase_auth' using build file 'C:\Users\joaom\AppData\Local\Pub\Cache\hosted\pub.dev\firebase_auth-6.1.3\android\build.gradle'.
[        ] Using default execution profile
[ +407 ms] > Configure project :firebase_core
[   +1 ms] Evaluating project ':firebase_core' using build file 'C:\Users\joaom\AppData\Local\Pub\Cache\hosted\pub.dev\firebase_core-4.3.0\android\build.gradle'.
[   +1 ms] Using default execution profile
[ +304 ms] > Configure project :firebase_crashlytics
[        ] Evaluating project ':firebase_crashlytics' using build file 'C:\Users\joaom\AppData\Local\Pub\Cache\hosted\pub.dev\firebase_crashlytics-5.0.6\android\build.gradle'.
[        ] Using default execution profile
[ +686 ms] > Configure project :firebase_storage
[   +1 ms] Evaluating project ':firebase_storage' using build file 'C:\Users\joaom\AppData\Local\Pub\Cache\hosted\pub.dev\firebase_storage-13.0.5\android\build.gradle'.
[        ] Using default execution profile
[        ] Using Kotlin Gradle Plugin gradle85 variant
[+2000 ms] > Configure project :flutter_plugin_android_lifecycle
[   +5 ms] Evaluating project ':flutter_plugin_android_lifecycle' using build file 'C:\Users\joaom\AppData\Local\Pub\Cache\hosted\pub.dev\flutter_plugin_android_lifecycle-2.0.33\android\build.gradle'.
[   +2 ms] Using default execution profile
[ +303 ms] > Configure project :image_picker_android
[   +1 ms] Evaluating project ':image_picker_android' using build file 'C:\Users\joaom\AppData\Local\Pub\Cache\hosted\pub.dev\image_picker_android-0.8.13+10\android\build.gradle'.
[        ] Using default execution profile
[+1888 ms] > Configure project :integration_test
[        ] Evaluating project ':integration_test' using build file 'C:\Flutter\flutter\packages\integration_test\android\build.gradle.kts'.
[        ] Resolved plugin [id: 'com.android.library']
[        ] Using default execution profile
[ +290 ms] > Configure project :local_auth_android
[        ] Evaluating project ':local_auth_android' using build file 'C:\Users\joaom\AppData\Local\Pub\Cache\hosted\pub.dev\local_auth_android-2.0.4\android\build.gradle'.
[        ] Using default execution profile
[+1609 ms] > Configure project :open_file_android
[   +1 ms] Evaluating project ':open_file_android' using build file 'C:\Users\joaom\AppData\Local\Pub\Cache\hosted\pub.dev\open_file_android-1.0.6\android\build.gradle'.
[        ] Using default execution profile
[+1789 ms] > Configure project :package_info_plus
[        ] Evaluating project ':package_info_plus' using build file 'C:\Users\joaom\AppData\Local\Pub\Cache\hosted\pub.dev\package_info_plus-9.0.0\android\build.gradle'.
[        ] Using default execution profile
[        ] Using Kotlin Gradle Plugin gradle85 variant
[ +100 ms] > Configure project :path_provider_android
[   +1 ms] Evaluating project ':path_provider_android' using build file 'C:\Users\joaom\AppData\Local\Pub\Cache\hosted\pub.dev\path_provider_android-2.2.22\android\build.gradle'.
[   +7 ms] Using default execution profile
[+1297 ms] > Configure project :permission_handler_android
[   +3 ms] Evaluating project ':permission_handler_android' using build file 'C:\Users\joaom\AppData\Local\Pub\Cache\hosted\pub.dev\permission_handler_android-13.0.1\android\build.gradle'.
[   +5 ms] Using default execution profile
[ +870 ms] > Configure project :printing
[        ] Evaluating project ':printing' using build file 'C:\Users\joaom\AppData\Local\Pub\Cache\hosted\pub.dev\printing-5.14.2\android\build.gradle'.
[        ] Using default execution profile
[+1108 ms] > Configure project :shared_preferences_android
[        ] Evaluating project ':shared_preferences_android' using build file 'C:\Users\joaom\AppData\Local\Pub\Cache\hosted\pub.dev\shared_preferences_android-2.4.18\android\build.gradle'.
[        ] Using default execution profile
[   +2 ms] Using Kotlin Gradle Plugin gradle85 variant
[ +987 ms] > Configure project :sqflite_android
[        ] Evaluating project ':sqflite_android' using build file 'C:\Users\joaom\AppData\Local\Pub\Cache\hosted\pub.dev\sqflite_android-2.4.2+2\android\build.gradle'.
[        ] Using default execution profile
[ +204 ms] > Configure project :url_launcher_android
[   +1 ms] Evaluating project ':url_launcher_android' using build file 'C:\Users\joaom\AppData\Local\Pub\Cache\hosted\pub.dev\url_launcher_android-6.3.28\android\build.gradle'.
[        ] Using default execution profile
[        ] Task name matched 'assembleDebug'
[        ] Selected primary task 'assembleDebug' from project :
[+1703 ms] Adding -Xuse-inline-scopes-numbers Kotlin compiler flag for task :app:compileDebugKotlin
[+2899 ms] [Incubating] Problems report is available at: file:///C:/Users/joaom/Documents/GitHub/Notes/universal_notes_flutter/android/build/reports/problems/problems-report.html
[   +1 ms] FAILURE: Build failed with an exception.
[   +3 ms] * What went wrong:
[   +1 ms] Could not determine the dependencies of task ':permission_handler_android:compileDebugJavaWithJavac'.
[        ] > Cannot query the value of this provider because it has no value available.
[        ] * Try:
[   +3 ms] > Run with --debug option to get more log output.
[   +1 ms] > Run with --scan to get full insights.
[   +5 ms] > Get more help at https://help.gradle.org.
[   +8 ms] * Exception is:
[   +8 ms] org.gradle.api.internal.tasks.TaskDependencyResolveException: Could not determine the dependencies of task ':permission_handler_android:compileDebugJavaWithJavac'.
[  +75 ms] 	at org.gradle.api.internal.tasks.CachingTaskDependencyResolveContext.getDependencies(CachingTaskDependencyResolveContext.java:70)
[        ] 	at org.gradle.execution.plan.TaskDependencyResolver.resolveDependenciesFor(TaskDependencyResolver.java:49)
[        ] 	at org.gradle.execution.plan.LocalTaskNode.getDependencies(LocalTaskNode.java:151)
[        ] 	at org.gradle.execution.plan.LocalTaskNode.resolveDependencies(LocalTaskNode.java:125)
[        ] 	at org.gradle.execution.plan.DefaultExecutionPlan.discoverNodeRelationships(DefaultExecutionPlan.java:182)
[   +5 ms] 	at org.gradle.execution.plan.DefaultExecutionPlan.doAddEntryNodes(DefaultExecutionPlan.java:154)
[   +1 ms] 	at org.gradle.execution.plan.DefaultExecutionPlan.addEntryTasks(DefaultExecutionPlan.java:129)
[        ] 	at org.gradle.execution.plan.DefaultExecutionPlan.addEntryTasks(DefaultExecutionPlan.java:121)
[        ] 	at org.gradle.execution.TaskNameResolvingBuildTaskScheduler.scheduleRequestedTasks(TaskNameResolvingBuildTaskScheduler.java:61)
[        ] 	at org.gradle.execution.DefaultTasksBuildTaskScheduler.scheduleRequestedTasks(DefaultTasksBuildTaskScheduler.java:72)
[        ] 	at org.gradle.initialization.DefaultTaskExecutionPreparer.lambda$scheduleRequestedTasks$0(DefaultTaskExecutionPreparer.java:48)
[        ] 	at org.gradle.internal.Factories$1.create(Factories.java:31)
[        ] 	at org.gradle.internal.work.DefaultWorkerLeaseService.withReplacedLocks(DefaultWorkerLeaseService.java:359)
[        ] 	at org.gradle.api.internal.project.DefaultProjectStateRegistry$DefaultBuildProjectRegistry.withMutableStateOfAllProjects(DefaultProjectStateRegistry.java:239)
[        ] 	at org.gradle.api.internal.project.DefaultProjectStateRegistry$DefaultBuildProjectRegistry.withMutableStateOfAllProjects(DefaultProjectStateRegistry.java:232)
[        ] 	at org.gradle.initialization.DefaultTaskExecutionPreparer.scheduleRequestedTasks(DefaultTaskExecutionPreparer.java:47)
[        ] 	at org.gradle.initialization.VintageBuildModelController.lambda$scheduleRequestedTasks$0(VintageBuildModelController.java:76)
[        ] 	at org.gradle.internal.model.StateTransitionController.lambda$inState$1(StateTransitionController.java:99)
[        ] 	at org.gradle.internal.model.StateTransitionController.lambda$inState$2(StateTransitionController.java:114)
[        ] 	at org.gradle.internal.work.DefaultSynchronizer.withLock(DefaultSynchronizer.java:46)
[        ] 	at org.gradle.internal.model.StateTransitionController.inState(StateTransitionController.java:110)
[        ] 	at org.gradle.internal.model.StateTransitionController.inState(StateTransitionController.java:98)
[   +2 ms] 	at org.gradle.initialization.VintageBuildModelController.scheduleRequestedTasks(VintageBuildModelController.java:76)
[        ] 	at org.gradle.internal.build.DefaultBuildLifecycleController$DefaultWorkGraphBuilder.addRequestedTasks(DefaultBuildLifecycleController.java:404)
[        ] 	at org.gradle.internal.buildtree.DefaultBuildTreeWorkPreparer.lambda$scheduleRequestedTasks$0(DefaultBuildTreeWorkPreparer.java:41)
[        ] 	at org.gradle.internal.build.DefaultBuildLifecycleController.lambda$populateWorkGraph$7(DefaultBuildLifecycleController.java:189)
[        ] 	at org.gradle.internal.build.DefaultBuildWorkPreparer.populateWorkGraph(DefaultBuildWorkPreparer.java:42)
[        ] 	at org.gradle.internal.build.BuildOperationFiringBuildWorkPreparer$PopulateWorkGraph.populateTaskGraph(BuildOperationFiringBuildWorkPreparer.java:106)
[        ] 	at org.gradle.internal.build.BuildOperationFiringBuildWorkPreparer$PopulateWorkGraph.run(BuildOperationFiringBuildWorkPreparer.java:92)
[        ] 	at org.gradle.internal.operations.DefaultBuildOperationRunner$1.execute(DefaultBuildOperationRunner.java:30)
[        ] 	at org.gradle.internal.operations.DefaultBuildOperationRunner$1.execute(DefaultBuildOperationRunner.java:27)
[        ] 	at org.gradle.internal.operations.DefaultBuildOperationRunner$2.execute(DefaultBuildOperationRunner.java:67)
[        ] 	at org.gradle.internal.operations.DefaultBuildOperationRunner$2.execute(DefaultBuildOperationRunner.java:60)
[        ] 	at org.gradle.internal.operations.DefaultBuildOperationRunner.execute(DefaultBuildOperationRunner.java:167)
[        ] 	at org.gradle.internal.operations.DefaultBuildOperationRunner.execute(DefaultBuildOperationRunner.java:60)
[        ] 	at org.gradle.internal.operations.DefaultBuildOperationRunner.run(DefaultBuildOperationRunner.java:48)
[        ] 	at org.gradle.internal.build.BuildOperationFiringBuildWorkPreparer.populateWorkGraph(BuildOperationFiringBuildWorkPreparer.java:67)
[        ] 	at org.gradle.internal.build.DefaultBuildLifecycleController.lambda$populateWorkGraph$8(DefaultBuildLifecycleController.java:189)
[        ] 	at org.gradle.internal.model.StateTransitionController.lambda$inState$1(StateTransitionController.java:99)
[        ] 	at org.gradle.internal.model.StateTransitionController.lambda$inState$2(StateTransitionController.java:114)
[        ] 	at org.gradle.internal.work.DefaultSynchronizer.withLock(DefaultSynchronizer.java:46)
[        ] 	at org.gradle.internal.model.StateTransitionController.inState(StateTransitionController.java:110)
[        ] 	at org.gradle.internal.model.StateTransitionController.inState(StateTransitionController.java:98)
[        ] 	at org.gradle.internal.build.DefaultBuildLifecycleController.populateWorkGraph(DefaultBuildLifecycleController.java:189)
[        ] 	at org.gradle.internal.build.DefaultBuildWorkGraphController$DefaultBuildWorkGraph.populateWorkGraph(DefaultBuildWorkGraphController.java:169)
[        ] 	at org.gradle.composite.internal.DefaultBuildController.populateWorkGraph(DefaultBuildController.java:76)
[        ] 	at org.gradle.composite.internal.DefaultIncludedBuildTaskGraph$DefaultBuildTreeWorkGraphBuilder.withWorkGraph(DefaultIncludedBuildTaskGraph.java:153)
[        ] 	at org.gradle.internal.buildtree.DefaultBuildTreeWorkPreparer.lambda$scheduleRequestedTasks$1(DefaultBuildTreeWorkPreparer.java:41)
[        ] 	at org.gradle.composite.internal.DefaultIncludedBuildTaskGraph$DefaultBuildTreeWorkGraph$1.run(DefaultIncludedBuildTaskGraph.java:209)
[        ] 	at org.gradle.internal.operations.DefaultBuildOperationRunner$1.execute(DefaultBuildOperationRunner.java:30)
[        ] 	at org.gradle.internal.operations.DefaultBuildOperationRunner$1.execute(DefaultBuildOperationRunner.java:27)
[        ] 	at org.gradle.internal.operations.DefaultBuildOperationRunner$2.execute(DefaultBuildOperationRunner.java:67)
[        ] 	at org.gradle.internal.operations.DefaultBuildOperationRunner$2.execute(DefaultBuildOperationRunner.java:60)
[        ] 	at org.gradle.internal.operations.DefaultBuildOperationRunner.execute(DefaultBuildOperationRunner.java:167)
[        ] 	at org.gradle.internal.operations.DefaultBuildOperationRunner.execute(DefaultBuildOperationRunner.java:60)
[        ] 	at org.gradle.internal.operations.DefaultBuildOperationRunner.run(DefaultBuildOperationRunner.java:48)
[        ] 	at org.gradle.composite.internal.DefaultIncludedBuildTaskGraph$DefaultBuildTreeWorkGraph.scheduleWork(DefaultIncludedBuildTaskGraph.java:204)
[        ] 	at org.gradle.internal.buildtree.DefaultBuildTreeWorkPreparer.scheduleRequestedTasks(DefaultBuildTreeWorkPreparer.java:37)
[        ] 	at org.gradle.internal.cc.impl.VintageBuildTreeWorkController$scheduleAndRunRequestedTasks$1.apply(VintageBuildTreeWorkController.kt:36)
[        ] 	at org.gradle.internal.cc.impl.VintageBuildTreeWorkController$scheduleAndRunRequestedTasks$1.apply(VintageBuildTreeWorkController.kt:35)
[        ] 	at org.gradle.composite.internal.DefaultIncludedBuildTaskGraph.withNewWorkGraph(DefaultIncludedBuildTaskGraph.java:112)
[        ] 	at org.gradle.internal.cc.impl.VintageBuildTreeWorkController.scheduleAndRunRequestedTasks(VintageBuildTreeWorkController.kt:35)
[        ] 	at org.gradle.internal.buildtree.DefaultBuildTreeLifecycleController.lambda$scheduleAndRunTasks$1(DefaultBuildTreeLifecycleController.java:77)
[        ] 	at org.gradle.internal.buildtree.DefaultBuildTreeLifecycleController.lambda$runBuild$4(DefaultBuildTreeLifecycleController.java:120)
[        ] 	at org.gradle.internal.model.StateTransitionController.lambda$transition$6(StateTransitionController.java:169)
[        ] 	at org.gradle.internal.model.StateTransitionController.doTransition(StateTransitionController.java:266)
[        ] 	at org.gradle.internal.model.StateTransitionController.lambda$transition$7(StateTransitionController.java:169)
[   +8 ms] 	at org.gradle.internal.work.DefaultSynchronizer.withLock(DefaultSynchronizer.java:46)
[        ] 	at org.gradle.internal.model.StateTransitionController.transition(StateTransitionController.java:169)
[        ] 	at org.gradle.internal.buildtree.DefaultBuildTreeLifecycleController.runBuild(DefaultBuildTreeLifecycleController.java:117)
[        ] 	at org.gradle.internal.buildtree.DefaultBuildTreeLifecycleController.scheduleAndRunTasks(DefaultBuildTreeLifecycleController.java:77)
[        ] 	at org.gradle.internal.buildtree.DefaultBuildTreeLifecycleController.scheduleAndRunTasks(DefaultBuildTreeLifecycleController.java:72)
[        ] 	at org.gradle.tooling.internal.provider.ExecuteBuildActionRunner.run(ExecuteBuildActionRunner.java:31)
[        ] 	at org.gradle.launcher.exec.ChainingBuildActionRunner.run(ChainingBuildActionRunner.java:35)
[  +57 ms] 	at org.gradle.internal.buildtree.ProblemReportingBuildActionRunner.run(ProblemReportingBuildActionRunner.java:49)
[        ] 	at org.gradle.launcher.exec.BuildOutcomeReportingBuildActionRunner.run(BuildOutcomeReportingBuildActionRunner.java:71)
[        ] 	at org.gradle.tooling.internal.provider.FileSystemWatchingBuildActionRunner.run(FileSystemWatchingBuildActionRunner.java:135)
[        ] 	at org.gradle.launcher.exec.BuildCompletionNotifyingBuildActionRunner.run(BuildCompletionNotifyingBuildActionRunner.java:41)
[        ] 	at org.gradle.launcher.exec.RootBuildLifecycleBuildActionExecutor.lambda$execute$0(RootBuildLifecycleBuildActionExecutor.java:54)
[        ] 	at org.gradle.composite.internal.DefaultRootBuildState.run(DefaultRootBuildState.java:130)
[        ] 	at org.gradle.launcher.exec.RootBuildLifecycleBuildActionExecutor.execute(RootBuildLifecycleBuildActionExecutor.java:54)
[        ] 	at org.gradle.internal.buildtree.InitDeprecationLoggingActionExecutor.execute(InitDeprecationLoggingActionExecutor.java:62)
[  +27 ms] 	at org.gradle.internal.buildtree.InitProblems.execute(InitProblems.java:36)
[        ] 	at org.gradle.internal.buildtree.DefaultBuildTreeContext.execute(DefaultBuildTreeContext.java:40)
[        ] 	at org.gradle.launcher.exec.BuildTreeLifecycleBuildActionExecutor.lambda$execute$0(BuildTreeLifecycleBuildActionExecutor.java:71)
[        ] 	at org.gradle.internal.buildtree.BuildTreeState.run(BuildTreeState.java:60)
[        ] 	at org.gradle.launcher.exec.BuildTreeLifecycleBuildActionExecutor.execute(BuildTreeLifecycleBuildActionExecutor.java:71)
[        ] 	at org.gradle.launcher.exec.RunAsBuildOperationBuildActionExecutor$2.call(RunAsBuildOperationBuildActionExecutor.java:67)
[        ] 	at org.gradle.launcher.exec.RunAsBuildOperationBuildActionExecutor$2.call(RunAsBuildOperationBuildActionExecutor.java:63)
[        ] 	at org.gradle.internal.operations.DefaultBuildOperationRunner$CallableBuildOperationWorker.execute(DefaultBuildOperationRunner.java:210)
[  +36 ms] 	at org.gradle.internal.operations.DefaultBuildOperationRunner$CallableBuildOperationWorker.execute(DefaultBuildOperationRunner.java:205)
[        ] 	at org.gradle.internal.operations.DefaultBuildOperationRunner$2.execute(DefaultBuildOperationRunner.java:67)
[        ] 	at org.gradle.internal.operations.DefaultBuildOperationRunner$2.execute(DefaultBuildOperationRunner.java:60)
[        ] 	at org.gradle.internal.operations.DefaultBuildOperationRunner.execute(DefaultBuildOperationRunner.java:167)
[        ] 	at org.gradle.internal.operations.DefaultBuildOperationRunner.execute(DefaultBuildOperationRunner.java:60)
[        ] 	at org.gradle.internal.operations.DefaultBuildOperationRunner.call(DefaultBuildOperationRunner.java:54)
[        ] 	at org.gradle.launcher.exec.RunAsBuildOperationBuildActionExecutor.execute(RunAsBuildOperationBuildActionExecutor.java:63)
[        ] 	at org.gradle.launcher.exec.RunAsWorkerThreadBuildActionExecutor.lambda$execute$0(RunAsWorkerThreadBuildActionExecutor.java:36)
[   +3 ms] 	at org.gradle.internal.work.DefaultWorkerLeaseService.withLocks(DefaultWorkerLeaseService.java:263)
[        ] 	at org.gradle.internal.work.DefaultWorkerLeaseService.runAsWorkerThread(DefaultWorkerLeaseService.java:127)
[        ] 	at org.gradle.launcher.exec.RunAsWorkerThreadBuildActionExecutor.execute(RunAsWorkerThreadBuildActionExecutor.java:36)
[  +18 ms] 	at org.gradle.tooling.internal.provider.continuous.ContinuousBuildActionExecutor.execute(ContinuousBuildActionExecutor.java:110)
[   +1 ms] 	at org.gradle.tooling.internal.provider.SubscribableBuildActionExecutor.execute(SubscribableBuildActionExecutor.java:64)
[   +1 ms] 	at org.gradle.internal.session.DefaultBuildSessionContext.execute(DefaultBuildSessionContext.java:46)
[   +1 ms] 	at org.gradle.internal.buildprocess.execution.BuildSessionLifecycleBuildActionExecutor$ActionImpl.apply(BuildSessionLifecycleBuildActionExecutor.java:92)
[        ] 	at org.gradle.internal.buildprocess.execution.BuildSessionLifecycleBuildActionExecutor$ActionImpl.apply(BuildSessionLifecycleBuildActionExecutor.java:80)
[        ] 	at org.gradle.internal.session.BuildSessionState.run(BuildSessionState.java:73)
[        ] 	at org.gradle.internal.buildprocess.execution.BuildSessionLifecycleBuildActionExecutor.execute(BuildSessionLifecycleBuildActionExecutor.java:62)
[   +5 ms] 	at org.gradle.internal.buildprocess.execution.BuildSessionLifecycleBuildActionExecutor.execute(BuildSessionLifecycleBuildActionExecutor.java:41)
[   +1 ms] 	at org.gradle.internal.buildprocess.execution.StartParamsValidatingActionExecutor.execute(StartParamsValidatingActionExecutor.java:64)
[   +1 ms] 	at org.gradle.internal.buildprocess.execution.StartParamsValidatingActionExecutor.execute(StartParamsValidatingActionExecutor.java:32)
[   +1 ms] 	at org.gradle.internal.buildprocess.execution.SessionFailureReportingActionExecutor.execute(SessionFailureReportingActionExecutor.java:51)
[   +1 ms] 	at org.gradle.internal.buildprocess.execution.SessionFailureReportingActionExecutor.execute(SessionFailureReportingActionExecutor.java:39)
[        ] 	at org.gradle.internal.buildprocess.execution.SetupLoggingActionExecutor.execute(SetupLoggingActionExecutor.java:47)
[        ] 	at org.gradle.internal.buildprocess.execution.SetupLoggingActionExecutor.execute(SetupLoggingActionExecutor.java:31)
[        ] 	at org.gradle.launcher.daemon.server.exec.ExecuteBuild.doBuild(ExecuteBuild.java:70)
[        ] 	at org.gradle.launcher.daemon.server.exec.BuildCommandOnly.execute(BuildCommandOnly.java:37)
[        ] 	at org.gradle.launcher.daemon.server.api.DaemonCommandExecution.proceed(DaemonCommandExecution.java:104)
[        ] 	at org.gradle.launcher.daemon.server.exec.WatchForDisconnection.execute(WatchForDisconnection.java:39)
[        ] 	at org.gradle.launcher.daemon.server.api.DaemonCommandExecution.proceed(DaemonCommandExecution.java:104)
[        ] 	at org.gradle.launcher.daemon.server.exec.ResetDeprecationLogger.execute(ResetDeprecationLogger.java:29)
[        ] 	at org.gradle.launcher.daemon.server.api.DaemonCommandExecution.proceed(DaemonCommandExecution.java:104)
[        ] 	at org.gradle.launcher.daemon.server.exec.RequestStopIfSingleUsedDaemon.execute(RequestStopIfSingleUsedDaemon.java:35)
[        ] 	at org.gradle.launcher.daemon.server.api.DaemonCommandExecution.proceed(DaemonCommandExecution.java:104)
[        ] 	at org.gradle.launcher.daemon.server.exec.ForwardClientInput.lambda$execute$0(ForwardClientInput.java:40)
[        ] 	at org.gradle.internal.daemon.clientinput.ClientInputForwarder.forwardInput(ClientInputForwarder.java:80)
[        ] 	at org.gradle.launcher.daemon.server.exec.ForwardClientInput.execute(ForwardClientInput.java:37)
[  +10 ms] 	at org.gradle.launcher.daemon.server.api.DaemonCommandExecution.proceed(DaemonCommandExecution.java:104)
[        ] 	at org.gradle.launcher.daemon.server.exec.LogAndCheckHealth.execute(LogAndCheckHealth.java:53)
[        ] 	at org.gradle.launcher.daemon.server.api.DaemonCommandExecution.proceed(DaemonCommandExecution.java:104)
[        ] 	at org.gradle.launcher.daemon.server.exec.LogToClient.doBuild(LogToClient.java:63)
[        ] 	at org.gradle.launcher.daemon.server.exec.BuildCommandOnly.execute(BuildCommandOnly.java:37)
[        ] 	at org.gradle.launcher.daemon.server.api.DaemonCommandExecution.proceed(DaemonCommandExecution.java:104)
[        ] 	at org.gradle.launcher.daemon.server.exec.EstablishBuildEnvironment.doBuild(EstablishBuildEnvironment.java:84)
[        ] 	at org.gradle.launcher.daemon.server.exec.BuildCommandOnly.execute(BuildCommandOnly.java:37)
[        ] 	at org.gradle.launcher.daemon.server.api.DaemonCommandExecution.proceed(DaemonCommandExecution.java:104)
[        ] 	at org.gradle.launcher.daemon.server.exec.StartBuildOrRespondWithBusy$1.run(StartBuildOrRespondWithBusy.java:52)
[   +4 ms] 	at org.gradle.launcher.daemon.server.DaemonStateCoordinator.lambda$runCommand$0(DaemonStateCoordinator.java:321)
[        ] 	at org.gradle.internal.concurrent.ExecutorPolicy$CatchAndRecordFailures.onExecute(ExecutorPolicy.java:64)
[        ] 	at org.gradle.internal.concurrent.AbstractManagedExecutor$1.run(AbstractManagedExecutor.java:48)
[        ] 	at java.base/java.util.concurrent.ThreadPoolExecutor.runWorker(ThreadPoolExecutor.java:1136)
[        ] 	at java.base/java.util.concurrent.ThreadPoolExecutor$Worker.run(ThreadPoolExecutor.java:635)
[        ] 	at java.base/java.lang.Thread.run(Thread.java:840)
[        ] Caused by: org.gradle.api.internal.provider.MissingValueException: Cannot query the value of this provider because it has no value available.
[        ] 	at org.gradle.api.internal.provider.AbstractMinimalProvider.calculateOwnPresentValue(AbstractMinimalProvider.java:84)
[        ] 	at org.gradle.api.internal.provider.AbstractMinimalProvider.get(AbstractMinimalProvider.java:102)
[        ] 	at org.gradle.api.internal.provider.ProviderResolutionStrategy$2.resolve(ProviderResolutionStrategy.java:33)
[  +66 ms] 	at org.gradle.api.internal.file.collections.ProviderBackedFileCollection.visitDependencies(ProviderBackedFileCollection.java:57)
[   +1 ms] 	at org.gradle.api.internal.AbstractTaskDependencyContainerVisitingContext.add(AbstractTaskDependencyContainerVisitingContext.java:46)
[        ] 	at org.gradle.api.internal.file.collections.UnpackingVisitor.add(UnpackingVisitor.java:77)
[        ] 	at org.gradle.api.internal.file.collections.DefaultConfigurableFileCollection$UnresolvedItemsCollector.visitContents(DefaultConfigurableFileCollection.java:616)
[        ] 	at org.gradle.api.internal.file.collections.DefaultConfigurableFileCollection.visitChildren(DefaultConfigurableFileCollection.java:433)
[        ] 	at org.gradle.api.internal.file.CompositeFileCollection.visitDependencies(CompositeFileCollection.java:102)
[        ] 	at org.gradle.api.internal.file.collections.DefaultConfigurableFileCollection.visitDependencies(DefaultConfigurableFileCollection.java:439)
[        ] 	at org.gradle.api.internal.AbstractTaskDependencyContainerVisitingContext.add(AbstractTaskDependencyContainerVisitingContext.java:46)
[  +22 ms] 	at org.gradle.api.internal.file.AbstractFileCollection.lambda$getBuildDependencies$0(AbstractFileCollection.java:98)
[        ] 	at org.gradle.api.internal.tasks.DefaultTaskDependency.visitDependencies(DefaultTaskDependency.java:151)
[        ] 	at org.gradle.api.internal.AbstractTaskDependencyContainerVisitingContext.add(AbstractTaskDependencyContainerVisitingContext.java:46)
[        ] 	at org.gradle.api.internal.artifacts.ivyservice.resolveengine.artifact.LocalFileDependencyBackedArtifactSet.visitDependencies(LocalFileDependencyBackedArtifactSet.java:180)
[        ] 	at org.gradle.api.internal.AbstractTaskDependencyContainerVisitingContext.add(AbstractTaskDependencyContainerVisitingContext.java:46)
[        ] 	at org.gradle.api.internal.artifacts.ivyservice.resolveengine.artifact.DefaultSelectedArtifactSet.visitDependencies(DefaultSelectedArtifactSet.java:47)
[        ] 	at org.gradle.api.internal.artifacts.configurations.ResolutionResultProviderBackedSelectedArtifactSet.visitDependencies(ResolutionResultProviderBackedSelectedArtifactSet.java:44)
[  +13 ms] 	at org.gradle.api.internal.artifacts.configurations.ResolutionBackedFileCollection.visitDependencies(ResolutionBackedFileCollection.java:58)
[        ] 	at org.gradle.api.internal.provider.BuildableBackedProvider$1.visitDependencies(BuildableBackedProvider.java:57)
[        ] 	at org.gradle.api.internal.file.collections.ProviderBackedFileCollection.visitDependencies(ProviderBackedFileCollection.java:53)
[   +1 ms] 	at org.gradle.api.internal.tasks.CachingTaskDependencyResolveContext$TaskGraphImpl.getNodeValues(CachingTaskDependencyResolveContext.java:108)
[        ] 	at org.gradle.internal.graph.CachingDirectedGraphWalker$GraphWithEmptyEdges.getNodeValues(CachingDirectedGraphWalker.java:219)
[        ] 	at org.gradle.internal.graph.CachingDirectedGraphWalker.doSearch(CachingDirectedGraphWalker.java:127)
[        ] 	at org.gradle.internal.graph.CachingDirectedGraphWalker.findValues(CachingDirectedGraphWalker.java:79)
[        ] 	at org.gradle.api.internal.tasks.CachingTaskDependencyResolveContext.getDependencies(CachingTaskDependencyResolveContext.java:67)
[        ] 	... 142 more
[        ] BUILD FAILED in 1m 7s
[   +3 ms] Deprecated Gradle features were used in this build, making it incompatible with Gradle 9.0.
[        ] You can use '--warning-mode all' to show the individual deprecation warnings and determine if they come from your own scripts or plugins.
[        ] For more on this, please refer to https://docs.gradle.org/8.13/userguide/command_line_interface.html#sec:command_line_warnings in the Gradle documentation.
[        ] 4 actionable tasks: 4 up-to-date
[  +34 ms] Watched directory hierarchies: [C:\Flutter\flutter\packages\flutter_tools\gradle]
[ +572 ms] Running Gradle task 'assembleDebug'... (completed in 69,3s)
[ +155 ms] "flutter apk" took 71.578ms.
[ +344 ms] Gradle task assembleDebug failed with exit code 1
[   +5 ms] 
           #0      throwToolExit (package:flutter_tools/src/base/common.dart:34:3)
           #1      AndroidGradleBuilder.buildGradleApp (package:flutter_tools/src/android/gradle.dart:592:7)
           <asynchronous suspension>
           #2      AndroidGradleBuilder.buildApk (package:flutter_tools/src/android/gradle.dart:234:5)
           <asynchronous suspension>
           #3      BuildApkCommand.runCommand (package:flutter_tools/src/commands/build_apk.dart:131:5)
           <asynchronous suspension>
           #4      FlutterCommand.run.<anonymous closure> (package:flutter_tools/src/runner/flutter_command.dart:1559:27)
           <asynchronous suspension>
           #5      AppContext.run.<anonymous closure> (package:flutter_tools/src/base/context.dart:154:19)
           <asynchronous suspension>
           #6      CommandRunner.runCommand (package:args/command_runner.dart:212:13)
           <asynchronous suspension>
           #7      FlutterCommandRunner.runCommand.<anonymous closure> (package:flutter_tools/src/runner/flutter_command_runner.dart:487:9)
           <asynchronous suspension>
           #8      AppContext.run.<anonymous closure> (package:flutter_tools/src/base/context.dart:154:19)
           <asynchronous suspension>
           #9      FlutterCommandRunner.runCommand (package:flutter_tools/src/runner/flutter_command_runner.dart:422:5)
           <asynchronous suspension>
           #10     run.<anonymous closure>.<anonymous closure> (package:flutter_tools/runner.dart:104:11)
           <asynchronous suspension>
           #11     AppContext.run.<anonymous closure> (package:flutter_tools/src/base/context.dart:154:19)
           <asynchronous suspension>
           #12     main (package:flutter_tools/executable.dart:103:3)
           <asynchronous suspension>


[   +1 ms] Running 1 shutdown hook
[  +15 ms] Shutdown hooks complete
[ +192 ms] exiting with code 1
