00:00 +0: loading C:/Users/joaom/Documents/GitHub/Notes/universal_notes_flutter/test/auth_service_test.dart
00:00 +0: C:/Users/joaom/Documents/GitHub/Notes/universal_notes_flutter/test/chaos_resilience_test.dart: UpdateService Resilience (Chaos) handles timeout gracefully
00:00 +1: C:/Users/joaom/Documents/GitHub/Notes/universal_notes_flutter/test/chaos_resilience_test.dart: UpdateService Resilience (Chaos) handles server 500 errors gracefully
00:05 +2: C:/Users/joaom/Documents/GitHub/Notes/universal_notes_flutter/test/coverage_helper_test.dart: coverage helper
00:06 +3: C:/Users/joaom/Documents/GitHub/Notes/universal_notes_flutter/test/editor/document_manipulator_test.dart: DocumentManipulator insertText should add text to an empty document
00:06 +4: C:/Users/joaom/Documents/GitHub/Notes/universal_notes_flutter/test/editor/document_manipulator_test.dart: DocumentManipulator insertText should add text in the middle of existing text
00:06 +5: C:/Users/joaom/Documents/GitHub/Notes/universal_notes_flutter/test/editor/document_manipulator_test.dart: DocumentManipulator deleteText should remove text correctly
00:06 +6: C:/Users/joaom/Documents/GitHub/Notes/universal_notes_flutter/test/editor/document_manipulator_test.dart: DocumentManipulator toggleStyle should apply bold to selected text
00:07 +7: C:/Users/joaom/Documents/GitHub/Notes/universal_notes_flutter/test/editor/document_manipulator_test.dart: DocumentManipulator changeBlockIndent should update block attributes
00:07 +8: C:/Users/joaom/Documents/GitHub/Notes/universal_notes_flutter/test/editor/document_manipulator_test.dart: DocumentManipulator insertImage should add an image block
00:07 +9: C:/Users/joaom/Documents/GitHub/Notes/universal_notes_flutter/test/editor/document_manipulator_test.dart: DocumentManipulator convertBlockToCallout should transform block type
00:07 +10: C:/Users/joaom/Documents/GitHub/Notes/universal_notes_flutter/test/editor/document_manipulator_test.dart: DocumentManipulator toggleList should apply list attribute
00:09 +11: loading C:/Users/joaom/Documents/GitHub/Notes/universal_notes_flutter/test/editor/editor_widget_test.dart
00:12 +11: C:/Users/joaom/Documents/GitHub/Notes/universal_notes_flutter/test/editor/editor_widget_test.dart: (setUpAll)
00:13 +11: C:/Users/joaom/Documents/GitHub/Notes/universal_notes_flutter/test/editor/editor_widget_test.dart: EditorWidget types text
00:14 +12: C:/Users/joaom/Documents/GitHub/Notes/universal_notes_flutter/test/editor/editor_widget_test.dart: EditorWidget types text
00:14 +13: C:/Users/joaom/Documents/GitHub/Notes/universal_notes_flutter/test/editor/editor_widget_test.dart: EditorWidget types text
00:14 +14: C:/Users/joaom/Documents/GitHub/Notes/universal_notes_flutter/test/editor/editor_widget_test.dart: EditorWidget types text
00:14 +15: C:/Users/joaom/Documents/GitHub/Notes/universal_notes_flutter/test/editor/editor_widget_test.dart: EditorWidget types text
00:15 +16: C:/Users/joaom/Documents/GitHub/Notes/universal_notes_flutter/test/editor/editor_widget_test.dart: EditorWidget handles backspace
00:15 +17: C:/Users/joaom/Documents/GitHub/Notes/universal_notes_flutter/test/editor/editor_widget_test.dart: EditorWidget triggers bold shortcut
00:15 +18: C:/Users/joaom/Documents/GitHub/Notes/universal_notes_flutter/test/editor/editor_widget_test.dart: (tearDownAll)
00:17 +18: loading C:/Users/joaom/Documents/GitHub/Notes/universal_notes_flutter/test/editor/markdown_converter_test.dart
00:19 +18: C:/Users/joaom/Documents/GitHub/Notes/universal_notes_flutter/test/editor/markdown_converter_test.dart: MarkdownConverter should apply bold style on *text* 
00:19 +19: C:/Users/joaom/Documents/GitHub/Notes/universal_notes_flutter/test/editor/markdown_converter_test.dart: MarkdownConverter should apply italic style on _text_ 
00:19 +20: C:/Users/joaom/Documents/GitHub/Notes/universal_notes_flutter/test/editor/markdown_converter_test.dart: MarkdownConverter should apply heading block on # 
00:19 +21: C:/Users/joaom/Documents/GitHub/Notes/universal_notes_flutter/test/editor/markdown_converter_test.dart: MarkdownConverter should apply checklist on - [ ] 
00:19 +22: C:/Users/joaom/Documents/GitHub/Notes/universal_notes_flutter/test/editor/markdown_converter_test.dart: MarkdownConverter should handle links [text](url)
00:19 +23: C:/Users/joaom/Documents/GitHub/Notes/universal_notes_flutter/test/editor/markdown_converter_test.dart: MarkdownConverter should convert table separator |---|
00:19 +24: C:/Users/joaom/Documents/GitHub/Notes/universal_notes_flutter/test/editor/markdown_converter_test.dart: MarkdownConverter should handle math block $$tex$$
00:19 +25: C:/Users/joaom/Documents/GitHub/Notes/universal_notes_flutter/test/editor/markdown_converter_test.dart: MarkdownConverter should handle transclusion ![[note]]
00:20 +26: C:/Users/joaom/Documents/GitHub/Notes/universal_notes_flutter/test/editor/virtual_text_buffer_test.dart: VirtualTextBuffer should split text blocks by newlines
00:20 +27: C:/Users/joaom/Documents/GitHub/Notes/universal_notes_flutter/test/editor/virtual_text_buffer_test.dart: VirtualTextBuffer should handle callout blocks with multiple lines
00:20 +28: C:/Users/joaom/Documents/GitHub/Notes/universal_notes_flutter/test/editor/virtual_text_buffer_test.dart: VirtualTextBuffer getLineTextPositionForOffset should return correct position
00:20 +29: C:/Users/joaom/Documents/GitHub/Notes/universal_notes_flutter/test/editor/virtual_text_buffer_test.dart: VirtualTextBuffer getOffsetForLineTextPosition should return correct offset
00:20 +30: C:/Users/joaom/Documents/GitHub/Notes/universal_notes_flutter/test/editor/virtual_text_buffer_test.dart: VirtualTextBuffer should handle non-text blocks as length 1
00:21 +31: loading C:/Users/joaom/Documents/GitHub/Notes/universal_notes_flutter/test/editor_widget_stress_test.dart
00:24 +31: C:/Users/joaom/Documents/GitHub/Notes/universal_notes_flutter/test/editor_widget_stress_test.dart: EditorWidget Stress Tests should render a 50,000-word document without crashing
00:28 +32: C:/Users/joaom/Documents/GitHub/Notes/universal_notes_flutter/test/main_fluent_test.dart: MyFluentApp UI Tests Deve renderizar a UI inicial com notas
ÔòÉÔòÉÔòí EXCEPTION CAUGHT BY FLUTTER TEST FRAMEWORK Ôò×ÔòÉÔòÉÔòÉÔòÉÔòÉÔòÉÔòÉÔòÉÔòÉÔòÉÔòÉÔòÉÔòÉÔòÉÔòÉÔòÉÔòÉÔòÉÔòÉÔòÉÔòÉÔòÉÔòÉÔòÉÔòÉÔòÉÔòÉÔòÉÔòÉÔòÉÔòÉÔòÉÔòÉÔòÉÔòÉÔòÉÔòÉÔòÉÔòÉÔòÉÔòÉÔòÉÔòÉÔòÉÔòÉÔòÉÔòÉÔòÉÔòÉÔòÉÔòÉÔòÉ
The following assertion was thrown running a test:
pumpAndSettle timed out

When the exception was thrown, this was the stack:
#0      WidgetTester.pumpAndSettle.<anonymous closure> (package:flutter_test/src/widget_tester.dart:717:11)
<asynchronous suspension>
#1      TestAsyncUtils.guard.<anonymous closure> (package:flutter_test/src/test_async_utils.dart:130:27)
<asynchronous suspension>
#2      main.pumpWidget (file:///C:/Users/joaom/Documents/GitHub/Notes/universal_notes_flutter/test/main_fluent_test.dart:69:5)
<asynchronous suspension>
#3      main.<anonymous closure>.<anonymous closure> (file:///C:/Users/joaom/Documents/GitHub/Notes/universal_notes_flutter/test/main_fluent_test.dart:98:7)
<asynchronous suspension>
#4      testWidgets.<anonymous closure>.<anonymous closure> (package:flutter_test/src/widget_tester.dart:192:15)
<asynchronous suspension>
#5      TestWidgetsFlutterBinding._runTestBody (package:flutter_test/src/binding.dart:1059:5)
<asynchronous suspension>
<asynchronous suspension>
(elided one frame from package:stack_trace)

The test description was:
  Deve renderizar a UI inicial com notas
ÔòÉÔòÉÔòÉÔòÉÔòÉÔòÉÔòÉÔòÉÔòÉÔòÉÔòÉÔòÉÔòÉÔòÉÔòÉÔòÉÔòÉÔòÉÔòÉÔòÉÔòÉÔòÉÔòÉÔòÉÔòÉÔòÉÔòÉÔòÉÔòÉÔòÉÔòÉÔòÉÔòÉÔòÉÔòÉÔòÉÔòÉÔòÉÔòÉÔòÉÔòÉÔòÉÔòÉÔòÉÔòÉÔòÉÔòÉÔòÉÔòÉÔòÉÔòÉÔòÉÔòÉÔòÉÔòÉÔòÉÔòÉÔòÉÔòÉÔòÉÔòÉÔòÉÔòÉÔòÉÔòÉÔòÉÔòÉÔòÉÔòÉÔòÉÔòÉÔòÉÔòÉÔòÉÔòÉÔòÉÔòÉÔòÉÔòÉÔòÉÔòÉÔòÉÔòÉÔòÉÔòÉÔòÉÔòÉÔòÉÔòÉÔòÉÔòÉÔòÉÔòÉÔòÉÔòÉÔòÉÔòÉÔòÉÔòÉÔòÉ
00:54 +32 -1: C:/Users/joaom/Documents/GitHub/Notes/universal_notes_flutter/test/main_material_test.dart: MyApp Material UI Tests Deve renderizar a UI inicial com notas
00:54 +32 -1: C:/Users/joaom/Documents/GitHub/Notes/universal_notes_flutter/test/main_fluent_test.dart: MyFluentApp UI Tests Deve renderizar a UI inicial com notas [E]
  Test failed. See exception logs above.
  The test description was: Deve renderizar a UI inicial com notas
  
00:58 +32 -1: C:/Users/joaom/Documents/GitHub/Notes/universal_notes_flutter/test/main_material_test.dart: MyApp Material UI Tests Deve renderizar a UI inicial com notas
ÔòÉÔòÉÔòí EXCEPTION CAUGHT BY FLUTTER TEST FRAMEWORK Ôò×ÔòÉÔòÉÔòÉÔòÉÔòÉÔòÉÔòÉÔòÉÔòÉÔòÉÔòÉÔòÉÔòÉÔòÉÔòÉÔòÉÔòÉÔòÉÔòÉÔòÉÔòÉÔòÉÔòÉÔòÉÔòÉÔòÉÔòÉÔòÉÔòÉÔòÉÔòÉÔòÉÔòÉÔòÉÔòÉÔòÉÔòÉÔòÉÔòÉÔòÉÔòÉÔòÉÔòÉÔòÉÔòÉÔòÉÔòÉÔòÉÔòÉÔòÉÔòÉÔòÉ
The following assertion was thrown running a test:
pumpAndSettle timed out

When the exception was thrown, this was the stack:
#0      WidgetTester.pumpAndSettle.<anonymous closure> (package:flutter_test/src/widget_tester.dart:717:11)
<asynchronous suspension>
#1      TestAsyncUtils.guard.<anonymous closure> (package:flutter_test/src/test_async_utils.dart:130:27)
<asynchronous suspension>
#2      main.pumpWidget (file:///C:/Users/joaom/Documents/GitHub/Notes/universal_notes_flutter/test/main_material_test.dart:67:5)
<asynchronous suspension>
#3      main.<anonymous closure>.<anonymous closure> (file:///C:/Users/joaom/Documents/GitHub/Notes/universal_notes_flutter/test/main_material_test.dart:96:7)
<asynchronous suspension>
#4      testWidgets.<anonymous closure>.<anonymous closure> (package:flutter_test/src/widget_tester.dart:192:15)
<asynchronous suspension>
#5      TestWidgetsFlutterBinding._runTestBody (package:flutter_test/src/binding.dart:1059:5)
<asynchronous suspension>
<asynchronous suspension>
(elided one frame from package:stack_trace)

The test description was:
  Deve renderizar a UI inicial com notas
ÔòÉÔòÉÔòÉÔòÉÔòÉÔòÉÔòÉÔòÉÔòÉÔòÉÔòÉÔòÉÔòÉÔòÉÔòÉÔòÉÔòÉÔòÉÔòÉÔòÉÔòÉÔòÉÔòÉÔòÉÔòÉÔòÉÔòÉÔòÉÔòÉÔòÉÔòÉÔòÉÔòÉÔòÉÔòÉÔòÉÔòÉÔòÉÔòÉÔòÉÔòÉÔòÉÔòÉÔòÉÔòÉÔòÉÔòÉÔòÉÔòÉÔòÉÔòÉÔòÉÔòÉÔòÉÔòÉÔòÉÔòÉÔòÉÔòÉÔòÉÔòÉÔòÉÔòÉÔòÉÔòÉÔòÉÔòÉÔòÉÔòÉÔòÉÔòÉÔòÉÔòÉÔòÉÔòÉÔòÉÔòÉÔòÉÔòÉÔòÉÔòÉÔòÉÔòÉÔòÉÔòÉÔòÉÔòÉÔòÉÔòÉÔòÉÔòÉÔòÉÔòÉÔòÉÔòÉÔòÉÔòÉÔòÉÔòÉÔòÉ
00:58 +32 -2: C:/Users/joaom/Documents/GitHub/Notes/universal_notes_flutter/test/main_fluent_test.dart: MyFluentApp UI Tests Deve alternar entre os modos de visualiza├º├úo
00:58 +32 -2: C:/Users/joaom/Documents/GitHub/Notes/universal_notes_flutter/test/main_material_test.dart: MyApp Material UI Tests Deve renderizar a UI inicial com notas [E]
  Test failed. See exception logs above.
  The test description was: Deve renderizar a UI inicial com notas
  
01:13 +32 -2: C:/Users/joaom/Documents/GitHub/Notes/universal_notes_flutter/test/main_material_test.dart: MyApp Material UI Tests Deve alternar entre os modos de visualiza├º├úo (lista -> grid)
ÔòÉÔòÉÔòí EXCEPTION CAUGHT BY FLUTTER TEST FRAMEWORK Ôò×ÔòÉÔòÉÔòÉÔòÉÔòÉÔòÉÔòÉÔòÉÔòÉÔòÉÔòÉÔòÉÔòÉÔòÉÔòÉÔòÉÔòÉÔòÉÔòÉÔòÉÔòÉÔòÉÔòÉÔòÉÔòÉÔòÉÔòÉÔòÉÔòÉÔòÉÔòÉÔòÉÔòÉÔòÉÔòÉÔòÉÔòÉÔòÉÔòÉÔòÉÔòÉÔòÉÔòÉÔòÉÔòÉÔòÉÔòÉÔòÉÔòÉÔòÉÔòÉÔòÉ
The following assertion was thrown running a test:
pumpAndSettle timed out

When the exception was thrown, this was the stack:
#0      WidgetTester.pumpAndSettle.<anonymous closure> (package:flutter_test/src/widget_tester.dart:717:11)
<asynchronous suspension>
#1      TestAsyncUtils.guard.<anonymous closure> (package:flutter_test/src/test_async_utils.dart:130:27)
<asynchronous suspension>
#2      main.pumpWidget (file:///C:/Users/joaom/Documents/GitHub/Notes/universal_notes_flutter/test/main_material_test.dart:67:5)
<asynchronous suspension>
#3      main.<anonymous closure>.<anonymous closure> (file:///C:/Users/joaom/Documents/GitHub/Notes/universal_notes_flutter/test/main_material_test.dart:112:9)
<asynchronous suspension>
#4      testWidgets.<anonymous closure>.<anonymous closure> (package:flutter_test/src/widget_tester.dart:192:15)
<asynchronous suspension>
#5      TestWidgetsFlutterBinding._runTestBody (package:flutter_test/src/binding.dart:1059:5)
<asynchronous suspension>
<asynchronous suspension>
(elided one frame from package:stack_trace)

The test description was:
  Deve alternar entre os modos de visualiza├º├úo (lista -> grid)
ÔòÉÔòÉÔòÉÔòÉÔòÉÔòÉÔòÉÔòÉÔòÉÔòÉÔòÉÔòÉÔòÉÔòÉÔòÉÔòÉÔòÉÔòÉÔòÉÔòÉÔòÉÔòÉÔòÉÔòÉÔòÉÔòÉÔòÉÔòÉÔòÉÔòÉÔòÉÔòÉÔòÉÔòÉÔòÉÔòÉÔòÉÔòÉÔòÉÔòÉÔòÉÔòÉÔòÉÔòÉÔòÉÔòÉÔòÉÔòÉÔòÉÔòÉÔòÉÔòÉÔòÉÔòÉÔòÉÔòÉÔòÉÔòÉÔòÉÔòÉÔòÉÔòÉÔòÉÔòÉÔòÉÔòÉÔòÉÔòÉÔòÉÔòÉÔòÉÔòÉÔòÉÔòÉÔòÉÔòÉÔòÉÔòÉÔòÉÔòÉÔòÉÔòÉÔòÉÔòÉÔòÉÔòÉÔòÉÔòÉÔòÉÔòÉÔòÉÔòÉÔòÉÔòÉÔòÉÔòÉÔòÉÔòÉÔòÉÔòÉ
01:13 +32 -3: C:/Users/joaom/Documents/GitHub/Notes/universal_notes_flutter/test/main_fluent_test.dart: MyFluentApp UI Tests Deve alternar entre os modos de visualiza├º├úo
01:13 +32 -3: C:/Users/joaom/Documents/GitHub/Notes/universal_notes_flutter/test/main_material_test.dart: MyApp Material UI Tests Deve alternar entre os modos de visualiza├º├úo (lista -> grid) [E]
  Test failed. See exception logs above.
  The test description was: Deve alternar entre os modos de visualiza├º├úo (lista -> grid)
  
01:14 +32 -3: C:/Users/joaom/Documents/GitHub/Notes/universal_notes_flutter/test/main_fluent_test.dart: MyFluentApp UI Tests Deve alternar entre os modos de visualiza├º├úo
ÔòÉÔòÉÔòí EXCEPTION CAUGHT BY FLUTTER TEST FRAMEWORK Ôò×ÔòÉÔòÉÔòÉÔòÉÔòÉÔòÉÔòÉÔòÉÔòÉÔòÉÔòÉÔòÉÔòÉÔòÉÔòÉÔòÉÔòÉÔòÉÔòÉÔòÉÔòÉÔòÉÔòÉÔòÉÔòÉÔòÉÔòÉÔòÉÔòÉÔòÉÔòÉÔòÉÔòÉÔòÉÔòÉÔòÉÔòÉÔòÉÔòÉÔòÉÔòÉÔòÉÔòÉÔòÉÔòÉÔòÉÔòÉÔòÉÔòÉÔòÉÔòÉÔòÉ
The following assertion was thrown running a test:
pumpAndSettle timed out

When the exception was thrown, this was the stack:
#0      WidgetTester.pumpAndSettle.<anonymous closure> (package:flutter_test/src/widget_tester.dart:717:11)
<asynchronous suspension>
#1      TestAsyncUtils.guard.<anonymous closure> (package:flutter_test/src/test_async_utils.dart:130:27)
<asynchronous suspension>
#2      main.pumpWidget (file:///C:/Users/joaom/Documents/GitHub/Notes/universal_notes_flutter/test/main_fluent_test.dart:69:5)
<asynchronous suspension>
#3      main.<anonymous closure>.<anonymous closure> (file:///C:/Users/joaom/Documents/GitHub/Notes/universal_notes_flutter/test/main_fluent_test.dart:115:9)
<asynchronous suspension>
#4      testWidgets.<anonymous closure>.<anonymous closure> (package:flutter_test/src/widget_tester.dart:192:15)
<asynchronous suspension>
#5      TestWidgetsFlutterBinding._runTestBody (package:flutter_test/src/binding.dart:1059:5)
<asynchronous suspension>
<asynchronous suspension>
(elided one frame from package:stack_trace)

The test description was:
  Deve alternar entre os modos de visualiza├º├úo
ÔòÉÔòÉÔòÉÔòÉÔòÉÔòÉÔòÉÔòÉÔòÉÔòÉÔòÉÔòÉÔòÉÔòÉÔòÉÔòÉÔòÉÔòÉÔòÉÔòÉÔòÉÔòÉÔòÉÔòÉÔòÉÔòÉÔòÉÔòÉÔòÉÔòÉÔòÉÔòÉÔòÉÔòÉÔòÉÔòÉÔòÉÔòÉÔòÉÔòÉÔòÉÔòÉÔòÉÔòÉÔòÉÔòÉÔòÉÔòÉÔòÉÔòÉÔòÉÔòÉÔòÉÔòÉÔòÉÔòÉÔòÉÔòÉÔòÉÔòÉÔòÉÔòÉÔòÉÔòÉÔòÉÔòÉÔòÉÔòÉÔòÉÔòÉÔòÉÔòÉÔòÉÔòÉÔòÉÔòÉÔòÉÔòÉÔòÉÔòÉÔòÉÔòÉÔòÉÔòÉÔòÉÔòÉÔòÉÔòÉÔòÉÔòÉÔòÉÔòÉÔòÉÔòÉÔòÉÔòÉÔòÉÔòÉÔòÉÔòÉ
01:14 +32 -4: C:/Users/joaom/Documents/GitHub/Notes/universal_notes_flutter/test/main_material_test.dart: MyApp Material UI Tests Deve navegar para a tela de nova nota ao pressionar o FAB
01:14 +32 -4: C:/Users/joaom/Documents/GitHub/Notes/universal_notes_flutter/test/main_fluent_test.dart: MyFluentApp UI Tests Deve alternar entre os modos de visualiza├º├úo [E]
  Test failed. See exception logs above.
  The test description was: Deve alternar entre os modos de visualiza├º├úo
  
01:26 +32 -4: C:/Users/joaom/Documents/GitHub/Notes/universal_notes_flutter/test/main_material_test.dart: MyApp Material UI Tests Deve navegar para a tela de nova nota ao pressionar o FAB
ÔòÉÔòÉÔòí EXCEPTION CAUGHT BY FLUTTER TEST FRAMEWORK Ôò×ÔòÉÔòÉÔòÉÔòÉÔòÉÔòÉÔòÉÔòÉÔòÉÔòÉÔòÉÔòÉÔòÉÔòÉÔòÉÔòÉÔòÉÔòÉÔòÉÔòÉÔòÉÔòÉÔòÉÔòÉÔòÉÔòÉÔòÉÔòÉÔòÉÔòÉÔòÉÔòÉÔòÉÔòÉÔòÉÔòÉÔòÉÔòÉÔòÉÔòÉÔòÉÔòÉÔòÉÔòÉÔòÉÔòÉÔòÉÔòÉÔòÉÔòÉÔòÉÔòÉ
The following assertion was thrown running a test:
pumpAndSettle timed out

When the exception was thrown, this was the stack:
#0      WidgetTester.pumpAndSettle.<anonymous closure> (package:flutter_test/src/widget_tester.dart:717:11)
<asynchronous suspension>
#1      TestAsyncUtils.guard.<anonymous closure> (package:flutter_test/src/test_async_utils.dart:130:27)
<asynchronous suspension>
#2      main.pumpWidget (file:///C:/Users/joaom/Documents/GitHub/Notes/universal_notes_flutter/test/main_material_test.dart:67:5)
<asynchronous suspension>
#3      main.<anonymous closure>.<anonymous closure> (file:///C:/Users/joaom/Documents/GitHub/Notes/universal_notes_flutter/test/main_material_test.dart:139:7)
<asynchronous suspension>
#4      testWidgets.<anonymous closure>.<anonymous closure> (package:flutter_test/src/widget_tester.dart:192:15)
<asynchronous suspension>
#5      TestWidgetsFlutterBinding._runTestBody (package:flutter_test/src/binding.dart:1059:5)
<asynchronous suspension>
<asynchronous suspension>
(elided one frame from package:stack_trace)

The test description was:
  Deve navegar para a tela de nova nota ao pressionar o FAB
ÔòÉÔòÉÔòÉÔòÉÔòÉÔòÉÔòÉÔòÉÔòÉÔòÉÔòÉÔòÉÔòÉÔòÉÔòÉÔòÉÔòÉÔòÉÔòÉÔòÉÔòÉÔòÉÔòÉÔòÉÔòÉÔòÉÔòÉÔòÉÔòÉÔòÉÔòÉÔòÉÔòÉÔòÉÔòÉÔòÉÔòÉÔòÉÔòÉÔòÉÔòÉÔòÉÔòÉÔòÉÔòÉÔòÉÔòÉÔòÉÔòÉÔòÉÔòÉÔòÉÔòÉÔòÉÔòÉÔòÉÔòÉÔòÉÔòÉÔòÉÔòÉÔòÉÔòÉÔòÉÔòÉÔòÉÔòÉÔòÉÔòÉÔòÉÔòÉÔòÉÔòÉÔòÉÔòÉÔòÉÔòÉÔòÉÔòÉÔòÉÔòÉÔòÉÔòÉÔòÉÔòÉÔòÉÔòÉÔòÉÔòÉÔòÉÔòÉÔòÉÔòÉÔòÉÔòÉÔòÉÔòÉÔòÉÔòÉÔòÉ
01:26 +32 -5: C:/Users/joaom/Documents/GitHub/Notes/universal_notes_flutter/test/main_fluent_test.dart: MyFluentApp UI Tests Deve navegar para a tela de nova nota ao clicar no bot├úo
01:26 +32 -5: C:/Users/joaom/Documents/GitHub/Notes/universal_notes_flutter/test/main_material_test.dart: MyApp Material UI Tests Deve navegar para a tela de nova nota ao pressionar o FAB [E]
  Test failed. See exception logs above.
  The test description was: Deve navegar para a tela de nova nota ao pressionar o FAB
  
01:30 +32 -5: C:/Users/joaom/Documents/GitHub/Notes/universal_notes_flutter/test/main_fluent_test.dart: MyFluentApp UI Tests Deve navegar para a tela de nova nota ao clicar no bot├úo
ÔòÉÔòÉÔòí EXCEPTION CAUGHT BY FLUTTER TEST FRAMEWORK Ôò×ÔòÉÔòÉÔòÉÔòÉÔòÉÔòÉÔòÉÔòÉÔòÉÔòÉÔòÉÔòÉÔòÉÔòÉÔòÉÔòÉÔòÉÔòÉÔòÉÔòÉÔòÉÔòÉÔòÉÔòÉÔòÉÔòÉÔòÉÔòÉÔòÉÔòÉÔòÉÔòÉÔòÉÔòÉÔòÉÔòÉÔòÉÔòÉÔòÉÔòÉÔòÉÔòÉÔòÉÔòÉÔòÉÔòÉÔòÉÔòÉÔòÉÔòÉÔòÉÔòÉ
The following assertion was thrown running a test:
pumpAndSettle timed out

When the exception was thrown, this was the stack:
#0      WidgetTester.pumpAndSettle.<anonymous closure> (package:flutter_test/src/widget_tester.dart:717:11)
<asynchronous suspension>
#1      TestAsyncUtils.guard.<anonymous closure> (package:flutter_test/src/test_async_utils.dart:130:27)
<asynchronous suspension>
#2      main.pumpWidget (file:///C:/Users/joaom/Documents/GitHub/Notes/universal_notes_flutter/test/main_fluent_test.dart:69:5)
<asynchronous suspension>
#3      main.<anonymous closure>.<anonymous closure> (file:///C:/Users/joaom/Documents/GitHub/Notes/universal_notes_flutter/test/main_fluent_test.dart:155:9)
<asynchronous suspension>
#4      testWidgets.<anonymous closure>.<anonymous closure> (package:flutter_test/src/widget_tester.dart:192:15)
<asynchronous suspension>
#5      TestWidgetsFlutterBinding._runTestBody (package:flutter_test/src/binding.dart:1059:5)
<asynchronous suspension>
<asynchronous suspension>
(elided one frame from package:stack_trace)

The test description was:
  Deve navegar para a tela de nova nota ao clicar no bot├úo
ÔòÉÔòÉÔòÉÔòÉÔòÉÔòÉÔòÉÔòÉÔòÉÔòÉÔòÉÔòÉÔòÉÔòÉÔòÉÔòÉÔòÉÔòÉÔòÉÔòÉÔòÉÔòÉÔòÉÔòÉÔòÉÔòÉÔòÉÔòÉÔòÉÔòÉÔòÉÔòÉÔòÉÔòÉÔòÉÔòÉÔòÉÔòÉÔòÉÔòÉÔòÉÔòÉÔòÉÔòÉÔòÉÔòÉÔòÉÔòÉÔòÉÔòÉÔòÉÔòÉÔòÉÔòÉÔòÉÔòÉÔòÉÔòÉÔòÉÔòÉÔòÉÔòÉÔòÉÔòÉÔòÉÔòÉÔòÉÔòÉÔòÉÔòÉÔòÉÔòÉÔòÉÔòÉÔòÉÔòÉÔòÉÔòÉÔòÉÔòÉÔòÉÔòÉÔòÉÔòÉÔòÉÔòÉÔòÉÔòÉÔòÉÔòÉÔòÉÔòÉÔòÉÔòÉÔòÉÔòÉÔòÉÔòÉÔòÉÔòÉ
01:30 +32 -6: C:/Users/joaom/Documents/GitHub/Notes/universal_notes_flutter/test/main_material_test.dart: MyApp Material UI Tests Deve navegar para a tela de edi├º├úo de nota ao tocar em uma nota
01:30 +32 -6: C:/Users/joaom/Documents/GitHub/Notes/universal_notes_flutter/test/main_fluent_test.dart: MyFluentApp UI Tests Deve navegar para a tela de nova nota ao clicar no bot├úo [E]
  Test failed. See exception logs above.
  The test description was: Deve navegar para a tela de nova nota ao clicar no bot├úo
  
01:38 +32 -6: C:/Users/joaom/Documents/GitHub/Notes/universal_notes_flutter/test/main_material_test.dart: MyApp Material UI Tests Deve navegar para a tela de edi├º├úo de nota ao tocar em uma nota
ÔòÉÔòÉÔòí EXCEPTION CAUGHT BY FLUTTER TEST FRAMEWORK Ôò×ÔòÉÔòÉÔòÉÔòÉÔòÉÔòÉÔòÉÔòÉÔòÉÔòÉÔòÉÔòÉÔòÉÔòÉÔòÉÔòÉÔòÉÔòÉÔòÉÔòÉÔòÉÔòÉÔòÉÔòÉÔòÉÔòÉÔòÉÔòÉÔòÉÔòÉÔòÉÔòÉÔòÉÔòÉÔòÉÔòÉÔòÉÔòÉÔòÉÔòÉÔòÉÔòÉÔòÉÔòÉÔòÉÔòÉÔòÉÔòÉÔòÉÔòÉÔòÉÔòÉ
The following assertion was thrown running a test:
pumpAndSettle timed out

When the exception was thrown, this was the stack:
#0      WidgetTester.pumpAndSettle.<anonymous closure> (package:flutter_test/src/widget_tester.dart:717:11)
<asynchronous suspension>
#1      TestAsyncUtils.guard.<anonymous closure> (package:flutter_test/src/test_async_utils.dart:130:27)
<asynchronous suspension>
#2      main.pumpWidget (file:///C:/Users/joaom/Documents/GitHub/Notes/universal_notes_flutter/test/main_material_test.dart:67:5)
<asynchronous suspension>
#3      main.<anonymous closure>.<anonymous closure> (file:///C:/Users/joaom/Documents/GitHub/Notes/universal_notes_flutter/test/main_material_test.dart:163:9)
<asynchronous suspension>
#4      testWidgets.<anonymous closure>.<anonymous closure> (package:flutter_test/src/widget_tester.dart:192:15)
<asynchronous suspension>
#5      TestWidgetsFlutterBinding._runTestBody (package:flutter_test/src/binding.dart:1059:5)
<asynchronous suspension>
<asynchronous suspension>
(elided one frame from package:stack_trace)

The test description was:
  Deve navegar para a tela de edi├º├úo de nota ao tocar em uma nota
ÔòÉÔòÉÔòÉÔòÉÔòÉÔòÉÔòÉÔòÉÔòÉÔòÉÔòÉÔòÉÔòÉÔòÉÔòÉÔòÉÔòÉÔòÉÔòÉÔòÉÔòÉÔòÉÔòÉÔòÉÔòÉÔòÉÔòÉÔòÉÔòÉÔòÉÔòÉÔòÉÔòÉÔòÉÔòÉÔòÉÔòÉÔòÉÔòÉÔòÉÔòÉÔòÉÔòÉÔòÉÔòÉÔòÉÔòÉÔòÉÔòÉÔòÉÔòÉÔòÉÔòÉÔòÉÔòÉÔòÉÔòÉÔòÉÔòÉÔòÉÔòÉÔòÉÔòÉÔòÉÔòÉÔòÉÔòÉÔòÉÔòÉÔòÉÔòÉÔòÉÔòÉÔòÉÔòÉÔòÉÔòÉÔòÉÔòÉÔòÉÔòÉÔòÉÔòÉÔòÉÔòÉÔòÉÔòÉÔòÉÔòÉÔòÉÔòÉÔòÉÔòÉÔòÉÔòÉÔòÉÔòÉÔòÉÔòÉÔòÉ
01:38 +32 -7: C:/Users/joaom/Documents/GitHub/Notes/universal_notes_flutter/test/main_fluent_test.dart: MyFluentApp UI Tests Deve mover a nota para a lixeira com o menu de contexto
01:38 +32 -7: C:/Users/joaom/Documents/GitHub/Notes/universal_notes_flutter/test/main_material_test.dart: MyApp Material UI Tests Deve navegar para a tela de edi├º├úo de nota ao tocar em uma nota [E]
  Test failed. See exception logs above.
  The test description was: Deve navegar para a tela de edi├º├úo de nota ao tocar em uma nota
  
01:48 +32 -7: C:/Users/joaom/Documents/GitHub/Notes/universal_notes_flutter/test/main_fluent_test.dart: MyFluentApp UI Tests Deve mover a nota para a lixeira com o menu de contexto
ÔòÉÔòÉÔòí EXCEPTION CAUGHT BY FLUTTER TEST FRAMEWORK Ôò×ÔòÉÔòÉÔòÉÔòÉÔòÉÔòÉÔòÉÔòÉÔòÉÔòÉÔòÉÔòÉÔòÉÔòÉÔòÉÔòÉÔòÉÔòÉÔòÉÔòÉÔòÉÔòÉÔòÉÔòÉÔòÉÔòÉÔòÉÔòÉÔòÉÔòÉÔòÉÔòÉÔòÉÔòÉÔòÉÔòÉÔòÉÔòÉÔòÉÔòÉÔòÉÔòÉÔòÉÔòÉÔòÉÔòÉÔòÉÔòÉÔòÉÔòÉÔòÉÔòÉ
The following assertion was thrown running a test:
pumpAndSettle timed out

When the exception was thrown, this was the stack:
#0      WidgetTester.pumpAndSettle.<anonymous closure> (package:flutter_test/src/widget_tester.dart:717:11)
<asynchronous suspension>
#1      TestAsyncUtils.guard.<anonymous closure> (package:flutter_test/src/test_async_utils.dart:130:27)
<asynchronous suspension>
#2      main.pumpWidget (file:///C:/Users/joaom/Documents/GitHub/Notes/universal_notes_flutter/test/main_fluent_test.dart:69:5)
<asynchronous suspension>
#3      main.<anonymous closure>.<anonymous closure> (file:///C:/Users/joaom/Documents/GitHub/Notes/universal_notes_flutter/test/main_fluent_test.dart:185:9)
<asynchronous suspension>
#4      testWidgets.<anonymous closure>.<anonymous closure> (package:flutter_test/src/widget_tester.dart:192:15)
<asynchronous suspension>
#5      TestWidgetsFlutterBinding._runTestBody (package:flutter_test/src/binding.dart:1059:5)
<asynchronous suspension>
<asynchronous suspension>
(elided one frame from package:stack_trace)

The test description was:
  Deve mover a nota para a lixeira com o menu de contexto
ÔòÉÔòÉÔòÉÔòÉÔòÉÔòÉÔòÉÔòÉÔòÉÔòÉÔòÉÔòÉÔòÉÔòÉÔòÉÔòÉÔòÉÔòÉÔòÉÔòÉÔòÉÔòÉÔòÉÔòÉÔòÉÔòÉÔòÉÔòÉÔòÉÔòÉÔòÉÔòÉÔòÉÔòÉÔòÉÔòÉÔòÉÔòÉÔòÉÔòÉÔòÉÔòÉÔòÉÔòÉÔòÉÔòÉÔòÉÔòÉÔòÉÔòÉÔòÉÔòÉÔòÉÔòÉÔòÉÔòÉÔòÉÔòÉÔòÉÔòÉÔòÉÔòÉÔòÉÔòÉÔòÉÔòÉÔòÉÔòÉÔòÉÔòÉÔòÉÔòÉÔòÉÔòÉÔòÉÔòÉÔòÉÔòÉÔòÉÔòÉÔòÉÔòÉÔòÉÔòÉÔòÉÔòÉÔòÉÔòÉÔòÉÔòÉÔòÉÔòÉÔòÉÔòÉÔòÉÔòÉÔòÉÔòÉÔòÉÔòÉ
01:48 +32 -8: C:/Users/joaom/Documents/GitHub/Notes/universal_notes_flutter/test/main_material_test.dart: MyApp Material UI Tests Deve mover a nota para a lixeira ao usar o menu de contexto
01:48 +32 -8: C:/Users/joaom/Documents/GitHub/Notes/universal_notes_flutter/test/main_fluent_test.dart: MyFluentApp UI Tests Deve mover a nota para a lixeira com o menu de contexto [E]
  Test failed. See exception logs above.
  The test description was: Deve mover a nota para a lixeira com o menu de contexto
  
01:53 +32 -8: C:/Users/joaom/Documents/GitHub/Notes/universal_notes_flutter/test/main_material_test.dart: MyApp Material UI Tests Deve mover a nota para a lixeira ao usar o menu de contexto
ÔòÉÔòÉÔòí EXCEPTION CAUGHT BY FLUTTER TEST FRAMEWORK Ôò×ÔòÉÔòÉÔòÉÔòÉÔòÉÔòÉÔòÉÔòÉÔòÉÔòÉÔòÉÔòÉÔòÉÔòÉÔòÉÔòÉÔòÉÔòÉÔòÉÔòÉÔòÉÔòÉÔòÉÔòÉÔòÉÔòÉÔòÉÔòÉÔòÉÔòÉÔòÉÔòÉÔòÉÔòÉÔòÉÔòÉÔòÉÔòÉÔòÉÔòÉÔòÉÔòÉÔòÉÔòÉÔòÉÔòÉÔòÉÔòÉÔòÉÔòÉÔòÉÔòÉ
The following assertion was thrown running a test:
pumpAndSettle timed out

When the exception was thrown, this was the stack:
#0      WidgetTester.pumpAndSettle.<anonymous closure> (package:flutter_test/src/widget_tester.dart:717:11)
<asynchronous suspension>
#1      TestAsyncUtils.guard.<anonymous closure> (package:flutter_test/src/test_async_utils.dart:130:27)
<asynchronous suspension>
#2      main.pumpWidget (file:///C:/Users/joaom/Documents/GitHub/Notes/universal_notes_flutter/test/main_material_test.dart:67:5)
<asynchronous suspension>
#3      main.<anonymous closure>.<anonymous closure> (file:///C:/Users/joaom/Documents/GitHub/Notes/universal_notes_flutter/test/main_material_test.dart:189:7)
<asynchronous suspension>
#4      testWidgets.<anonymous closure>.<anonymous closure> (package:flutter_test/src/widget_tester.dart:192:15)
<asynchronous suspension>
#5      TestWidgetsFlutterBinding._runTestBody (package:flutter_test/src/binding.dart:1059:5)
<asynchronous suspension>
<asynchronous suspension>
(elided one frame from package:stack_trace)

The test description was:
  Deve mover a nota para a lixeira ao usar o menu de contexto
ÔòÉÔòÉÔòÉÔòÉÔòÉÔòÉÔòÉÔòÉÔòÉÔòÉÔòÉÔòÉÔòÉÔòÉÔòÉÔòÉÔòÉÔòÉÔòÉÔòÉÔòÉÔòÉÔòÉÔòÉÔòÉÔòÉÔòÉÔòÉÔòÉÔòÉÔòÉÔòÉÔòÉÔòÉÔòÉÔòÉÔòÉÔòÉÔòÉÔòÉÔòÉÔòÉÔòÉÔòÉÔòÉÔòÉÔòÉÔòÉÔòÉÔòÉÔòÉÔòÉÔòÉÔòÉÔòÉÔòÉÔòÉÔòÉÔòÉÔòÉÔòÉÔòÉÔòÉÔòÉÔòÉÔòÉÔòÉÔòÉÔòÉÔòÉÔòÉÔòÉÔòÉÔòÉÔòÉÔòÉÔòÉÔòÉÔòÉÔòÉÔòÉÔòÉÔòÉÔòÉÔòÉÔòÉÔòÉÔòÉÔòÉÔòÉÔòÉÔòÉÔòÉÔòÉÔòÉÔòÉÔòÉÔòÉÔòÉÔòÉ
01:53 +32 -9: C:/Users/joaom/Documents/GitHub/Notes/universal_notes_flutter/test/main_material_test.dart: MyApp Material UI Tests Deve mover a nota para a lixeira ao usar o menu de contexto [E]
  Test failed. See exception logs above.
  The test description was: Deve mover a nota para a lixeira ao usar o menu de contexto
  
02:02 +32 -9: C:/Users/joaom/Documents/GitHub/Notes/universal_notes_flutter/test/main_test.dart: (setUpAll)
02:03 +32 -9: C:/Users/joaom/Documents/GitHub/Notes/universal_notes_flutter/test/main_test.dart: NotesScreen displays notes
02:03 +33 -9: C:/Users/joaom/Documents/GitHub/Notes/universal_notes_flutter/test/main_test.dart: NotesScreen displays notes
02:11 +34 -9: C:/Users/joaom/Documents/GitHub/Notes/universal_notes_flutter/test/main_test.dart: NotesScreen displays notes
02:11 +35 -9: C:/Users/joaom/Documents/GitHub/Notes/universal_notes_flutter/test/main_test.dart: NotesScreen displays notes
02:11 +36 -9: C:/Users/joaom/Documents/GitHub/Notes/universal_notes_flutter/test/main_test.dart: NotesScreen displays notes
02:12 +37 -9: C:/Users/joaom/Documents/GitHub/Notes/universal_notes_flutter/test/main_test.dart: NotesScreen displays notes
02:12 +38 -9: C:/Users/joaom/Documents/GitHub/Notes/universal_notes_flutter/test/main_test.dart: NotesScreen displays notes
02:12 +39 -9: C:/Users/joaom/Documents/GitHub/Notes/universal_notes_flutter/test/main_test.dart: NotesScreen displays notes
02:12 +40 -9: C:/Users/joaom/Documents/GitHub/Notes/universal_notes_flutter/test/main_test.dart: NotesScreen displays notes
02:12 +41 -9: C:/Users/joaom/Documents/GitHub/Notes/universal_notes_flutter/test/main_test.dart: NotesScreen displays notes
02:12 +42 -9: C:/Users/joaom/Documents/GitHub/Notes/universal_notes_flutter/test/main_test.dart: NotesScreen displays notes
02:12 +43 -9: C:/Users/joaom/Documents/GitHub/Notes/universal_notes_flutter/test/main_test.dart: NotesScreen displays notes
02:12 +44 -9: C:/Users/joaom/Documents/GitHub/Notes/universal_notes_flutter/test/main_test.dart: NotesScreen displays notes
02:12 +45 -9: C:/Users/joaom/Documents/GitHub/Notes/universal_notes_flutter/test/main_test.dart: NotesScreen displays notes
02:17 +46 -9: C:/Users/joaom/Documents/GitHub/Notes/universal_notes_flutter/test/main_test.dart: NotesScreen displays notes
02:17 +47 -9: C:/Users/joaom/Documents/GitHub/Notes/universal_notes_flutter/test/main_test.dart: NotesScreen displays notes
02:17 +48 -9: C:/Users/joaom/Documents/GitHub/Notes/universal_notes_flutter/test/main_test.dart: NotesScreen displays notes
02:21 +49 -9: C:/Users/joaom/Documents/GitHub/Notes/universal_notes_flutter/test/main_test.dart: NotesScreen displays notes
02:21 +50 -9: C:/Users/joaom/Documents/GitHub/Notes/universal_notes_flutter/test/main_test.dart: NotesScreen displays notes
02:21 +51 -9: C:/Users/joaom/Documents/GitHub/Notes/universal_notes_flutter/test/main_test.dart: NotesScreen displays notes
02:21 +52 -9: C:/Users/joaom/Documents/GitHub/Notes/universal_notes_flutter/test/main_test.dart: NotesScreen displays notes
02:21 +53 -9: C:/Users/joaom/Documents/GitHub/Notes/universal_notes_flutter/test/main_test.dart: NotesScreen displays notes
02:27 +54 -9: C:/Users/joaom/Documents/GitHub/Notes/universal_notes_flutter/test/main_test.dart: NotesScreen displays notes
02:27 +55 -9: C:/Users/joaom/Documents/GitHub/Notes/universal_notes_flutter/test/main_test.dart: NotesScreen displays notes
02:27 +56 -9: C:/Users/joaom/Documents/GitHub/Notes/universal_notes_flutter/test/main_test.dart: NotesScreen displays notes
02:27 +57 -9: C:/Users/joaom/Documents/GitHub/Notes/universal_notes_flutter/test/main_test.dart: NotesScreen displays notes
02:27 +58 -9: C:/Users/joaom/Documents/GitHub/Notes/universal_notes_flutter/test/main_test.dart: NotesScreen displays notes
Warning database has been locked for 0:00:10.000000. Make sure you always use the transaction object for database operations during a transaction
ÔòÉÔòÉÔòí EXCEPTION CAUGHT BY FLUTTER TEST FRAMEWORK Ôò×ÔòÉÔòÉÔòÉÔòÉÔòÉÔòÉÔòÉÔòÉÔòÉÔòÉÔòÉÔòÉÔòÉÔòÉÔòÉÔòÉÔòÉÔòÉÔòÉÔòÉÔòÉÔòÉÔòÉÔòÉÔòÉÔòÉÔòÉÔòÉÔòÉÔòÉÔòÉÔòÉÔòÉÔòÉÔòÉÔòÉÔòÉÔòÉÔòÉÔòÉÔòÉÔòÉÔòÉÔòÉÔòÉÔòÉÔòÉÔòÉÔòÉÔòÉÔòÉÔòÉ
The following assertion was thrown running a test:
pumpAndSettle timed out

When the exception was thrown, this was the stack:
#0      WidgetTester.pumpAndSettle.<anonymous closure> (package:flutter_test/src/widget_tester.dart:717:11)
<asynchronous suspension>
#1      TestAsyncUtils.guard.<anonymous closure> (package:flutter_test/src/test_async_utils.dart:130:27)
<asynchronous suspension>
#2      main._pumpNotesScreen (file:///C:/Users/joaom/Documents/GitHub/Notes/universal_notes_flutter/test/main_test.dart:288:5)
<asynchronous suspension>
#3      main.<anonymous closure> (file:///C:/Users/joaom/Documents/GitHub/Notes/universal_notes_flutter/test/main_test.dart:294:5)
<asynchronous suspension>
#4      testWidgets.<anonymous closure>.<anonymous closure> (package:flutter_test/src/widget_tester.dart:192:15)
<asynchronous suspension>
#5      TestWidgetsFlutterBinding._runTestBody (package:flutter_test/src/binding.dart:1059:5)
<asynchronous suspension>
<asynchronous suspension>
(elided one frame from package:stack_trace)

The test description was:
  NotesScreen displays notes
ÔòÉÔòÉÔòÉÔòÉÔòÉÔòÉÔòÉÔòÉÔòÉÔòÉÔòÉÔòÉÔòÉÔòÉÔòÉÔòÉÔòÉÔòÉÔòÉÔòÉÔòÉÔòÉÔòÉÔòÉÔòÉÔòÉÔòÉÔòÉÔòÉÔòÉÔòÉÔòÉÔòÉÔòÉÔòÉÔòÉÔòÉÔòÉÔòÉÔòÉÔòÉÔòÉÔòÉÔòÉÔòÉÔòÉÔòÉÔòÉÔòÉÔòÉÔòÉÔòÉÔòÉÔòÉÔòÉÔòÉÔòÉÔòÉÔòÉÔòÉÔòÉÔòÉÔòÉÔòÉÔòÉÔòÉÔòÉÔòÉÔòÉÔòÉÔòÉÔòÉÔòÉÔòÉÔòÉÔòÉÔòÉÔòÉÔòÉÔòÉÔòÉÔòÉÔòÉÔòÉÔòÉÔòÉÔòÉÔòÉÔòÉÔòÉÔòÉÔòÉÔòÉÔòÉÔòÉÔòÉÔòÉÔòÉÔòÉÔòÉ
02:29 +58 -10: C:/Users/joaom/Documents/GitHub/Notes/universal_notes_flutter/test/main_test.dart: NotesScreen displays notes [E]
  Test failed. See exception logs above.
  The test description was: NotesScreen displays notes
  
02:29 +58 -10: C:/Users/joaom/Documents/GitHub/Notes/universal_notes_flutter/test/main_test.dart: NotesScreen State Rendering shows error message when fetch fails
02:31 +59 -10: C:/Users/joaom/Documents/GitHub/Notes/universal_notes_flutter/test/main_test.dart: NotesScreen State Rendering shows error message when fetch fails
02:31 +60 -10: C:/Users/joaom/Documents/GitHub/Notes/universal_notes_flutter/test/main_test.dart: NotesScreen State Rendering shows error message when fetch fails
02:31 +61 -10: C:/Users/joaom/Documents/GitHub/Notes/universal_notes_flutter/test/main_test.dart: NotesScreen State Rendering shows error message when fetch fails
02:31 +62 -10: C:/Users/joaom/Documents/GitHub/Notes/universal_notes_flutter/test/main_test.dart: NotesScreen State Rendering shows error message when fetch fails
02:34 +63 -10: C:/Users/joaom/Documents/GitHub/Notes/universal_notes_flutter/test/main_test.dart: NotesScreen State Rendering shows error message when fetch fails
02:34 +64 -10: C:/Users/joaom/Documents/GitHub/Notes/universal_notes_flutter/test/main_test.dart: NotesScreen State Rendering shows error message when fetch fails
02:34 +65 -10: C:/Users/joaom/Documents/GitHub/Notes/universal_notes_flutter/test/main_test.dart: NotesScreen State Rendering shows error message when fetch fails
02:37 +66 -10: C:/Users/joaom/Documents/GitHub/Notes/universal_notes_flutter/test/main_test.dart: NotesScreen State Rendering shows error message when fetch fails
02:37 +67 -10: C:/Users/joaom/Documents/GitHub/Notes/universal_notes_flutter/test/main_test.dart: NotesScreen State Rendering shows error message when fetch fails
02:37 +68 -10: C:/Users/joaom/Documents/GitHub/Notes/universal_notes_flutter/test/main_test.dart: NotesScreen State Rendering shows error message when fetch fails
02:37 +69 -10: C:/Users/joaom/Documents/GitHub/Notes/universal_notes_flutter/test/main_test.dart: NotesScreen State Rendering shows error message when fetch fails
02:37 +70 -10: C:/Users/joaom/Documents/GitHub/Notes/universal_notes_flutter/test/main_test.dart: NotesScreen State Rendering shows error message when fetch fails
02:37 +71 -10: C:/Users/joaom/Documents/GitHub/Notes/universal_notes_flutter/test/main_test.dart: NotesScreen State Rendering shows error message when fetch fails
02:37 +72 -10: C:/Users/joaom/Documents/GitHub/Notes/universal_notes_flutter/test/main_test.dart: NotesScreen State Rendering shows error message when fetch fails
02:42 +73 -10: C:/Users/joaom/Documents/GitHub/Notes/universal_notes_flutter/test/main_test.dart: NotesScreen State Rendering shows error message when fetch fails
02:42 +74 -10: C:/Users/joaom/Documents/GitHub/Notes/universal_notes_flutter/test/main_test.dart: NotesScreen State Rendering shows error message when fetch fails
02:42 +75 -10: C:/Users/joaom/Documents/GitHub/Notes/universal_notes_flutter/test/main_test.dart: NotesScreen State Rendering shows error message when fetch fails
02:46 +75 -10: C:/Users/joaom/Documents/GitHub/Notes/universal_notes_flutter/test/performance_benchmark_test.dart: Performance Benchmarks startup and initial frame
ÔòÉÔòÉÔòí EXCEPTION CAUGHT BY FLUTTER TEST FRAMEWORK Ôò×ÔòÉÔòÉÔòÉÔòÉÔòÉÔòÉÔòÉÔòÉÔòÉÔòÉÔòÉÔòÉÔòÉÔòÉÔòÉÔòÉÔòÉÔòÉÔòÉÔòÉÔòÉÔòÉÔòÉÔòÉÔòÉÔòÉÔòÉÔòÉÔòÉÔòÉÔòÉÔòÉÔòÉÔòÉÔòÉÔòÉÔòÉÔòÉÔòÉÔòÉÔòÉÔòÉÔòÉÔòÉÔòÉÔòÉÔòÉÔòÉÔòÉÔòÉÔòÉÔòÉ
The following PlatformException was thrown running a test:
PlatformException(channel-error, Unable to establish connection on channel:
"dev.flutter.pigeon.firebase_core_platform_interface.FirebaseCoreHostApi.initializeCore"., null,
null)

When the exception was thrown, this was the stack:
#0      FirebaseCoreHostApi.initializeCore (package:firebase_core_platform_interface/src/pigeon/messages.pigeon.dart:301:7)
<asynchronous suspension>
#1      MethodChannelFirebase._initializeCore (package:firebase_core_platform_interface/src/method_channel/method_channel_firebase.dart:29:41)
<asynchronous suspension>
#2      MethodChannelFirebase.initializeApp (package:firebase_core_platform_interface/src/method_channel/method_channel_firebase.dart:70:7)
<asynchronous suspension>
#3      Firebase.initializeApp (package:firebase_core/src/firebase.dart:78:31)
<asynchronous suspension>
#4      main (package:universal_notes_flutter/main.dart:25:3)
<asynchronous suspension>

The test description was:
  startup and initial frame
ÔòÉÔòÉÔòÉÔòÉÔòÉÔòÉÔòÉÔòÉÔòÉÔòÉÔòÉÔòÉÔòÉÔòÉÔòÉÔòÉÔòÉÔòÉÔòÉÔòÉÔòÉÔòÉÔòÉÔòÉÔòÉÔòÉÔòÉÔòÉÔòÉÔòÉÔòÉÔòÉÔòÉÔòÉÔòÉÔòÉÔòÉÔòÉÔòÉÔòÉÔòÉÔòÉÔòÉÔòÉÔòÉÔòÉÔòÉÔòÉÔòÉÔòÉÔòÉÔòÉÔòÉÔòÉÔòÉÔòÉÔòÉÔòÉÔòÉÔòÉÔòÉÔòÉÔòÉÔòÉÔòÉÔòÉÔòÉÔòÉÔòÉÔòÉÔòÉÔòÉÔòÉÔòÉÔòÉÔòÉÔòÉÔòÉÔòÉÔòÉÔòÉÔòÉÔòÉÔòÉÔòÉÔòÉÔòÉÔòÉÔòÉÔòÉÔòÉÔòÉÔòÉÔòÉÔòÉÔòÉÔòÉÔòÉÔòÉÔòÉ
02:46 +75 -11: C:/Users/joaom/Documents/GitHub/Notes/universal_notes_flutter/test/main_test.dart: NotesScreen State Rendering shows error message when fetch fails
02:46 +75 -11: C:/Users/joaom/Documents/GitHub/Notes/universal_notes_flutter/test/performance_benchmark_test.dart: Performance Benchmarks startup and initial frame [E]
  Test failed. See exception logs above.
  The test description was: startup and initial frame
  
  'package:flutter_test/src/binding.dart': Failed assertion: line 2156 pos 12: '_pendingFrame == null': is not true.
  dart:core                                      _AssertionError._throwNew
  package:flutter_test/src/binding.dart 2156:12  LiveTestWidgetsFlutterBinding.postTest
  
PERFORMANCE_METRIC:startup_time_ms:243
  'package:flutter_test/src/binding.dart': Failed assertion: line 817 pos 14: 'Zone.current == _parentZone': is not true.
  dart:core                                              _AssertionError._throwNew
  package:flutter_test/src/binding.dart 817:14           TestWidgetsFlutterBinding._createTestCompletionHandler.<fn>
  ===== asynchronous gap ===========================
  dart:async                                             Future.whenComplete
  package:flutter_test/src/binding.dart 1038:10          TestWidgetsFlutterBinding._runTest
  package:flutter_test/src/binding.dart 2134:12          LiveTestWidgetsFlutterBinding.runTest
  package:integration_test/integration_test.dart 237:17  IntegrationTestWidgetsFlutterBinding.runTest
  package:flutter_test/src/widget_tester.dart 184:24     testWidgets.<fn>
  
02:46 +75 -12: C:/Users/joaom/Documents/GitHub/Notes/universal_notes_flutter/test/main_test.dart: NotesScreen State Rendering shows error message when fetch fails
02:46 +75 -12: C:/Users/joaom/Documents/GitHub/Notes/universal_notes_flutter/test/performance_benchmark_test.dart: Performance Benchmarks note creation and saving latency [E]
  'package:flutter_test/src/binding.dart': Failed assertion: line 2131 pos 12: '!inTest': is not true.
  dart:core                                              _AssertionError._throwNew
  package:flutter_test/src/binding.dart 2131:12          LiveTestWidgetsFlutterBinding.runTest
  package:integration_test/integration_test.dart 237:17  IntegrationTestWidgetsFlutterBinding.runTest
  package:flutter_test/src/widget_tester.dart 184:24     testWidgets.<fn>
  
02:46 +75 -12: C:/Users/joaom/Documents/GitHub/Notes/universal_notes_flutter/test/performance_benchmark_test.dart: (tearDownAll)
Warning: integration_test plugin was not detected.

If you're running the tests with `flutter drive`, please make sure your tests
are in the `integration_test/` directory of your package and use
`flutter test $path_to_test` to run it instead.

If you're running the tests with Android instrumentation or XCTest, this means
that you are not capturing test results properly! See the following link for
how to set up the integration_test plugin:

https://docs.flutter.dev/testing/integration-tests

02:46 +75 -12: C:/Users/joaom/Documents/GitHub/Notes/universal_notes_flutter/test/main_test.dart: NotesScreen State Rendering shows error message when fetch fails
02:51 +76 -12: C:/Users/joaom/Documents/GitHub/Notes/universal_notes_flutter/test/main_test.dart: NotesScreen State Rendering shows error message when fetch fails
02:51 +77 -12: C:/Users/joaom/Documents/GitHub/Notes/universal_notes_flutter/test/main_test.dart: NotesScreen State Rendering shows error message when fetch fails
02:51 +78 -12: C:/Users/joaom/Documents/GitHub/Notes/universal_notes_flutter/test/main_test.dart: NotesScreen State Rendering shows error message when fetch fails
02:51 +79 -12: C:/Users/joaom/Documents/GitHub/Notes/universal_notes_flutter/test/main_test.dart: NotesScreen State Rendering shows error message when fetch fails
02:51 +80 -12: C:/Users/joaom/Documents/GitHub/Notes/universal_notes_flutter/test/main_test.dart: NotesScreen State Rendering shows error message when fetch fails
02:51 +81 -12: C:/Users/joaom/Documents/GitHub/Notes/universal_notes_flutter/test/main_test.dart: NotesScreen State Rendering shows error message when fetch fails
02:51 +82 -12: C:/Users/joaom/Documents/GitHub/Notes/universal_notes_flutter/test/main_test.dart: NotesScreen State Rendering shows error message when fetch fails
02:51 +83 -12: C:/Users/joaom/Documents/GitHub/Notes/universal_notes_flutter/test/main_test.dart: NotesScreen State Rendering shows error message when fetch fails
02:51 +84 -12: C:/Users/joaom/Documents/GitHub/Notes/universal_notes_flutter/test/main_test.dart: NotesScreen State Rendering shows error message when fetch fails
02:55 +85 -12: C:/Users/joaom/Documents/GitHub/Notes/universal_notes_flutter/test/main_test.dart: NotesScreen State Rendering shows error message when fetch fails
02:56 +86 -12: C:/Users/joaom/Documents/GitHub/Notes/universal_notes_flutter/test/main_test.dart: NotesScreen State Rendering shows error message when fetch fails
02:56 +87 -12: C:/Users/joaom/Documents/GitHub/Notes/universal_notes_flutter/test/main_test.dart: NotesScreen State Rendering shows error message when fetch fails
02:56 +88 -12: C:/Users/joaom/Documents/GitHub/Notes/universal_notes_flutter/test/main_test.dart: NotesScreen State Rendering shows error message when fetch fails
02:56 +89 -12: C:/Users/joaom/Documents/GitHub/Notes/universal_notes_flutter/test/main_test.dart: NotesScreen State Rendering shows error message when fetch fails
02:57 +90 -12: C:/Users/joaom/Documents/GitHub/Notes/universal_notes_flutter/test/main_test.dart: NotesScreen State Rendering shows error message when fetch fails
02:57 +91 -12: C:/Users/joaom/Documents/GitHub/Notes/universal_notes_flutter/test/main_test.dart: NotesScreen State Rendering shows error message when fetch fails
02:57 +92 -12: C:/Users/joaom/Documents/GitHub/Notes/universal_notes_flutter/test/main_test.dart: NotesScreen State Rendering shows error message when fetch fails
02:57 +93 -12: C:/Users/joaom/Documents/GitHub/Notes/universal_notes_flutter/test/main_test.dart: NotesScreen State Rendering shows error message when fetch fails
02:57 +94 -12: C:/Users/joaom/Documents/GitHub/Notes/universal_notes_flutter/test/main_test.dart: NotesScreen State Rendering shows error message when fetch fails
02:58 +95 -12: C:/Users/joaom/Documents/GitHub/Notes/universal_notes_flutter/test/main_test.dart: NotesScreen State Rendering shows error message when fetch fails
03:03 +95 -12: C:/Users/joaom/Documents/GitHub/Notes/universal_notes_flutter/test/screens/note_editor_screen_test.dart: NoteEditorScreen builds without crashing
ÔòÉÔòÉÔòí EXCEPTION CAUGHT BY WIDGETS LIBRARY Ôò×ÔòÉÔòÉÔòÉÔòÉÔòÉÔòÉÔòÉÔòÉÔòÉÔòÉÔòÉÔòÉÔòÉÔòÉÔòÉÔòÉÔòÉÔòÉÔòÉÔòÉÔòÉÔòÉÔòÉÔòÉÔòÉÔòÉÔòÉÔòÉÔòÉÔòÉÔòÉÔòÉÔòÉÔòÉÔòÉÔòÉÔòÉÔòÉÔòÉÔòÉÔòÉÔòÉÔòÉÔòÉÔòÉÔòÉÔòÉÔòÉÔòÉÔòÉÔòÉÔòÉÔòÉÔòÉÔòÉÔòÉÔòÉÔòÉÔòÉ
The following FirebaseException was thrown building Builder:
[core/no-app] No Firebase App '[DEFAULT]' has been created - call Firebase.initializeApp()

The relevant error-causing widget was:
  MaterialApp
  MaterialApp:file:///C:/Users/joaom/Documents/GitHub/Notes/universal_notes_flutter/test/screens/note_editor_screen_test.dart:16:29

When the exception was thrown, this was the stack:
#0      MethodChannelFirebase.app (package:firebase_core_platform_interface/src/method_channel/method_channel_firebase.dart:190:5)
#1      Firebase.app (package:firebase_core/src/firebase.dart:91:41)
#2      FirebaseFirestore.instance (package:cloud_firestore/src/firestore.dart:29:21)
#3      FirestoreRepository.firestore (package:universal_notes_flutter/repositories/firestore_repository.dart:16:56)
#4      FirestoreRepository.firestore (package:universal_notes_flutter/repositories/firestore_repository.dart)
#5      FirestoreRepository._initCollections (package:universal_notes_flutter/repositories/firestore_repository.dart:21:24)
#6      new FirestoreRepository (package:universal_notes_flutter/repositories/firestore_repository.dart:12:5)
#7      new _NoteEditorScreenState (package:universal_notes_flutter/screens/note_editor_screen.dart:88:32)
#8      NoteEditorScreen.createState (package:universal_notes_flutter/screens/note_editor_screen.dart:55:44)
#9      new StatefulElement (package:flutter/src/widgets/framework.dart:5905:60)
#10     StatefulWidget.createElement (package:flutter/src/widgets/framework.dart:779:38)
...     Normal element mounting (260 frames)
#270    Element.inflateWidget (package:flutter/src/widgets/framework.dart:4590:20)
#271    MultiChildRenderObjectElement.inflateWidget (package:flutter/src/widgets/framework.dart:7269:36)
#272    MultiChildRenderObjectElement.mount (package:flutter/src/widgets/framework.dart:7285:32)
...     Normal element mounting (465 frames)
#737    Element.inflateWidget (package:flutter/src/widgets/framework.dart:4590:20)
#738    Element.updateChild (package:flutter/src/widgets/framework.dart:4053:20)
#739    ComponentElement.performRebuild (package:flutter/src/widgets/framework.dart:5844:16)
#740    Element.rebuild (package:flutter/src/widgets/framework.dart:5532:7)
#741    ProxyElement.update (package:flutter/src/widgets/framework.dart:6152:5)
#742    _InheritedNotifierElement.update (package:flutter/src/widgets/inherited_notifier.dart:108:11)
#743    Element.updateChild (package:flutter/src/widgets/framework.dart:4037:15)
#744    ComponentElement.performRebuild (package:flutter/src/widgets/framework.dart:5844:16)
#745    StatefulElement.performRebuild (package:flutter/src/widgets/framework.dart:5985:11)
#746    Element.rebuild (package:flutter/src/widgets/framework.dart:5532:7)
#747    StatefulElement.update (package:flutter/src/widgets/framework.dart:6010:5)
#748    Element.updateChild (package:flutter/src/widgets/framework.dart:4037:15)
#749    ComponentElement.performRebuild (package:flutter/src/widgets/framework.dart:5844:16)
#750    Element.rebuild (package:flutter/src/widgets/framework.dart:5532:7)
#751    ProxyElement.update (package:flutter/src/widgets/framework.dart:6152:5)
#752    _InheritedNotifierElement.update (package:flutter/src/widgets/inherited_notifier.dart:108:11)
#753    Element.updateChild (package:flutter/src/widgets/framework.dart:4037:15)
#754    ComponentElement.performRebuild (package:flutter/src/widgets/framework.dart:5844:16)
#755    StatefulElement.performRebuild (package:flutter/src/widgets/framework.dart:5985:11)
#756    Element.rebuild (package:flutter/src/widgets/framework.dart:5532:7)
#757    StatefulElement.update (package:flutter/src/widgets/framework.dart:6010:5)
#758    Element.updateChild (package:flutter/src/widgets/framework.dart:4037:15)
#759    ComponentElement.performRebuild (package:flutter/src/widgets/framework.dart:5844:16)
#760    StatefulElement.performRebuild (package:flutter/src/widgets/framework.dart:5985:11)
#761    Element.rebuild (package:flutter/src/widgets/framework.dart:5532:7)
#762    StatefulElement.update (package:flutter/src/widgets/framework.dart:6010:5)
#763    Element.updateChild (package:flutter/src/widgets/framework.dart:4037:15)
#764    ComponentElement.performRebuild (package:flutter/src/widgets/framework.dart:5844:16)
#765    Element.rebuild (package:flutter/src/widgets/framework.dart:5532:7)
#766    ProxyElement.update (package:flutter/src/widgets/framework.dart:6152:5)
#767    Element.updateChild (package:flutter/src/widgets/framework.dart:4037:15)
#768    ComponentElement.performRebuild (package:flutter/src/widgets/framework.dart:5844:16)
#769    StatefulElement.performRebuild (package:flutter/src/widgets/framework.dart:5985:11)
#770    Element.rebuild (package:flutter/src/widgets/framework.dart:5532:7)
#771    StatefulElement.update (package:flutter/src/widgets/framework.dart:6010:5)
#772    Element.updateChild (package:flutter/src/widgets/framework.dart:4037:15)
#773    ComponentElement.performRebuild (package:flutter/src/widgets/framework.dart:5844:16)
#774    Element.rebuild (package:flutter/src/widgets/framework.dart:5532:7)
#775    ProxyElement.update (package:flutter/src/widgets/framework.dart:6152:5)
#776    Element.updateChild (package:flutter/src/widgets/framework.dart:4037:15)
#777    ComponentElement.performRebuild (package:flutter/src/widgets/framework.dart:5844:16)
#778    Element.rebuild (package:flutter/src/widgets/framework.dart:5532:7)
#779    ProxyElement.update (package:flutter/src/widgets/framework.dart:6152:5)
#780    Element.updateChild (package:flutter/src/widgets/framework.dart:4037:15)
#781    _RawViewElement._updateChild (package:flutter/src/widgets/view.dart:481:16)
#782    _RawViewElement.update (package:flutter/src/widgets/view.dart:568:5)
#783    Element.updateChild (package:flutter/src/widgets/framework.dart:4037:15)
#784    ComponentElement.performRebuild (package:flutter/src/widgets/framework.dart:5844:16)
#785    Element.rebuild (package:flutter/src/widgets/framework.dart:5532:7)
#786    StatelessElement.update (package:flutter/src/widgets/framework.dart:5898:5)
#787    Element.updateChild (package:flutter/src/widgets/framework.dart:4037:15)
#788    ComponentElement.performRebuild (package:flutter/src/widgets/framework.dart:5844:16)
#789    StatefulElement.performRebuild (package:flutter/src/widgets/framework.dart:5985:11)
#790    Element.rebuild (package:flutter/src/widgets/framework.dart:5532:7)
#791    StatefulElement.update (package:flutter/src/widgets/framework.dart:6010:5)
#792    Element.updateChild (package:flutter/src/widgets/framework.dart:4037:15)
#793    RootElement._rebuild (package:flutter/src/widgets/binding.dart:1782:16)
#794    RootElement.update (package:flutter/src/widgets/binding.dart:1760:5)
#795    RootElement.performRebuild (package:flutter/src/widgets/binding.dart:1774:7)
#796    Element.rebuild (package:flutter/src/widgets/framework.dart:5532:7)
#797    BuildScope._tryRebuild (package:flutter/src/widgets/framework.dart:2750:15)
#798    BuildScope._flushDirtyElements (package:flutter/src/widgets/framework.dart:2807:11)
#799    BuildOwner.buildScope (package:flutter/src/widgets/framework.dart:3111:18)
#800    AutomatedTestWidgetsFlutterBinding.drawFrame (package:flutter_test/src/binding.dart:1506:19)
#801    RendererBinding._handlePersistentFrameCallback (package:flutter/src/rendering/binding.dart:495:5)
#802    SchedulerBinding._invokeFrameCallback (package:flutter/src/scheduler/binding.dart:1434:15)
#803    SchedulerBinding.handleDrawFrame (package:flutter/src/scheduler/binding.dart:1347:9)
#804    AutomatedTestWidgetsFlutterBinding.pump.<anonymous closure> (package:flutter_test/src/binding.dart:1335:9)
#807    TestAsyncUtils.guard (package:flutter_test/src/test_async_utils.dart:74:41)
#808    AutomatedTestWidgetsFlutterBinding.pump (package:flutter_test/src/binding.dart:1324:27)
#809    WidgetTester.pumpWidget.<anonymous closure> (package:flutter_test/src/widget_tester.dart:598:22)
#812    TestAsyncUtils.guard (package:flutter_test/src/test_async_utils.dart:74:41)
#813    WidgetTester.pumpWidget (package:flutter_test/src/widget_tester.dart:595:27)
#814    main.<anonymous closure> (file:///C:/Users/joaom/Documents/GitHub/Notes/universal_notes_flutter/test/screens/note_editor_screen_test.dart:16:18)
#815    testWidgets.<anonymous closure>.<anonymous closure> (package:flutter_test/src/widget_tester.dart:192:29)
<asynchronous suspension>
#816    TestWidgetsFlutterBinding._runTestBody (package:flutter_test/src/binding.dart:1059:5)
<asynchronous suspension>
<asynchronous suspension>
(elided 5 frames from dart:async and package:stack_trace)

ÔòÉÔòÉÔòÉÔòÉÔòÉÔòÉÔòÉÔòÉÔòÉÔòÉÔòÉÔòÉÔòÉÔòÉÔòÉÔòÉÔòÉÔòÉÔòÉÔòÉÔòÉÔòÉÔòÉÔòÉÔòÉÔòÉÔòÉÔòÉÔòÉÔòÉÔòÉÔòÉÔòÉÔòÉÔòÉÔòÉÔòÉÔòÉÔòÉÔòÉÔòÉÔòÉÔòÉÔòÉÔòÉÔòÉÔòÉÔòÉÔòÉÔòÉÔòÉÔòÉÔòÉÔòÉÔòÉÔòÉÔòÉÔòÉÔòÉÔòÉÔòÉÔòÉÔòÉÔòÉÔòÉÔòÉÔòÉÔòÉÔòÉÔòÉÔòÉÔòÉÔòÉÔòÉÔòÉÔòÉÔòÉÔòÉÔòÉÔòÉÔòÉÔòÉÔòÉÔòÉÔòÉÔòÉÔòÉÔòÉÔòÉÔòÉÔòÉÔòÉÔòÉÔòÉÔòÉÔòÉÔòÉÔòÉÔòÉÔòÉ
ÔòÉÔòÉÔòí EXCEPTION CAUGHT BY FLUTTER TEST FRAMEWORK Ôò×ÔòÉÔòÉÔòÉÔòÉÔòÉÔòÉÔòÉÔòÉÔòÉÔòÉÔòÉÔòÉÔòÉÔòÉÔòÉÔòÉÔòÉÔòÉÔòÉÔòÉÔòÉÔòÉÔòÉÔòÉÔòÉÔòÉÔòÉÔòÉÔòÉÔòÉÔòÉÔòÉÔòÉÔòÉÔòÉÔòÉÔòÉÔòÉÔòÉÔòÉÔòÉÔòÉÔòÉÔòÉÔòÉÔòÉÔòÉÔòÉÔòÉÔòÉÔòÉÔòÉ
The following TestFailure was thrown running a test:
Expected: exactly one matching candidate
  Actual: _TypeWidgetFinder:<Found 0 widgets with type "NoteEditorScreen": []>
   Which: means none were found but one was expected

When the exception was thrown, this was the stack:
#4      main.<anonymous closure> (file:///C:/Users/joaom/Documents/GitHub/Notes/universal_notes_flutter/test/screens/note_editor_screen_test.dart:23:5)
<asynchronous suspension>
#5      testWidgets.<anonymous closure>.<anonymous closure> (package:flutter_test/src/widget_tester.dart:192:15)
<asynchronous suspension>
#6      TestWidgetsFlutterBinding._runTestBody (package:flutter_test/src/binding.dart:1059:5)
<asynchronous suspension>
<asynchronous suspension>
(elided one frame from package:stack_trace)

This was caught by the test expectation on the following line:
  file:///C:/Users/joaom/Documents/GitHub/Notes/universal_notes_flutter/test/screens/note_editor_screen_test.dart line 23
The test description was:
  NoteEditorScreen builds without crashing
ÔòÉÔòÉÔòÉÔòÉÔòÉÔòÉÔòÉÔòÉÔòÉÔòÉÔòÉÔòÉÔòÉÔòÉÔòÉÔòÉÔòÉÔòÉÔòÉÔòÉÔòÉÔòÉÔòÉÔòÉÔòÉÔòÉÔòÉÔòÉÔòÉÔòÉÔòÉÔòÉÔòÉÔòÉÔòÉÔòÉÔòÉÔòÉÔòÉÔòÉÔòÉÔòÉÔòÉÔòÉÔòÉÔòÉÔòÉÔòÉÔòÉÔòÉÔòÉÔòÉÔòÉÔòÉÔòÉÔòÉÔòÉÔòÉÔòÉÔòÉÔòÉÔòÉÔòÉÔòÉÔòÉÔòÉÔòÉÔòÉÔòÉÔòÉÔòÉÔòÉÔòÉÔòÉÔòÉÔòÉÔòÉÔòÉÔòÉÔòÉÔòÉÔòÉÔòÉÔòÉÔòÉÔòÉÔòÉÔòÉÔòÉÔòÉÔòÉÔòÉÔòÉÔòÉÔòÉÔòÉÔòÉÔòÉÔòÉÔòÉ
ÔòÉÔòÉÔòí EXCEPTION CAUGHT BY FLUTTER TEST FRAMEWORK Ôò×ÔòÉÔòÉÔòÉÔòÉÔòÉÔòÉÔòÉÔòÉÔòÉÔòÉÔòÉÔòÉÔòÉÔòÉÔòÉÔòÉÔòÉÔòÉÔòÉÔòÉÔòÉÔòÉÔòÉÔòÉÔòÉÔòÉÔòÉÔòÉÔòÉÔòÉÔòÉÔòÉÔòÉÔòÉÔòÉÔòÉÔòÉÔòÉÔòÉÔòÉÔòÉÔòÉÔòÉÔòÉÔòÉÔòÉÔòÉÔòÉÔòÉÔòÉÔòÉÔòÉ
The following message was thrown:
Multiple exceptions (2) were detected during the running of the current test, and at least one was
unexpected.
ÔòÉÔòÉÔòÉÔòÉÔòÉÔòÉÔòÉÔòÉÔòÉÔòÉÔòÉÔòÉÔòÉÔòÉÔòÉÔòÉÔòÉÔòÉÔòÉÔòÉÔòÉÔòÉÔòÉÔòÉÔòÉÔòÉÔòÉÔòÉÔòÉÔòÉÔòÉÔòÉÔòÉÔòÉÔòÉÔòÉÔòÉÔòÉÔòÉÔòÉÔòÉÔòÉÔòÉÔòÉÔòÉÔòÉÔòÉÔòÉÔòÉÔòÉÔòÉÔòÉÔòÉÔòÉÔòÉÔòÉÔòÉÔòÉÔòÉÔòÉÔòÉÔòÉÔòÉÔòÉÔòÉÔòÉÔòÉÔòÉÔòÉÔòÉÔòÉÔòÉÔòÉÔòÉÔòÉÔòÉÔòÉÔòÉÔòÉÔòÉÔòÉÔòÉÔòÉÔòÉÔòÉÔòÉÔòÉÔòÉÔòÉÔòÉÔòÉÔòÉÔòÉÔòÉÔòÉÔòÉÔòÉÔòÉÔòÉÔòÉ
03:03 +95 -13: C:/Users/joaom/Documents/GitHub/Notes/universal_notes_flutter/test/main_test.dart: NotesScreen State Rendering shows error message when fetch fails
03:03 +95 -13: C:/Users/joaom/Documents/GitHub/Notes/universal_notes_flutter/test/screens/note_editor_screen_test.dart: NoteEditorScreen builds without crashing [E]
  Test failed. See exception logs above.
  The test description was: NoteEditorScreen builds without crashing
  
03:07 +95 -13: C:/Users/joaom/Documents/GitHub/Notes/universal_notes_flutter/test/main_test.dart: NotesScreen State Rendering shows error message when fetch fails
03:09 +96 -13: C:/Users/joaom/Documents/GitHub/Notes/universal_notes_flutter/test/main_test.dart: NotesScreen State Rendering shows error message when fetch fails
03:09 +96 -13: C:/Users/joaom/Documents/GitHub/Notes/universal_notes_flutter/test/screens/settings_screen_test.dart: SettingsScreen navigates to AboutScreen on Android
ÔòÉÔòÉÔòí EXCEPTION CAUGHT BY FLUTTER TEST FRAMEWORK Ôò×ÔòÉÔòÉÔòÉÔòÉÔòÉÔòÉÔòÉÔòÉÔòÉÔòÉÔòÉÔòÉÔòÉÔòÉÔòÉÔòÉÔòÉÔòÉÔòÉÔòÉÔòÉÔòÉÔòÉÔòÉÔòÉÔòÉÔòÉÔòÉÔòÉÔòÉÔòÉÔòÉÔòÉÔòÉÔòÉÔòÉÔòÉÔòÉÔòÉÔòÉÔòÉÔòÉÔòÉÔòÉÔòÉÔòÉÔòÉÔòÉÔòÉÔòÉÔòÉÔòÉ
The following TestFailure was thrown running a test:
Expected: exactly one matching candidate
  Actual: _TypeWidgetFinder:<Found 0 widgets with type "AboutScreen": []>
   Which: means none were found but one was expected

When the exception was thrown, this was the stack:
#4      main.<anonymous closure>.<anonymous closure> (file:///C:/Users/joaom/Documents/GitHub/Notes/universal_notes_flutter/test/screens/settings_screen_test.dart:50:9)
<asynchronous suspension>
#5      testWidgets.<anonymous closure>.<anonymous closure> (package:flutter_test/src/widget_tester.dart:192:15)
<asynchronous suspension>
#6      TestWidgetsFlutterBinding._runTestBody (package:flutter_test/src/binding.dart:1059:5)
<asynchronous suspension>
<asynchronous suspension>
(elided one frame from package:stack_trace)

This was caught by the test expectation on the following line:
  file:///C:/Users/joaom/Documents/GitHub/Notes/universal_notes_flutter/test/screens/settings_screen_test.dart line 50
The test description was:
  navigates to AboutScreen on Android
ÔòÉÔòÉÔòÉÔòÉÔòÉÔòÉÔòÉÔòÉÔòÉÔòÉÔòÉÔòÉÔòÉÔòÉÔòÉÔòÉÔòÉÔòÉÔòÉÔòÉÔòÉÔòÉÔòÉÔòÉÔòÉÔòÉÔòÉÔòÉÔòÉÔòÉÔòÉÔòÉÔòÉÔòÉÔòÉÔòÉÔòÉÔòÉÔòÉÔòÉÔòÉÔòÉÔòÉÔòÉÔòÉÔòÉÔòÉÔòÉÔòÉÔòÉÔòÉÔòÉÔòÉÔòÉÔòÉÔòÉÔòÉÔòÉÔòÉÔòÉÔòÉÔòÉÔòÉÔòÉÔòÉÔòÉÔòÉÔòÉÔòÉÔòÉÔòÉÔòÉÔòÉÔòÉÔòÉÔòÉÔòÉÔòÉÔòÉÔòÉÔòÉÔòÉÔòÉÔòÉÔòÉÔòÉÔòÉÔòÉÔòÉÔòÉÔòÉÔòÉÔòÉÔòÉÔòÉÔòÉÔòÉÔòÉÔòÉÔòÉ
03:10 +96 -14: C:/Users/joaom/Documents/GitHub/Notes/universal_notes_flutter/test/main_test.dart: NotesScreen State Rendering shows error message when fetch fails
03:10 +96 -14: C:/Users/joaom/Documents/GitHub/Notes/universal_notes_flutter/test/screens/settings_screen_test.dart: SettingsScreen navigates to AboutScreen on Android [E]
  Test failed. See exception logs above.
  The test description was: navigates to AboutScreen on Android
  
03:10 +97 -14: C:/Users/joaom/Documents/GitHub/Notes/universal_notes_flutter/test/main_test.dart: NotesScreen State Rendering shows error message when fetch fails
03:10 +97 -14: C:/Users/joaom/Documents/GitHub/Notes/universal_notes_flutter/test/screens/settings_screen_test.dart: SettingsScreen navigates to AboutScreen on Windows
ÔòÉÔòÉÔòí EXCEPTION CAUGHT BY FLUTTER TEST FRAMEWORK Ôò×ÔòÉÔòÉÔòÉÔòÉÔòÉÔòÉÔòÉÔòÉÔòÉÔòÉÔòÉÔòÉÔòÉÔòÉÔòÉÔòÉÔòÉÔòÉÔòÉÔòÉÔòÉÔòÉÔòÉÔòÉÔòÉÔòÉÔòÉÔòÉÔòÉÔòÉÔòÉÔòÉÔòÉÔòÉÔòÉÔòÉÔòÉÔòÉÔòÉÔòÉÔòÉÔòÉÔòÉÔòÉÔòÉÔòÉÔòÉÔòÉÔòÉÔòÉÔòÉÔòÉ
The following TestFailure was thrown running a test:
Expected: exactly one matching candidate
  Actual: _TypeWidgetFinder:<Found 0 widgets with type "AboutScreen": []>
   Which: means none were found but one was expected

When the exception was thrown, this was the stack:
#4      main.<anonymous closure>.<anonymous closure> (file:///C:/Users/joaom/Documents/GitHub/Notes/universal_notes_flutter/test/screens/settings_screen_test.dart:83:9)
<asynchronous suspension>
#5      testWidgets.<anonymous closure>.<anonymous closure> (package:flutter_test/src/widget_tester.dart:192:15)
<asynchronous suspension>
#6      TestWidgetsFlutterBinding._runTestBody (package:flutter_test/src/binding.dart:1059:5)
<asynchronous suspension>
<asynchronous suspension>
(elided one frame from package:stack_trace)

This was caught by the test expectation on the following line:
  file:///C:/Users/joaom/Documents/GitHub/Notes/universal_notes_flutter/test/screens/settings_screen_test.dart line 83
The test description was:
  navigates to AboutScreen on Windows
ÔòÉÔòÉÔòÉÔòÉÔòÉÔòÉÔòÉÔòÉÔòÉÔòÉÔòÉÔòÉÔòÉÔòÉÔòÉÔòÉÔòÉÔòÉÔòÉÔòÉÔòÉÔòÉÔòÉÔòÉÔòÉÔòÉÔòÉÔòÉÔòÉÔòÉÔòÉÔòÉÔòÉÔòÉÔòÉÔòÉÔòÉÔòÉÔòÉÔòÉÔòÉÔòÉÔòÉÔòÉÔòÉÔòÉÔòÉÔòÉÔòÉÔòÉÔòÉÔòÉÔòÉÔòÉÔòÉÔòÉÔòÉÔòÉÔòÉÔòÉÔòÉÔòÉÔòÉÔòÉÔòÉÔòÉÔòÉÔòÉÔòÉÔòÉÔòÉÔòÉÔòÉÔòÉÔòÉÔòÉÔòÉÔòÉÔòÉÔòÉÔòÉÔòÉÔòÉÔòÉÔòÉÔòÉÔòÉÔòÉÔòÉÔòÉÔòÉÔòÉÔòÉÔòÉÔòÉÔòÉÔòÉÔòÉÔòÉÔòÉ
03:10 +97 -15: C:/Users/joaom/Documents/GitHub/Notes/universal_notes_flutter/test/main_test.dart: NotesScreen State Rendering shows error message when fetch fails
03:10 +97 -15: C:/Users/joaom/Documents/GitHub/Notes/universal_notes_flutter/test/screens/settings_screen_test.dart: SettingsScreen navigates to AboutScreen on Windows [E]
  Test failed. See exception logs above.
  The test description was: navigates to AboutScreen on Windows
  
03:11 +97 -15: C:/Users/joaom/Documents/GitHub/Notes/universal_notes_flutter/test/screens/settings_screen_test.dart: SettingsScreen returns to SettingsScreen after navigating back on Android
ÔòÉÔòÉÔòí EXCEPTION CAUGHT BY FLUTTER TEST FRAMEWORK Ôò×ÔòÉÔòÉÔòÉÔòÉÔòÉÔòÉÔòÉÔòÉÔòÉÔòÉÔòÉÔòÉÔòÉÔòÉÔòÉÔòÉÔòÉÔòÉÔòÉÔòÉÔòÉÔòÉÔòÉÔòÉÔòÉÔòÉÔòÉÔòÉÔòÉÔòÉÔòÉÔòÉÔòÉÔòÉÔòÉÔòÉÔòÉÔòÉÔòÉÔòÉÔòÉÔòÉÔòÉÔòÉÔòÉÔòÉÔòÉÔòÉÔòÉÔòÉÔòÉÔòÉ
The following TestFailure was thrown running a test:
Expected: exactly one matching candidate
  Actual: _TypeWidgetFinder:<Found 0 widgets with type "AboutScreen": []>
   Which: means none were found but one was expected

When the exception was thrown, this was the stack:
#4      main.<anonymous closure>.<anonymous closure> (file:///C:/Users/joaom/Documents/GitHub/Notes/universal_notes_flutter/test/screens/settings_screen_test.dart:101:9)
<asynchronous suspension>
#5      testWidgets.<anonymous closure>.<anonymous closure> (package:flutter_test/src/widget_tester.dart:192:15)
<asynchronous suspension>
#6      TestWidgetsFlutterBinding._runTestBody (package:flutter_test/src/binding.dart:1059:5)
<asynchronous suspension>
<asynchronous suspension>
(elided one frame from package:stack_trace)

This was caught by the test expectation on the following line:
  file:///C:/Users/joaom/Documents/GitHub/Notes/universal_notes_flutter/test/screens/settings_screen_test.dart line 101
The test description was:
  returns to SettingsScreen after navigating back on Android
ÔòÉÔòÉÔòÉÔòÉÔòÉÔòÉÔòÉÔòÉÔòÉÔòÉÔòÉÔòÉÔòÉÔòÉÔòÉÔòÉÔòÉÔòÉÔòÉÔòÉÔòÉÔòÉÔòÉÔòÉÔòÉÔòÉÔòÉÔòÉÔòÉÔòÉÔòÉÔòÉÔòÉÔòÉÔòÉÔòÉÔòÉÔòÉÔòÉÔòÉÔòÉÔòÉÔòÉÔòÉÔòÉÔòÉÔòÉÔòÉÔòÉÔòÉÔòÉÔòÉÔòÉÔòÉÔòÉÔòÉÔòÉÔòÉÔòÉÔòÉÔòÉÔòÉÔòÉÔòÉÔòÉÔòÉÔòÉÔòÉÔòÉÔòÉÔòÉÔòÉÔòÉÔòÉÔòÉÔòÉÔòÉÔòÉÔòÉÔòÉÔòÉÔòÉÔòÉÔòÉÔòÉÔòÉÔòÉÔòÉÔòÉÔòÉÔòÉÔòÉÔòÉÔòÉÔòÉÔòÉÔòÉÔòÉÔòÉÔòÉ
03:11 +97 -16: C:/Users/joaom/Documents/GitHub/Notes/universal_notes_flutter/test/main_test.dart: NotesScreen State Rendering shows error message when fetch fails
03:11 +97 -16: C:/Users/joaom/Documents/GitHub/Notes/universal_notes_flutter/test/screens/settings_screen_test.dart: SettingsScreen returns to SettingsScreen after navigating back on Android [E]
  Test failed. See exception logs above.
  The test description was: returns to SettingsScreen after navigating back on Android
  
03:11 +97 -16: C:/Users/joaom/Documents/GitHub/Notes/universal_notes_flutter/test/screens/settings_screen_test.dart: SettingsScreen returns to SettingsScreen after navigating back on Windows
ÔòÉÔòÉÔòí EXCEPTION CAUGHT BY FLUTTER TEST FRAMEWORK Ôò×ÔòÉÔòÉÔòÉÔòÉÔòÉÔòÉÔòÉÔòÉÔòÉÔòÉÔòÉÔòÉÔòÉÔòÉÔòÉÔòÉÔòÉÔòÉÔòÉÔòÉÔòÉÔòÉÔòÉÔòÉÔòÉÔòÉÔòÉÔòÉÔòÉÔòÉÔòÉÔòÉÔòÉÔòÉÔòÉÔòÉÔòÉÔòÉÔòÉÔòÉÔòÉÔòÉÔòÉÔòÉÔòÉÔòÉÔòÉÔòÉÔòÉÔòÉÔòÉÔòÉ
The following TestFailure was thrown running a test:
Expected: exactly one matching candidate
  Actual: _TypeWidgetFinder:<Found 0 widgets with type "AboutScreen": []>
   Which: means none were found but one was expected

When the exception was thrown, this was the stack:
#4      main.<anonymous closure>.<anonymous closure> (file:///C:/Users/joaom/Documents/GitHub/Notes/universal_notes_flutter/test/screens/settings_screen_test.dart:128:9)
<asynchronous suspension>
#5      testWidgets.<anonymous closure>.<anonymous closure> (package:flutter_test/src/widget_tester.dart:192:15)
<asynchronous suspension>
#6      TestWidgetsFlutterBinding._runTestBody (package:flutter_test/src/binding.dart:1059:5)
<asynchronous suspension>
<asynchronous suspension>
(elided one frame from package:stack_trace)

This was caught by the test expectation on the following line:
  file:///C:/Users/joaom/Documents/GitHub/Notes/universal_notes_flutter/test/screens/settings_screen_test.dart line 128
The test description was:
  returns to SettingsScreen after navigating back on Windows
ÔòÉÔòÉÔòÉÔòÉÔòÉÔòÉÔòÉÔòÉÔòÉÔòÉÔòÉÔòÉÔòÉÔòÉÔòÉÔòÉÔòÉÔòÉÔòÉÔòÉÔòÉÔòÉÔòÉÔòÉÔòÉÔòÉÔòÉÔòÉÔòÉÔòÉÔòÉÔòÉÔòÉÔòÉÔòÉÔòÉÔòÉÔòÉÔòÉÔòÉÔòÉÔòÉÔòÉÔòÉÔòÉÔòÉÔòÉÔòÉÔòÉÔòÉÔòÉÔòÉÔòÉÔòÉÔòÉÔòÉÔòÉÔòÉÔòÉÔòÉÔòÉÔòÉÔòÉÔòÉÔòÉÔòÉÔòÉÔòÉÔòÉÔòÉÔòÉÔòÉÔòÉÔòÉÔòÉÔòÉÔòÉÔòÉÔòÉÔòÉÔòÉÔòÉÔòÉÔòÉÔòÉÔòÉÔòÉÔòÉÔòÉÔòÉÔòÉÔòÉÔòÉÔòÉÔòÉÔòÉÔòÉÔòÉÔòÉÔòÉ
03:11 +97 -17: C:/Users/joaom/Documents/GitHub/Notes/universal_notes_flutter/test/main_test.dart: NotesScreen State Rendering shows error message when fetch fails
03:11 +97 -17: C:/Users/joaom/Documents/GitHub/Notes/universal_notes_flutter/test/screens/settings_screen_test.dart: SettingsScreen returns to SettingsScreen after navigating back on Windows [E]
  Test failed. See exception logs above.
  The test description was: returns to SettingsScreen after navigating back on Windows
  
03:11 +97 -17: C:/Users/joaom/Documents/GitHub/Notes/universal_notes_flutter/test/main_test.dart: NotesScreen State Rendering shows error message when fetch fails
03:17 +97 -18: C:/Users/joaom/Documents/GitHub/Notes/universal_notes_flutter/test/main_test.dart: NotesScreen State Rendering shows error message when fetch fails
03:17 +97 -18: C:/Users/joaom/Documents/GitHub/Notes/universal_notes_flutter/test/services/autocomplete_service_test.dart: AutocompleteService returns suggestions from all sources in order [E]
  type 'Null' is not a subtype of type 'Future<List<String>>'
  test\services\autocomplete_service_test.dart 8:7    MockFirestoreRepository.getFrequentWords
  test\services\autocomplete_service_test.dart 29:21  main.<fn>.<fn>
  
03:21 +98 -18: C:/Users/joaom/Documents/GitHub/Notes/universal_notes_flutter/test/main_test.dart: NotesScreen State Rendering shows error message when fetch fails
03:21 +99 -18: C:/Users/joaom/Documents/GitHub/Notes/universal_notes_flutter/test/main_test.dart: NotesScreen State Rendering shows error message when fetch fails
03:21 +100 -18: C:/Users/joaom/Documents/GitHub/Notes/universal_notes_flutter/test/main_test.dart: NotesScreen State Rendering shows error message when fetch fails
03:21 +101 -18: C:/Users/joaom/Documents/GitHub/Notes/universal_notes_flutter/test/main_test.dart: NotesScreen State Rendering shows error message when fetch fails
03:21 +102 -18: C:/Users/joaom/Documents/GitHub/Notes/universal_notes_flutter/test/main_test.dart: NotesScreen State Rendering shows error message when fetch fails
03:27 +103 -18: C:/Users/joaom/Documents/GitHub/Notes/universal_notes_flutter/test/main_test.dart: NotesScreen State Rendering shows error message when fetch fails
03:29 +104 -18: C:/Users/joaom/Documents/GitHub/Notes/universal_notes_flutter/test/main_test.dart: NotesScreen State Rendering shows error message when fetch fails
03:32 +105 -18: C:/Users/joaom/Documents/GitHub/Notes/universal_notes_flutter/test/main_test.dart: NotesScreen State Rendering shows error message when fetch fails
03:34 +106 -18: C:/Users/joaom/Documents/GitHub/Notes/universal_notes_flutter/test/main_test.dart: NotesScreen State Rendering shows error message when fetch fails
03:38 +107 -18: C:/Users/joaom/Documents/GitHub/Notes/universal_notes_flutter/test/main_test.dart: NotesScreen State Rendering shows error message when fetch fails
03:44 +108 -18: C:/Users/joaom/Documents/GitHub/Notes/universal_notes_flutter/test/main_test.dart: NotesScreen State Rendering shows error message when fetch fails
03:44 +108 -19: C:/Users/joaom/Documents/GitHub/Notes/universal_notes_flutter/test/main_test.dart: NotesScreen State Rendering shows error message when fetch fails
03:44 +108 -19: C:/Users/joaom/Documents/GitHub/Notes/universal_notes_flutter/test/services/event_replayer_test.dart: EventReplayer reconstructs document from insert events [E]
  Expected: 'Hello World'
    Actual: ''
     Which: is different. Both strings start the same, but the actual value is missing the following trailing characters: Hello Worl ...
  
  package:matcher                                     expect
  package:flutter_test/src/widget_tester.dart 473:18  expect
  test\services\event_replayer_test.dart 32:7         main.<fn>.<fn>
  
03:44 +108 -20: C:/Users/joaom/Documents/GitHub/Notes/universal_notes_flutter/test/main_test.dart: NotesScreen State Rendering shows error message when fetch fails
03:44 +108 -20: C:/Users/joaom/Documents/GitHub/Notes/universal_notes_flutter/test/services/event_replayer_test.dart: EventReplayer reconstructs document with delete events [E]
  Expected: 'Hello'
    Actual: ''
     Which: is different. Both strings start the same, but the actual value is missing the following trailing characters: Hello
  
  package:matcher                                     expect
  package:flutter_test/src/widget_tester.dart 473:18  expect
  test\services\event_replayer_test.dart 54:7         main.<fn>.<fn>
  
03:44 +108 -21: C:/Users/joaom/Documents/GitHub/Notes/universal_notes_flutter/test/main_test.dart: NotesScreen State Rendering shows error message when fetch fails
03:44 +108 -21: C:/Users/joaom/Documents/GitHub/Notes/universal_notes_flutter/test/services/event_replayer_test.dart: EventReplayer handles events out of order by sorting [E]
  Expected: 'Hello World'
    Actual: ''
     Which: is different. Both strings start the same, but the actual value is missing the following trailing characters: Hello Worl ...
  
  package:matcher                                     expect
  package:flutter_test/src/widget_tester.dart 473:18  expect
  test\services\event_replayer_test.dart 76:7         main.<fn>.<fn>
  
03:44 +109 -21: C:/Users/joaom/Documents/GitHub/Notes/universal_notes_flutter/test/main_test.dart: NotesScreen State Rendering shows error message when fetch fails
03:49 +110 -21: C:/Users/joaom/Documents/GitHub/Notes/universal_notes_flutter/test/main_test.dart: NotesScreen State Rendering shows error message when fetch fails
03:53 +111 -21: C:/Users/joaom/Documents/GitHub/Notes/universal_notes_flutter/test/main_test.dart: NotesScreen State Rendering shows error message when fetch fails
03:53 +112 -21: C:/Users/joaom/Documents/GitHub/Notes/universal_notes_flutter/test/main_test.dart: NotesScreen State Rendering shows error message when fetch fails
03:53 +113 -21: C:/Users/joaom/Documents/GitHub/Notes/universal_notes_flutter/test/main_test.dart: NotesScreen State Rendering shows error message when fetch fails
03:53 +114 -21: C:/Users/joaom/Documents/GitHub/Notes/universal_notes_flutter/test/main_test.dart: NotesScreen State Rendering shows error message when fetch fails
03:59 +115 -21: C:/Users/joaom/Documents/GitHub/Notes/universal_notes_flutter/test/main_test.dart: NotesScreen State Rendering shows error message when fetch fails
03:59 +116 -21: C:/Users/joaom/Documents/GitHub/Notes/universal_notes_flutter/test/main_test.dart: NotesScreen State Rendering shows error message when fetch fails
03:59 +117 -21: C:/Users/joaom/Documents/GitHub/Notes/universal_notes_flutter/test/main_test.dart: NotesScreen State Rendering shows error message when fetch fails
04:05 +117 -22: C:/Users/joaom/Documents/GitHub/Notes/universal_notes_flutter/test/main_test.dart: NotesScreen State Rendering shows error message when fetch fails
04:05 +117 -22: C:/Users/joaom/Documents/GitHub/Notes/universal_notes_flutter/test/services/tag_suggestion_service_test.dart: TagSuggestionService should suggest tags found in document text [E]
  Expected: contains all of ['flutter', 'dart']
    Actual: MappedListIterable<Tag, String>:['Flutter', 'Dart']
     Which: has no match for 'flutter' at index 0 along with 1 other unmatched
  
  package:matcher                                      expect
  test\services\tag_suggestion_service_test.dart 28:7  main.<fn>.<fn>
  
04:05 +118 -22: C:/Users/joaom/Documents/GitHub/Notes/universal_notes_flutter/test/main_test.dart: NotesScreen State Rendering shows error message when fetch fails
04:05 +119 -22: C:/Users/joaom/Documents/GitHub/Notes/universal_notes_flutter/test/main_test.dart: NotesScreen State Rendering shows error message when fetch fails
04:05 +120 -22: C:/Users/joaom/Documents/GitHub/Notes/universal_notes_flutter/test/main_test.dart: NotesScreen State Rendering shows error message when fetch fails
04:10 +121 -22: C:/Users/joaom/Documents/GitHub/Notes/universal_notes_flutter/test/main_test.dart: NotesScreen State Rendering shows error message when fetch fails
04:11 +121 -23: C:/Users/joaom/Documents/GitHub/Notes/universal_notes_flutter/test/main_test.dart: NotesScreen State Rendering shows error message when fetch fails
04:11 +121 -23: C:/Users/joaom/Documents/GitHub/Notes/universal_notes_flutter/test/services/tracing_service_test.dart: TracingService should start a span with the given name [E]
  Bad state: A global TracerProvider has already been created. registerGlobalTracerProvider must be called only once before any calls to the getter globalTracerProvider.
  package:opentelemetry/src/api/open_telemetry.dart 29:5              registerGlobalTracerProvider
  package:universal_notes_flutter/services/tracing_service.dart 25:5  TracingService.init
  test\services\tracing_service_test.dart 9:35                        main.<fn>.<fn>
  
04:11 +121 -24: C:/Users/joaom/Documents/GitHub/Notes/universal_notes_flutter/test/main_test.dart: NotesScreen State Rendering shows error message when fetch fails
04:11 +121 -24: C:/Users/joaom/Documents/GitHub/Notes/universal_notes_flutter/test/services/tracing_service_test.dart: TracingService singleton instance should be shared [E]
  Bad state: A global TracerProvider has already been created. registerGlobalTracerProvider must be called only once before any calls to the getter globalTracerProvider.
  package:opentelemetry/src/api/open_telemetry.dart 29:5              registerGlobalTracerProvider
  package:universal_notes_flutter/services/tracing_service.dart 25:5  TracingService.init
  test\services\tracing_service_test.dart 9:35                        main.<fn>.<fn>
  
04:15 +122 -24: C:/Users/joaom/Documents/GitHub/Notes/universal_notes_flutter/test/main_test.dart: NotesScreen State Rendering shows error message when fetch fails
04:15 +123 -24: C:/Users/joaom/Documents/GitHub/Notes/universal_notes_flutter/test/main_test.dart: NotesScreen State Rendering shows error message when fetch fails
04:15 +124 -24: C:/Users/joaom/Documents/GitHub/Notes/universal_notes_flutter/test/main_test.dart: NotesScreen State Rendering shows error message when fetch fails
04:15 +125 -24: C:/Users/joaom/Documents/GitHub/Notes/universal_notes_flutter/test/main_test.dart: NotesScreen State Rendering shows error message when fetch fails
04:15 +126 -24: C:/Users/joaom/Documents/GitHub/Notes/universal_notes_flutter/test/main_test.dart: NotesScreen State Rendering shows error message when fetch fails
04:15 +127 -24: C:/Users/joaom/Documents/GitHub/Notes/universal_notes_flutter/test/main_test.dart: NotesScreen State Rendering shows error message when fetch fails
04:15 +128 -24: C:/Users/joaom/Documents/GitHub/Notes/universal_notes_flutter/test/main_test.dart: NotesScreen State Rendering shows error message when fetch fails
04:15 +129 -24: C:/Users/joaom/Documents/GitHub/Notes/universal_notes_flutter/test/main_test.dart: NotesScreen State Rendering shows error message when fetch fails
04:15 +130 -24: C:/Users/joaom/Documents/GitHub/Notes/universal_notes_flutter/test/main_test.dart: NotesScreen State Rendering shows error message when fetch fails
04:16 +131 -24: C:/Users/joaom/Documents/GitHub/Notes/universal_notes_flutter/test/main_test.dart: NotesScreen State Rendering shows error message when fetch fails
04:16 +132 -24: C:/Users/joaom/Documents/GitHub/Notes/universal_notes_flutter/test/main_test.dart: NotesScreen State Rendering shows error message when fetch fails
04:16 +133 -24: C:/Users/joaom/Documents/GitHub/Notes/universal_notes_flutter/test/main_test.dart: NotesScreen State Rendering shows error message when fetch fails
04:16 +134 -24: C:/Users/joaom/Documents/GitHub/Notes/universal_notes_flutter/test/main_test.dart: NotesScreen State Rendering shows error message when fetch fails
04:16 +135 -24: C:/Users/joaom/Documents/GitHub/Notes/universal_notes_flutter/test/main_test.dart: NotesScreen State Rendering shows error message when fetch fails
04:16 +136 -24: C:/Users/joaom/Documents/GitHub/Notes/universal_notes_flutter/test/main_test.dart: NotesScreen State Rendering shows error message when fetch fails
04:23 +137 -24: C:/Users/joaom/Documents/GitHub/Notes/universal_notes_flutter/test/main_test.dart: NotesScreen State Rendering shows error message when fetch fails
04:27 +138 -24: C:/Users/joaom/Documents/GitHub/Notes/universal_notes_flutter/test/main_test.dart: NotesScreen State Rendering shows error message when fetch fails
04:27 +139 -24: C:/Users/joaom/Documents/GitHub/Notes/universal_notes_flutter/test/main_test.dart: NotesScreen State Rendering shows error message when fetch fails
04:27 +140 -24: C:/Users/joaom/Documents/GitHub/Notes/universal_notes_flutter/test/main_test.dart: NotesScreen State Rendering shows error message when fetch fails
04:27 +141 -24: C:/Users/joaom/Documents/GitHub/Notes/universal_notes_flutter/test/main_test.dart: NotesScreen State Rendering shows error message when fetch fails
04:27 +142 -24: C:/Users/joaom/Documents/GitHub/Notes/universal_notes_flutter/test/main_test.dart: NotesScreen State Rendering shows error message when fetch fails
04:27 +143 -24: C:/Users/joaom/Documents/GitHub/Notes/universal_notes_flutter/test/main_test.dart: NotesScreen State Rendering shows error message when fetch fails
04:33 +144 -24: C:/Users/joaom/Documents/GitHub/Notes/universal_notes_flutter/test/main_test.dart: NotesScreen State Rendering shows error message when fetch fails
04:33 +145 -24: C:/Users/joaom/Documents/GitHub/Notes/universal_notes_flutter/test/main_test.dart: NotesScreen State Rendering shows error message when fetch fails
04:33 +146 -24: C:/Users/joaom/Documents/GitHub/Notes/universal_notes_flutter/test/main_test.dart: NotesScreen State Rendering shows error message when fetch fails
04:33 +147 -24: C:/Users/joaom/Documents/GitHub/Notes/universal_notes_flutter/test/main_test.dart: NotesScreen State Rendering shows error message when fetch fails
04:33 +148 -24: C:/Users/joaom/Documents/GitHub/Notes/universal_notes_flutter/test/main_test.dart: NotesScreen State Rendering shows error message when fetch fails
04:40 +149 -24: C:/Users/joaom/Documents/GitHub/Notes/universal_notes_flutter/test/main_test.dart: NotesScreen State Rendering shows error message when fetch fails
04:40 +150 -24: C:/Users/joaom/Documents/GitHub/Notes/universal_notes_flutter/test/main_test.dart: NotesScreen State Rendering shows error message when fetch fails
04:41 +151 -24: C:/Users/joaom/Documents/GitHub/Notes/universal_notes_flutter/test/main_test.dart: NotesScreen State Rendering shows error message when fetch fails
04:41 +152 -24: C:/Users/joaom/Documents/GitHub/Notes/universal_notes_flutter/test/main_test.dart: NotesScreen State Rendering shows error message when fetch fails
04:41 +153 -24: C:/Users/joaom/Documents/GitHub/Notes/universal_notes_flutter/test/main_test.dart: NotesScreen State Rendering shows error message when fetch fails
04:42 +154 -24: C:/Users/joaom/Documents/GitHub/Notes/universal_notes_flutter/test/main_test.dart: NotesScreen State Rendering shows error message when fetch fails
04:42 +155 -24: C:/Users/joaom/Documents/GitHub/Notes/universal_notes_flutter/test/main_test.dart: NotesScreen State Rendering shows error message when fetch fails
04:42 +156 -24: C:/Users/joaom/Documents/GitHub/Notes/universal_notes_flutter/test/main_test.dart: NotesScreen State Rendering shows error message when fetch fails
04:42 +157 -24: C:/Users/joaom/Documents/GitHub/Notes/universal_notes_flutter/test/main_test.dart: NotesScreen State Rendering shows error message when fetch fails
04:42 +158 -24: C:/Users/joaom/Documents/GitHub/Notes/universal_notes_flutter/test/main_test.dart: NotesScreen State Rendering shows error message when fetch fails
04:43 +159 -24: C:/Users/joaom/Documents/GitHub/Notes/universal_notes_flutter/test/main_test.dart: NotesScreen State Rendering shows error message when fetch fails
04:43 +160 -24: C:/Users/joaom/Documents/GitHub/Notes/universal_notes_flutter/test/main_test.dart: NotesScreen State Rendering shows error message when fetch fails
04:50 +161 -24: C:/Users/joaom/Documents/GitHub/Notes/universal_notes_flutter/test/main_test.dart: NotesScreen State Rendering shows error message when fetch fails
04:50 +162 -24: C:/Users/joaom/Documents/GitHub/Notes/universal_notes_flutter/test/main_test.dart: NotesScreen State Rendering shows error message when fetch fails
04:50 +163 -24: C:/Users/joaom/Documents/GitHub/Notes/universal_notes_flutter/test/main_test.dart: NotesScreen State Rendering shows error message when fetch fails
04:50 +164 -24: C:/Users/joaom/Documents/GitHub/Notes/universal_notes_flutter/test/main_test.dart: NotesScreen State Rendering shows error message when fetch fails
04:51 +165 -24: C:/Users/joaom/Documents/GitHub/Notes/universal_notes_flutter/test/main_test.dart: NotesScreen State Rendering shows error message when fetch fails
04:51 +166 -24: C:/Users/joaom/Documents/GitHub/Notes/universal_notes_flutter/test/main_test.dart: NotesScreen State Rendering shows error message when fetch fails
04:51 +167 -24: C:/Users/joaom/Documents/GitHub/Notes/universal_notes_flutter/test/main_test.dart: NotesScreen State Rendering shows error message when fetch fails
04:51 +168 -24: C:/Users/joaom/Documents/GitHub/Notes/universal_notes_flutter/test/main_test.dart: NotesScreen State Rendering shows error message when fetch fails
04:51 +169 -24: C:/Users/joaom/Documents/GitHub/Notes/universal_notes_flutter/test/main_test.dart: NotesScreen State Rendering shows error message when fetch fails
05:01 +170 -24: C:/Users/joaom/Documents/GitHub/Notes/universal_notes_flutter/test/main_test.dart: NotesScreen State Rendering shows error message when fetch fails
05:01 +171 -24: C:/Users/joaom/Documents/GitHub/Notes/universal_notes_flutter/test/main_test.dart: NotesScreen State Rendering shows error message when fetch fails
../../../../AppData/Local/Pub/Cache/hosted/pub.dev/alchemist-0.8.0/lib/src/blocked_text_image.dart:65:7: Error: The non-abstract class 'BlockedTextCanvasAdapter' is missing implementations for these members:
 - Canvas.clipRSuperellipse
 - Canvas.drawRSuperellipse
Try to either
 - provide an implementation,
 - inherit an implementation from a superclass or mixin,
 - mark the class as abstract, or
 - provide a 'noSuchMethod' implementation.
class BlockedTextCanvasAdapter implements Canvas {
      ^^^^^^^^^^^^^^^^^^^^^^^^
org-dartlang-sdk:///flutter/lib/ui/painting.dart:5967:8: Context: 'Canvas.clipRSuperellipse' is defined here.
  void clipRSuperellipse(RSuperellipse rsuperellipse, {bool doAntiAlias = true});
       ^^^^^^^^^^^^^^^^^
org-dartlang-sdk:///flutter/lib/ui/painting.dart:6097:8: Context: 'Canvas.drawRSuperellipse' is defined here.
  void drawRSuperellipse(RSuperellipse rsuperellipse, Paint paint);
       ^^^^^^^^^^^^^^^^^
05:06 +171 -25: loading C:/Users/joaom/Documents/GitHub/Notes/universal_notes_flutter/test/widgets/fluent_note_card_golden_test.dart [E]
  Failed to load "C:/Users/joaom/Documents/GitHub/Notes/universal_notes_flutter/test/widgets/fluent_note_card_golden_test.dart":
  Compilation failed for testPath=C:/Users/joaom/Documents/GitHub/Notes/universal_notes_flutter/test/widgets/fluent_note_card_golden_test.dart: ../../../../AppData/Local/Pub/Cache/hosted/pub.dev/alchemist-0.8.0/lib/src/blocked_text_image.dart:65:7: Error: The non-abstract class 'BlockedTextCanvasAdapter' is missing implementations for these members:
   - Canvas.clipRSuperellipse
   - Canvas.drawRSuperellipse
  Try to either
   - provide an implementation,
   - inherit an implementation from a superclass or mixin,
   - mark the class as abstract, or
   - provide a 'noSuchMethod' implementation.
  class BlockedTextCanvasAdapter implements Canvas {
        ^^^^^^^^^^^^^^^^^^^^^^^^
  org-dartlang-sdk:///flutter/lib/ui/painting.dart:5967:8: Context: 'Canvas.clipRSuperellipse' is defined here.
    void clipRSuperellipse(RSuperellipse rsuperellipse, {bool doAntiAlias = true});
         ^^^^^^^^^^^^^^^^^
  org-dartlang-sdk:///flutter/lib/ui/painting.dart:6097:8: Context: 'Canvas.drawRSuperellipse' is defined here.
    void drawRSuperellipse(RSuperellipse rsuperellipse, Paint paint);
         ^^^^^^^^^^^^^^^^^
  .
05:29 +171 -25: C:/Users/joaom/Documents/GitHub/Notes/universal_notes_flutter/test/widgets/fluent_note_card_test.dart: FluentNoteCard displays title and content preview for valid content
ÔòÉÔòÉÔòí EXCEPTION CAUGHT BY FLUTTER TEST FRAMEWORK Ôò×ÔòÉÔòÉÔòÉÔòÉÔòÉÔòÉÔòÉÔòÉÔòÉÔòÉÔòÉÔòÉÔòÉÔòÉÔòÉÔòÉÔòÉÔòÉÔòÉÔòÉÔòÉÔòÉÔòÉÔòÉÔòÉÔòÉÔòÉÔòÉÔòÉÔòÉÔòÉÔòÉÔòÉÔòÉÔòÉÔòÉÔòÉÔòÉÔòÉÔòÉÔòÉÔòÉÔòÉÔòÉÔòÉÔòÉÔòÉÔòÉÔòÉÔòÉÔòÉÔòÉ
The following TestFailure was thrown running a test:
Expected: exactly one matching candidate
  Actual: _TextWidgetFinder:<Found 0 widgets with text "This is a test note.": []>
   Which: means none were found but one was expected

When the exception was thrown, this was the stack:
#4      main.<anonymous closure>.<anonymous closure> (file:///C:/Users/joaom/Documents/GitHub/Notes/universal_notes_flutter/test/widgets/fluent_note_card_test.dart:39:7)
<asynchronous suspension>
#5      testWidgets.<anonymous closure>.<anonymous closure> (package:flutter_test/src/widget_tester.dart:192:15)
<asynchronous suspension>
#6      TestWidgetsFlutterBinding._runTestBody (package:flutter_test/src/binding.dart:1059:5)
<asynchronous suspension>
<asynchronous suspension>
(elided one frame from package:stack_trace)

This was caught by the test expectation on the following line:
  file:///C:/Users/joaom/Documents/GitHub/Notes/universal_notes_flutter/test/widgets/fluent_note_card_test.dart line 39
The test description was:
  displays title and content preview for valid content
ÔòÉÔòÉÔòÉÔòÉÔòÉÔòÉÔòÉÔòÉÔòÉÔòÉÔòÉÔòÉÔòÉÔòÉÔòÉÔòÉÔòÉÔòÉÔòÉÔòÉÔòÉÔòÉÔòÉÔòÉÔòÉÔòÉÔòÉÔòÉÔòÉÔòÉÔòÉÔòÉÔòÉÔòÉÔòÉÔòÉÔòÉÔòÉÔòÉÔòÉÔòÉÔòÉÔòÉÔòÉÔòÉÔòÉÔòÉÔòÉÔòÉÔòÉÔòÉÔòÉÔòÉÔòÉÔòÉÔòÉÔòÉÔòÉÔòÉÔòÉÔòÉÔòÉÔòÉÔòÉÔòÉÔòÉÔòÉÔòÉÔòÉÔòÉÔòÉÔòÉÔòÉÔòÉÔòÉÔòÉÔòÉÔòÉÔòÉÔòÉÔòÉÔòÉÔòÉÔòÉÔòÉÔòÉÔòÉÔòÉÔòÉÔòÉÔòÉÔòÉÔòÉÔòÉÔòÉÔòÉÔòÉÔòÉÔòÉÔòÉ
05:29 +171 -26: C:/Users/joaom/Documents/GitHub/Notes/universal_notes_flutter/test/main_test.dart: NotesScreen State Rendering shows error message when fetch fails
05:29 +171 -26: C:/Users/joaom/Documents/GitHub/Notes/universal_notes_flutter/test/widgets/fluent_note_card_test.dart: FluentNoteCard displays title and content preview for valid content [E]
  Test failed. See exception logs above.
  The test description was: displays title and content preview for valid content
  
05:30 +171 -26: C:/Users/joaom/Documents/GitHub/Notes/universal_notes_flutter/test/widgets/fluent_note_card_test.dart: FluentNoteCard displays fallback text for invalid content
ÔòÉÔòÉÔòí EXCEPTION CAUGHT BY FLUTTER TEST FRAMEWORK Ôò×ÔòÉÔòÉÔòÉÔòÉÔòÉÔòÉÔòÉÔòÉÔòÉÔòÉÔòÉÔòÉÔòÉÔòÉÔòÉÔòÉÔòÉÔòÉÔòÉÔòÉÔòÉÔòÉÔòÉÔòÉÔòÉÔòÉÔòÉÔòÉÔòÉÔòÉÔòÉÔòÉÔòÉÔòÉÔòÉÔòÉÔòÉÔòÉÔòÉÔòÉÔòÉÔòÉÔòÉÔòÉÔòÉÔòÉÔòÉÔòÉÔòÉÔòÉÔòÉÔòÉ
The following TestFailure was thrown running a test:
Expected: exactly one matching candidate
  Actual: _TextWidgetFinder:<Found 0 widgets with text "...": []>
   Which: means none were found but one was expected

When the exception was thrown, this was the stack:
#4      main.<anonymous closure>.<anonymous closure> (file:///C:/Users/joaom/Documents/GitHub/Notes/universal_notes_flutter/test/widgets/fluent_note_card_test.dart:58:7)
<asynchronous suspension>
#5      testWidgets.<anonymous closure>.<anonymous closure> (package:flutter_test/src/widget_tester.dart:192:15)
<asynchronous suspension>
#6      TestWidgetsFlutterBinding._runTestBody (package:flutter_test/src/binding.dart:1059:5)
<asynchronous suspension>
<asynchronous suspension>
(elided one frame from package:stack_trace)

This was caught by the test expectation on the following line:
  file:///C:/Users/joaom/Documents/GitHub/Notes/universal_notes_flutter/test/widgets/fluent_note_card_test.dart line 58
The test description was:
  displays fallback text for invalid content
ÔòÉÔòÉÔòÉÔòÉÔòÉÔòÉÔòÉÔòÉÔòÉÔòÉÔòÉÔòÉÔòÉÔòÉÔòÉÔòÉÔòÉÔòÉÔòÉÔòÉÔòÉÔòÉÔòÉÔòÉÔòÉÔòÉÔòÉÔòÉÔòÉÔòÉÔòÉÔòÉÔòÉÔòÉÔòÉÔòÉÔòÉÔòÉÔòÉÔòÉÔòÉÔòÉÔòÉÔòÉÔòÉÔòÉÔòÉÔòÉÔòÉÔòÉÔòÉÔòÉÔòÉÔòÉÔòÉÔòÉÔòÉÔòÉÔòÉÔòÉÔòÉÔòÉÔòÉÔòÉÔòÉÔòÉÔòÉÔòÉÔòÉÔòÉÔòÉÔòÉÔòÉÔòÉÔòÉÔòÉÔòÉÔòÉÔòÉÔòÉÔòÉÔòÉÔòÉÔòÉÔòÉÔòÉÔòÉÔòÉÔòÉÔòÉÔòÉÔòÉÔòÉÔòÉÔòÉÔòÉÔòÉÔòÉÔòÉÔòÉ
05:30 +171 -27: C:/Users/joaom/Documents/GitHub/Notes/universal_notes_flutter/test/main_test.dart: NotesScreen State Rendering shows error message when fetch fails
05:30 +171 -27: C:/Users/joaom/Documents/GitHub/Notes/universal_notes_flutter/test/widgets/fluent_note_card_test.dart: FluentNoteCard displays fallback text for invalid content [E]
  Test failed. See exception logs above.
  The test description was: displays fallback text for invalid content
  
05:30 +172 -27: C:/Users/joaom/Documents/GitHub/Notes/universal_notes_flutter/test/main_test.dart: NotesScreen State Rendering shows error message when fetch fails
05:30 +173 -27: C:/Users/joaom/Documents/GitHub/Notes/universal_notes_flutter/test/main_test.dart: NotesScreen State Rendering shows error message when fetch fails
05:40 +173 -27: C:/Users/joaom/Documents/GitHub/Notes/universal_notes_flutter/test/widgets/note_card_test.dart: NoteCard displays note
ÔòÉÔòÉÔòí EXCEPTION CAUGHT BY FLUTTER TEST FRAMEWORK Ôò×ÔòÉÔòÉÔòÉÔòÉÔòÉÔòÉÔòÉÔòÉÔòÉÔòÉÔòÉÔòÉÔòÉÔòÉÔòÉÔòÉÔòÉÔòÉÔòÉÔòÉÔòÉÔòÉÔòÉÔòÉÔòÉÔòÉÔòÉÔòÉÔòÉÔòÉÔòÉÔòÉÔòÉÔòÉÔòÉÔòÉÔòÉÔòÉÔòÉÔòÉÔòÉÔòÉÔòÉÔòÉÔòÉÔòÉÔòÉÔòÉÔòÉÔòÉÔòÉÔòÉ
The following TestFailure was thrown running a test:
Expected: exactly one matching candidate
  Actual: _TextWidgetFinder:<Found 0 widgets with text "Test Note": []>
   Which: means none were found but one was expected

When the exception was thrown, this was the stack:
#4      main.<anonymous closure> (file:///C:/Users/joaom/Documents/GitHub/Notes/universal_notes_flutter/test/widgets/note_card_test.dart:30:5)
<asynchronous suspension>
#5      testWidgets.<anonymous closure>.<anonymous closure> (package:flutter_test/src/widget_tester.dart:192:15)
<asynchronous suspension>
#6      TestWidgetsFlutterBinding._runTestBody (package:flutter_test/src/binding.dart:1059:5)
<asynchronous suspension>
<asynchronous suspension>
(elided one frame from package:stack_trace)

This was caught by the test expectation on the following line:
  file:///C:/Users/joaom/Documents/GitHub/Notes/universal_notes_flutter/test/widgets/note_card_test.dart line 30
The test description was:
  NoteCard displays note
ÔòÉÔòÉÔòÉÔòÉÔòÉÔòÉÔòÉÔòÉÔòÉÔòÉÔòÉÔòÉÔòÉÔòÉÔòÉÔòÉÔòÉÔòÉÔòÉÔòÉÔòÉÔòÉÔòÉÔòÉÔòÉÔòÉÔòÉÔòÉÔòÉÔòÉÔòÉÔòÉÔòÉÔòÉÔòÉÔòÉÔòÉÔòÉÔòÉÔòÉÔòÉÔòÉÔòÉÔòÉÔòÉÔòÉÔòÉÔòÉÔòÉÔòÉÔòÉÔòÉÔòÉÔòÉÔòÉÔòÉÔòÉÔòÉÔòÉÔòÉÔòÉÔòÉÔòÉÔòÉÔòÉÔòÉÔòÉÔòÉÔòÉÔòÉÔòÉÔòÉÔòÉÔòÉÔòÉÔòÉÔòÉÔòÉÔòÉÔòÉÔòÉÔòÉÔòÉÔòÉÔòÉÔòÉÔòÉÔòÉÔòÉÔòÉÔòÉÔòÉÔòÉÔòÉÔòÉÔòÉÔòÉÔòÉÔòÉÔòÉ
05:40 +173 -28: C:/Users/joaom/Documents/GitHub/Notes/universal_notes_flutter/test/main_test.dart: NotesScreen State Rendering shows error message when fetch fails
05:40 +173 -28: C:/Users/joaom/Documents/GitHub/Notes/universal_notes_flutter/test/widgets/note_card_test.dart: NoteCard displays note [E]
  Test failed. See exception logs above.
  The test description was: NoteCard displays note
  
05:41 +174 -28: C:/Users/joaom/Documents/GitHub/Notes/universal_notes_flutter/test/main_test.dart: NotesScreen State Rendering shows error message when fetch fails
05:41 +174 -28: C:/Users/joaom/Documents/GitHub/Notes/universal_notes_flutter/test/widgets/note_card_test.dart: tapping NoteCard navigates to NoteEditorScreen when onTap null
ÔòÉÔòÉÔòí EXCEPTION CAUGHT BY FLUTTER TEST FRAMEWORK Ôò×ÔòÉÔòÉÔòÉÔòÉÔòÉÔòÉÔòÉÔòÉÔòÉÔòÉÔòÉÔòÉÔòÉÔòÉÔòÉÔòÉÔòÉÔòÉÔòÉÔòÉÔòÉÔòÉÔòÉÔòÉÔòÉÔòÉÔòÉÔòÉÔòÉÔòÉÔòÉÔòÉÔòÉÔòÉÔòÉÔòÉÔòÉÔòÉÔòÉÔòÉÔòÉÔòÉÔòÉÔòÉÔòÉÔòÉÔòÉÔòÉÔòÉÔòÉÔòÉÔòÉ
The following TestFailure was thrown running a test:
Expected: exactly one matching candidate
  Actual: _TypeWidgetFinder:<Found 0 widgets with type "NoteEditorScreen": []>
   Which: means none were found but one was expected

When the exception was thrown, this was the stack:
#4      main.<anonymous closure> (file:///C:/Users/joaom/Documents/GitHub/Notes/universal_notes_flutter/test/widgets/note_card_test.dart:105:7)
<asynchronous suspension>
#5      testWidgets.<anonymous closure>.<anonymous closure> (package:flutter_test/src/widget_tester.dart:192:15)
<asynchronous suspension>
#6      TestWidgetsFlutterBinding._runTestBody (package:flutter_test/src/binding.dart:1059:5)
<asynchronous suspension>
<asynchronous suspension>
(elided one frame from package:stack_trace)

This was caught by the test expectation on the following line:
  file:///C:/Users/joaom/Documents/GitHub/Notes/universal_notes_flutter/test/widgets/note_card_test.dart line 105
The test description was:
  tapping NoteCard navigates to NoteEditorScreen when onTap null
ÔòÉÔòÉÔòÉÔòÉÔòÉÔòÉÔòÉÔòÉÔòÉÔòÉÔòÉÔòÉÔòÉÔòÉÔòÉÔòÉÔòÉÔòÉÔòÉÔòÉÔòÉÔòÉÔòÉÔòÉÔòÉÔòÉÔòÉÔòÉÔòÉÔòÉÔòÉÔòÉÔòÉÔòÉÔòÉÔòÉÔòÉÔòÉÔòÉÔòÉÔòÉÔòÉÔòÉÔòÉÔòÉÔòÉÔòÉÔòÉÔòÉÔòÉÔòÉÔòÉÔòÉÔòÉÔòÉÔòÉÔòÉÔòÉÔòÉÔòÉÔòÉÔòÉÔòÉÔòÉÔòÉÔòÉÔòÉÔòÉÔòÉÔòÉÔòÉÔòÉÔòÉÔòÉÔòÉÔòÉÔòÉÔòÉÔòÉÔòÉÔòÉÔòÉÔòÉÔòÉÔòÉÔòÉÔòÉÔòÉÔòÉÔòÉÔòÉÔòÉÔòÉÔòÉÔòÉÔòÉÔòÉÔòÉÔòÉÔòÉ
05:41 +174 -29: C:/Users/joaom/Documents/GitHub/Notes/universal_notes_flutter/test/main_test.dart: NotesScreen State Rendering shows error message when fetch fails
05:42 +174 -29: C:/Users/joaom/Documents/GitHub/Notes/universal_notes_flutter/test/widgets/note_card_test.dart: tapping NoteCard navigates to NoteEditorScreen when onTap null [E]
  Test failed. See exception logs above.
  The test description was: tapping NoteCard navigates to NoteEditorScreen when onTap null
  
05:42 +175 -29: C:/Users/joaom/Documents/GitHub/Notes/universal_notes_flutter/test/main_test.dart: NotesScreen State Rendering shows error message when fetch fails
05:52 +176 -29: C:/Users/joaom/Documents/GitHub/Notes/universal_notes_flutter/test/main_test.dart: NotesScreen State Rendering shows error message when fetch fails
05:52 +177 -29: C:/Users/joaom/Documents/GitHub/Notes/universal_notes_flutter/test/main_test.dart: NotesScreen State Rendering shows error message when fetch fails
05:53 +178 -29: C:/Users/joaom/Documents/GitHub/Notes/universal_notes_flutter/test/main_test.dart: NotesScreen State Rendering shows error message when fetch fails
05:53 +179 -29: C:/Users/joaom/Documents/GitHub/Notes/universal_notes_flutter/test/main_test.dart: NotesScreen State Rendering shows error message when fetch fails
05:54 +179 -29: C:/Users/joaom/Documents/GitHub/Notes/universal_notes_flutter/test/widgets/note_simple_list_tile_test.dart: tapping NoteSimpleListTile navigates to editor when onTap is null
ÔòÉÔòÉÔòí EXCEPTION CAUGHT BY WIDGETS LIBRARY Ôò×ÔòÉÔòÉÔòÉÔòÉÔòÉÔòÉÔòÉÔòÉÔòÉÔòÉÔòÉÔòÉÔòÉÔòÉÔòÉÔòÉÔòÉÔòÉÔòÉÔòÉÔòÉÔòÉÔòÉÔòÉÔòÉÔòÉÔòÉÔòÉÔòÉÔòÉÔòÉÔòÉÔòÉÔòÉÔòÉÔòÉÔòÉÔòÉÔòÉÔòÉÔòÉÔòÉÔòÉÔòÉÔòÉÔòÉÔòÉÔòÉÔòÉÔòÉÔòÉÔòÉÔòÉÔòÉÔòÉÔòÉÔòÉÔòÉÔòÉ
The following FirebaseException was thrown building Builder:
[core/no-app] No Firebase App '[DEFAULT]' has been created - call Firebase.initializeApp()

The relevant error-causing widget was:
  MaterialApp
  MaterialApp:file:///C:/Users/joaom/Documents/GitHub/Notes/universal_notes_flutter/test/widgets/note_simple_list_tile_test.dart:109:9

When the exception was thrown, this was the stack:
#0      MethodChannelFirebase.app (package:firebase_core_platform_interface/src/method_channel/method_channel_firebase.dart:190:5)
#1      Firebase.app (package:firebase_core/src/firebase.dart:91:41)
#2      FirebaseStorage.instance (package:firebase_storage/src/firebase_storage.dart:51:21)
#3      new StorageService (package:universal_notes_flutter/services/storage_service.dart:10:52)
#4      new _NoteEditorScreenState (package:universal_notes_flutter/screens/note_editor_screen.dart:93:42)
#5      NoteEditorScreen.createState (package:universal_notes_flutter/screens/note_editor_screen.dart:59:44)
#6      new StatefulElement (package:flutter/src/widgets/framework.dart:5905:60)
#7      StatefulWidget.createElement (package:flutter/src/widgets/framework.dart:779:38)
...     Normal element mounting (260 frames)
#267    Element.inflateWidget (package:flutter/src/widgets/framework.dart:4590:20)
#268    MultiChildRenderObjectElement.inflateWidget (package:flutter/src/widgets/framework.dart:7269:36)
#269    Element.updateChild (package:flutter/src/widgets/framework.dart:4059:18)
#270    Element.updateChildren (package:flutter/src/widgets/framework.dart:4258:32)
#271    MultiChildRenderObjectElement.update (package:flutter/src/widgets/framework.dart:7302:17)
#272    Element.updateChild (package:flutter/src/widgets/framework.dart:4037:15)
#273    ComponentElement.performRebuild (package:flutter/src/widgets/framework.dart:5844:16)
#274    StatefulElement.performRebuild (package:flutter/src/widgets/framework.dart:5985:11)
#275    Element.rebuild (package:flutter/src/widgets/framework.dart:5532:7)
#276    StatefulElement.update (package:flutter/src/widgets/framework.dart:6010:5)
#277    Element.updateChild (package:flutter/src/widgets/framework.dart:4037:15)
#278    ComponentElement.performRebuild (package:flutter/src/widgets/framework.dart:5844:16)
#279    Element.rebuild (package:flutter/src/widgets/framework.dart:5532:7)
#280    ProxyElement.update (package:flutter/src/widgets/framework.dart:6152:5)
#281    Element.updateChild (package:flutter/src/widgets/framework.dart:4037:15)
#282    ComponentElement.performRebuild (package:flutter/src/widgets/framework.dart:5844:16)
#283    Element.rebuild (package:flutter/src/widgets/framework.dart:5532:7)
#284    ProxyElement.update (package:flutter/src/widgets/framework.dart:6152:5)
#285    _InheritedNotifierElement.update (package:flutter/src/widgets/inherited_notifier.dart:108:11)
#286    Element.updateChild (package:flutter/src/widgets/framework.dart:4037:15)
#287    ComponentElement.performRebuild (package:flutter/src/widgets/framework.dart:5844:16)
#288    StatefulElement.performRebuild (package:flutter/src/widgets/framework.dart:5985:11)
#289    Element.rebuild (package:flutter/src/widgets/framework.dart:5532:7)
#290    StatefulElement.update (package:flutter/src/widgets/framework.dart:6010:5)
#291    Element.updateChild (package:flutter/src/widgets/framework.dart:4037:15)
#292    ComponentElement.performRebuild (package:flutter/src/widgets/framework.dart:5844:16)
#293    Element.rebuild (package:flutter/src/widgets/framework.dart:5532:7)
#294    ProxyElement.update (package:flutter/src/widgets/framework.dart:6152:5)
#295    _InheritedNotifierElement.update (package:flutter/src/widgets/inherited_notifier.dart:108:11)
#296    Element.updateChild (package:flutter/src/widgets/framework.dart:4037:15)
#297    ComponentElement.performRebuild (package:flutter/src/widgets/framework.dart:5844:16)
#298    StatefulElement.performRebuild (package:flutter/src/widgets/framework.dart:5985:11)
#299    Element.rebuild (package:flutter/src/widgets/framework.dart:5532:7)
#300    StatefulElement.update (package:flutter/src/widgets/framework.dart:6010:5)
#301    Element.updateChild (package:flutter/src/widgets/framework.dart:4037:15)
#302    ComponentElement.performRebuild (package:flutter/src/widgets/framework.dart:5844:16)
#303    StatefulElement.performRebuild (package:flutter/src/widgets/framework.dart:5985:11)
#304    Element.rebuild (package:flutter/src/widgets/framework.dart:5532:7)
#305    StatefulElement.update (package:flutter/src/widgets/framework.dart:6010:5)
#306    Element.updateChild (package:flutter/src/widgets/framework.dart:4037:15)
#307    SingleChildRenderObjectElement.update (package:flutter/src/widgets/framework.dart:7125:14)
#308    Element.updateChild (package:flutter/src/widgets/framework.dart:4037:15)
#309    SingleChildRenderObjectElement.update (package:flutter/src/widgets/framework.dart:7125:14)
#310    Element.updateChild (package:flutter/src/widgets/framework.dart:4037:15)
#311    ComponentElement.performRebuild (package:flutter/src/widgets/framework.dart:5844:16)
#312    Element.rebuild (package:flutter/src/widgets/framework.dart:5532:7)
#313    ProxyElement.update (package:flutter/src/widgets/framework.dart:6152:5)
#314    Element.updateChild (package:flutter/src/widgets/framework.dart:4037:15)
#315    ComponentElement.performRebuild (package:flutter/src/widgets/framework.dart:5844:16)
#316    Element.rebuild (package:flutter/src/widgets/framework.dart:5532:7)
#317    ProxyElement.update (package:flutter/src/widgets/framework.dart:6152:5)
#318    Element.updateChild (package:flutter/src/widgets/framework.dart:4037:15)
#319    ComponentElement.performRebuild (package:flutter/src/widgets/framework.dart:5844:16)
#320    StatefulElement.performRebuild (package:flutter/src/widgets/framework.dart:5985:11)
#321    Element.rebuild (package:flutter/src/widgets/framework.dart:5532:7)
#322    BuildScope._tryRebuild (package:flutter/src/widgets/framework.dart:2750:15)
#323    BuildScope._flushDirtyElements (package:flutter/src/widgets/framework.dart:2807:11)
#324    BuildOwner.buildScope (package:flutter/src/widgets/framework.dart:3111:18)
#325    AutomatedTestWidgetsFlutterBinding.drawFrame (package:flutter_test/src/binding.dart:1506:19)
#326    RendererBinding._handlePersistentFrameCallback (package:flutter/src/rendering/binding.dart:495:5)
#327    SchedulerBinding._invokeFrameCallback (package:flutter/src/scheduler/binding.dart:1434:15)
#328    SchedulerBinding.handleDrawFrame (package:flutter/src/scheduler/binding.dart:1347:9)
#329    AutomatedTestWidgetsFlutterBinding.pump.<anonymous closure> (package:flutter_test/src/binding.dart:1335:9)
#332    TestAsyncUtils.guard (package:flutter_test/src/test_async_utils.dart:74:41)
#333    AutomatedTestWidgetsFlutterBinding.pump (package:flutter_test/src/binding.dart:1324:27)
#334    WidgetTester.pumpAndSettle.<anonymous closure> (package:flutter_test/src/widget_tester.dart:719:23)
#337    TestAsyncUtils.guard (package:flutter_test/src/test_async_utils.dart:74:41)
#338    WidgetTester.pumpAndSettle (package:flutter_test/src/widget_tester.dart:712:27)
#339    main.<anonymous closure> (file:///C:/Users/joaom/Documents/GitHub/Notes/universal_notes_flutter/test/widgets/note_simple_list_tile_test.dart:125:20)
<asynchronous suspension>
#340    testWidgets.<anonymous closure>.<anonymous closure> (package:flutter_test/src/widget_tester.dart:192:15)
<asynchronous suspension>
#341    TestWidgetsFlutterBinding._runTestBody (package:flutter_test/src/binding.dart:1059:5)
<asynchronous suspension>
<asynchronous suspension>
(elided 5 frames from dart:async and package:stack_trace)

ÔòÉÔòÉÔòÉÔòÉÔòÉÔòÉÔòÉÔòÉÔòÉÔòÉÔòÉÔòÉÔòÉÔòÉÔòÉÔòÉÔòÉÔòÉÔòÉÔòÉÔòÉÔòÉÔòÉÔòÉÔòÉÔòÉÔòÉÔòÉÔòÉÔòÉÔòÉÔòÉÔòÉÔòÉÔòÉÔòÉÔòÉÔòÉÔòÉÔòÉÔòÉÔòÉÔòÉÔòÉÔòÉÔòÉÔòÉÔòÉÔòÉÔòÉÔòÉÔòÉÔòÉÔòÉÔòÉÔòÉÔòÉÔòÉÔòÉÔòÉÔòÉÔòÉÔòÉÔòÉÔòÉÔòÉÔòÉÔòÉÔòÉÔòÉÔòÉÔòÉÔòÉÔòÉÔòÉÔòÉÔòÉÔòÉÔòÉÔòÉÔòÉÔòÉÔòÉÔòÉÔòÉÔòÉÔòÉÔòÉÔòÉÔòÉÔòÉÔòÉÔòÉÔòÉÔòÉÔòÉÔòÉÔòÉÔòÉÔòÉ
ÔòÉÔòÉÔòí EXCEPTION CAUGHT BY FLUTTER TEST FRAMEWORK Ôò×ÔòÉÔòÉÔòÉÔòÉÔòÉÔòÉÔòÉÔòÉÔòÉÔòÉÔòÉÔòÉÔòÉÔòÉÔòÉÔòÉÔòÉÔòÉÔòÉÔòÉÔòÉÔòÉÔòÉÔòÉÔòÉÔòÉÔòÉÔòÉÔòÉÔòÉÔòÉÔòÉÔòÉÔòÉÔòÉÔòÉÔòÉÔòÉÔòÉÔòÉÔòÉÔòÉÔòÉÔòÉÔòÉÔòÉÔòÉÔòÉÔòÉÔòÉÔòÉÔòÉ
The following TestFailure was thrown running a test:
Expected: exactly one matching candidate
  Actual: _TypeWidgetFinder:<Found 0 widgets with type "NoteEditorScreen": []>
   Which: means none were found but one was expected

When the exception was thrown, this was the stack:
#4      main.<anonymous closure> (file:///C:/Users/joaom/Documents/GitHub/Notes/universal_notes_flutter/test/widgets/note_simple_list_tile_test.dart:128:7)
<asynchronous suspension>
#5      testWidgets.<anonymous closure>.<anonymous closure> (package:flutter_test/src/widget_tester.dart:192:15)
<asynchronous suspension>
#6      TestWidgetsFlutterBinding._runTestBody (package:flutter_test/src/binding.dart:1059:5)
<asynchronous suspension>
<asynchronous suspension>
(elided one frame from package:stack_trace)

This was caught by the test expectation on the following line:
  file:///C:/Users/joaom/Documents/GitHub/Notes/universal_notes_flutter/test/widgets/note_simple_list_tile_test.dart line 128
The test description was:
  tapping NoteSimpleListTile navigates to editor when onTap is null
ÔòÉÔòÉÔòÉÔòÉÔòÉÔòÉÔòÉÔòÉÔòÉÔòÉÔòÉÔòÉÔòÉÔòÉÔòÉÔòÉÔòÉÔòÉÔòÉÔòÉÔòÉÔòÉÔòÉÔòÉÔòÉÔòÉÔòÉÔòÉÔòÉÔòÉÔòÉÔòÉÔòÉÔòÉÔòÉÔòÉÔòÉÔòÉÔòÉÔòÉÔòÉÔòÉÔòÉÔòÉÔòÉÔòÉÔòÉÔòÉÔòÉÔòÉÔòÉÔòÉÔòÉÔòÉÔòÉÔòÉÔòÉÔòÉÔòÉÔòÉÔòÉÔòÉÔòÉÔòÉÔòÉÔòÉÔòÉÔòÉÔòÉÔòÉÔòÉÔòÉÔòÉÔòÉÔòÉÔòÉÔòÉÔòÉÔòÉÔòÉÔòÉÔòÉÔòÉÔòÉÔòÉÔòÉÔòÉÔòÉÔòÉÔòÉÔòÉÔòÉÔòÉÔòÉÔòÉÔòÉÔòÉÔòÉÔòÉÔòÉ
ÔòÉÔòÉÔòí EXCEPTION CAUGHT BY FLUTTER TEST FRAMEWORK Ôò×ÔòÉÔòÉÔòÉÔòÉÔòÉÔòÉÔòÉÔòÉÔòÉÔòÉÔòÉÔòÉÔòÉÔòÉÔòÉÔòÉÔòÉÔòÉÔòÉÔòÉÔòÉÔòÉÔòÉÔòÉÔòÉÔòÉÔòÉÔòÉÔòÉÔòÉÔòÉÔòÉÔòÉÔòÉÔòÉÔòÉÔòÉÔòÉÔòÉÔòÉÔòÉÔòÉÔòÉÔòÉÔòÉÔòÉÔòÉÔòÉÔòÉÔòÉÔòÉÔòÉ
The following message was thrown:
Multiple exceptions (2) were detected during the running of the current test, and at least one was
unexpected.
ÔòÉÔòÉÔòÉÔòÉÔòÉÔòÉÔòÉÔòÉÔòÉÔòÉÔòÉÔòÉÔòÉÔòÉÔòÉÔòÉÔòÉÔòÉÔòÉÔòÉÔòÉÔòÉÔòÉÔòÉÔòÉÔòÉÔòÉÔòÉÔòÉÔòÉÔòÉÔòÉÔòÉÔòÉÔòÉÔòÉÔòÉÔòÉÔòÉÔòÉÔòÉÔòÉÔòÉÔòÉÔòÉÔòÉÔòÉÔòÉÔòÉÔòÉÔòÉÔòÉÔòÉÔòÉÔòÉÔòÉÔòÉÔòÉÔòÉÔòÉÔòÉÔòÉÔòÉÔòÉÔòÉÔòÉÔòÉÔòÉÔòÉÔòÉÔòÉÔòÉÔòÉÔòÉÔòÉÔòÉÔòÉÔòÉÔòÉÔòÉÔòÉÔòÉÔòÉÔòÉÔòÉÔòÉÔòÉÔòÉÔòÉÔòÉÔòÉÔòÉÔòÉÔòÉÔòÉÔòÉÔòÉÔòÉÔòÉÔòÉ
05:55 +179 -30: C:/Users/joaom/Documents/GitHub/Notes/universal_notes_flutter/test/main_test.dart: NotesScreen State Rendering shows error message when fetch fails
05:55 +179 -30: C:/Users/joaom/Documents/GitHub/Notes/universal_notes_flutter/test/widgets/note_simple_list_tile_test.dart: tapping NoteSimpleListTile navigates to editor when onTap is null [E]
  Test failed. See exception logs above.
  The test description was: tapping NoteSimpleListTile navigates to editor when onTap is null
  
../../../../AppData/Local/Pub/Cache/hosted/pub.dev/alchemist-0.8.0/lib/src/blocked_text_image.dart:65:7: Error: The non-abstract class 'BlockedTextCanvasAdapter' is missing implementations for these members:
 - Canvas.clipRSuperellipse
 - Canvas.drawRSuperellipse
Try to either
 - provide an implementation,
 - inherit an implementation from a superclass or mixin,
 - mark the class as abstract, or
 - provide a 'noSuchMethod' implementation.
class BlockedTextCanvasAdapter implements Canvas {
      ^^^^^^^^^^^^^^^^^^^^^^^^
org-dartlang-sdk:///flutter/lib/ui/painting.dart:5967:8: Context: 'Canvas.clipRSuperellipse' is defined here.
  void clipRSuperellipse(RSuperellipse rsuperellipse, {bool doAntiAlias = true});
       ^^^^^^^^^^^^^^^^^
org-dartlang-sdk:///flutter/lib/ui/painting.dart:6097:8: Context: 'Canvas.drawRSuperellipse' is defined here.
  void drawRSuperellipse(RSuperellipse rsuperellipse, Paint paint);
       ^^^^^^^^^^^^^^^^^
05:58 +179 -31: loading C:/Users/joaom/Documents/GitHub/Notes/universal_notes_flutter/test/widgets/simple_fluent_golden_test.dart [E]
  Failed to load "C:/Users/joaom/Documents/GitHub/Notes/universal_notes_flutter/test/widgets/simple_fluent_golden_test.dart":
  Compilation failed for testPath=C:/Users/joaom/Documents/GitHub/Notes/universal_notes_flutter/test/widgets/simple_fluent_golden_test.dart: ../../../../AppData/Local/Pub/Cache/hosted/pub.dev/alchemist-0.8.0/lib/src/blocked_text_image.dart:65:7: Error: The non-abstract class 'BlockedTextCanvasAdapter' is missing implementations for these members:
   - Canvas.clipRSuperellipse
   - Canvas.drawRSuperellipse
  Try to either
   - provide an implementation,
   - inherit an implementation from a superclass or mixin,
   - mark the class as abstract, or
   - provide a 'noSuchMethod' implementation.
  class BlockedTextCanvasAdapter implements Canvas {
        ^^^^^^^^^^^^^^^^^^^^^^^^
  org-dartlang-sdk:///flutter/lib/ui/painting.dart:5967:8: Context: 'Canvas.clipRSuperellipse' is defined here.
    void clipRSuperellipse(RSuperellipse rsuperellipse, {bool doAntiAlias = true});
         ^^^^^^^^^^^^^^^^^
  org-dartlang-sdk:///flutter/lib/ui/painting.dart:6097:8: Context: 'Canvas.drawRSuperellipse' is defined here.
    void drawRSuperellipse(RSuperellipse rsuperellipse, Paint paint);
         ^^^^^^^^^^^^^^^^^
  .
../../../../AppData/Local/Pub/Cache/hosted/pub.dev/alchemist-0.8.0/lib/src/blocked_text_image.dart:65:7: Error: The non-abstract class 'BlockedTextCanvasAdapter' is missing implementations for these members:
 - Canvas.clipRSuperellipse
 - Canvas.drawRSuperellipse
Try to either
 - provide an implementation,
 - inherit an implementation from a superclass or mixin,
 - mark the class as abstract, or
 - provide a 'noSuchMethod' implementation.
class BlockedTextCanvasAdapter implements Canvas {
      ^^^^^^^^^^^^^^^^^^^^^^^^
org-dartlang-sdk:///flutter/lib/ui/painting.dart:5967:8: Context: 'Canvas.clipRSuperellipse' is defined here.
  void clipRSuperellipse(RSuperellipse rsuperellipse, {bool doAntiAlias = true});
       ^^^^^^^^^^^^^^^^^
org-dartlang-sdk:///flutter/lib/ui/painting.dart:6097:8: Context: 'Canvas.drawRSuperellipse' is defined here.
  void drawRSuperellipse(RSuperellipse rsuperellipse, Paint paint);
       ^^^^^^^^^^^^^^^^^
06:10 +179 -32: loading C:/Users/joaom/Documents/GitHub/Notes/universal_notes_flutter/test/widgets/standard_golden_test.dart [E]
  Failed to load "C:/Users/joaom/Documents/GitHub/Notes/universal_notes_flutter/test/widgets/standard_golden_test.dart":
  Compilation failed for testPath=C:/Users/joaom/Documents/GitHub/Notes/universal_notes_flutter/test/widgets/standard_golden_test.dart: ../../../../AppData/Local/Pub/Cache/hosted/pub.dev/alchemist-0.8.0/lib/src/blocked_text_image.dart:65:7: Error: The non-abstract class 'BlockedTextCanvasAdapter' is missing implementations for these members:
   - Canvas.clipRSuperellipse
   - Canvas.drawRSuperellipse
  Try to either
   - provide an implementation,
   - inherit an implementation from a superclass or mixin,
   - mark the class as abstract, or
   - provide a 'noSuchMethod' implementation.
  class BlockedTextCanvasAdapter implements Canvas {
        ^^^^^^^^^^^^^^^^^^^^^^^^
  org-dartlang-sdk:///flutter/lib/ui/painting.dart:5967:8: Context: 'Canvas.clipRSuperellipse' is defined here.
    void clipRSuperellipse(RSuperellipse rsuperellipse, {bool doAntiAlias = true});
         ^^^^^^^^^^^^^^^^^
  org-dartlang-sdk:///flutter/lib/ui/painting.dart:6097:8: Context: 'Canvas.drawRSuperellipse' is defined here.
    void drawRSuperellipse(RSuperellipse rsuperellipse, Paint paint);
         ^^^^^^^^^^^^^^^^^
  .
12:29 +179 -33: C:/Users/joaom/Documents/GitHub/Notes/universal_notes_flutter/test/main_test.dart: NotesScreen State Rendering shows error message when fetch fails [E]
  TimeoutException after 0:10:00.000000: Test timed out after 10 minutes.
  dart:isolate  _RawReceivePort._handleMessage
  
12:29 +179 -33: C:/Users/joaom/Documents/GitHub/Notes/universal_notes_flutter/test/main_test.dart: NotesScreen State Rendering shows empty state when no notes exist
12:45 +179 -34: C:/Users/joaom/Documents/GitHub/Notes/universal_notes_flutter/test/main_test.dart: NotesScreen State Rendering shows empty state when no notes exist [E]
  Exception: Fetch failed
  dart:async                                                        new Stream.error
  test\main_test.dart 311:34                                        main.<fn>.<fn>.<fn>
  package:mockito/src/mock.dart 194:47                              Mock.noSuchMethod
  test\main_test.dart 43:18                                         MockFirestoreRepository.notesStream
  package:universal_notes_flutter/services/sync_service.dart 94:47  SyncService._startBackgroundSync
  package:universal_notes_flutter/services/sync_service.dart 51:5   SyncService.init
  ===== asynchronous gap ===========================
  dart:async                                                        _CustomZone.registerUnaryCallback
  package:universal_notes_flutter/services/sync_service.dart 48:5   SyncService.init
  test\main_test.dart 259:32                                        main.<fn>
  ===== asynchronous gap ===========================
  dart:async                                                        _CustomZone.registerUnaryCallback
  test\main_test.dart 254:5                                         main.<fn>
  
Warning database has been locked for 0:00:10.000000. Make sure you always use the transaction object for database operations during a transaction
ÔòÉÔòÉÔòí EXCEPTION CAUGHT BY FLUTTER TEST FRAMEWORK Ôò×ÔòÉÔòÉÔòÉÔòÉÔòÉÔòÉÔòÉÔòÉÔòÉÔòÉÔòÉÔòÉÔòÉÔòÉÔòÉÔòÉÔòÉÔòÉÔòÉÔòÉÔòÉÔòÉÔòÉÔòÉÔòÉÔòÉÔòÉÔòÉÔòÉÔòÉÔòÉÔòÉÔòÉÔòÉÔòÉÔòÉÔòÉÔòÉÔòÉÔòÉÔòÉÔòÉÔòÉÔòÉÔòÉÔòÉÔòÉÔòÉÔòÉÔòÉÔòÉÔòÉ
The following assertion was thrown running a test:
pumpAndSettle timed out

When the exception was thrown, this was the stack:
#0      WidgetTester.pumpAndSettle.<anonymous closure> (package:flutter_test/src/widget_tester.dart:717:11)
<asynchronous suspension>
#1      TestAsyncUtils.guard.<anonymous closure> (package:flutter_test/src/test_async_utils.dart:130:27)
<asynchronous suspension>
#2      main._pumpNotesScreen (file:///C:/Users/joaom/Documents/GitHub/Notes/universal_notes_flutter/test/main_test.dart:288:5)
<asynchronous suspension>
#3      main.<anonymous closure>.<anonymous closure> (file:///C:/Users/joaom/Documents/GitHub/Notes/universal_notes_flutter/test/main_test.dart:324:7)
<asynchronous suspension>
#4      testWidgets.<anonymous closure>.<anonymous closure> (package:flutter_test/src/widget_tester.dart:192:15)
<asynchronous suspension>
#5      TestWidgetsFlutterBinding._runTestBody (package:flutter_test/src/binding.dart:1059:5)
<asynchronous suspension>
<asynchronous suspension>
(elided one frame from package:stack_trace)

The test description was:
  shows empty state when no notes exist
ÔòÉÔòÉÔòÉÔòÉÔòÉÔòÉÔòÉÔòÉÔòÉÔòÉÔòÉÔòÉÔòÉÔòÉÔòÉÔòÉÔòÉÔòÉÔòÉÔòÉÔòÉÔòÉÔòÉÔòÉÔòÉÔòÉÔòÉÔòÉÔòÉÔòÉÔòÉÔòÉÔòÉÔòÉÔòÉÔòÉÔòÉÔòÉÔòÉÔòÉÔòÉÔòÉÔòÉÔòÉÔòÉÔòÉÔòÉÔòÉÔòÉÔòÉÔòÉÔòÉÔòÉÔòÉÔòÉÔòÉÔòÉÔòÉÔòÉÔòÉÔòÉÔòÉÔòÉÔòÉÔòÉÔòÉÔòÉÔòÉÔòÉÔòÉÔòÉÔòÉÔòÉÔòÉÔòÉÔòÉÔòÉÔòÉÔòÉÔòÉÔòÉÔòÉÔòÉÔòÉÔòÉÔòÉÔòÉÔòÉÔòÉÔòÉÔòÉÔòÉÔòÉÔòÉÔòÉÔòÉÔòÉÔòÉÔòÉÔòÉ
  Test failed. See exception logs above.
  The test description was: shows empty state when no notes exist
  
12:45 +179 -34: C:/Users/joaom/Documents/GitHub/Notes/universal_notes_flutter/test/main_test.dart: NotesScreen State Rendering displays notes when available
12:45 +179 -35: C:/Users/joaom/Documents/GitHub/Notes/universal_notes_flutter/test/main_test.dart: NotesScreen State Rendering displays notes when available [E]
  Exception: Fetch failed
  dart:async                                                        new Stream.error
  test\main_test.dart 311:34                                        main.<fn>.<fn>.<fn>
  package:mockito/src/mock.dart 194:47                              Mock.noSuchMethod
  test\main_test.dart 43:18                                         MockFirestoreRepository.notesStream
  package:universal_notes_flutter/services/sync_service.dart 94:47  SyncService._startBackgroundSync
  package:universal_notes_flutter/services/sync_service.dart 51:5   SyncService.init
  ===== asynchronous gap ===========================
  dart:async                                                        _CustomZone.registerUnaryCallback
  package:universal_notes_flutter/services/sync_service.dart 48:5   SyncService.init
  test\main_test.dart 259:32                                        main.<fn>
  ===== asynchronous gap ===========================
  dart:async                                                        _CustomZone.registerUnaryCallback
  test\main_test.dart 254:5                                         main.<fn>
  
  TimeoutException after 0:10:00.000000: Test timed out after 10 minutes.
  dart:isolate  _RawReceivePort._handleMessage
  
22:45 +179 -35: C:/Users/joaom/Documents/GitHub/Notes/universal_notes_flutter/test/main_test.dart: NotesScreen View Modes cycles through view modes when button is tapped
Warning database has been locked for 0:00:10.000000. Make sure you always use the transaction object for database operations during a transaction
ÔòÉÔòÉÔòí EXCEPTION CAUGHT BY FLUTTER TEST FRAMEWORK Ôò×ÔòÉÔòÉÔòÉÔòÉÔòÉÔòÉÔòÉÔòÉÔòÉÔòÉÔòÉÔòÉÔòÉÔòÉÔòÉÔòÉÔòÉÔòÉÔòÉÔòÉÔòÉÔòÉÔòÉÔòÉÔòÉÔòÉÔòÉÔòÉÔòÉÔòÉÔòÉÔòÉÔòÉÔòÉÔòÉÔòÉÔòÉÔòÉÔòÉÔòÉÔòÉÔòÉÔòÉÔòÉÔòÉÔòÉÔòÉÔòÉÔòÉÔòÉÔòÉÔòÉ
The following assertion was thrown running a test:
pumpAndSettle timed out

When the exception was thrown, this was the stack:
#0      WidgetTester.pumpAndSettle.<anonymous closure> (package:flutter_test/src/widget_tester.dart:717:11)
<asynchronous suspension>
#1      TestAsyncUtils.guard.<anonymous closure> (package:flutter_test/src/test_async_utils.dart:130:27)
<asynchronous suspension>
#2      main._pumpNotesScreen (file:///C:/Users/joaom/Documents/GitHub/Notes/universal_notes_flutter/test/main_test.dart:288:5)
<asynchronous suspension>
#3      main.<anonymous closure>.<anonymous closure> (file:///C:/Users/joaom/Documents/GitHub/Notes/universal_notes_flutter/test/main_test.dart:348:7)
<asynchronous suspension>
#4      testWidgets.<anonymous closure>.<anonymous closure> (package:flutter_test/src/widget_tester.dart:192:15)
<asynchronous suspension>
#5      TestWidgetsFlutterBinding._runTestBody (package:flutter_test/src/binding.dart:1059:5)
<asynchronous suspension>
<asynchronous suspension>
(elided one frame from package:stack_trace)

The test description was:
  cycles through view modes when button is tapped
ÔòÉÔòÉÔòÉÔòÉÔòÉÔòÉÔòÉÔòÉÔòÉÔòÉÔòÉÔòÉÔòÉÔòÉÔòÉÔòÉÔòÉÔòÉÔòÉÔòÉÔòÉÔòÉÔòÉÔòÉÔòÉÔòÉÔòÉÔòÉÔòÉÔòÉÔòÉÔòÉÔòÉÔòÉÔòÉÔòÉÔòÉÔòÉÔòÉÔòÉÔòÉÔòÉÔòÉÔòÉÔòÉÔòÉÔòÉÔòÉÔòÉÔòÉÔòÉÔòÉÔòÉÔòÉÔòÉÔòÉÔòÉÔòÉÔòÉÔòÉÔòÉÔòÉÔòÉÔòÉÔòÉÔòÉÔòÉÔòÉÔòÉÔòÉÔòÉÔòÉÔòÉÔòÉÔòÉÔòÉÔòÉÔòÉÔòÉÔòÉÔòÉÔòÉÔòÉÔòÉÔòÉÔòÉÔòÉÔòÉÔòÉÔòÉÔòÉÔòÉÔòÉÔòÉÔòÉÔòÉÔòÉÔòÉÔòÉÔòÉ
23:02 +179 -36: C:/Users/joaom/Documents/GitHub/Notes/universal_notes_flutter/test/main_test.dart: NotesScreen View Modes cycles through view modes when button is tapped [E]
  Test failed. See exception logs above.
  The test description was: cycles through view modes when button is tapped
  
23:02 +179 -36: C:/Users/joaom/Documents/GitHub/Notes/universal_notes_flutter/test/main_test.dart: NotesScreen Note Filtering shows only non-trash notes by default
33:02 +179 -37: C:/Users/joaom/Documents/GitHub/Notes/universal_notes_flutter/test/main_test.dart: NotesScreen Note Filtering shows only non-trash notes by default [E]
  TimeoutException after 0:10:00.000000: Test timed out after 10 minutes.
  dart:isolate  _RawReceivePort._handleMessage
  
33:02 +179 -37: C:/Users/joaom/Documents/GitHub/Notes/universal_notes_flutter/test/main_test.dart: NotesScreen Note Filtering filters favorites correctly
43:02 +179 -38: C:/Users/joaom/Documents/GitHub/Notes/universal_notes_flutter/test/main_test.dart: NotesScreen Note Filtering filters favorites correctly [E]
  TimeoutException after 0:10:00.000000: Test timed out after 10 minutes.
  dart:isolate  _RawReceivePort._handleMessage
  
43:02 +179 -38: C:/Users/joaom/Documents/GitHub/Notes/universal_notes_flutter/test/main_test.dart: NotesScreen Navigation FAB navigates to note editor
Warning database has been locked for 0:00:10.000000. Make sure you always use the transaction object for database operations during a transaction
ÔòÉÔòÉÔòí EXCEPTION CAUGHT BY FLUTTER TEST FRAMEWORK Ôò×ÔòÉÔòÉÔòÉÔòÉÔòÉÔòÉÔòÉÔòÉÔòÉÔòÉÔòÉÔòÉÔòÉÔòÉÔòÉÔòÉÔòÉÔòÉÔòÉÔòÉÔòÉÔòÉÔòÉÔòÉÔòÉÔòÉÔòÉÔòÉÔòÉÔòÉÔòÉÔòÉÔòÉÔòÉÔòÉÔòÉÔòÉÔòÉÔòÉÔòÉÔòÉÔòÉÔòÉÔòÉÔòÉÔòÉÔòÉÔòÉÔòÉÔòÉÔòÉÔòÉ
The following assertion was thrown running a test:
pumpAndSettle timed out

When the exception was thrown, this was the stack:
#0      WidgetTester.pumpAndSettle.<anonymous closure> (package:flutter_test/src/widget_tester.dart:717:11)
<asynchronous suspension>
#1      TestAsyncUtils.guard.<anonymous closure> (package:flutter_test/src/test_async_utils.dart:130:27)
<asynchronous suspension>
#2      main._pumpNotesScreen (file:///C:/Users/joaom/Documents/GitHub/Notes/universal_notes_flutter/test/main_test.dart:288:5)
<asynchronous suspension>
#3      main.<anonymous closure>.<anonymous closure> (file:///C:/Users/joaom/Documents/GitHub/Notes/universal_notes_flutter/test/main_test.dart:467:7)
<asynchronous suspension>
#4      testWidgets.<anonymous closure>.<anonymous closure> (package:flutter_test/src/widget_tester.dart:192:15)
<asynchronous suspension>
#5      TestWidgetsFlutterBinding._runTestBody (package:flutter_test/src/binding.dart:1059:5)
<asynchronous suspension>
<asynchronous suspension>
(elided one frame from package:stack_trace)

The test description was:
  FAB navigates to note editor
ÔòÉÔòÉÔòÉÔòÉÔòÉÔòÉÔòÉÔòÉÔòÉÔòÉÔòÉÔòÉÔòÉÔòÉÔòÉÔòÉÔòÉÔòÉÔòÉÔòÉÔòÉÔòÉÔòÉÔòÉÔòÉÔòÉÔòÉÔòÉÔòÉÔòÉÔòÉÔòÉÔòÉÔòÉÔòÉÔòÉÔòÉÔòÉÔòÉÔòÉÔòÉÔòÉÔòÉÔòÉÔòÉÔòÉÔòÉÔòÉÔòÉÔòÉÔòÉÔòÉÔòÉÔòÉÔòÉÔòÉÔòÉÔòÉÔòÉÔòÉÔòÉÔòÉÔòÉÔòÉÔòÉÔòÉÔòÉÔòÉÔòÉÔòÉÔòÉÔòÉÔòÉÔòÉÔòÉÔòÉÔòÉÔòÉÔòÉÔòÉÔòÉÔòÉÔòÉÔòÉÔòÉÔòÉÔòÉÔòÉÔòÉÔòÉÔòÉÔòÉÔòÉÔòÉÔòÉÔòÉÔòÉÔòÉÔòÉÔòÉ
43:12 +179 -39: C:/Users/joaom/Documents/GitHub/Notes/universal_notes_flutter/test/main_test.dart: NotesScreen Navigation FAB navigates to note editor [E]
  Test failed. See exception logs above.
  The test description was: FAB navigates to note editor
  
43:12 +179 -39: C:/Users/joaom/Documents/GitHub/Notes/universal_notes_flutter/test/main_test.dart: NotesScreen Navigation shows Sidebar on mobile layout (Fluent UI)
Warning database has been locked for 0:00:10.000000. Make sure you always use the transaction object for database operations during a transaction
ÔòÉÔòÉÔòí EXCEPTION CAUGHT BY FLUTTER TEST FRAMEWORK Ôò×ÔòÉÔòÉÔòÉÔòÉÔòÉÔòÉÔòÉÔòÉÔòÉÔòÉÔòÉÔòÉÔòÉÔòÉÔòÉÔòÉÔòÉÔòÉÔòÉÔòÉÔòÉÔòÉÔòÉÔòÉÔòÉÔòÉÔòÉÔòÉÔòÉÔòÉÔòÉÔòÉÔòÉÔòÉÔòÉÔòÉÔòÉÔòÉÔòÉÔòÉÔòÉÔòÉÔòÉÔòÉÔòÉÔòÉÔòÉÔòÉÔòÉÔòÉÔòÉÔòÉ
The following assertion was thrown running a test:
pumpAndSettle timed out

When the exception was thrown, this was the stack:
#0      WidgetTester.pumpAndSettle.<anonymous closure> (package:flutter_test/src/widget_tester.dart:717:11)
<asynchronous suspension>
#1      TestAsyncUtils.guard.<anonymous closure> (package:flutter_test/src/test_async_utils.dart:130:27)
<asynchronous suspension>
#2      main._pumpNotesScreen (file:///C:/Users/joaom/Documents/GitHub/Notes/universal_notes_flutter/test/main_test.dart:288:5)
<asynchronous suspension>
#3      main.<anonymous closure>.<anonymous closure> (file:///C:/Users/joaom/Documents/GitHub/Notes/universal_notes_flutter/test/main_test.dart:480:7)
<asynchronous suspension>
#4      testWidgets.<anonymous closure>.<anonymous closure> (package:flutter_test/src/widget_tester.dart:192:15)
<asynchronous suspension>
#5      TestWidgetsFlutterBinding._runTestBody (package:flutter_test/src/binding.dart:1059:5)
<asynchronous suspension>
<asynchronous suspension>
(elided one frame from package:stack_trace)

The test description was:
  shows Sidebar on mobile layout (Fluent UI)
ÔòÉÔòÉÔòÉÔòÉÔòÉÔòÉÔòÉÔòÉÔòÉÔòÉÔòÉÔòÉÔòÉÔòÉÔòÉÔòÉÔòÉÔòÉÔòÉÔòÉÔòÉÔòÉÔòÉÔòÉÔòÉÔòÉÔòÉÔòÉÔòÉÔòÉÔòÉÔòÉÔòÉÔòÉÔòÉÔòÉÔòÉÔòÉÔòÉÔòÉÔòÉÔòÉÔòÉÔòÉÔòÉÔòÉÔòÉÔòÉÔòÉÔòÉÔòÉÔòÉÔòÉÔòÉÔòÉÔòÉÔòÉÔòÉÔòÉÔòÉÔòÉÔòÉÔòÉÔòÉÔòÉÔòÉÔòÉÔòÉÔòÉÔòÉÔòÉÔòÉÔòÉÔòÉÔòÉÔòÉÔòÉÔòÉÔòÉÔòÉÔòÉÔòÉÔòÉÔòÉÔòÉÔòÉÔòÉÔòÉÔòÉÔòÉÔòÉÔòÉÔòÉÔòÉÔòÉÔòÉÔòÉÔòÉÔòÉÔòÉ
43:21 +179 -40: C:/Users/joaom/Documents/GitHub/Notes/universal_notes_flutter/test/main_test.dart: NotesScreen Navigation shows Sidebar on mobile layout (Fluent UI) [E]
  Test failed. See exception logs above.
  The test description was: shows Sidebar on mobile layout (Fluent UI)
  
43:21 +179 -40: C:/Users/joaom/Documents/GitHub/Notes/universal_notes_flutter/test/main_test.dart: NotesScreen AppBar shows correct title for default index
Warning database has been locked for 0:00:10.000000. Make sure you always use the transaction object for database operations during a transaction
ÔòÉÔòÉÔòí EXCEPTION CAUGHT BY FLUTTER TEST FRAMEWORK Ôò×ÔòÉÔòÉÔòÉÔòÉÔòÉÔòÉÔòÉÔòÉÔòÉÔòÉÔòÉÔòÉÔòÉÔòÉÔòÉÔòÉÔòÉÔòÉÔòÉÔòÉÔòÉÔòÉÔòÉÔòÉÔòÉÔòÉÔòÉÔòÉÔòÉÔòÉÔòÉÔòÉÔòÉÔòÉÔòÉÔòÉÔòÉÔòÉÔòÉÔòÉÔòÉÔòÉÔòÉÔòÉÔòÉÔòÉÔòÉÔòÉÔòÉÔòÉÔòÉÔòÉ
The following assertion was thrown running a test:
pumpAndSettle timed out

When the exception was thrown, this was the stack:
#0      WidgetTester.pumpAndSettle.<anonymous closure> (package:flutter_test/src/widget_tester.dart:717:11)
<asynchronous suspension>
#1      TestAsyncUtils.guard.<anonymous closure> (package:flutter_test/src/test_async_utils.dart:130:27)
<asynchronous suspension>
#2      main._pumpNotesScreen (file:///C:/Users/joaom/Documents/GitHub/Notes/universal_notes_flutter/test/main_test.dart:288:5)
<asynchronous suspension>
#3      main.<anonymous closure>.<anonymous closure> (file:///C:/Users/joaom/Documents/GitHub/Notes/universal_notes_flutter/test/main_test.dart:491:7)
<asynchronous suspension>
#4      testWidgets.<anonymous closure>.<anonymous closure> (package:flutter_test/src/widget_tester.dart:192:15)
<asynchronous suspension>
#5      TestWidgetsFlutterBinding._runTestBody (package:flutter_test/src/binding.dart:1059:5)
<asynchronous suspension>
<asynchronous suspension>
(elided one frame from package:stack_trace)

The test description was:
  shows correct title for default index
ÔòÉÔòÉÔòÉÔòÉÔòÉÔòÉÔòÉÔòÉÔòÉÔòÉÔòÉÔòÉÔòÉÔòÉÔòÉÔòÉÔòÉÔòÉÔòÉÔòÉÔòÉÔòÉÔòÉÔòÉÔòÉÔòÉÔòÉÔòÉÔòÉÔòÉÔòÉÔòÉÔòÉÔòÉÔòÉÔòÉÔòÉÔòÉÔòÉÔòÉÔòÉÔòÉÔòÉÔòÉÔòÉÔòÉÔòÉÔòÉÔòÉÔòÉÔòÉÔòÉÔòÉÔòÉÔòÉÔòÉÔòÉÔòÉÔòÉÔòÉÔòÉÔòÉÔòÉÔòÉÔòÉÔòÉÔòÉÔòÉÔòÉÔòÉÔòÉÔòÉÔòÉÔòÉÔòÉÔòÉÔòÉÔòÉÔòÉÔòÉÔòÉÔòÉÔòÉÔòÉÔòÉÔòÉÔòÉÔòÉÔòÉÔòÉÔòÉÔòÉÔòÉÔòÉÔòÉÔòÉÔòÉÔòÉÔòÉÔòÉ
43:31 +179 -41: C:/Users/joaom/Documents/GitHub/Notes/universal_notes_flutter/test/main_test.dart: NotesScreen AppBar shows correct title for default index [E]
  Test failed. See exception logs above.
  The test description was: shows correct title for default index
  
43:31 +179 -41: C:/Users/joaom/Documents/GitHub/Notes/universal_notes_flutter/test/main_test.dart: NotesScreen Error State shows error message when future fails
53:31 +179 -42: C:/Users/joaom/Documents/GitHub/Notes/universal_notes_flutter/test/main_test.dart: NotesScreen Error State shows error message when future fails [E]
  TimeoutException after 0:10:00.000000: Test timed out after 10 minutes.
  dart:isolate  _RawReceivePort._handleMessage
  
53:31 +179 -42: C:/Users/joaom/Documents/GitHub/Notes/universal_notes_flutter/test/main_test.dart: NotesScreen Drawer Navigation tapping Favorites in drawer changes index
53:31 +179 -43: C:/Users/joaom/Documents/GitHub/Notes/universal_notes_flutter/test/main_test.dart: NotesScreen Drawer Navigation tapping Favorites in drawer changes index [E]
  Test error
  dart:async                                                        new Stream.error
  test\main_test.dart 510:34                                        main.<fn>.<fn>.<fn>
  package:mockito/src/mock.dart 194:47                              Mock.noSuchMethod
  test\main_test.dart 43:18                                         MockFirestoreRepository.notesStream
  package:universal_notes_flutter/services/sync_service.dart 94:47  SyncService._startBackgroundSync
  package:universal_notes_flutter/services/sync_service.dart 51:5   SyncService.init
  ===== asynchronous gap ===========================
  dart:async                                                        _CustomZone.registerUnaryCallback
  package:universal_notes_flutter/services/sync_service.dart 48:5   SyncService.init
  test\main_test.dart 259:32                                        main.<fn>
  ===== asynchronous gap ===========================
  dart:async                                                        _CustomZone.registerUnaryCallback
  test\main_test.dart 254:5                                         main.<fn>
  
  TimeoutException after 0:10:00.000000: Test timed out after 10 minutes.
  dart:isolate  _RawReceivePort._handleMessage
  
63:31 +179 -43: C:/Users/joaom/Documents/GitHub/Notes/universal_notes_flutter/test/main_test.dart: NotesScreen Drawer Navigation tapping Trash in drawer shows trash notes
73:31 +179 -44: C:/Users/joaom/Documents/GitHub/Notes/universal_notes_flutter/test/main_test.dart: NotesScreen Drawer Navigation tapping Trash in drawer shows trash notes [E]
  TimeoutException after 0:10:00.000000: Test timed out after 10 minutes.
  dart:isolate  _RawReceivePort._handleMessage
  
73:31 +179 -44: C:/Users/joaom/Documents/GitHub/Notes/universal_notes_flutter/test/main_test.dart: NotesScreen Drawer Navigation tapping Settings in drawer navigates
Warning database has been locked for 0:00:10.000000. Make sure you always use the transaction object for database operations during a transaction
ÔòÉÔòÉÔòí EXCEPTION CAUGHT BY FLUTTER TEST FRAMEWORK Ôò×ÔòÉÔòÉÔòÉÔòÉÔòÉÔòÉÔòÉÔòÉÔòÉÔòÉÔòÉÔòÉÔòÉÔòÉÔòÉÔòÉÔòÉÔòÉÔòÉÔòÉÔòÉÔòÉÔòÉÔòÉÔòÉÔòÉÔòÉÔòÉÔòÉÔòÉÔòÉÔòÉÔòÉÔòÉÔòÉÔòÉÔòÉÔòÉÔòÉÔòÉÔòÉÔòÉÔòÉÔòÉÔòÉÔòÉÔòÉÔòÉÔòÉÔòÉÔòÉÔòÉ
The following assertion was thrown running a test:
pumpAndSettle timed out

When the exception was thrown, this was the stack:
#0      WidgetTester.pumpAndSettle.<anonymous closure> (package:flutter_test/src/widget_tester.dart:717:11)
<asynchronous suspension>
#1      TestAsyncUtils.guard.<anonymous closure> (package:flutter_test/src/test_async_utils.dart:130:27)
<asynchronous suspension>
#2      main._pumpNotesScreen (file:///C:/Users/joaom/Documents/GitHub/Notes/universal_notes_flutter/test/main_test.dart:288:5)
<asynchronous suspension>
#3      main.<anonymous closure>.<anonymous closure> (file:///C:/Users/joaom/Documents/GitHub/Notes/universal_notes_flutter/test/main_test.dart:609:7)
<asynchronous suspension>
#4      testWidgets.<anonymous closure>.<anonymous closure> (package:flutter_test/src/widget_tester.dart:192:15)
<asynchronous suspension>
#5      TestWidgetsFlutterBinding._runTestBody (package:flutter_test/src/binding.dart:1059:5)
<asynchronous suspension>
<asynchronous suspension>
(elided one frame from package:stack_trace)

The test description was:
  tapping Settings in drawer navigates
ÔòÉÔòÉÔòÉÔòÉÔòÉÔòÉÔòÉÔòÉÔòÉÔòÉÔòÉÔòÉÔòÉÔòÉÔòÉÔòÉÔòÉÔòÉÔòÉÔòÉÔòÉÔòÉÔòÉÔòÉÔòÉÔòÉÔòÉÔòÉÔòÉÔòÉÔòÉÔòÉÔòÉÔòÉÔòÉÔòÉÔòÉÔòÉÔòÉÔòÉÔòÉÔòÉÔòÉÔòÉÔòÉÔòÉÔòÉÔòÉÔòÉÔòÉÔòÉÔòÉÔòÉÔòÉÔòÉÔòÉÔòÉÔòÉÔòÉÔòÉÔòÉÔòÉÔòÉÔòÉÔòÉÔòÉÔòÉÔòÉÔòÉÔòÉÔòÉÔòÉÔòÉÔòÉÔòÉÔòÉÔòÉÔòÉÔòÉÔòÉÔòÉÔòÉÔòÉÔòÉÔòÉÔòÉÔòÉÔòÉÔòÉÔòÉÔòÉÔòÉÔòÉÔòÉÔòÉÔòÉÔòÉÔòÉÔòÉÔòÉ
73:41 +179 -45: C:/Users/joaom/Documents/GitHub/Notes/universal_notes_flutter/test/main_test.dart: NotesScreen Drawer Navigation tapping Settings in drawer navigates [E]
  Test failed. See exception logs above.
  The test description was: tapping Settings in drawer navigates
  
73:41 +179 -45: C:/Users/joaom/Documents/GitHub/Notes/universal_notes_flutter/test/main_test.dart: NotesScreen Drawer Navigation tapping drawer items changes selection
73:41 +179 -45: C:/Users/joaom/Documents/GitHub/Notes/universal_notes_flutter/test/main_test.dart: NotesScreen Drawer Navigation tapping Settings in drawer navigates [E]
  DatabaseException(error database_closed)
  package:sqflite_common/src/database_mixin.dart 518:7                      SqfliteDatabaseMixin.checkNotClosed
  package:sqflite_common/src/database_mixin.dart 147:8                      SqfliteDatabaseExecutorMixin._rawQuery
  package:sqflite_common/src/database_mixin.dart 140:12                     SqfliteDatabaseExecutorMixin.rawQuery
  package:sqflite_common/src/database_mixin.dart 128:12                     SqfliteDatabaseExecutorMixin.query
  package:universal_notes_flutter/repositories/note_repository.dart 480:27  NoteRepository.getAllFolders
  ===== asynchronous gap ===========================
  dart:async                                                                _CustomZone.registerBinaryCallback
  package:universal_notes_flutter/services/sync_service.dart 98:7           SyncService._startBackgroundSync.<fn>
  ===== asynchronous gap ===========================
  dart:async                                                                _StreamImpl.listen
  package:universal_notes_flutter/services/sync_service.dart 94:61          SyncService._startBackgroundSync
  package:universal_notes_flutter/services/sync_service.dart 51:5           SyncService.init
  ===== asynchronous gap ===========================
  dart:async                                                                _CustomZone.registerUnaryCallback
  package:universal_notes_flutter/services/sync_service.dart 48:5           SyncService.init
  test\main_test.dart 259:32                                                main.<fn>
  ===== asynchronous gap ===========================
  dart:async                                                                _CustomZone.registerUnaryCallback
  test\main_test.dart 254:5                                                 main.<fn>
  
73:49 +179 -45: C:/Users/joaom/Documents/GitHub/Notes/universal_notes_flutter/test/main_test.dart: NotesScreen Drawer Navigation tapping drawer items changes selection
Warning database has been locked for 0:00:10.000000. Make sure you always use the transaction object for database operations during a transaction
ÔòÉÔòÉÔòí EXCEPTION CAUGHT BY FLUTTER TEST FRAMEWORK Ôò×ÔòÉÔòÉÔòÉÔòÉÔòÉÔòÉÔòÉÔòÉÔòÉÔòÉÔòÉÔòÉÔòÉÔòÉÔòÉÔòÉÔòÉÔòÉÔòÉÔòÉÔòÉÔòÉÔòÉÔòÉÔòÉÔòÉÔòÉÔòÉÔòÉÔòÉÔòÉÔòÉÔòÉÔòÉÔòÉÔòÉÔòÉÔòÉÔòÉÔòÉÔòÉÔòÉÔòÉÔòÉÔòÉÔòÉÔòÉÔòÉÔòÉÔòÉÔòÉÔòÉ
The following assertion was thrown running a test:
pumpAndSettle timed out

When the exception was thrown, this was the stack:
#0      WidgetTester.pumpAndSettle.<anonymous closure> (package:flutter_test/src/widget_tester.dart:717:11)
<asynchronous suspension>
#1      TestAsyncUtils.guard.<anonymous closure> (package:flutter_test/src/test_async_utils.dart:130:27)
<asynchronous suspension>
#2      main._pumpNotesScreen (file:///C:/Users/joaom/Documents/GitHub/Notes/universal_notes_flutter/test/main_test.dart:288:5)
<asynchronous suspension>
#3      main.<anonymous closure>.<anonymous closure> (file:///C:/Users/joaom/Documents/GitHub/Notes/universal_notes_flutter/test/main_test.dart:621:7)
<asynchronous suspension>
#4      testWidgets.<anonymous closure>.<anonymous closure> (package:flutter_test/src/widget_tester.dart:192:15)
<asynchronous suspension>
#5      TestWidgetsFlutterBinding._runTestBody (package:flutter_test/src/binding.dart:1059:5)
<asynchronous suspension>
<asynchronous suspension>
(elided one frame from package:stack_trace)

The test description was:
  tapping drawer items changes selection
ÔòÉÔòÉÔòÉÔòÉÔòÉÔòÉÔòÉÔòÉÔòÉÔòÉÔòÉÔòÉÔòÉÔòÉÔòÉÔòÉÔòÉÔòÉÔòÉÔòÉÔòÉÔòÉÔòÉÔòÉÔòÉÔòÉÔòÉÔòÉÔòÉÔòÉÔòÉÔòÉÔòÉÔòÉÔòÉÔòÉÔòÉÔòÉÔòÉÔòÉÔòÉÔòÉÔòÉÔòÉÔòÉÔòÉÔòÉÔòÉÔòÉÔòÉÔòÉÔòÉÔòÉÔòÉÔòÉÔòÉÔòÉÔòÉÔòÉÔòÉÔòÉÔòÉÔòÉÔòÉÔòÉÔòÉÔòÉÔòÉÔòÉÔòÉÔòÉÔòÉÔòÉÔòÉÔòÉÔòÉÔòÉÔòÉÔòÉÔòÉÔòÉÔòÉÔòÉÔòÉÔòÉÔòÉÔòÉÔòÉÔòÉÔòÉÔòÉÔòÉÔòÉÔòÉÔòÉÔòÉÔòÉÔòÉÔòÉÔòÉ
73:49 +179 -46: C:/Users/joaom/Documents/GitHub/Notes/universal_notes_flutter/test/main_test.dart: NotesScreen Drawer Navigation tapping drawer items changes selection [E]
  Test failed. See exception logs above.
  The test description was: tapping drawer items changes selection
  
73:49 +179 -46: C:/Users/joaom/Documents/GitHub/Notes/universal_notes_flutter/test/main_test.dart: NotesScreen Grid View Modes list mode shows ListView-style rendering
Warning database has been locked for 0:00:10.000000. Make sure you always use the transaction object for database operations during a transaction
ÔòÉÔòÉÔòí EXCEPTION CAUGHT BY FLUTTER TEST FRAMEWORK Ôò×ÔòÉÔòÉÔòÉÔòÉÔòÉÔòÉÔòÉÔòÉÔòÉÔòÉÔòÉÔòÉÔòÉÔòÉÔòÉÔòÉÔòÉÔòÉÔòÉÔòÉÔòÉÔòÉÔòÉÔòÉÔòÉÔòÉÔòÉÔòÉÔòÉÔòÉÔòÉÔòÉÔòÉÔòÉÔòÉÔòÉÔòÉÔòÉÔòÉÔòÉÔòÉÔòÉÔòÉÔòÉÔòÉÔòÉÔòÉÔòÉÔòÉÔòÉÔòÉÔòÉ
The following assertion was thrown running a test:
pumpAndSettle timed out

When the exception was thrown, this was the stack:
#0      WidgetTester.pumpAndSettle.<anonymous closure> (package:flutter_test/src/widget_tester.dart:717:11)
<asynchronous suspension>
#1      TestAsyncUtils.guard.<anonymous closure> (package:flutter_test/src/test_async_utils.dart:130:27)
<asynchronous suspension>
#2      main._pumpNotesScreen (file:///C:/Users/joaom/Documents/GitHub/Notes/universal_notes_flutter/test/main_test.dart:288:5)
<asynchronous suspension>
#3      main.<anonymous closure>.<anonymous closure> (file:///C:/Users/joaom/Documents/GitHub/Notes/universal_notes_flutter/test/main_test.dart:645:7)
<asynchronous suspension>
#4      testWidgets.<anonymous closure>.<anonymous closure> (package:flutter_test/src/widget_tester.dart:192:15)
<asynchronous suspension>
#5      TestWidgetsFlutterBinding._runTestBody (package:flutter_test/src/binding.dart:1059:5)
<asynchronous suspension>
<asynchronous suspension>
(elided one frame from package:stack_trace)

The test description was:
  list mode shows ListView-style rendering
ÔòÉÔòÉÔòÉÔòÉÔòÉÔòÉÔòÉÔòÉÔòÉÔòÉÔòÉÔòÉÔòÉÔòÉÔòÉÔòÉÔòÉÔòÉÔòÉÔòÉÔòÉÔòÉÔòÉÔòÉÔòÉÔòÉÔòÉÔòÉÔòÉÔòÉÔòÉÔòÉÔòÉÔòÉÔòÉÔòÉÔòÉÔòÉÔòÉÔòÉÔòÉÔòÉÔòÉÔòÉÔòÉÔòÉÔòÉÔòÉÔòÉÔòÉÔòÉÔòÉÔòÉÔòÉÔòÉÔòÉÔòÉÔòÉÔòÉÔòÉÔòÉÔòÉÔòÉÔòÉÔòÉÔòÉÔòÉÔòÉÔòÉÔòÉÔòÉÔòÉÔòÉÔòÉÔòÉÔòÉÔòÉÔòÉÔòÉÔòÉÔòÉÔòÉÔòÉÔòÉÔòÉÔòÉÔòÉÔòÉÔòÉÔòÉÔòÉÔòÉÔòÉÔòÉÔòÉÔòÉÔòÉÔòÉÔòÉÔòÉ
73:58 +179 -47: C:/Users/joaom/Documents/GitHub/Notes/universal_notes_flutter/test/main_test.dart: NotesScreen Grid View Modes list mode shows ListView-style rendering [E]
  Test failed. See exception logs above.
  The test description was: list mode shows ListView-style rendering
  
73:58 +179 -47: C:/Users/joaom/Documents/GitHub/Notes/universal_notes_flutter/test/main_test.dart: NotesScreen Grid View Modes grid small mode renders correctly
73:58 +179 -47: C:/Users/joaom/Documents/GitHub/Notes/universal_notes_flutter/test/main_test.dart: NotesScreen Grid View Modes list mode shows ListView-style rendering [E]
  DatabaseException(error database_closed)
  package:sqflite_common/src/database_mixin.dart 518:7                      SqfliteDatabaseMixin.checkNotClosed
  package:sqflite_common/src/database_mixin.dart 147:8                      SqfliteDatabaseExecutorMixin._rawQuery
  package:sqflite_common/src/database_mixin.dart 140:12                     SqfliteDatabaseExecutorMixin.rawQuery
  package:sqflite_common/src/database_mixin.dart 128:12                     SqfliteDatabaseExecutorMixin.query
  package:universal_notes_flutter/repositories/note_repository.dart 480:27  NoteRepository.getAllFolders
  ===== asynchronous gap ===========================
  dart:async                                                                _CustomZone.registerBinaryCallback
  package:universal_notes_flutter/services/sync_service.dart 98:7           SyncService._startBackgroundSync.<fn>
  ===== asynchronous gap ===========================
  dart:async                                                                _StreamImpl.listen
  package:universal_notes_flutter/services/sync_service.dart 94:61          SyncService._startBackgroundSync
  package:universal_notes_flutter/services/sync_service.dart 51:5           SyncService.init
  ===== asynchronous gap ===========================
  dart:async                                                                _CustomZone.registerUnaryCallback
  package:universal_notes_flutter/services/sync_service.dart 48:5           SyncService.init
  test\main_test.dart 259:32                                                main.<fn>
  ===== asynchronous gap ===========================
  dart:async                                                                _CustomZone.registerUnaryCallback
  test\main_test.dart 254:5                                                 main.<fn>
  
74:07 +179 -47: C:/Users/joaom/Documents/GitHub/Notes/universal_notes_flutter/test/main_test.dart: NotesScreen Grid View Modes grid small mode renders correctly
Warning database has been locked for 0:00:10.000000. Make sure you always use the transaction object for database operations during a transaction
ÔòÉÔòÉÔòí EXCEPTION CAUGHT BY FLUTTER TEST FRAMEWORK Ôò×ÔòÉÔòÉÔòÉÔòÉÔòÉÔòÉÔòÉÔòÉÔòÉÔòÉÔòÉÔòÉÔòÉÔòÉÔòÉÔòÉÔòÉÔòÉÔòÉÔòÉÔòÉÔòÉÔòÉÔòÉÔòÉÔòÉÔòÉÔòÉÔòÉÔòÉÔòÉÔòÉÔòÉÔòÉÔòÉÔòÉÔòÉÔòÉÔòÉÔòÉÔòÉÔòÉÔòÉÔòÉÔòÉÔòÉÔòÉÔòÉÔòÉÔòÉÔòÉÔòÉ
The following assertion was thrown running a test:
pumpAndSettle timed out

When the exception was thrown, this was the stack:
#0      WidgetTester.pumpAndSettle.<anonymous closure> (package:flutter_test/src/widget_tester.dart:717:11)
<asynchronous suspension>
#1      TestAsyncUtils.guard.<anonymous closure> (package:flutter_test/src/test_async_utils.dart:130:27)
<asynchronous suspension>
#2      main._pumpNotesScreen (file:///C:/Users/joaom/Documents/GitHub/Notes/universal_notes_flutter/test/main_test.dart:288:5)
<asynchronous suspension>
#3      main.<anonymous closure>.<anonymous closure> (file:///C:/Users/joaom/Documents/GitHub/Notes/universal_notes_flutter/test/main_test.dart:664:7)
<asynchronous suspension>
#4      testWidgets.<anonymous closure>.<anonymous closure> (package:flutter_test/src/widget_tester.dart:192:15)
<asynchronous suspension>
#5      TestWidgetsFlutterBinding._runTestBody (package:flutter_test/src/binding.dart:1059:5)
<asynchronous suspension>
<asynchronous suspension>
(elided one frame from package:stack_trace)

The test description was:
  grid small mode renders correctly
ÔòÉÔòÉÔòÉÔòÉÔòÉÔòÉÔòÉÔòÉÔòÉÔòÉÔòÉÔòÉÔòÉÔòÉÔòÉÔòÉÔòÉÔòÉÔòÉÔòÉÔòÉÔòÉÔòÉÔòÉÔòÉÔòÉÔòÉÔòÉÔòÉÔòÉÔòÉÔòÉÔòÉÔòÉÔòÉÔòÉÔòÉÔòÉÔòÉÔòÉÔòÉÔòÉÔòÉÔòÉÔòÉÔòÉÔòÉÔòÉÔòÉÔòÉÔòÉÔòÉÔòÉÔòÉÔòÉÔòÉÔòÉÔòÉÔòÉÔòÉÔòÉÔòÉÔòÉÔòÉÔòÉÔòÉÔòÉÔòÉÔòÉÔòÉÔòÉÔòÉÔòÉÔòÉÔòÉÔòÉÔòÉÔòÉÔòÉÔòÉÔòÉÔòÉÔòÉÔòÉÔòÉÔòÉÔòÉÔòÉÔòÉÔòÉÔòÉÔòÉÔòÉÔòÉÔòÉÔòÉÔòÉÔòÉÔòÉÔòÉ
74:07 +179 -48: C:/Users/joaom/Documents/GitHub/Notes/universal_notes_flutter/test/main_test.dart: NotesScreen Grid View Modes grid small mode renders correctly [E]
  Test failed. See exception logs above.
  The test description was: grid small mode renders correctly
  
74:07 +179 -48: C:/Users/joaom/Documents/GitHub/Notes/universal_notes_flutter/test/main_test.dart: NotesScreen Grid View Modes grid large mode renders correctly
Warning database has been locked for 0:00:10.000000. Make sure you always use the transaction object for database operations during a transaction
ÔòÉÔòÉÔòí EXCEPTION CAUGHT BY FLUTTER TEST FRAMEWORK Ôò×ÔòÉÔòÉÔòÉÔòÉÔòÉÔòÉÔòÉÔòÉÔòÉÔòÉÔòÉÔòÉÔòÉÔòÉÔòÉÔòÉÔòÉÔòÉÔòÉÔòÉÔòÉÔòÉÔòÉÔòÉÔòÉÔòÉÔòÉÔòÉÔòÉÔòÉÔòÉÔòÉÔòÉÔòÉÔòÉÔòÉÔòÉÔòÉÔòÉÔòÉÔòÉÔòÉÔòÉÔòÉÔòÉÔòÉÔòÉÔòÉÔòÉÔòÉÔòÉÔòÉ
The following assertion was thrown running a test:
pumpAndSettle timed out

When the exception was thrown, this was the stack:
#0      WidgetTester.pumpAndSettle.<anonymous closure> (package:flutter_test/src/widget_tester.dart:717:11)
<asynchronous suspension>
#1      TestAsyncUtils.guard.<anonymous closure> (package:flutter_test/src/test_async_utils.dart:130:27)
<asynchronous suspension>
#2      main._pumpNotesScreen (file:///C:/Users/joaom/Documents/GitHub/Notes/universal_notes_flutter/test/main_test.dart:288:5)
<asynchronous suspension>
#3      main.<anonymous closure>.<anonymous closure> (file:///C:/Users/joaom/Documents/GitHub/Notes/universal_notes_flutter/test/main_test.dart:678:7)
<asynchronous suspension>
#4      testWidgets.<anonymous closure>.<anonymous closure> (package:flutter_test/src/widget_tester.dart:192:15)
<asynchronous suspension>
#5      TestWidgetsFlutterBinding._runTestBody (package:flutter_test/src/binding.dart:1059:5)
<asynchronous suspension>
<asynchronous suspension>
(elided one frame from package:stack_trace)

The test description was:
  grid large mode renders correctly
ÔòÉÔòÉÔòÉÔòÉÔòÉÔòÉÔòÉÔòÉÔòÉÔòÉÔòÉÔòÉÔòÉÔòÉÔòÉÔòÉÔòÉÔòÉÔòÉÔòÉÔòÉÔòÉÔòÉÔòÉÔòÉÔòÉÔòÉÔòÉÔòÉÔòÉÔòÉÔòÉÔòÉÔòÉÔòÉÔòÉÔòÉÔòÉÔòÉÔòÉÔòÉÔòÉÔòÉÔòÉÔòÉÔòÉÔòÉÔòÉÔòÉÔòÉÔòÉÔòÉÔòÉÔòÉÔòÉÔòÉÔòÉÔòÉÔòÉÔòÉÔòÉÔòÉÔòÉÔòÉÔòÉÔòÉÔòÉÔòÉÔòÉÔòÉÔòÉÔòÉÔòÉÔòÉÔòÉÔòÉÔòÉÔòÉÔòÉÔòÉÔòÉÔòÉÔòÉÔòÉÔòÉÔòÉÔòÉÔòÉÔòÉÔòÉÔòÉÔòÉÔòÉÔòÉÔòÉÔòÉÔòÉÔòÉÔòÉÔòÉ
74:15 +179 -49: C:/Users/joaom/Documents/GitHub/Notes/universal_notes_flutter/test/main_test.dart: NotesScreen Grid View Modes grid large mode renders correctly [E]
  Test failed. See exception logs above.
  The test description was: grid large mode renders correctly
  
74:15 +179 -49: C:/Users/joaom/Documents/GitHub/Notes/universal_notes_flutter/test/main_test.dart: NotesScreen Sidebar interaction toggle Sidebar expansion
Warning database has been locked for 0:00:10.000000. Make sure you always use the transaction object for database operations during a transaction
ÔòÉÔòÉÔòí EXCEPTION CAUGHT BY FLUTTER TEST FRAMEWORK Ôò×ÔòÉÔòÉÔòÉÔòÉÔòÉÔòÉÔòÉÔòÉÔòÉÔòÉÔòÉÔòÉÔòÉÔòÉÔòÉÔòÉÔòÉÔòÉÔòÉÔòÉÔòÉÔòÉÔòÉÔòÉÔòÉÔòÉÔòÉÔòÉÔòÉÔòÉÔòÉÔòÉÔòÉÔòÉÔòÉÔòÉÔòÉÔòÉÔòÉÔòÉÔòÉÔòÉÔòÉÔòÉÔòÉÔòÉÔòÉÔòÉÔòÉÔòÉÔòÉÔòÉ
The following assertion was thrown running a test:
pumpAndSettle timed out

When the exception was thrown, this was the stack:
#0      WidgetTester.pumpAndSettle.<anonymous closure> (package:flutter_test/src/widget_tester.dart:717:11)
<asynchronous suspension>
#1      TestAsyncUtils.guard.<anonymous closure> (package:flutter_test/src/test_async_utils.dart:130:27)
<asynchronous suspension>
#2      main._pumpNotesScreen (file:///C:/Users/joaom/Documents/GitHub/Notes/universal_notes_flutter/test/main_test.dart:288:5)
<asynchronous suspension>
#3      main.<anonymous closure>.<anonymous closure> (file:///C:/Users/joaom/Documents/GitHub/Notes/universal_notes_flutter/test/main_test.dart:694:7)
<asynchronous suspension>
#4      testWidgets.<anonymous closure>.<anonymous closure> (package:flutter_test/src/widget_tester.dart:192:15)
<asynchronous suspension>
#5      TestWidgetsFlutterBinding._runTestBody (package:flutter_test/src/binding.dart:1059:5)
<asynchronous suspension>
<asynchronous suspension>
(elided one frame from package:stack_trace)

The test description was:
  toggle Sidebar expansion
ÔòÉÔòÉÔòÉÔòÉÔòÉÔòÉÔòÉÔòÉÔòÉÔòÉÔòÉÔòÉÔòÉÔòÉÔòÉÔòÉÔòÉÔòÉÔòÉÔòÉÔòÉÔòÉÔòÉÔòÉÔòÉÔòÉÔòÉÔòÉÔòÉÔòÉÔòÉÔòÉÔòÉÔòÉÔòÉÔòÉÔòÉÔòÉÔòÉÔòÉÔòÉÔòÉÔòÉÔòÉÔòÉÔòÉÔòÉÔòÉÔòÉÔòÉÔòÉÔòÉÔòÉÔòÉÔòÉÔòÉÔòÉÔòÉÔòÉÔòÉÔòÉÔòÉÔòÉÔòÉÔòÉÔòÉÔòÉÔòÉÔòÉÔòÉÔòÉÔòÉÔòÉÔòÉÔòÉÔòÉÔòÉÔòÉÔòÉÔòÉÔòÉÔòÉÔòÉÔòÉÔòÉÔòÉÔòÉÔòÉÔòÉÔòÉÔòÉÔòÉÔòÉÔòÉÔòÉÔòÉÔòÉÔòÉÔòÉÔòÉ
74:25 +179 -50: C:/Users/joaom/Documents/GitHub/Notes/universal_notes_flutter/test/main_test.dart: NotesScreen Sidebar interaction toggle Sidebar expansion [E]
  Test failed. See exception logs above.
  The test description was: toggle Sidebar expansion
  
74:25 +179 -50: C:/Users/joaom/Documents/GitHub/Notes/universal_notes_flutter/test/main_test.dart: NotesScreen Responsive Layout calculates crossAxisCount correctly on Android (gridMedium)
74:25 +179 -50: C:/Users/joaom/Documents/GitHub/Notes/universal_notes_flutter/test/main_test.dart: NotesScreen Sidebar interaction toggle Sidebar expansion [E]
  DatabaseException(error database_closed)
  package:sqflite_common/src/database_mixin.dart 518:7                      SqfliteDatabaseMixin.checkNotClosed
  package:sqflite_common/src/database_mixin.dart 147:8                      SqfliteDatabaseExecutorMixin._rawQuery
  package:sqflite_common/src/database_mixin.dart 140:12                     SqfliteDatabaseExecutorMixin.rawQuery
  package:sqflite_common/src/database_mixin.dart 128:12                     SqfliteDatabaseExecutorMixin.query
  package:universal_notes_flutter/repositories/note_repository.dart 480:27  NoteRepository.getAllFolders
  ===== asynchronous gap ===========================
  dart:async                                                                _CustomZone.registerBinaryCallback
  package:universal_notes_flutter/services/sync_service.dart 98:7           SyncService._startBackgroundSync.<fn>
  ===== asynchronous gap ===========================
  dart:async                                                                _StreamImpl.listen
  package:universal_notes_flutter/services/sync_service.dart 94:61          SyncService._startBackgroundSync
  package:universal_notes_flutter/services/sync_service.dart 51:5           SyncService.init
  ===== asynchronous gap ===========================
  dart:async                                                                _CustomZone.registerUnaryCallback
  package:universal_notes_flutter/services/sync_service.dart 48:5           SyncService.init
  test\main_test.dart 259:32                                                main.<fn>
  ===== asynchronous gap ===========================
  dart:async                                                                _CustomZone.registerUnaryCallback
  test\main_test.dart 254:5                                                 main.<fn>
  
74:25 +179 -50: C:/Users/joaom/Documents/GitHub/Notes/universal_notes_flutter/test/main_test.dart: NotesScreen Responsive Layout calculates crossAxisCount correctly on Android (gridMedium)
ÔòÉÔòÉÔòí EXCEPTION CAUGHT BY FLUTTER TEST FRAMEWORK Ôò×ÔòÉÔòÉÔòÉÔòÉÔòÉÔòÉÔòÉÔòÉÔòÉÔòÉÔòÉÔòÉÔòÉÔòÉÔòÉÔòÉÔòÉÔòÉÔòÉÔòÉÔòÉÔòÉÔòÉÔòÉÔòÉÔòÉÔòÉÔòÉÔòÉÔòÉÔòÉÔòÉÔòÉÔòÉÔòÉÔòÉÔòÉÔòÉÔòÉÔòÉÔòÉÔòÉÔòÉÔòÉÔòÉÔòÉÔòÉÔòÉÔòÉÔòÉÔòÉÔòÉ
The following StateError was thrown running a test:
Bad state: No element

When the exception was thrown, this was the stack:
#0      Iterable.single (dart:core/iterable.dart:694:25)
#1      WidgetController.widget (package:flutter_test/src/controller.dart:808:30)
#2      main.<anonymous closure>.<anonymous closure> (file:///C:/Users/joaom/Documents/GitHub/Notes/universal_notes_flutter/test/main_test.dart:790:27)
<asynchronous suspension>
#3      testWidgets.<anonymous closure>.<anonymous closure> (package:flutter_test/src/widget_tester.dart:192:15)
<asynchronous suspension>
#4      TestWidgetsFlutterBinding._runTestBody (package:flutter_test/src/binding.dart:1059:5)
<asynchronous suspension>
<asynchronous suspension>
(elided one frame from package:stack_trace)

The test description was:
  calculates crossAxisCount correctly on Android (gridMedium)
ÔòÉÔòÉÔòÉÔòÉÔòÉÔòÉÔòÉÔòÉÔòÉÔòÉÔòÉÔòÉÔòÉÔòÉÔòÉÔòÉÔòÉÔòÉÔòÉÔòÉÔòÉÔòÉÔòÉÔòÉÔòÉÔòÉÔòÉÔòÉÔòÉÔòÉÔòÉÔòÉÔòÉÔòÉÔòÉÔòÉÔòÉÔòÉÔòÉÔòÉÔòÉÔòÉÔòÉÔòÉÔòÉÔòÉÔòÉÔòÉÔòÉÔòÉÔòÉÔòÉÔòÉÔòÉÔòÉÔòÉÔòÉÔòÉÔòÉÔòÉÔòÉÔòÉÔòÉÔòÉÔòÉÔòÉÔòÉÔòÉÔòÉÔòÉÔòÉÔòÉÔòÉÔòÉÔòÉÔòÉÔòÉÔòÉÔòÉÔòÉÔòÉÔòÉÔòÉÔòÉÔòÉÔòÉÔòÉÔòÉÔòÉÔòÉÔòÉÔòÉÔòÉÔòÉÔòÉÔòÉÔòÉÔòÉÔòÉÔòÉ
74:25 +179 -51: C:/Users/joaom/Documents/GitHub/Notes/universal_notes_flutter/test/main_test.dart: NotesScreen Responsive Layout calculates crossAxisCount correctly on Android (gridMedium) [E]
  Test failed. See exception logs above.
  The test description was: calculates crossAxisCount correctly on Android (gridMedium)
  
74:25 +179 -51: C:/Users/joaom/Documents/GitHub/Notes/universal_notes_flutter/test/main_test.dart: NotesScreen Responsive Layout calculates crossAxisCount correctly on Windows (gridMedium)
ÔòÉÔòÉÔòí EXCEPTION CAUGHT BY FLUTTER TEST FRAMEWORK Ôò×ÔòÉÔòÉÔòÉÔòÉÔòÉÔòÉÔòÉÔòÉÔòÉÔòÉÔòÉÔòÉÔòÉÔòÉÔòÉÔòÉÔòÉÔòÉÔòÉÔòÉÔòÉÔòÉÔòÉÔòÉÔòÉÔòÉÔòÉÔòÉÔòÉÔòÉÔòÉÔòÉÔòÉÔòÉÔòÉÔòÉÔòÉÔòÉÔòÉÔòÉÔòÉÔòÉÔòÉÔòÉÔòÉÔòÉÔòÉÔòÉÔòÉÔòÉÔòÉÔòÉ
The following StateError was thrown running a test:
Bad state: No element

When the exception was thrown, this was the stack:
#0      Iterable.single (dart:core/iterable.dart:694:25)
#1      WidgetController.widget (package:flutter_test/src/controller.dart:808:30)
#2      main.<anonymous closure>.<anonymous closure> (file:///C:/Users/joaom/Documents/GitHub/Notes/universal_notes_flutter/test/main_test.dart:818:27)
<asynchronous suspension>
#3      testWidgets.<anonymous closure>.<anonymous closure> (package:flutter_test/src/widget_tester.dart:192:15)
<asynchronous suspension>
#4      TestWidgetsFlutterBinding._runTestBody (package:flutter_test/src/binding.dart:1059:5)
<asynchronous suspension>
<asynchronous suspension>
(elided one frame from package:stack_trace)

The test description was:
  calculates crossAxisCount correctly on Windows (gridMedium)
ÔòÉÔòÉÔòÉÔòÉÔòÉÔòÉÔòÉÔòÉÔòÉÔòÉÔòÉÔòÉÔòÉÔòÉÔòÉÔòÉÔòÉÔòÉÔòÉÔòÉÔòÉÔòÉÔòÉÔòÉÔòÉÔòÉÔòÉÔòÉÔòÉÔòÉÔòÉÔòÉÔòÉÔòÉÔòÉÔòÉÔòÉÔòÉÔòÉÔòÉÔòÉÔòÉÔòÉÔòÉÔòÉÔòÉÔòÉÔòÉÔòÉÔòÉÔòÉÔòÉÔòÉÔòÉÔòÉÔòÉÔòÉÔòÉÔòÉÔòÉÔòÉÔòÉÔòÉÔòÉÔòÉÔòÉÔòÉÔòÉÔòÉÔòÉÔòÉÔòÉÔòÉÔòÉÔòÉÔòÉÔòÉÔòÉÔòÉÔòÉÔòÉÔòÉÔòÉÔòÉÔòÉÔòÉÔòÉÔòÉÔòÉÔòÉÔòÉÔòÉÔòÉÔòÉÔòÉÔòÉÔòÉÔòÉÔòÉÔòÉ
74:26 +179 -52: C:/Users/joaom/Documents/GitHub/Notes/universal_notes_flutter/test/main_test.dart: NotesScreen Responsive Layout calculates crossAxisCount correctly on Windows (gridMedium) [E]
  Test failed. See exception logs above.
  The test description was: calculates crossAxisCount correctly on Windows (gridMedium)
  
74:26 +179 -52: C:/Users/joaom/Documents/GitHub/Notes/universal_notes_flutter/test/main_test.dart: NotesScreen Responsive Layout calculates crossAxisCount correctly on Android (gridSmall)
74:26 +179 -52: C:/Users/joaom/Documents/GitHub/Notes/universal_notes_flutter/test/main_test.dart: NotesScreen Responsive Layout calculates crossAxisCount correctly on Windows (gridMedium) [E]
  DatabaseException(error database_closed)
  package:sqflite_common/src/database_mixin.dart 518:7                      SqfliteDatabaseMixin.checkNotClosed
  package:sqflite_common/src/database_mixin.dart 147:8                      SqfliteDatabaseExecutorMixin._rawQuery
  package:sqflite_common/src/database_mixin.dart 140:12                     SqfliteDatabaseExecutorMixin.rawQuery
  package:sqflite_common/src/database_mixin.dart 128:12                     SqfliteDatabaseExecutorMixin.query
  package:universal_notes_flutter/repositories/note_repository.dart 480:27  NoteRepository.getAllFolders
  ===== asynchronous gap ===========================
  dart:async                                                                _CustomZone.registerBinaryCallback
  package:universal_notes_flutter/services/sync_service.dart 98:7           SyncService._startBackgroundSync.<fn>
  ===== asynchronous gap ===========================
  dart:async                                                                _StreamImpl.listen
  package:universal_notes_flutter/services/sync_service.dart 94:61          SyncService._startBackgroundSync
  package:universal_notes_flutter/services/sync_service.dart 51:5           SyncService.init
  ===== asynchronous gap ===========================
  dart:async                                                                _CustomZone.registerUnaryCallback
  package:universal_notes_flutter/services/sync_service.dart 48:5           SyncService.init
  test\main_test.dart 259:32                                                main.<fn>
  ===== asynchronous gap ===========================
  dart:async                                                                _CustomZone.registerUnaryCallback
  test\main_test.dart 254:5                                                 main.<fn>
  
74:26 +179 -52: C:/Users/joaom/Documents/GitHub/Notes/universal_notes_flutter/test/main_test.dart: NotesScreen Responsive Layout calculates crossAxisCount correctly on Android (gridSmall)
ÔòÉÔòÉÔòí EXCEPTION CAUGHT BY FLUTTER TEST FRAMEWORK Ôò×ÔòÉÔòÉÔòÉÔòÉÔòÉÔòÉÔòÉÔòÉÔòÉÔòÉÔòÉÔòÉÔòÉÔòÉÔòÉÔòÉÔòÉÔòÉÔòÉÔòÉÔòÉÔòÉÔòÉÔòÉÔòÉÔòÉÔòÉÔòÉÔòÉÔòÉÔòÉÔòÉÔòÉÔòÉÔòÉÔòÉÔòÉÔòÉÔòÉÔòÉÔòÉÔòÉÔòÉÔòÉÔòÉÔòÉÔòÉÔòÉÔòÉÔòÉÔòÉÔòÉ
The following assertion was thrown running a test:
The finder "Found 0 widgets with icon "IconData(U+0F48F)": []" (used in a call to "tap()") could not
find any matching widgets.

When the exception was thrown, this was the stack:
#0      WidgetController._getElementPoint (package:flutter_test/src/controller.dart:2013:7)
#1      WidgetController.getCenter (package:flutter_test/src/controller.dart:1865:12)
#2      WidgetController.tap (package:flutter_test/src/controller.dart:1045:7)
#3      main.<anonymous closure>.pumpWithConstraints (file:///C:/Users/joaom/Documents/GitHub/Notes/universal_notes_flutter/test/main_test.dart:773:24)
<asynchronous suspension>
#4      main.<anonymous closure>.<anonymous closure> (file:///C:/Users/joaom/Documents/GitHub/Notes/universal_notes_flutter/test/main_test.dart:842:7)
<asynchronous suspension>
#5      testWidgets.<anonymous closure>.<anonymous closure> (package:flutter_test/src/widget_tester.dart:192:15)
<asynchronous suspension>
#6      TestWidgetsFlutterBinding._runTestBody (package:flutter_test/src/binding.dart:1059:5)
<asynchronous suspension>
<asynchronous suspension>
(elided one frame from package:stack_trace)

The test description was:
  calculates crossAxisCount correctly on Android (gridSmall)
ÔòÉÔòÉÔòÉÔòÉÔòÉÔòÉÔòÉÔòÉÔòÉÔòÉÔòÉÔòÉÔòÉÔòÉÔòÉÔòÉÔòÉÔòÉÔòÉÔòÉÔòÉÔòÉÔòÉÔòÉÔòÉÔòÉÔòÉÔòÉÔòÉÔòÉÔòÉÔòÉÔòÉÔòÉÔòÉÔòÉÔòÉÔòÉÔòÉÔòÉÔòÉÔòÉÔòÉÔòÉÔòÉÔòÉÔòÉÔòÉÔòÉÔòÉÔòÉÔòÉÔòÉÔòÉÔòÉÔòÉÔòÉÔòÉÔòÉÔòÉÔòÉÔòÉÔòÉÔòÉÔòÉÔòÉÔòÉÔòÉÔòÉÔòÉÔòÉÔòÉÔòÉÔòÉÔòÉÔòÉÔòÉÔòÉÔòÉÔòÉÔòÉÔòÉÔòÉÔòÉÔòÉÔòÉÔòÉÔòÉÔòÉÔòÉÔòÉÔòÉÔòÉÔòÉÔòÉÔòÉÔòÉÔòÉÔòÉÔòÉ
74:26 +179 -53: C:/Users/joaom/Documents/GitHub/Notes/universal_notes_flutter/test/main_test.dart: NotesScreen Responsive Layout calculates crossAxisCount correctly on Android (gridSmall) [E]
  Test failed. See exception logs above.
  The test description was: calculates crossAxisCount correctly on Android (gridSmall)
  
74:27 +179 -53: C:/Users/joaom/Documents/GitHub/Notes/universal_notes_flutter/test/main_test.dart: NotesScreen Responsive Layout calculates crossAxisCount correctly on Windows (gridSmall)
ÔòÉÔòÉÔòí EXCEPTION CAUGHT BY FLUTTER TEST FRAMEWORK Ôò×ÔòÉÔòÉÔòÉÔòÉÔòÉÔòÉÔòÉÔòÉÔòÉÔòÉÔòÉÔòÉÔòÉÔòÉÔòÉÔòÉÔòÉÔòÉÔòÉÔòÉÔòÉÔòÉÔòÉÔòÉÔòÉÔòÉÔòÉÔòÉÔòÉÔòÉÔòÉÔòÉÔòÉÔòÉÔòÉÔòÉÔòÉÔòÉÔòÉÔòÉÔòÉÔòÉÔòÉÔòÉÔòÉÔòÉÔòÉÔòÉÔòÉÔòÉÔòÉÔòÉ
The following assertion was thrown running a test:
The finder "Found 0 widgets with icon "IconData(U+0E890)": []" (used in a call to "tap()") could not
find any matching widgets.

When the exception was thrown, this was the stack:
#0      WidgetController._getElementPoint (package:flutter_test/src/controller.dart:2013:7)
#1      WidgetController.getCenter (package:flutter_test/src/controller.dart:1865:12)
#2      WidgetController.tap (package:flutter_test/src/controller.dart:1045:7)
#3      main.<anonymous closure>.pumpWithConstraints (file:///C:/Users/joaom/Documents/GitHub/Notes/universal_notes_flutter/test/main_test.dart:773:24)
<asynchronous suspension>
#4      main.<anonymous closure>.<anonymous closure> (file:///C:/Users/joaom/Documents/GitHub/Notes/universal_notes_flutter/test/main_test.dart:860:7)
<asynchronous suspension>
#5      testWidgets.<anonymous closure>.<anonymous closure> (package:flutter_test/src/widget_tester.dart:192:15)
<asynchronous suspension>
#6      TestWidgetsFlutterBinding._runTestBody (package:flutter_test/src/binding.dart:1059:5)
<asynchronous suspension>
<asynchronous suspension>
(elided one frame from package:stack_trace)

The test description was:
  calculates crossAxisCount correctly on Windows (gridSmall)
ÔòÉÔòÉÔòÉÔòÉÔòÉÔòÉÔòÉÔòÉÔòÉÔòÉÔòÉÔòÉÔòÉÔòÉÔòÉÔòÉÔòÉÔòÉÔòÉÔòÉÔòÉÔòÉÔòÉÔòÉÔòÉÔòÉÔòÉÔòÉÔòÉÔòÉÔòÉÔòÉÔòÉÔòÉÔòÉÔòÉÔòÉÔòÉÔòÉÔòÉÔòÉÔòÉÔòÉÔòÉÔòÉÔòÉÔòÉÔòÉÔòÉÔòÉÔòÉÔòÉÔòÉÔòÉÔòÉÔòÉÔòÉÔòÉÔòÉÔòÉÔòÉÔòÉÔòÉÔòÉÔòÉÔòÉÔòÉÔòÉÔòÉÔòÉÔòÉÔòÉÔòÉÔòÉÔòÉÔòÉÔòÉÔòÉÔòÉÔòÉÔòÉÔòÉÔòÉÔòÉÔòÉÔòÉÔòÉÔòÉÔòÉÔòÉÔòÉÔòÉÔòÉÔòÉÔòÉÔòÉÔòÉÔòÉÔòÉÔòÉ
74:27 +179 -54: C:/Users/joaom/Documents/GitHub/Notes/universal_notes_flutter/test/main_test.dart: NotesScreen Responsive Layout calculates crossAxisCount correctly on Windows (gridSmall) [E]
  Test failed. See exception logs above.
  The test description was: calculates crossAxisCount correctly on Windows (gridSmall)
  
74:27 +179 -54: C:/Users/joaom/Documents/GitHub/Notes/universal_notes_flutter/test/main_test.dart: NotesScreen Responsive Layout calculates crossAxisCount correctly on Android (gridLarge)
ÔòÉÔòÉÔòí EXCEPTION CAUGHT BY FLUTTER TEST FRAMEWORK Ôò×ÔòÉÔòÉÔòÉÔòÉÔòÉÔòÉÔòÉÔòÉÔòÉÔòÉÔòÉÔòÉÔòÉÔòÉÔòÉÔòÉÔòÉÔòÉÔòÉÔòÉÔòÉÔòÉÔòÉÔòÉÔòÉÔòÉÔòÉÔòÉÔòÉÔòÉÔòÉÔòÉÔòÉÔòÉÔòÉÔòÉÔòÉÔòÉÔòÉÔòÉÔòÉÔòÉÔòÉÔòÉÔòÉÔòÉÔòÉÔòÉÔòÉÔòÉÔòÉÔòÉ
The following assertion was thrown running a test:
The finder "Found 0 widgets with icon "IconData(U+0F48F)": []" (used in a call to "tap()") could not
find any matching widgets.

When the exception was thrown, this was the stack:
#0      WidgetController._getElementPoint (package:flutter_test/src/controller.dart:2013:7)
#1      WidgetController.getCenter (package:flutter_test/src/controller.dart:1865:12)
#2      WidgetController.tap (package:flutter_test/src/controller.dart:1045:7)
#3      main.<anonymous closure>.pumpWithConstraints (file:///C:/Users/joaom/Documents/GitHub/Notes/universal_notes_flutter/test/main_test.dart:773:24)
<asynchronous suspension>
#4      main.<anonymous closure>.<anonymous closure> (file:///C:/Users/joaom/Documents/GitHub/Notes/universal_notes_flutter/test/main_test.dart:879:7)
<asynchronous suspension>
#5      testWidgets.<anonymous closure>.<anonymous closure> (package:flutter_test/src/widget_tester.dart:192:15)
<asynchronous suspension>
#6      TestWidgetsFlutterBinding._runTestBody (package:flutter_test/src/binding.dart:1059:5)
<asynchronous suspension>
<asynchronous suspension>
(elided one frame from package:stack_trace)

The test description was:
  calculates crossAxisCount correctly on Android (gridLarge)
ÔòÉÔòÉÔòÉÔòÉÔòÉÔòÉÔòÉÔòÉÔòÉÔòÉÔòÉÔòÉÔòÉÔòÉÔòÉÔòÉÔòÉÔòÉÔòÉÔòÉÔòÉÔòÉÔòÉÔòÉÔòÉÔòÉÔòÉÔòÉÔòÉÔòÉÔòÉÔòÉÔòÉÔòÉÔòÉÔòÉÔòÉÔòÉÔòÉÔòÉÔòÉÔòÉÔòÉÔòÉÔòÉÔòÉÔòÉÔòÉÔòÉÔòÉÔòÉÔòÉÔòÉÔòÉÔòÉÔòÉÔòÉÔòÉÔòÉÔòÉÔòÉÔòÉÔòÉÔòÉÔòÉÔòÉÔòÉÔòÉÔòÉÔòÉÔòÉÔòÉÔòÉÔòÉÔòÉÔòÉÔòÉÔòÉÔòÉÔòÉÔòÉÔòÉÔòÉÔòÉÔòÉÔòÉÔòÉÔòÉÔòÉÔòÉÔòÉÔòÉÔòÉÔòÉÔòÉÔòÉÔòÉÔòÉÔòÉÔòÉ
74:28 +179 -55: C:/Users/joaom/Documents/GitHub/Notes/universal_notes_flutter/test/main_test.dart: NotesScreen Responsive Layout calculates crossAxisCount correctly on Android (gridLarge) [E]
  Test failed. See exception logs above.
  The test description was: calculates crossAxisCount correctly on Android (gridLarge)
  
74:28 +179 -55: C:/Users/joaom/Documents/GitHub/Notes/universal_notes_flutter/test/main_test.dart: NotesScreen Responsive Layout calculates crossAxisCount correctly on Windows (gridLarge)
74:28 +179 -55: C:/Users/joaom/Documents/GitHub/Notes/universal_notes_flutter/test/main_test.dart: NotesScreen Responsive Layout calculates crossAxisCount correctly on Android (gridLarge) [E]
  DatabaseException(error database_closed)
  package:sqflite_common/src/database_mixin.dart 518:7                      SqfliteDatabaseMixin.checkNotClosed
  package:sqflite_common/src/database_mixin.dart 147:8                      SqfliteDatabaseExecutorMixin._rawQuery
  package:sqflite_common/src/database_mixin.dart 140:12                     SqfliteDatabaseExecutorMixin.rawQuery
  package:sqflite_common/src/database_mixin.dart 128:12                     SqfliteDatabaseExecutorMixin.query
  package:universal_notes_flutter/repositories/note_repository.dart 480:27  NoteRepository.getAllFolders
  ===== asynchronous gap ===========================
  dart:async                                                                _CustomZone.registerBinaryCallback
  package:universal_notes_flutter/services/sync_service.dart 98:7           SyncService._startBackgroundSync.<fn>
  ===== asynchronous gap ===========================
  dart:async                                                                _StreamImpl.listen
  package:universal_notes_flutter/services/sync_service.dart 94:61          SyncService._startBackgroundSync
  package:universal_notes_flutter/services/sync_service.dart 51:5           SyncService.init
  ===== asynchronous gap ===========================
  dart:async                                                                _CustomZone.registerUnaryCallback
  package:universal_notes_flutter/services/sync_service.dart 48:5           SyncService.init
  test\main_test.dart 259:32                                                main.<fn>
  ===== asynchronous gap ===========================
  dart:async                                                                _CustomZone.registerUnaryCallback
  test\main_test.dart 254:5                                                 main.<fn>
  
74:28 +179 -55: C:/Users/joaom/Documents/GitHub/Notes/universal_notes_flutter/test/main_test.dart: NotesScreen Responsive Layout calculates crossAxisCount correctly on Windows (gridLarge)
ÔòÉÔòÉÔòí EXCEPTION CAUGHT BY FLUTTER TEST FRAMEWORK Ôò×ÔòÉÔòÉÔòÉÔòÉÔòÉÔòÉÔòÉÔòÉÔòÉÔòÉÔòÉÔòÉÔòÉÔòÉÔòÉÔòÉÔòÉÔòÉÔòÉÔòÉÔòÉÔòÉÔòÉÔòÉÔòÉÔòÉÔòÉÔòÉÔòÉÔòÉÔòÉÔòÉÔòÉÔòÉÔòÉÔòÉÔòÉÔòÉÔòÉÔòÉÔòÉÔòÉÔòÉÔòÉÔòÉÔòÉÔòÉÔòÉÔòÉÔòÉÔòÉÔòÉ
The following assertion was thrown running a test:
The finder "Found 0 widgets with icon "IconData(U+0E890)": []" (used in a call to "tap()") could not
find any matching widgets.

When the exception was thrown, this was the stack:
#0      WidgetController._getElementPoint (package:flutter_test/src/controller.dart:2013:7)
#1      WidgetController.getCenter (package:flutter_test/src/controller.dart:1865:12)
#2      WidgetController.tap (package:flutter_test/src/controller.dart:1045:7)
#3      main.<anonymous closure>.pumpWithConstraints (file:///C:/Users/joaom/Documents/GitHub/Notes/universal_notes_flutter/test/main_test.dart:773:24)
<asynchronous suspension>
#4      main.<anonymous closure>.<anonymous closure> (file:///C:/Users/joaom/Documents/GitHub/Notes/universal_notes_flutter/test/main_test.dart:898:7)
<asynchronous suspension>
#5      testWidgets.<anonymous closure>.<anonymous closure> (package:flutter_test/src/widget_tester.dart:192:15)
<asynchronous suspension>
#6      TestWidgetsFlutterBinding._runTestBody (package:flutter_test/src/binding.dart:1059:5)
<asynchronous suspension>
<asynchronous suspension>
(elided one frame from package:stack_trace)

The test description was:
  calculates crossAxisCount correctly on Windows (gridLarge)
ÔòÉÔòÉÔòÉÔòÉÔòÉÔòÉÔòÉÔòÉÔòÉÔòÉÔòÉÔòÉÔòÉÔòÉÔòÉÔòÉÔòÉÔòÉÔòÉÔòÉÔòÉÔòÉÔòÉÔòÉÔòÉÔòÉÔòÉÔòÉÔòÉÔòÉÔòÉÔòÉÔòÉÔòÉÔòÉÔòÉÔòÉÔòÉÔòÉÔòÉÔòÉÔòÉÔòÉÔòÉÔòÉÔòÉÔòÉÔòÉÔòÉÔòÉÔòÉÔòÉÔòÉÔòÉÔòÉÔòÉÔòÉÔòÉÔòÉÔòÉÔòÉÔòÉÔòÉÔòÉÔòÉÔòÉÔòÉÔòÉÔòÉÔòÉÔòÉÔòÉÔòÉÔòÉÔòÉÔòÉÔòÉÔòÉÔòÉÔòÉÔòÉÔòÉÔòÉÔòÉÔòÉÔòÉÔòÉÔòÉÔòÉÔòÉÔòÉÔòÉÔòÉÔòÉÔòÉÔòÉÔòÉÔòÉÔòÉÔòÉ
74:28 +179 -56: C:/Users/joaom/Documents/GitHub/Notes/universal_notes_flutter/test/main_test.dart: NotesScreen Responsive Layout calculates crossAxisCount correctly on Windows (gridLarge) [E]
  Test failed. See exception logs above.
  The test description was: calculates crossAxisCount correctly on Windows (gridLarge)
  
74:28 +179 -56: C:/Users/joaom/Documents/GitHub/Notes/universal_notes_flutter/test/main_test.dart: NotesScreen Comprehensive AppBar Titles shows correct title for every navigation index
74:28 +179 -56: C:/Users/joaom/Documents/GitHub/Notes/universal_notes_flutter/test/main_test.dart: NotesScreen Responsive Layout calculates crossAxisCount correctly on Windows (gridLarge) [E]
  DatabaseException(error database_closed)
  package:sqflite_common/src/database_mixin.dart 518:7                      SqfliteDatabaseMixin.checkNotClosed
  package:sqflite_common/src/database_mixin.dart 147:8                      SqfliteDatabaseExecutorMixin._rawQuery
  package:sqflite_common/src/database_mixin.dart 140:12                     SqfliteDatabaseExecutorMixin.rawQuery
  package:universal_notes_flutter/repositories/note_repository.dart 565:27  NoteRepository.getAllNotes
  ===== asynchronous gap ===========================
  dart:async                                                                _CustomZone.registerBinaryCallback
  package:universal_notes_flutter/services/sync_service.dart 98:7           SyncService._startBackgroundSync.<fn>
  ===== asynchronous gap ===========================
  dart:async                                                                _StreamImpl.listen
  package:universal_notes_flutter/services/sync_service.dart 94:61          SyncService._startBackgroundSync
  package:universal_notes_flutter/services/sync_service.dart 51:5           SyncService.init
  ===== asynchronous gap ===========================
  dart:async                                                                _CustomZone.registerUnaryCallback
  package:universal_notes_flutter/services/sync_service.dart 48:5           SyncService.init
  test\main_test.dart 259:32                                                main.<fn>
  ===== asynchronous gap ===========================
  dart:async                                                                _CustomZone.registerUnaryCallback
  test\main_test.dart 254:5                                                 main.<fn>
  
74:38 +179 -56: C:/Users/joaom/Documents/GitHub/Notes/universal_notes_flutter/test/main_test.dart: NotesScreen Comprehensive AppBar Titles shows correct title for every navigation index
Warning database has been locked for 0:00:10.000000. Make sure you always use the transaction object for database operations during a transaction
ÔòÉÔòÉÔòí EXCEPTION CAUGHT BY FLUTTER TEST FRAMEWORK Ôò×ÔòÉÔòÉÔòÉÔòÉÔòÉÔòÉÔòÉÔòÉÔòÉÔòÉÔòÉÔòÉÔòÉÔòÉÔòÉÔòÉÔòÉÔòÉÔòÉÔòÉÔòÉÔòÉÔòÉÔòÉÔòÉÔòÉÔòÉÔòÉÔòÉÔòÉÔòÉÔòÉÔòÉÔòÉÔòÉÔòÉÔòÉÔòÉÔòÉÔòÉÔòÉÔòÉÔòÉÔòÉÔòÉÔòÉÔòÉÔòÉÔòÉÔòÉÔòÉÔòÉ
The following assertion was thrown running a test:
pumpAndSettle timed out

When the exception was thrown, this was the stack:
#0      WidgetTester.pumpAndSettle.<anonymous closure> (package:flutter_test/src/widget_tester.dart:717:11)
<asynchronous suspension>
#1      TestAsyncUtils.guard.<anonymous closure> (package:flutter_test/src/test_async_utils.dart:130:27)
<asynchronous suspension>
#2      main._pumpNotesScreen (file:///C:/Users/joaom/Documents/GitHub/Notes/universal_notes_flutter/test/main_test.dart:288:5)
<asynchronous suspension>
#3      main.<anonymous closure>.<anonymous closure> (file:///C:/Users/joaom/Documents/GitHub/Notes/universal_notes_flutter/test/main_test.dart:920:7)
<asynchronous suspension>
#4      testWidgets.<anonymous closure>.<anonymous closure> (package:flutter_test/src/widget_tester.dart:192:15)
<asynchronous suspension>
#5      TestWidgetsFlutterBinding._runTestBody (package:flutter_test/src/binding.dart:1059:5)
<asynchronous suspension>
<asynchronous suspension>
(elided one frame from package:stack_trace)

The test description was:
  shows correct title for every navigation index
ÔòÉÔòÉÔòÉÔòÉÔòÉÔòÉÔòÉÔòÉÔòÉÔòÉÔòÉÔòÉÔòÉÔòÉÔòÉÔòÉÔòÉÔòÉÔòÉÔòÉÔòÉÔòÉÔòÉÔòÉÔòÉÔòÉÔòÉÔòÉÔòÉÔòÉÔòÉÔòÉÔòÉÔòÉÔòÉÔòÉÔòÉÔòÉÔòÉÔòÉÔòÉÔòÉÔòÉÔòÉÔòÉÔòÉÔòÉÔòÉÔòÉÔòÉÔòÉÔòÉÔòÉÔòÉÔòÉÔòÉÔòÉÔòÉÔòÉÔòÉÔòÉÔòÉÔòÉÔòÉÔòÉÔòÉÔòÉÔòÉÔòÉÔòÉÔòÉÔòÉÔòÉÔòÉÔòÉÔòÉÔòÉÔòÉÔòÉÔòÉÔòÉÔòÉÔòÉÔòÉÔòÉÔòÉÔòÉÔòÉÔòÉÔòÉÔòÉÔòÉÔòÉÔòÉÔòÉÔòÉÔòÉÔòÉÔòÉÔòÉ
74:38 +179 -57: C:/Users/joaom/Documents/GitHub/Notes/universal_notes_flutter/test/main_test.dart: NotesScreen Comprehensive AppBar Titles shows correct title for every navigation index [E]
  Test failed. See exception logs above.
  The test description was: shows correct title for every navigation index
  
74:38 +179 -57: C:/Users/joaom/Documents/GitHub/Notes/universal_notes_flutter/test/main_test.dart: NotesScreen Navigation Rail Destinations verify all rail destinations exist
74:39 +179 -57: C:/Users/joaom/Documents/GitHub/Notes/universal_notes_flutter/test/main_test.dart: NotesScreen Comprehensive AppBar Titles shows correct title for every navigation index [E]
  DatabaseException(error database_closed)
  package:sqflite_common/src/database_mixin.dart 518:7                      SqfliteDatabaseMixin.checkNotClosed
  package:sqflite_common/src/database_mixin.dart 147:8                      SqfliteDatabaseExecutorMixin._rawQuery
  package:sqflite_common/src/database_mixin.dart 140:12                     SqfliteDatabaseExecutorMixin.rawQuery
  package:sqflite_common/src/database_mixin.dart 128:12                     SqfliteDatabaseExecutorMixin.query
  package:universal_notes_flutter/repositories/note_repository.dart 480:27  NoteRepository.getAllFolders
  ===== asynchronous gap ===========================
  dart:async                                                                _CustomZone.registerBinaryCallback
  package:universal_notes_flutter/services/sync_service.dart 98:7           SyncService._startBackgroundSync.<fn>
  ===== asynchronous gap ===========================
  dart:async                                                                _StreamImpl.listen
  package:universal_notes_flutter/services/sync_service.dart 94:61          SyncService._startBackgroundSync
  package:universal_notes_flutter/services/sync_service.dart 51:5           SyncService.init
  ===== asynchronous gap ===========================
  dart:async                                                                _CustomZone.registerUnaryCallback
  package:universal_notes_flutter/services/sync_service.dart 48:5           SyncService.init
  test\main_test.dart 259:32                                                main.<fn>
  ===== asynchronous gap ===========================
  dart:async                                                                _CustomZone.registerUnaryCallback
  test\main_test.dart 254:5                                                 main.<fn>
  
74:47 +179 -57: C:/Users/joaom/Documents/GitHub/Notes/universal_notes_flutter/test/main_test.dart: NotesScreen Navigation Rail Destinations verify all rail destinations exist
Warning database has been locked for 0:00:10.000000. Make sure you always use the transaction object for database operations during a transaction
ÔòÉÔòÉÔòí EXCEPTION CAUGHT BY FLUTTER TEST FRAMEWORK Ôò×ÔòÉÔòÉÔòÉÔòÉÔòÉÔòÉÔòÉÔòÉÔòÉÔòÉÔòÉÔòÉÔòÉÔòÉÔòÉÔòÉÔòÉÔòÉÔòÉÔòÉÔòÉÔòÉÔòÉÔòÉÔòÉÔòÉÔòÉÔòÉÔòÉÔòÉÔòÉÔòÉÔòÉÔòÉÔòÉÔòÉÔòÉÔòÉÔòÉÔòÉÔòÉÔòÉÔòÉÔòÉÔòÉÔòÉÔòÉÔòÉÔòÉÔòÉÔòÉÔòÉ
The following assertion was thrown running a test:
pumpAndSettle timed out

When the exception was thrown, this was the stack:
#0      WidgetTester.pumpAndSettle.<anonymous closure> (package:flutter_test/src/widget_tester.dart:717:11)
<asynchronous suspension>
#1      TestAsyncUtils.guard.<anonymous closure> (package:flutter_test/src/test_async_utils.dart:130:27)
<asynchronous suspension>
#2      main._pumpNotesScreen (file:///C:/Users/joaom/Documents/GitHub/Notes/universal_notes_flutter/test/main_test.dart:288:5)
<asynchronous suspension>
#3      main.<anonymous closure>.<anonymous closure> (file:///C:/Users/joaom/Documents/GitHub/Notes/universal_notes_flutter/test/main_test.dart:957:7)
<asynchronous suspension>
#4      testWidgets.<anonymous closure>.<anonymous closure> (package:flutter_test/src/widget_tester.dart:192:15)
<asynchronous suspension>
#5      TestWidgetsFlutterBinding._runTestBody (package:flutter_test/src/binding.dart:1059:5)
<asynchronous suspension>
<asynchronous suspension>
(elided one frame from package:stack_trace)

The test description was:
  verify all rail destinations exist
ÔòÉÔòÉÔòÉÔòÉÔòÉÔòÉÔòÉÔòÉÔòÉÔòÉÔòÉÔòÉÔòÉÔòÉÔòÉÔòÉÔòÉÔòÉÔòÉÔòÉÔòÉÔòÉÔòÉÔòÉÔòÉÔòÉÔòÉÔòÉÔòÉÔòÉÔòÉÔòÉÔòÉÔòÉÔòÉÔòÉÔòÉÔòÉÔòÉÔòÉÔòÉÔòÉÔòÉÔòÉÔòÉÔòÉÔòÉÔòÉÔòÉÔòÉÔòÉÔòÉÔòÉÔòÉÔòÉÔòÉÔòÉÔòÉÔòÉÔòÉÔòÉÔòÉÔòÉÔòÉÔòÉÔòÉÔòÉÔòÉÔòÉÔòÉÔòÉÔòÉÔòÉÔòÉÔòÉÔòÉÔòÉÔòÉÔòÉÔòÉÔòÉÔòÉÔòÉÔòÉÔòÉÔòÉÔòÉÔòÉÔòÉÔòÉÔòÉÔòÉÔòÉÔòÉÔòÉÔòÉÔòÉÔòÉÔòÉÔòÉ
74:47 +179 -58: C:/Users/joaom/Documents/GitHub/Notes/universal_notes_flutter/test/main_test.dart: NotesScreen Navigation Rail Destinations verify all rail destinations exist [E]
  Test failed. See exception logs above.
  The test description was: verify all rail destinations exist
  
74:47 +179 -58: C:/Users/joaom/Documents/GitHub/Notes/universal_notes_flutter/test/main_test.dart: NotesScreen Data Operations creating a new note calls insertNote
74:47 +179 -58: C:/Users/joaom/Documents/GitHub/Notes/universal_notes_flutter/test/main_test.dart: NotesScreen Navigation Rail Destinations verify all rail destinations exist [E]
  DatabaseException(error database_closed)
  package:sqflite_common/src/database_mixin.dart 518:7                      SqfliteDatabaseMixin.checkNotClosed
  package:sqflite_common/src/database_mixin.dart 147:8                      SqfliteDatabaseExecutorMixin._rawQuery
  package:sqflite_common/src/database_mixin.dart 140:12                     SqfliteDatabaseExecutorMixin.rawQuery
  package:sqflite_common/src/database_mixin.dart 128:12                     SqfliteDatabaseExecutorMixin.query
  package:universal_notes_flutter/repositories/note_repository.dart 480:27  NoteRepository.getAllFolders
  ===== asynchronous gap ===========================
  dart:async                                                                _CustomZone.registerBinaryCallback
  package:universal_notes_flutter/services/sync_service.dart 98:7           SyncService._startBackgroundSync.<fn>
  ===== asynchronous gap ===========================
  dart:async                                                                _StreamImpl.listen
  package:universal_notes_flutter/services/sync_service.dart 94:61          SyncService._startBackgroundSync
  package:universal_notes_flutter/services/sync_service.dart 51:5           SyncService.init
  ===== asynchronous gap ===========================
  dart:async                                                                _CustomZone.registerUnaryCallback
  package:universal_notes_flutter/services/sync_service.dart 48:5           SyncService.init
  test\main_test.dart 259:32                                                main.<fn>
  ===== asynchronous gap ===========================
  dart:async                                                                _CustomZone.registerUnaryCallback
  test\main_test.dart 254:5                                                 main.<fn>
  
84:47 +179 -59: C:/Users/joaom/Documents/GitHub/Notes/universal_notes_flutter/test/main_test.dart: NotesScreen Data Operations creating a new note calls insertNote [E]
  TimeoutException after 0:10:00.000000: Test timed out after 10 minutes.
  dart:isolate  _RawReceivePort._handleMessage
  
84:47 +179 -59: C:/Users/joaom/Documents/GitHub/Notes/universal_notes_flutter/test/main_test.dart: NotesScreen Data Operations deleting a note calls deleteNote
94:47 +179 -60: C:/Users/joaom/Documents/GitHub/Notes/universal_notes_flutter/test/main_test.dart: NotesScreen Data Operations deleting a note calls deleteNote [E]
  TimeoutException after 0:10:00.000000: Test timed out after 10 minutes.
  dart:isolate  _RawReceivePort._handleMessage
  
94:47 +179 -60: C:/Users/joaom/Documents/GitHub/Notes/universal_notes_flutter/test/main_test.dart: NotesScreen Unimplemented Actions tapping search and sort on Android does not crash
Warning database has been locked for 0:00:10.000000. Make sure you always use the transaction object for database operations during a transaction
ÔòÉÔòÉÔòí EXCEPTION CAUGHT BY FLUTTER TEST FRAMEWORK Ôò×ÔòÉÔòÉÔòÉÔòÉÔòÉÔòÉÔòÉÔòÉÔòÉÔòÉÔòÉÔòÉÔòÉÔòÉÔòÉÔòÉÔòÉÔòÉÔòÉÔòÉÔòÉÔòÉÔòÉÔòÉÔòÉÔòÉÔòÉÔòÉÔòÉÔòÉÔòÉÔòÉÔòÉÔòÉÔòÉÔòÉÔòÉÔòÉÔòÉÔòÉÔòÉÔòÉÔòÉÔòÉÔòÉÔòÉÔòÉÔòÉÔòÉÔòÉÔòÉÔòÉ
The following assertion was thrown running a test:
pumpAndSettle timed out

When the exception was thrown, this was the stack:
#0      WidgetTester.pumpAndSettle.<anonymous closure> (package:flutter_test/src/widget_tester.dart:717:11)
<asynchronous suspension>
#1      TestAsyncUtils.guard.<anonymous closure> (package:flutter_test/src/test_async_utils.dart:130:27)
<asynchronous suspension>
#2      main._pumpNotesScreen (file:///C:/Users/joaom/Documents/GitHub/Notes/universal_notes_flutter/test/main_test.dart:288:5)
<asynchronous suspension>
#3      main.<anonymous closure>.<anonymous closure> (file:///C:/Users/joaom/Documents/GitHub/Notes/universal_notes_flutter/test/main_test.dart:1018:7)
<asynchronous suspension>
#4      testWidgets.<anonymous closure>.<anonymous closure> (package:flutter_test/src/widget_tester.dart:192:15)
<asynchronous suspension>
#5      TestWidgetsFlutterBinding._runTestBody (package:flutter_test/src/binding.dart:1059:5)
<asynchronous suspension>
<asynchronous suspension>
(elided one frame from package:stack_trace)

The test description was:
  tapping search and sort on Android does not crash
ÔòÉÔòÉÔòÉÔòÉÔòÉÔòÉÔòÉÔòÉÔòÉÔòÉÔòÉÔòÉÔòÉÔòÉÔòÉÔòÉÔòÉÔòÉÔòÉÔòÉÔòÉÔòÉÔòÉÔòÉÔòÉÔòÉÔòÉÔòÉÔòÉÔòÉÔòÉÔòÉÔòÉÔòÉÔòÉÔòÉÔòÉÔòÉÔòÉÔòÉÔòÉÔòÉÔòÉÔòÉÔòÉÔòÉÔòÉÔòÉÔòÉÔòÉÔòÉÔòÉÔòÉÔòÉÔòÉÔòÉÔòÉÔòÉÔòÉÔòÉÔòÉÔòÉÔòÉÔòÉÔòÉÔòÉÔòÉÔòÉÔòÉÔòÉÔòÉÔòÉÔòÉÔòÉÔòÉÔòÉÔòÉÔòÉÔòÉÔòÉÔòÉÔòÉÔòÉÔòÉÔòÉÔòÉÔòÉÔòÉÔòÉÔòÉÔòÉÔòÉÔòÉÔòÉÔòÉÔòÉÔòÉÔòÉÔòÉÔòÉ
94:57 +179 -61: C:/Users/joaom/Documents/GitHub/Notes/universal_notes_flutter/test/main_test.dart: NotesScreen Unimplemented Actions tapping search and sort on Android does not crash [E]
  Test failed. See exception logs above.
  The test description was: tapping search and sort on Android does not crash
  
94:57 +179 -61: C:/Users/joaom/Documents/GitHub/Notes/universal_notes_flutter/test/main_test.dart: NotesScreen Unimplemented Actions tapping search and sort on Windows does not crash
Warning database has been locked for 0:00:10.000000. Make sure you always use the transaction object for database operations during a transaction
ÔòÉÔòÉÔòí EXCEPTION CAUGHT BY FLUTTER TEST FRAMEWORK Ôò×ÔòÉÔòÉÔòÉÔòÉÔòÉÔòÉÔòÉÔòÉÔòÉÔòÉÔòÉÔòÉÔòÉÔòÉÔòÉÔòÉÔòÉÔòÉÔòÉÔòÉÔòÉÔòÉÔòÉÔòÉÔòÉÔòÉÔòÉÔòÉÔòÉÔòÉÔòÉÔòÉÔòÉÔòÉÔòÉÔòÉÔòÉÔòÉÔòÉÔòÉÔòÉÔòÉÔòÉÔòÉÔòÉÔòÉÔòÉÔòÉÔòÉÔòÉÔòÉÔòÉ
The following assertion was thrown running a test:
pumpAndSettle timed out

When the exception was thrown, this was the stack:
#0      WidgetTester.pumpAndSettle.<anonymous closure> (package:flutter_test/src/widget_tester.dart:717:11)
<asynchronous suspension>
#1      TestAsyncUtils.guard.<anonymous closure> (package:flutter_test/src/test_async_utils.dart:130:27)
<asynchronous suspension>
#2      main._pumpNotesScreen (file:///C:/Users/joaom/Documents/GitHub/Notes/universal_notes_flutter/test/main_test.dart:288:5)
<asynchronous suspension>
#3      main.<anonymous closure>.<anonymous closure> (file:///C:/Users/joaom/Documents/GitHub/Notes/universal_notes_flutter/test/main_test.dart:1039:7)
<asynchronous suspension>
#4      testWidgets.<anonymous closure>.<anonymous closure> (package:flutter_test/src/widget_tester.dart:192:15)
<asynchronous suspension>
#5      TestWidgetsFlutterBinding._runTestBody (package:flutter_test/src/binding.dart:1059:5)
<asynchronous suspension>
<asynchronous suspension>
(elided one frame from package:stack_trace)

The test description was:
  tapping search and sort on Windows does not crash
ÔòÉÔòÉÔòÉÔòÉÔòÉÔòÉÔòÉÔòÉÔòÉÔòÉÔòÉÔòÉÔòÉÔòÉÔòÉÔòÉÔòÉÔòÉÔòÉÔòÉÔòÉÔòÉÔòÉÔòÉÔòÉÔòÉÔòÉÔòÉÔòÉÔòÉÔòÉÔòÉÔòÉÔòÉÔòÉÔòÉÔòÉÔòÉÔòÉÔòÉÔòÉÔòÉÔòÉÔòÉÔòÉÔòÉÔòÉÔòÉÔòÉÔòÉÔòÉÔòÉÔòÉÔòÉÔòÉÔòÉÔòÉÔòÉÔòÉÔòÉÔòÉÔòÉÔòÉÔòÉÔòÉÔòÉÔòÉÔòÉÔòÉÔòÉÔòÉÔòÉÔòÉÔòÉÔòÉÔòÉÔòÉÔòÉÔòÉÔòÉÔòÉÔòÉÔòÉÔòÉÔòÉÔòÉÔòÉÔòÉÔòÉÔòÉÔòÉÔòÉÔòÉÔòÉÔòÉÔòÉÔòÉÔòÉÔòÉÔòÉ
95:06 +179 -62: C:/Users/joaom/Documents/GitHub/Notes/universal_notes_flutter/test/main_test.dart: NotesScreen Unimplemented Actions tapping search and sort on Windows does not crash [E]
  Test failed. See exception logs above.
  The test description was: tapping search and sort on Windows does not crash
  
95:06 +179 -62: C:/Users/joaom/Documents/GitHub/Notes/universal_notes_flutter/test/main_test.dart: NotesScreen Windows Interaction tapping a note card on Windows navigates
95:07 +179 -62: C:/Users/joaom/Documents/GitHub/Notes/universal_notes_flutter/test/main_test.dart: NotesScreen Unimplemented Actions tapping search and sort on Windows does not crash [E]
  DatabaseException(error database_closed)
  package:sqflite_common/src/database_mixin.dart 518:7                      SqfliteDatabaseMixin.checkNotClosed
  package:sqflite_common/src/database_mixin.dart 147:8                      SqfliteDatabaseExecutorMixin._rawQuery
  package:sqflite_common/src/database_mixin.dart 140:12                     SqfliteDatabaseExecutorMixin.rawQuery
  package:sqflite_common/src/database_mixin.dart 128:12                     SqfliteDatabaseExecutorMixin.query
  package:universal_notes_flutter/repositories/note_repository.dart 480:27  NoteRepository.getAllFolders
  ===== asynchronous gap ===========================
  dart:async                                                                _CustomZone.registerBinaryCallback
  package:universal_notes_flutter/services/sync_service.dart 98:7           SyncService._startBackgroundSync.<fn>
  ===== asynchronous gap ===========================
  dart:async                                                                _StreamImpl.listen
  package:universal_notes_flutter/services/sync_service.dart 94:61          SyncService._startBackgroundSync
  package:universal_notes_flutter/services/sync_service.dart 51:5           SyncService.init
  ===== asynchronous gap ===========================
  dart:async                                                                _CustomZone.registerUnaryCallback
  package:universal_notes_flutter/services/sync_service.dart 48:5           SyncService.init
  test\main_test.dart 259:32                                                main.<fn>
  ===== asynchronous gap ===========================
  dart:async                                                                _CustomZone.registerUnaryCallback
  test\main_test.dart 254:5                                                 main.<fn>
  
95:22 +179 -62: C:/Users/joaom/Documents/GitHub/Notes/universal_notes_flutter/test/main_test.dart: NotesScreen Windows Interaction tapping a note card on Windows navigates
Warning database has been locked for 0:00:10.000000. Make sure you always use the transaction object for database operations during a transaction
ÔòÉÔòÉÔòí EXCEPTION CAUGHT BY FLUTTER TEST FRAMEWORK Ôò×ÔòÉÔòÉÔòÉÔòÉÔòÉÔòÉÔòÉÔòÉÔòÉÔòÉÔòÉÔòÉÔòÉÔòÉÔòÉÔòÉÔòÉÔòÉÔòÉÔòÉÔòÉÔòÉÔòÉÔòÉÔòÉÔòÉÔòÉÔòÉÔòÉÔòÉÔòÉÔòÉÔòÉÔòÉÔòÉÔòÉÔòÉÔòÉÔòÉÔòÉÔòÉÔòÉÔòÉÔòÉÔòÉÔòÉÔòÉÔòÉÔòÉÔòÉÔòÉÔòÉ
The following assertion was thrown running a test:
pumpAndSettle timed out

When the exception was thrown, this was the stack:
#0      WidgetTester.pumpAndSettle.<anonymous closure> (package:flutter_test/src/widget_tester.dart:717:11)
<asynchronous suspension>
#1      TestAsyncUtils.guard.<anonymous closure> (package:flutter_test/src/test_async_utils.dart:130:27)
<asynchronous suspension>
#2      main._pumpNotesScreen (file:///C:/Users/joaom/Documents/GitHub/Notes/universal_notes_flutter/test/main_test.dart:288:5)
<asynchronous suspension>
#3      main.<anonymous closure>.<anonymous closure> (file:///C:/Users/joaom/Documents/GitHub/Notes/universal_notes_flutter/test/main_test.dart:1054:7)
<asynchronous suspension>
#4      testWidgets.<anonymous closure>.<anonymous closure> (package:flutter_test/src/widget_tester.dart:192:15)
<asynchronous suspension>
#5      TestWidgetsFlutterBinding._runTestBody (package:flutter_test/src/binding.dart:1059:5)
<asynchronous suspension>
<asynchronous suspension>
(elided one frame from package:stack_trace)

The test description was:
  tapping a note card on Windows navigates
ÔòÉÔòÉÔòÉÔòÉÔòÉÔòÉÔòÉÔòÉÔòÉÔòÉÔòÉÔòÉÔòÉÔòÉÔòÉÔòÉÔòÉÔòÉÔòÉÔòÉÔòÉÔòÉÔòÉÔòÉÔòÉÔòÉÔòÉÔòÉÔòÉÔòÉÔòÉÔòÉÔòÉÔòÉÔòÉÔòÉÔòÉÔòÉÔòÉÔòÉÔòÉÔòÉÔòÉÔòÉÔòÉÔòÉÔòÉÔòÉÔòÉÔòÉÔòÉÔòÉÔòÉÔòÉÔòÉÔòÉÔòÉÔòÉÔòÉÔòÉÔòÉÔòÉÔòÉÔòÉÔòÉÔòÉÔòÉÔòÉÔòÉÔòÉÔòÉÔòÉÔòÉÔòÉÔòÉÔòÉÔòÉÔòÉÔòÉÔòÉÔòÉÔòÉÔòÉÔòÉÔòÉÔòÉÔòÉÔòÉÔòÉÔòÉÔòÉÔòÉÔòÉÔòÉÔòÉÔòÉÔòÉÔòÉÔòÉÔòÉ
95:22 +179 -63: C:/Users/joaom/Documents/GitHub/Notes/universal_notes_flutter/test/main_test.dart: NotesScreen Windows Interaction tapping a note card on Windows navigates [E]
  Test failed. See exception logs above.
  The test description was: tapping a note card on Windows navigates
  
95:22 +179 -63: C:/Users/joaom/Documents/GitHub/Notes/universal_notes_flutter/test/main_test.dart: NotesScreen Windows Interaction tapping navigation pane items calls callbacks
Warning database has been locked for 0:00:10.000000. Make sure you always use the transaction object for database operations during a transaction
ÔòÉÔòÉÔòí EXCEPTION CAUGHT BY FLUTTER TEST FRAMEWORK Ôò×ÔòÉÔòÉÔòÉÔòÉÔòÉÔòÉÔòÉÔòÉÔòÉÔòÉÔòÉÔòÉÔòÉÔòÉÔòÉÔòÉÔòÉÔòÉÔòÉÔòÉÔòÉÔòÉÔòÉÔòÉÔòÉÔòÉÔòÉÔòÉÔòÉÔòÉÔòÉÔòÉÔòÉÔòÉÔòÉÔòÉÔòÉÔòÉÔòÉÔòÉÔòÉÔòÉÔòÉÔòÉÔòÉÔòÉÔòÉÔòÉÔòÉÔòÉÔòÉÔòÉ
The following assertion was thrown running a test:
pumpAndSettle timed out

When the exception was thrown, this was the stack:
#0      WidgetTester.pumpAndSettle.<anonymous closure> (package:flutter_test/src/widget_tester.dart:717:11)
<asynchronous suspension>
#1      TestAsyncUtils.guard.<anonymous closure> (package:flutter_test/src/test_async_utils.dart:130:27)
<asynchronous suspension>
#2      main._pumpNotesScreen (file:///C:/Users/joaom/Documents/GitHub/Notes/universal_notes_flutter/test/main_test.dart:288:5)
<asynchronous suspension>
#3      main.<anonymous closure>.<anonymous closure> (file:///C:/Users/joaom/Documents/GitHub/Notes/universal_notes_flutter/test/main_test.dart:1069:7)
<asynchronous suspension>
#4      testWidgets.<anonymous closure>.<anonymous closure> (package:flutter_test/src/widget_tester.dart:192:15)
<asynchronous suspension>
#5      TestWidgetsFlutterBinding._runTestBody (package:flutter_test/src/binding.dart:1059:5)
<asynchronous suspension>
<asynchronous suspension>
(elided one frame from package:stack_trace)

The test description was:
  tapping navigation pane items calls callbacks
ÔòÉÔòÉÔòÉÔòÉÔòÉÔòÉÔòÉÔòÉÔòÉÔòÉÔòÉÔòÉÔòÉÔòÉÔòÉÔòÉÔòÉÔòÉÔòÉÔòÉÔòÉÔòÉÔòÉÔòÉÔòÉÔòÉÔòÉÔòÉÔòÉÔòÉÔòÉÔòÉÔòÉÔòÉÔòÉÔòÉÔòÉÔòÉÔòÉÔòÉÔòÉÔòÉÔòÉÔòÉÔòÉÔòÉÔòÉÔòÉÔòÉÔòÉÔòÉÔòÉÔòÉÔòÉÔòÉÔòÉÔòÉÔòÉÔòÉÔòÉÔòÉÔòÉÔòÉÔòÉÔòÉÔòÉÔòÉÔòÉÔòÉÔòÉÔòÉÔòÉÔòÉÔòÉÔòÉÔòÉÔòÉÔòÉÔòÉÔòÉÔòÉÔòÉÔòÉÔòÉÔòÉÔòÉÔòÉÔòÉÔòÉÔòÉÔòÉÔòÉÔòÉÔòÉÔòÉÔòÉÔòÉÔòÉÔòÉÔòÉ
95:34 +179 -64: C:/Users/joaom/Documents/GitHub/Notes/universal_notes_flutter/test/main_test.dart: NotesScreen Windows Interaction tapping navigation pane items calls callbacks [E]
  Test failed. See exception logs above.
  The test description was: tapping navigation pane items calls callbacks
  
95:35 +179 -64: C:/Users/joaom/Documents/GitHub/Notes/universal_notes_flutter/test/main_test.dart: NotesScreen Platform Logic calls window listener onWindowClose
95:35 +179 -65: C:/Users/joaom/Documents/GitHub/Notes/universal_notes_flutter/test/main_test.dart: NotesScreen Platform Logic calls window listener onWindowClose [E]
  DatabaseException(error database_closed)
  package:sqflite_common/src/database_mixin.dart 518:7                      SqfliteDatabaseMixin.checkNotClosed
  package:sqflite_common/src/database_mixin.dart 213:8                      SqfliteDatabaseExecutorMixin._rawUpdate
  package:sqflite_common/src/database_mixin.dart 206:12                     SqfliteDatabaseExecutorMixin.rawUpdate
  package:sqflite_common/src/database_mixin.dart 245:12                     SqfliteDatabaseExecutorMixin.update
  package:universal_notes_flutter/repositories/note_repository.dart 628:14  NoteRepository.updateNoteContent
  ===== asynchronous gap ===========================
  dart:async                                                                _CustomZone.registerBinaryCallback
  package:universal_notes_flutter/services/sync_service.dart 171:24         SyncService.syncUp
  package:universal_notes_flutter/services/sync_service.dart 53:21          SyncService.init
  ===== asynchronous gap ===========================
  dart:async                                                                _CustomZone.registerUnaryCallback
  package:universal_notes_flutter/services/sync_service.dart 48:5           SyncService.init
  test\main_test.dart 259:32                                                main.<fn>
  ===== asynchronous gap ===========================
  dart:async                                                                _CustomZone.registerUnaryCallback
  test\main_test.dart 254:5                                                 main.<fn>
  
  TimeoutException after 0:10:00.000000: Test timed out after 10 minutes.
  dart:isolate  _RawReceivePort._handleMessage
  
105:35 +179 -65: C:/Users/joaom/Documents/GitHub/Notes/universal_notes_flutter/test/main_test.dart: (tearDownAll)
105:40 +179 -65: Some tests failed.
