[ +487 ms] Artifact Instance of 'MaterialFonts' is not required, skipping update.
[   +2 ms] Artifact Instance of 'GradleWrapper' is not required, skipping update.
[        ] Artifact Instance of 'AndroidGenSnapshotArtifacts' is not required, skipping update.
[        ] Artifact Instance of 'AndroidInternalBuildArtifacts' is not required, skipping update.
[        ] Artifact Instance of 'IOSEngineArtifacts' is not required, skipping update.
[        ] Artifact Instance of 'FlutterWebSdk' is not required, skipping update.
[   +2 ms] Artifact Instance of 'LegacyCanvasKitRemover' is not required, skipping update.
[        ] Artifact Instance of 'FlutterSdk' is not required, skipping update.
[        ] Artifact Instance of 'WindowsEngineArtifacts' is not required, skipping update.
[        ] Artifact Instance of 'MacOSEngineArtifacts' is not required, skipping update.
[        ] Artifact Instance of 'LinuxEngineArtifacts' is not required, skipping update.
[        ] Artifact Instance of 'LinuxFuchsiaSDKArtifacts' is not required, skipping update.
[        ] Artifact Instance of 'MacOSFuchsiaSDKArtifacts' is not required, skipping update.
[        ] Artifact Instance of 'FlutterRunnerSDKArtifacts' is not required, skipping update.
[   +3 ms] Artifact Instance of 'FlutterRunnerDebugSymbols' is not required, skipping update.
[        ] Artifact Instance of 'IosUsbArtifacts' is not required, skipping update.
[        ] Artifact Instance of 'IosUsbArtifacts' is not required, skipping update.
[        ] Artifact Instance of 'IosUsbArtifacts' is not required, skipping update.
[        ] Artifact Instance of 'IosUsbArtifacts' is not required, skipping update.
[        ] Artifact Instance of 'IosUsbArtifacts' is not required, skipping update.
[        ] Artifact Instance of 'IosUsbArtifacts' is not required, skipping update.
[        ] Artifact Instance of 'FontSubsetArtifacts' is not required, skipping update.
[        ] Artifact Instance of 'PubDependencies' is not required, skipping update.
[   +2 ms] executing: [C:\Flutter\flutter/] git -c log.showSignature=false log HEAD -n 1 --pretty=format:%ad --date=iso
[ +213 ms] Exit code 0 from: git -c log.showSignature=false log HEAD -n 1 --pretty=format:%ad --date=iso
[        ] 2025-12-03 14:56:10 -0800
[  +33 ms] Artifact Instance of 'AndroidGenSnapshotArtifacts' is not required, skipping update.
[        ] Artifact Instance of 'AndroidInternalBuildArtifacts' is not required, skipping update.
[        ] Artifact Instance of 'IOSEngineArtifacts' is not required, skipping update.
[        ] Artifact Instance of 'FlutterWebSdk' is not required, skipping update.
[        ] Artifact Instance of 'FlutterEngineStamp' is not required, skipping update.
[        ] Artifact Instance of 'LegacyCanvasKitRemover' is not required, skipping update.
[   +6 ms] Artifact Instance of 'WindowsEngineArtifacts' is not required, skipping update.
[        ] Artifact Instance of 'MacOSEngineArtifacts' is not required, skipping update.
[        ] Artifact Instance of 'LinuxEngineArtifacts' is not required, skipping update.
[   +3 ms] Artifact Instance of 'LinuxFuchsiaSDKArtifacts' is not required, skipping update.
[        ] Artifact Instance of 'MacOSFuchsiaSDKArtifacts' is not required, skipping update.
[        ] Artifact Instance of 'FlutterRunnerSDKArtifacts' is not required, skipping update.
[        ] Artifact Instance of 'FlutterRunnerDebugSymbols' is not required, skipping update.
[ +226 ms] Artifact Instance of 'MaterialFonts' is not required, skipping update.
[        ] Artifact Instance of 'GradleWrapper' is not required, skipping update.
[  +32 ms] Artifact Instance of 'AndroidInternalBuildArtifacts' is not required, skipping update.
[        ] Artifact Instance of 'IOSEngineArtifacts' is not required, skipping update.
[        ] Artifact Instance of 'FlutterWebSdk' is not required, skipping update.
[        ] Artifact Instance of 'FlutterEngineStamp' is not required, skipping update.
[        ] Artifact Instance of 'LegacyCanvasKitRemover' is not required, skipping update.
[        ] Artifact Instance of 'FlutterSdk' is not required, skipping update.
[        ] Artifact Instance of 'WindowsEngineArtifacts' is not required, skipping update.
[        ] Artifact Instance of 'MacOSEngineArtifacts' is not required, skipping update.
[        ] Artifact Instance of 'LinuxEngineArtifacts' is not required, skipping update.
[        ] Artifact Instance of 'LinuxFuchsiaSDKArtifacts' is not required, skipping update.
[        ] Artifact Instance of 'MacOSFuchsiaSDKArtifacts' is not required, skipping update.
[        ] Artifact Instance of 'FlutterRunnerSDKArtifacts' is not required, skipping update.
[   +2 ms] Artifact Instance of 'FlutterRunnerDebugSymbols' is not required, skipping update.
[   +1 ms] Artifact Instance of 'IosUsbArtifacts' is not required, skipping update.
[        ] Artifact Instance of 'IosUsbArtifacts' is not required, skipping update.
[        ] Artifact Instance of 'IosUsbArtifacts' is not required, skipping update.
[        ] Artifact Instance of 'IosUsbArtifacts' is not required, skipping update.
[        ] Artifact Instance of 'IosUsbArtifacts' is not required, skipping update.
[        ] Artifact Instance of 'IosUsbArtifacts' is not required, skipping update.
[        ] Artifact Instance of 'FontSubsetArtifacts' is not required, skipping update.
[        ] Artifact Instance of 'PubDependencies' is not required, skipping update.
[ +308 ms] Skipping pub get: version match.
[ +433 ms] Found plugin integration_test at C:\Flutter\flutter\packages\integration_test\
[ +124 ms] Found plugin window_manager at C:\Users\joaom\AppData\Local\Pub\Cache\hosted\pub.dev\window_manager-0.5.1\
[   +8 ms] Found plugin screen_retriever at C:\Users\joaom\AppData\Local\Pub\Cache\hosted\pub.dev\screen_retriever-0.2.0\
[   +3 ms] Found plugin screen_retriever_windows at C:\Users\joaom\AppData\Local\Pub\Cache\hosted\pub.dev\screen_retriever_windows-0.2.0\
[   +8 ms] Found plugin screen_retriever_macos at C:\Users\joaom\AppData\Local\Pub\Cache\hosted\pub.dev\screen_retriever_macos-0.2.0\
[   +4 ms] Found plugin screen_retriever_linux at C:\Users\joaom\AppData\Local\Pub\Cache\hosted\pub.dev\screen_retriever_linux-0.2.0\
[  +12 ms] Found plugin url_launcher at C:\Users\joaom\AppData\Local\Pub\Cache\hosted\pub.dev\url_launcher-6.3.2\
[   +3 ms] Found plugin url_launcher_windows at C:\Users\joaom\AppData\Local\Pub\Cache\hosted\pub.dev\url_launcher_windows-3.1.5\
[   +8 ms] Found plugin url_launcher_web at C:\Users\joaom\AppData\Local\Pub\Cache\hosted\pub.dev\url_launcher_web-2.4.1\
[   +7 ms] Found plugin url_launcher_macos at C:\Users\joaom\AppData\Local\Pub\Cache\hosted\pub.dev\url_launcher_macos-3.2.5\
[   +3 ms] Found plugin url_launcher_linux at C:\Users\joaom\AppData\Local\Pub\Cache\hosted\pub.dev\url_launcher_linux-3.2.2\
[   +3 ms] Found plugin url_launcher_ios at C:\Users\joaom\AppData\Local\Pub\Cache\hosted\pub.dev\url_launcher_ios-6.3.6\
[   +6 ms] Found plugin url_launcher_android at C:\Users\joaom\AppData\Local\Pub\Cache\hosted\pub.dev\url_launcher_android-6.3.28\
[  +49 ms] Found plugin sqflite at C:\Users\joaom\AppData\Local\Pub\Cache\hosted\pub.dev\sqflite-2.4.2\
[   +7 ms] Found plugin sqflite_darwin at C:\Users\joaom\AppData\Local\Pub\Cache\hosted\pub.dev\sqflite_darwin-2.4.2\
[  +12 ms] Found plugin sqflite_android at C:\Users\joaom\AppData\Local\Pub\Cache\hosted\pub.dev\sqflite_android-2.4.2+2\
[   +3 ms] Found plugin shared_preferences at C:\Users\joaom\AppData\Local\Pub\Cache\hosted\pub.dev\shared_preferences-2.5.4\
[   +3 ms] Found plugin shared_preferences_windows at C:\Users\joaom\AppData\Local\Pub\Cache\hosted\pub.dev\shared_preferences_windows-2.4.1\
[   +8 ms] Found plugin path_provider_windows at C:\Users\joaom\AppData\Local\Pub\Cache\hosted\pub.dev\path_provider_windows-2.3.0\
[   +4 ms] Found plugin shared_preferences_web at C:\Users\joaom\AppData\Local\Pub\Cache\hosted\pub.dev\shared_preferences_web-2.4.3\
[  +10 ms] Found plugin shared_preferences_linux at C:\Users\joaom\AppData\Local\Pub\Cache\hosted\pub.dev\shared_preferences_linux-2.4.1\
[   +3 ms] Found plugin path_provider_linux at C:\Users\joaom\AppData\Local\Pub\Cache\hosted\pub.dev\path_provider_linux-2.2.1\
[   +5 ms] Found plugin shared_preferences_foundation at C:\Users\joaom\AppData\Local\Pub\Cache\hosted\pub.dev\shared_preferences_foundation-2.5.6\
[   +7 ms] Found plugin shared_preferences_android at C:\Users\joaom\AppData\Local\Pub\Cache\hosted\pub.dev\shared_preferences_android-2.4.18\
[  +10 ms] Found plugin printing at C:\Users\joaom\AppData\Local\Pub\Cache\hosted\pub.dev\printing-5.14.2\
[  +46 ms] Found plugin permission_handler at C:\Users\joaom\AppData\Local\Pub\Cache\hosted\pub.dev\permission_handler-12.0.1\
[   +8 ms] Found plugin permission_handler_windows at C:\Users\joaom\AppData\Local\Pub\Cache\hosted\pub.dev\permission_handler_windows-0.2.1\
[   +6 ms] Found plugin permission_handler_html at C:\Users\joaom\AppData\Local\Pub\Cache\hosted\pub.dev\permission_handler_html-0.1.3+5\
[   +2 ms] Found plugin permission_handler_apple at C:\Users\joaom\AppData\Local\Pub\Cache\hosted\pub.dev\permission_handler_apple-9.4.7\
[   +6 ms] Found plugin permission_handler_android at C:\Users\joaom\Documents\GitHub\Notes\universal_notes_flutter\packages\permission_handler_android\
[   +3 ms] Found plugin path_provider at C:\Users\joaom\AppData\Local\Pub\Cache\hosted\pub.dev\path_provider-2.1.5\
[   +5 ms] Found plugin path_provider_foundation at C:\Users\joaom\AppData\Local\Pub\Cache\hosted\pub.dev\path_provider_foundation-2.5.1\
[   +6 ms] Found plugin path_provider_android at C:\Users\joaom\AppData\Local\Pub\Cache\hosted\pub.dev\path_provider_android-2.2.22\
[   +4 ms] Found plugin package_info_plus at C:\Users\joaom\AppData\Local\Pub\Cache\hosted\pub.dev\package_info_plus-9.0.0\
[  +85 ms] Found plugin open_file at C:\Users\joaom\AppData\Local\Pub\Cache\hosted\pub.dev\open_file-3.5.10\
[   +4 ms] Found plugin open_file_windows at C:\Users\joaom\AppData\Local\Pub\Cache\hosted\pub.dev\open_file_windows-0.0.3\
[  +10 ms] Found plugin open_file_web at C:\Users\joaom\AppData\Local\Pub\Cache\hosted\pub.dev\open_file_web-0.0.4\
[   +4 ms] Found plugin open_file_mac at C:\Users\joaom\AppData\Local\Pub\Cache\hosted\pub.dev\open_file_mac-1.0.3\
[   +3 ms] Found plugin open_file_linux at C:\Users\joaom\AppData\Local\Pub\Cache\hosted\pub.dev\open_file_linux-0.0.5\
[  +12 ms] Found plugin open_file_ios at C:\Users\joaom\AppData\Local\Pub\Cache\hosted\pub.dev\open_file_ios-1.0.3\
[   +4 ms] Found plugin open_file_android at C:\Users\joaom\AppData\Local\Pub\Cache\hosted\pub.dev\open_file_android-1.0.6\
[   +8 ms] Found plugin local_auth at C:\Users\joaom\AppData\Local\Pub\Cache\hosted\pub.dev\local_auth-3.0.0\
[   +3 ms] Found plugin local_auth_windows at C:\Users\joaom\AppData\Local\Pub\Cache\hosted\pub.dev\local_auth_windows-2.0.1\
[   +9 ms] Found plugin local_auth_darwin at C:\Users\joaom\AppData\Local\Pub\Cache\hosted\pub.dev\local_auth_darwin-2.0.1\
[   +5 ms] Found plugin local_auth_android at C:\Users\joaom\Documents\GitHub\Notes\universal_notes_flutter\packages\local_auth_android\
[   +2 ms] Found plugin flutter_plugin_android_lifecycle at C:\Users\joaom\AppData\Local\Pub\Cache\hosted\pub.dev\flutter_plugin_android_lifecycle-2.0.33\
[   +6 ms] Found plugin image_picker at C:\Users\joaom\AppData\Local\Pub\Cache\hosted\pub.dev\image_picker-1.2.1\
[   +5 ms] Found plugin image_picker_windows at C:\Users\joaom\AppData\Local\Pub\Cache\hosted\pub.dev\image_picker_windows-0.2.2\
[  +11 ms] Found plugin file_selector_windows at C:\Users\joaom\AppData\Local\Pub\Cache\hosted\pub.dev\file_selector_windows-0.9.3+5\
[   +5 ms] Found plugin image_picker_macos at C:\Users\joaom\AppData\Local\Pub\Cache\hosted\pub.dev\image_picker_macos-0.2.2+1\
[   +4 ms] Found plugin file_selector_macos at C:\Users\joaom\AppData\Local\Pub\Cache\hosted\pub.dev\file_selector_macos-0.9.5\
[   +3 ms] Found plugin image_picker_linux at C:\Users\joaom\AppData\Local\Pub\Cache\hosted\pub.dev\image_picker_linux-0.2.2\
[   +5 ms] Found plugin file_selector_linux at C:\Users\joaom\AppData\Local\Pub\Cache\hosted\pub.dev\file_selector_linux-0.9.4\
[   +3 ms] Found plugin image_picker_ios at C:\Users\joaom\AppData\Local\Pub\Cache\hosted\pub.dev\image_picker_ios-0.8.13+3\
[   +3 ms] Found plugin image_picker_for_web at C:\Users\joaom\AppData\Local\Pub\Cache\hosted\pub.dev\image_picker_for_web-3.1.1\
[   +2 ms] Found plugin image_picker_android at C:\Users\joaom\AppData\Local\Pub\Cache\hosted\pub.dev\image_picker_android-0.8.13+10\
[  +48 ms] Found plugin firebase_storage at C:\Users\joaom\AppData\Local\Pub\Cache\hosted\pub.dev\firebase_storage-13.0.5\
[   +9 ms] Found plugin firebase_storage_web at C:\Users\joaom\AppData\Local\Pub\Cache\hosted\pub.dev\firebase_storage_web-3.11.1\
[  +16 ms] Found plugin firebase_core at C:\Users\joaom\AppData\Local\Pub\Cache\hosted\pub.dev\firebase_core-4.3.0\
[   +3 ms] Found plugin firebase_core_web at C:\Users\joaom\AppData\Local\Pub\Cache\hosted\pub.dev\firebase_core_web-3.3.1\
[  +11 ms] Found plugin firebase_crashlytics at C:\Users\joaom\AppData\Local\Pub\Cache\hosted\pub.dev\firebase_crashlytics-5.0.6\
[   +5 ms] Found plugin firebase_auth at C:\Users\joaom\AppData\Local\Pub\Cache\hosted\pub.dev\firebase_auth-6.1.3\
[   +2 ms] Found plugin firebase_auth_web at C:\Users\joaom\AppData\Local\Pub\Cache\hosted\pub.dev\firebase_auth_web-6.1.1\
[   +4 ms] Found plugin firebase_analytics at C:\Users\joaom\AppData\Local\Pub\Cache\hosted\pub.dev\firebase_analytics-12.1.0\
[   +7 ms] Found plugin firebase_analytics_web at C:\Users\joaom\AppData\Local\Pub\Cache\hosted\pub.dev\firebase_analytics_web-0.6.1+1\
[   +5 ms] Found plugin file_picker at C:\Users\joaom\AppData\Local\Pub\Cache\hosted\pub.dev\file_picker-10.3.8\
[  +24 ms] Found plugin cloud_firestore at C:\Users\joaom\AppData\Local\Pub\Cache\hosted\pub.dev\cloud_firestore-6.1.1\
[   +2 ms] Found plugin cloud_firestore_web at C:\Users\joaom\AppData\Local\Pub\Cache\hosted\pub.dev\cloud_firestore_web-5.1.1\
[ +258 ms] Found plugin integration_test at C:\Flutter\flutter\packages\integration_test\
[  +55 ms] Found plugin window_manager at C:\Users\joaom\AppData\Local\Pub\Cache\hosted\pub.dev\window_manager-0.5.1\
[   +2 ms] Found plugin screen_retriever at C:\Users\joaom\AppData\Local\Pub\Cache\hosted\pub.dev\screen_retriever-0.2.0\
[   +2 ms] Found plugin screen_retriever_windows at C:\Users\joaom\AppData\Local\Pub\Cache\hosted\pub.dev\screen_retriever_windows-0.2.0\
[   +4 ms] Found plugin screen_retriever_macos at C:\Users\joaom\AppData\Local\Pub\Cache\hosted\pub.dev\screen_retriever_macos-0.2.0\
[   +2 ms] Found plugin screen_retriever_linux at C:\Users\joaom\AppData\Local\Pub\Cache\hosted\pub.dev\screen_retriever_linux-0.2.0\
[   +7 ms] Found plugin url_launcher at C:\Users\joaom\AppData\Local\Pub\Cache\hosted\pub.dev\url_launcher-6.3.2\
[   +2 ms] Found plugin url_launcher_windows at C:\Users\joaom\AppData\Local\Pub\Cache\hosted\pub.dev\url_launcher_windows-3.1.5\
[   +4 ms] Found plugin url_launcher_web at C:\Users\joaom\AppData\Local\Pub\Cache\hosted\pub.dev\url_launcher_web-2.4.1\
[   +8 ms] Found plugin url_launcher_macos at C:\Users\joaom\AppData\Local\Pub\Cache\hosted\pub.dev\url_launcher_macos-3.2.5\
[   +2 ms] Found plugin url_launcher_linux at C:\Users\joaom\AppData\Local\Pub\Cache\hosted\pub.dev\url_launcher_linux-3.2.2\
[   +2 ms] Found plugin url_launcher_ios at C:\Users\joaom\AppData\Local\Pub\Cache\hosted\pub.dev\url_launcher_ios-6.3.6\
[   +2 ms] Found plugin url_launcher_android at C:\Users\joaom\AppData\Local\Pub\Cache\hosted\pub.dev\url_launcher_android-6.3.28\
[  +26 ms] Found plugin sqflite at C:\Users\joaom\AppData\Local\Pub\Cache\hosted\pub.dev\sqflite-2.4.2\
[   +8 ms] Found plugin sqflite_darwin at C:\Users\joaom\AppData\Local\Pub\Cache\hosted\pub.dev\sqflite_darwin-2.4.2\
[   +2 ms] Found plugin sqflite_android at C:\Users\joaom\AppData\Local\Pub\Cache\hosted\pub.dev\sqflite_android-2.4.2+2\
[   +5 ms] Found plugin shared_preferences at C:\Users\joaom\AppData\Local\Pub\Cache\hosted\pub.dev\shared_preferences-2.5.4\
[   +2 ms] Found plugin shared_preferences_windows at C:\Users\joaom\AppData\Local\Pub\Cache\hosted\pub.dev\shared_preferences_windows-2.4.1\
[   +4 ms] Found plugin path_provider_windows at C:\Users\joaom\AppData\Local\Pub\Cache\hosted\pub.dev\path_provider_windows-2.3.0\
[   +1 ms] Found plugin shared_preferences_web at C:\Users\joaom\AppData\Local\Pub\Cache\hosted\pub.dev\shared_preferences_web-2.4.3\
[   +2 ms] Found plugin shared_preferences_linux at C:\Users\joaom\AppData\Local\Pub\Cache\hosted\pub.dev\shared_preferences_linux-2.4.1\
[   +5 ms] Found plugin path_provider_linux at C:\Users\joaom\AppData\Local\Pub\Cache\hosted\pub.dev\path_provider_linux-2.2.1\
[   +4 ms] Found plugin shared_preferences_foundation at C:\Users\joaom\AppData\Local\Pub\Cache\hosted\pub.dev\shared_preferences_foundation-2.5.6\
[   +2 ms] Found plugin shared_preferences_android at C:\Users\joaom\AppData\Local\Pub\Cache\hosted\pub.dev\shared_preferences_android-2.4.18\
[   +6 ms] Found plugin printing at C:\Users\joaom\AppData\Local\Pub\Cache\hosted\pub.dev\printing-5.14.2\
[  +59 ms] Found plugin permission_handler at C:\Users\joaom\AppData\Local\Pub\Cache\hosted\pub.dev\permission_handler-12.0.1\
[   +2 ms] Found plugin permission_handler_windows at C:\Users\joaom\AppData\Local\Pub\Cache\hosted\pub.dev\permission_handler_windows-0.2.1\
[   +6 ms] Found plugin permission_handler_html at C:\Users\joaom\AppData\Local\Pub\Cache\hosted\pub.dev\permission_handler_html-0.1.3+5\
[   +2 ms] Found plugin permission_handler_apple at C:\Users\joaom\AppData\Local\Pub\Cache\hosted\pub.dev\permission_handler_apple-9.4.7\
[   +2 ms] Found plugin permission_handler_android at C:\Users\joaom\Documents\GitHub\Notes\universal_notes_flutter\packages\permission_handler_android\
[   +5 ms] Found plugin path_provider at C:\Users\joaom\AppData\Local\Pub\Cache\hosted\pub.dev\path_provider-2.1.5\
[   +2 ms] Found plugin path_provider_foundation at C:\Users\joaom\AppData\Local\Pub\Cache\hosted\pub.dev\path_provider_foundation-2.5.1\
[   +5 ms] Found plugin path_provider_android at C:\Users\joaom\AppData\Local\Pub\Cache\hosted\pub.dev\path_provider_android-2.2.22\
[   +2 ms] Found plugin package_info_plus at C:\Users\joaom\AppData\Local\Pub\Cache\hosted\pub.dev\package_info_plus-9.0.0\
[  +14 ms] Found plugin open_file at C:\Users\joaom\AppData\Local\Pub\Cache\hosted\pub.dev\open_file-3.5.10\
[   +5 ms] Found plugin open_file_windows at C:\Users\joaom\AppData\Local\Pub\Cache\hosted\pub.dev\open_file_windows-0.0.3\
[   +3 ms] Found plugin open_file_web at C:\Users\joaom\AppData\Local\Pub\Cache\hosted\pub.dev\open_file_web-0.0.4\
[   +2 ms] Found plugin open_file_mac at C:\Users\joaom\AppData\Local\Pub\Cache\hosted\pub.dev\open_file_mac-1.0.3\
[   +4 ms] Found plugin open_file_linux at C:\Users\joaom\AppData\Local\Pub\Cache\hosted\pub.dev\open_file_linux-0.0.5\
[   +4 ms] Found plugin open_file_ios at C:\Users\joaom\AppData\Local\Pub\Cache\hosted\pub.dev\open_file_ios-1.0.3\
[   +3 ms] Found plugin open_file_android at C:\Users\joaom\AppData\Local\Pub\Cache\hosted\pub.dev\open_file_android-1.0.6\
[   +2 ms] Found plugin local_auth at C:\Users\joaom\AppData\Local\Pub\Cache\hosted\pub.dev\local_auth-3.0.0\
[   +2 ms] Found plugin local_auth_windows at C:\Users\joaom\AppData\Local\Pub\Cache\hosted\pub.dev\local_auth_windows-2.0.1\
[   +6 ms] Found plugin local_auth_darwin at C:\Users\joaom\AppData\Local\Pub\Cache\hosted\pub.dev\local_auth_darwin-2.0.1\
[   +3 ms] Found plugin local_auth_android at C:\Users\joaom\Documents\GitHub\Notes\universal_notes_flutter\packages\local_auth_android\
[   +2 ms] Found plugin flutter_plugin_android_lifecycle at C:\Users\joaom\AppData\Local\Pub\Cache\hosted\pub.dev\flutter_plugin_android_lifecycle-2.0.33\
[   +2 ms] Found plugin image_picker at C:\Users\joaom\AppData\Local\Pub\Cache\hosted\pub.dev\image_picker-1.2.1\
[   +2 ms] Found plugin image_picker_windows at C:\Users\joaom\AppData\Local\Pub\Cache\hosted\pub.dev\image_picker_windows-0.2.2\
[   +9 ms] Found plugin file_selector_windows at C:\Users\joaom\AppData\Local\Pub\Cache\hosted\pub.dev\file_selector_windows-0.9.3+5\
[   +3 ms] Found plugin image_picker_macos at C:\Users\joaom\AppData\Local\Pub\Cache\hosted\pub.dev\image_picker_macos-0.2.2+1\
[  +41 ms] Found plugin file_selector_macos at C:\Users\joaom\AppData\Local\Pub\Cache\hosted\pub.dev\file_selector_macos-0.9.5\
[   +3 ms] Found plugin image_picker_linux at C:\Users\joaom\AppData\Local\Pub\Cache\hosted\pub.dev\image_picker_linux-0.2.2\
[   +3 ms] Found plugin file_selector_linux at C:\Users\joaom\AppData\Local\Pub\Cache\hosted\pub.dev\file_selector_linux-0.9.4\
[   +2 ms] Found plugin image_picker_ios at C:\Users\joaom\AppData\Local\Pub\Cache\hosted\pub.dev\image_picker_ios-0.8.13+3\
[   +2 ms] Found plugin image_picker_for_web at C:\Users\joaom\AppData\Local\Pub\Cache\hosted\pub.dev\image_picker_for_web-3.1.1\
[   +4 ms] Found plugin image_picker_android at C:\Users\joaom\AppData\Local\Pub\Cache\hosted\pub.dev\image_picker_android-0.8.13+10\
[  +40 ms] Found plugin firebase_storage at C:\Users\joaom\AppData\Local\Pub\Cache\hosted\pub.dev\firebase_storage-13.0.5\
[   +9 ms] Found plugin firebase_storage_web at C:\Users\joaom\AppData\Local\Pub\Cache\hosted\pub.dev\firebase_storage_web-3.11.1\
[   +4 ms] Found plugin firebase_core at C:\Users\joaom\AppData\Local\Pub\Cache\hosted\pub.dev\firebase_core-4.3.0\
[   +2 ms] Found plugin firebase_core_web at C:\Users\joaom\AppData\Local\Pub\Cache\hosted\pub.dev\firebase_core_web-3.3.1\
[   +5 ms] Found plugin firebase_crashlytics at C:\Users\joaom\AppData\Local\Pub\Cache\hosted\pub.dev\firebase_crashlytics-5.0.6\
[   +7 ms] Found plugin firebase_auth at C:\Users\joaom\AppData\Local\Pub\Cache\hosted\pub.dev\firebase_auth-6.1.3\
[   +2 ms] Found plugin firebase_auth_web at C:\Users\joaom\AppData\Local\Pub\Cache\hosted\pub.dev\firebase_auth_web-6.1.1\
[   +4 ms] Found plugin firebase_analytics at C:\Users\joaom\AppData\Local\Pub\Cache\hosted\pub.dev\firebase_analytics-12.1.0\
[   +2 ms] Found plugin firebase_analytics_web at C:\Users\joaom\AppData\Local\Pub\Cache\hosted\pub.dev\firebase_analytics_web-0.6.1+1\
[   +7 ms] Found plugin file_picker at C:\Users\joaom\AppData\Local\Pub\Cache\hosted\pub.dev\file_picker-10.3.8\
[  +20 ms] Found plugin cloud_firestore at C:\Users\joaom\AppData\Local\Pub\Cache\hosted\pub.dev\cloud_firestore-6.1.1\
[   +2 ms] Found plugin cloud_firestore_web at C:\Users\joaom\AppData\Local\Pub\Cache\hosted\pub.dev\cloud_firestore_web-5.1.1\
[  +82 ms] Skipping generating web_plugin_registrant.dart because it is up-to-date.
[ +236 ms] Found plugin integration_test at C:\Flutter\flutter\packages\integration_test\
[ +108 ms] Found plugin window_manager at C:\Users\joaom\AppData\Local\Pub\Cache\hosted\pub.dev\window_manager-0.5.1\
[   +2 ms] Found plugin screen_retriever at C:\Users\joaom\AppData\Local\Pub\Cache\hosted\pub.dev\screen_retriever-0.2.0\
[   +2 ms] Found plugin screen_retriever_windows at C:\Users\joaom\AppData\Local\Pub\Cache\hosted\pub.dev\screen_retriever_windows-0.2.0\
[   +3 ms] Found plugin screen_retriever_macos at C:\Users\joaom\AppData\Local\Pub\Cache\hosted\pub.dev\screen_retriever_macos-0.2.0\
[   +5 ms] Found plugin screen_retriever_linux at C:\Users\joaom\AppData\Local\Pub\Cache\hosted\pub.dev\screen_retriever_linux-0.2.0\
[   +4 ms] Found plugin url_launcher at C:\Users\joaom\AppData\Local\Pub\Cache\hosted\pub.dev\url_launcher-6.3.2\
[   +2 ms] Found plugin url_launcher_windows at C:\Users\joaom\AppData\Local\Pub\Cache\hosted\pub.dev\url_launcher_windows-3.1.5\
[   +4 ms] Found plugin url_launcher_web at C:\Users\joaom\AppData\Local\Pub\Cache\hosted\pub.dev\url_launcher_web-2.4.1\
[   +9 ms] Found plugin url_launcher_macos at C:\Users\joaom\AppData\Local\Pub\Cache\hosted\pub.dev\url_launcher_macos-3.2.5\
[   +2 ms] Found plugin url_launcher_linux at C:\Users\joaom\AppData\Local\Pub\Cache\hosted\pub.dev\url_launcher_linux-3.2.2\
[   +2 ms] Found plugin url_launcher_ios at C:\Users\joaom\AppData\Local\Pub\Cache\hosted\pub.dev\url_launcher_ios-6.3.6\
[   +2 ms] Found plugin url_launcher_android at C:\Users\joaom\AppData\Local\Pub\Cache\hosted\pub.dev\url_launcher_android-6.3.28\
[  +22 ms] Found plugin sqflite at C:\Users\joaom\AppData\Local\Pub\Cache\hosted\pub.dev\sqflite-2.4.2\
[   +4 ms] Found plugin sqflite_darwin at C:\Users\joaom\AppData\Local\Pub\Cache\hosted\pub.dev\sqflite_darwin-2.4.2\
[   +2 ms] Found plugin sqflite_android at C:\Users\joaom\AppData\Local\Pub\Cache\hosted\pub.dev\sqflite_android-2.4.2+2\
[   +2 ms] Found plugin shared_preferences at C:\Users\joaom\AppData\Local\Pub\Cache\hosted\pub.dev\shared_preferences-2.5.4\
[   +2 ms] Found plugin shared_preferences_windows at C:\Users\joaom\AppData\Local\Pub\Cache\hosted\pub.dev\shared_preferences_windows-2.4.1\
[   +8 ms] Found plugin path_provider_windows at C:\Users\joaom\AppData\Local\Pub\Cache\hosted\pub.dev\path_provider_windows-2.3.0\
[   +2 ms] Found plugin shared_preferences_web at C:\Users\joaom\AppData\Local\Pub\Cache\hosted\pub.dev\shared_preferences_web-2.4.3\
[   +2 ms] Found plugin shared_preferences_linux at C:\Users\joaom\AppData\Local\Pub\Cache\hosted\pub.dev\shared_preferences_linux-2.4.1\
[   +2 ms] Found plugin path_provider_linux at C:\Users\joaom\AppData\Local\Pub\Cache\hosted\pub.dev\path_provider_linux-2.2.1\
[   +7 ms] Found plugin shared_preferences_foundation at C:\Users\joaom\AppData\Local\Pub\Cache\hosted\pub.dev\shared_preferences_foundation-2.5.6\
[   +2 ms] Found plugin shared_preferences_android at C:\Users\joaom\AppData\Local\Pub\Cache\hosted\pub.dev\shared_preferences_android-2.4.18\
[   +5 ms] Found plugin printing at C:\Users\joaom\AppData\Local\Pub\Cache\hosted\pub.dev\printing-5.14.2\
[  +31 ms] Found plugin permission_handler at C:\Users\joaom\AppData\Local\Pub\Cache\hosted\pub.dev\permission_handler-12.0.1\
[   +2 ms] Found plugin permission_handler_windows at C:\Users\joaom\AppData\Local\Pub\Cache\hosted\pub.dev\permission_handler_windows-0.2.1\
[   +7 ms] Found plugin permission_handler_html at C:\Users\joaom\AppData\Local\Pub\Cache\hosted\pub.dev\permission_handler_html-0.1.3+5\
[   +2 ms] Found plugin permission_handler_apple at C:\Users\joaom\AppData\Local\Pub\Cache\hosted\pub.dev\permission_handler_apple-9.4.7\
[   +2 ms] Found plugin permission_handler_android at C:\Users\joaom\Documents\GitHub\Notes\universal_notes_flutter\packages\permission_handler_android\
[   +2 ms] Found plugin path_provider at C:\Users\joaom\AppData\Local\Pub\Cache\hosted\pub.dev\path_provider-2.1.5\
[   +6 ms] Found plugin path_provider_foundation at C:\Users\joaom\AppData\Local\Pub\Cache\hosted\pub.dev\path_provider_foundation-2.5.1\
[   +2 ms] Found plugin path_provider_android at C:\Users\joaom\AppData\Local\Pub\Cache\hosted\pub.dev\path_provider_android-2.2.22\
[   +2 ms] Found plugin package_info_plus at C:\Users\joaom\AppData\Local\Pub\Cache\hosted\pub.dev\package_info_plus-9.0.0\
[  +21 ms] Found plugin open_file at C:\Users\joaom\AppData\Local\Pub\Cache\hosted\pub.dev\open_file-3.5.10\
[   +3 ms] Found plugin open_file_windows at C:\Users\joaom\AppData\Local\Pub\Cache\hosted\pub.dev\open_file_windows-0.0.3\
[   +9 ms] Found plugin open_file_web at C:\Users\joaom\AppData\Local\Pub\Cache\hosted\pub.dev\open_file_web-0.0.4\
[   +2 ms] Found plugin open_file_mac at C:\Users\joaom\AppData\Local\Pub\Cache\hosted\pub.dev\open_file_mac-1.0.3\
[   +1 ms] Found plugin open_file_linux at C:\Users\joaom\AppData\Local\Pub\Cache\hosted\pub.dev\open_file_linux-0.0.5\
[   +2 ms] Found plugin open_file_ios at C:\Users\joaom\AppData\Local\Pub\Cache\hosted\pub.dev\open_file_ios-1.0.3\
[   +4 ms] Found plugin open_file_android at C:\Users\joaom\AppData\Local\Pub\Cache\hosted\pub.dev\open_file_android-1.0.6\
[   +2 ms] Found plugin local_auth at C:\Users\joaom\AppData\Local\Pub\Cache\hosted\pub.dev\local_auth-3.0.0\
[   +2 ms] Found plugin local_auth_windows at C:\Users\joaom\AppData\Local\Pub\Cache\hosted\pub.dev\local_auth_windows-2.0.1\
[   +3 ms] Found plugin local_auth_darwin at C:\Users\joaom\AppData\Local\Pub\Cache\hosted\pub.dev\local_auth_darwin-2.0.1\
[  +33 ms] Found plugin local_auth_android at C:\Users\joaom\Documents\GitHub\Notes\universal_notes_flutter\packages\local_auth_android\
[   +2 ms] Found plugin flutter_plugin_android_lifecycle at C:\Users\joaom\AppData\Local\Pub\Cache\hosted\pub.dev\flutter_plugin_android_lifecycle-2.0.33\
[   +2 ms] Found plugin image_picker at C:\Users\joaom\AppData\Local\Pub\Cache\hosted\pub.dev\image_picker-1.2.1\
[   +4 ms] Found plugin image_picker_windows at C:\Users\joaom\AppData\Local\Pub\Cache\hosted\pub.dev\image_picker_windows-0.2.2\
[   +6 ms] Found plugin file_selector_windows at C:\Users\joaom\AppData\Local\Pub\Cache\hosted\pub.dev\file_selector_windows-0.9.3+5\
[   +3 ms] Found plugin image_picker_macos at C:\Users\joaom\AppData\Local\Pub\Cache\hosted\pub.dev\image_picker_macos-0.2.2+1\
[   +3 ms] Found plugin file_selector_macos at C:\Users\joaom\AppData\Local\Pub\Cache\hosted\pub.dev\file_selector_macos-0.9.5\
[   +3 ms] Found plugin image_picker_linux at C:\Users\joaom\AppData\Local\Pub\Cache\hosted\pub.dev\image_picker_linux-0.2.2\
[   +1 ms] Found plugin file_selector_linux at C:\Users\joaom\AppData\Local\Pub\Cache\hosted\pub.dev\file_selector_linux-0.9.4\
[   +1 ms] Found plugin image_picker_ios at C:\Users\joaom\AppData\Local\Pub\Cache\hosted\pub.dev\image_picker_ios-0.8.13+3\
[   +2 ms] Found plugin image_picker_for_web at C:\Users\joaom\AppData\Local\Pub\Cache\hosted\pub.dev\image_picker_for_web-3.1.1\
[   +2 ms] Found plugin image_picker_android at C:\Users\joaom\AppData\Local\Pub\Cache\hosted\pub.dev\image_picker_android-0.8.13+10\
[  +28 ms] Found plugin firebase_storage at C:\Users\joaom\AppData\Local\Pub\Cache\hosted\pub.dev\firebase_storage-13.0.5\
[   +2 ms] Found plugin firebase_storage_web at C:\Users\joaom\AppData\Local\Pub\Cache\hosted\pub.dev\firebase_storage_web-3.11.1\
[   +3 ms] Found plugin firebase_core at C:\Users\joaom\AppData\Local\Pub\Cache\hosted\pub.dev\firebase_core-4.3.0\
[   +6 ms] Found plugin firebase_core_web at C:\Users\joaom\AppData\Local\Pub\Cache\hosted\pub.dev\firebase_core_web-3.3.1\
[  +10 ms] Found plugin firebase_crashlytics at C:\Users\joaom\AppData\Local\Pub\Cache\hosted\pub.dev\firebase_crashlytics-5.0.6\
[  +14 ms] Found plugin firebase_auth at C:\Users\joaom\AppData\Local\Pub\Cache\hosted\pub.dev\firebase_auth-6.1.3\
[  +12 ms] Found plugin firebase_auth_web at C:\Users\joaom\AppData\Local\Pub\Cache\hosted\pub.dev\firebase_auth_web-6.1.1\
[   +4 ms] Found plugin firebase_analytics at C:\Users\joaom\AppData\Local\Pub\Cache\hosted\pub.dev\firebase_analytics-12.1.0\
[   +2 ms] Found plugin firebase_analytics_web at C:\Users\joaom\AppData\Local\Pub\Cache\hosted\pub.dev\firebase_analytics_web-0.6.1+1\
[   +6 ms] Found plugin file_picker at C:\Users\joaom\AppData\Local\Pub\Cache\hosted\pub.dev\file_picker-10.3.8\
[  +17 ms] Found plugin cloud_firestore at C:\Users\joaom\AppData\Local\Pub\Cache\hosted\pub.dev\cloud_firestore-6.1.1\
[   +3 ms] Found plugin cloud_firestore_web at C:\Users\joaom\AppData\Local\Pub\Cache\hosted\pub.dev\cloud_firestore_web-5.1.1\
[  +40 ms] Generating C:\Users\joaom\Documents\GitHub\Notes\universal_notes_flutter\android\app\src\main\java\io\flutter\plugins\GeneratedPluginRegistrant.java
[   +5 ms] Skipping generating GeneratedPluginRegistrant.java because it is up-to-date.
[  +19 ms] Skipping generating generated_plugin_registrant.h because it is up-to-date.
[   +2 ms] Skipping generating generated_plugin_registrant.cc because it is up-to-date.
[   +2 ms] Skipping generating generated_plugins.cmake because it is up-to-date.
[   +8 ms] Skipping generating GeneratedPluginRegistrant.h because it is up-to-date.
[   +4 ms] Skipping generating GeneratedPluginRegistrant.m because it is up-to-date.
[   +4 ms] Skipping generating GeneratedPluginRegistrant.swift because it is up-to-date.
[ +612 ms] Top-level Gradle build file not found, skipping migration of task "clean".
[   +2 ms] Android Studio version could not be detected, skipping Gradle-Java version compatibility check.
[  +50 ms] CMake project not found, skipping support Android 15 16k page size migration.
[  +24 ms] Using gradle from C:\Users\joaom\Documents\GitHub\Notes\universal_notes_flutter\android\gradlew.bat.
[  +43 ms] LocalFile: 'C:\Users\joaom\Documents\GitHub\Notes\universal_notes_flutter\android\build.gradle.kts' provides AGP version from classpath: 8.10.2
[  +67 ms] Running Gradle task 'assembleDebug'...
[  +13 ms] executing: [C:\Users\joaom\Documents\GitHub\Notes\universal_notes_flutter\android/] C:\Users\joaom\Documents\GitHub\Notes\universal_notes_flutter\android\gradlew.bat --full-stacktrace --info -Pverbose=true -Ptarget-platform=android-arm,android-arm64,android-x64 -Ptarget=lib\main.dart -Pbase-application-name=android.app.Application -Pdart-defines=RkxVVFRFUl9WRVJTSU9OPTMuMzguNA==,RkxVVFRFUl9DSEFOTkVMPXN0YWJsZQ==,RkxVVFRFUl9HSVRfVVJMPWh0dHBzOi8vZ2l0aHViLmNvbS9mbHV0dGVyL2ZsdXR0ZXIuZ2l0,RkxVVFRFUl9GUkFNRVdPUktfUkVWSVNJT049NjZkZDkzZjlhMg==,RkxVVFRFUl9FTkdJTkVfUkVWSVNJT049YTVjYjk2MzY5ZQ==,RkxVVFRFUl9EQVJUX1ZFUlNJT049My4xMC4z -Pdart-obfuscation=false -Ptrack-widget-creation=true -Ptree-shake-icons=false assembleDebug
[+4392 ms] Initialized native services in: C:\Users\joaom\.gradle\native
[   +6 ms] Initialized jansi services in: C:\Users\joaom\.gradle\native
[+2101 ms] To honour the JVM settings for this build a single-use Daemon process will be forked. For more on this, please refer to https://docs.gradle.org/8.13/userguide/gradle_daemon.html#sec:disabling_the_daemon in the Gradle documentation.
[ +490 ms] Starting process 'Gradle build daemon'. Working directory: C:\Users\joaom\.gradle\daemon\8.13 Command: C:\Program Files\Eclipse Adoptium\jdk-17.0.17.10-hotspot\bin\java.exe --add-opens=java.base/java.lang=ALL-UNNAMED --add-opens=java.base/java.lang.invoke=ALL-UNNAMED --add-opens=java.base/java.util=ALL-UNNAMED --add-opens=java.prefs/java.util.prefs=ALL-UNNAMED --add-exports=jdk.compiler/com.sun.tools.javac.api=ALL-UNNAMED --add-exports=jdk.compiler/com.sun.tools.javac.util=ALL-UNNAMED --add-opens=java.base/java.util=ALL-UNNAMED --add-opens=java.prefs/java.util.prefs=ALL-UNNAMED --add-opens=java.base/java.nio.charset=ALL-UNNAMED --add-opens=java.base/java.net=ALL-UNNAMED --add-opens=java.base/java.util.concurrent.atomic=ALL-UNNAMED --add-opens=java.xml/javax.xml.namespace=ALL-UNNAMED -XX:+UseParallelGC -XX:MaxMetaspaceSize=512m -Xmx4g -Dfile.encoding=windows-1252 -Duser.country=BR -Duser.language=pt -Duser.variant -cp C:\Users\joaom\.gradle\wrapper\dists\gradle-8.13-all\54h0s9kvb6g2sinako7ub77ku\gradle-8.13\lib\gradle-daemon-main-8.13.jar -javaagent:C:\Users\joaom\.gradle\wrapper\dists\gradle-8.13-all\54h0s9kvb6g2sinako7ub77ku\gradle-8.13\lib\agents\gradle-instrumentation-agent-8.13.jar org.gradle.launcher.daemon.bootstrap.GradleDaemon 8.13
[  +89 ms] Successfully started process 'Gradle build daemon'
[+10068 ms] An attempt to start the daemon took 10.176 secs.
[ +744 ms] The client will now receive all logging from the daemon (pid: 16380). The daemon log file: C:\Users\joaom\.gradle\daemon\8.13\daemon-16380.out.log
[   +1 ms] Daemon will be stopped at the end of the build 
[+2424 ms] Using 4 worker leases.
[ +199 ms] Configuration on demand is an incubating feature.
[+1563 ms] Received JVM installation metadata from 'C:\Program Files\Eclipse Adoptium\jdk-17.0.17.10-hotspot': {JAVA_HOME=C:\Program Files\Eclipse Adoptium\jdk-17.0.17.10-hotspot, JAVA_VERSION=17.0.17, JAVA_VENDOR=Eclipse Adoptium, RUNTIME_NAME=OpenJDK Runtime Environment, RUNTIME_VERSION=17.0.17+10, VM_NAME=OpenJDK 64-Bit Server VM, VM_VERSION=17.0.17+10, VM_VENDOR=Eclipse Adoptium, OS_ARCH=amd64}
[+1516 ms] Watching the file system is configured to be enabled if available
[  +93 ms] Now considering [C:\Users\joaom\Documents\GitHub\Notes\universal_notes_flutter\android] as hierarchies to watch
[        ] File system watching is active
[+4855 ms] Starting Build
[+5650 ms] Now considering [C:\Flutter\flutter\packages\flutter_tools\gradle, C:\Users\joaom\Documents\GitHub\Notes\universal_notes_flutter\android] as hierarchies to watch
[ +462 ms] Using local directory build cache for build ':gradle' (location = C:\Users\joaom\.gradle\caches\build-cache-1, remove unused entries = after 7 days).
[+2865 ms] > Configure project :gradle
[  +22 ms] Evaluating project ':gradle' using build file 'C:\Flutter\flutter\packages\flutter_tools\gradle\build.gradle.kts'.
[        ] Resolved plugin [id: 'org.gradle.java-gradle-plugin']
[        ] Resolved plugin [id: 'org.gradle.groovy']
[ +863 ms] Resolved plugin [id: 'org.gradle.kotlin.kotlin-dsl', version: '5.2.0']
[ +177 ms] Resolved plugin [id: 'org.jetbrains.kotlin.jvm', version: '1.9.20']
[+7300 ms] Using Kotlin Gradle Plugin gradle85 variant
[+1598 ms] kotlin scripting plugin: created the scripting discovery configuration: kotlinScriptDef
[ +215 ms] kotlin scripting plugin: created the scripting discovery configuration: testKotlinScriptDef
[ +884 ms] file or directory 'C:\Flutter\flutter\packages\flutter_tools\gradle\src\main\java', not found
[+2303 ms] Resolved plugin [id: 'dev.flutter.flutter-plugin-loader', version: '1.0.0']
[+2431 ms] Resource missing. [HTTP GET: https://dl.google.com/dl/android/maven2/com/android/application/com.android.application.gradle.plugin/8.10.2/com.android.application.gradle.plugin-8.10.2.pom]
[  +71 ms] Resource missing. [HTTP GET: https://repo.maven.apache.org/maven2/com/android/application/com.android.application.gradle.plugin/8.10.2/com.android.application.gradle.plugin-8.10.2.pom]
[ +386 ms] Resource missing. [HTTP GET: https://repo.maven.apache.org/maven2/com/android/application/com.android.application.gradle.plugin/8.10.2/com.android.application.gradle.plugin-8.10.2.pom]
[   +9 ms] Resolved plugin [id: 'com.android.application', version: '8.10.2', apply: false]
[+1799 ms] FAILURE: Build failed with an exception.
[  +25 ms] * Where:
[   +5 ms] Settings file 'C:\Users\joaom\Documents\GitHub\Notes\universal_notes_flutter\android\settings.gradle.kts' line: 20
[   +1 ms] * What went wrong:
[   +1 ms] Plugin [id: 'com.android.application', version: '8.10.2', apply: false] was not found in any of the following sources:
[   +1 ms] - Gradle Core Plugins (plugin is not in 'org.gradle' namespace)
[   +1 ms] - Included Builds (No included builds contain this plugin)
[        ] - Plugin Repositories (could not resolve plugin artifact 'com.android.application:com.android.application.gradle.plugin:8.10.2')
[        ]   Searched in the following repositories:
[   +7 ms]     Google
[   +1 ms]     MavenRepo
[        ]     Gradle Central Plugin Repository
[        ] * Try:
[   +6 ms] > Run with --debug option to get more log output.
[  +12 ms] > Run with --scan to get full insights.
[        ] > Get more help at https://help.gradle.org.
[   +1 ms] * Exception is:
[  +14 ms] org.gradle.api.plugins.UnknownPluginException: Plugin [id: 'com.android.application', version: '8.10.2', apply: false] was not found in any of the following sources:
[   +2 ms] - Gradle Core Plugins (plugin is not in 'org.gradle' namespace)
[   +9 ms] - Included Builds (No included builds contain this plugin)
[  +11 ms] - Plugin Repositories (could not resolve plugin artifact 'com.android.application:com.android.application.gradle.plugin:8.10.2')
[   +5 ms]   Searched in the following repositories:
[        ]     Google
[        ]     MavenRepo
[        ]     Gradle Central Plugin Repository
[        ] 	at org.gradle.plugin.use.resolve.internal.PluginResolutionResult.getFound(PluginResolutionResult.java:112)
[        ] 	at org.gradle.plugin.use.internal.DefaultPluginRequestApplicator.resolvePluginRequest(DefaultPluginRequestApplicator.java:197)
[        ] 	at org.gradle.plugin.use.internal.DefaultPluginRequestApplicator.applyPlugins(DefaultPluginRequestApplicator.java:101)
[        ] 	at org.gradle.kotlin.dsl.provider.PluginRequestsHandler.handle(PluginRequestsHandler.kt:45)
[        ] 	at org.gradle.kotlin.dsl.provider.StandardKotlinScriptEvaluator$InterpreterHost.applyPluginsTo(KotlinScriptEvaluator.kt:242)
[        ] 	at org.gradle.kotlin.dsl.execution.Interpreter$ProgramHost.applyPluginsTo(Interpreter.kt:387)
[        ] 	at Program.execute(Unknown Source)
[        ] 	at org.gradle.kotlin.dsl.execution.Interpreter$ProgramHost.eval(Interpreter.kt:516)
[        ] 	at org.gradle.kotlin.dsl.execution.Interpreter.eval(Interpreter.kt:214)
[        ] 	at org.gradle.kotlin.dsl.provider.StandardKotlinScriptEvaluator.evaluate(KotlinScriptEvaluator.kt:133)
[        ] 	at org.gradle.kotlin.dsl.provider.KotlinScriptPluginFactory$create$1.invoke(KotlinScriptPluginFactory.kt:61)
[        ] 	at org.gradle.kotlin.dsl.provider.KotlinScriptPluginFactory$create$1.invoke(KotlinScriptPluginFactory.kt:52)
[        ] 	at org.gradle.kotlin.dsl.provider.KotlinScriptPlugin.apply(KotlinScriptPlugin.kt:35)
[        ] 	at org.gradle.configuration.BuildOperationScriptPlugin$1.run(BuildOperationScriptPlugin.java:68)
[        ] 	at org.gradle.internal.operations.DefaultBuildOperationRunner$1.execute(DefaultBuildOperationRunner.java:30)
[        ] 	at org.gradle.internal.operations.DefaultBuildOperationRunner$1.execute(DefaultBuildOperationRunner.java:27)
[        ] 	at org.gradle.internal.operations.DefaultBuildOperationRunner$2.execute(DefaultBuildOperationRunner.java:67)
[        ] 	at org.gradle.internal.operations.DefaultBuildOperationRunner$2.execute(DefaultBuildOperationRunner.java:60)
[        ] 	at org.gradle.internal.operations.DefaultBuildOperationRunner.execute(DefaultBuildOperationRunner.java:167)
[        ] 	at org.gradle.internal.operations.DefaultBuildOperationRunner.execute(DefaultBuildOperationRunner.java:60)
[        ] 	at org.gradle.internal.operations.DefaultBuildOperationRunner.run(DefaultBuildOperationRunner.java:48)
[        ] 	at org.gradle.configuration.BuildOperationScriptPlugin.lambda$apply$0(BuildOperationScriptPlugin.java:65)
[        ] 	at org.gradle.internal.code.DefaultUserCodeApplicationContext.apply(DefaultUserCodeApplicationContext.java:44)
[        ] 	at org.gradle.configuration.BuildOperationScriptPlugin.apply(BuildOperationScriptPlugin.java:65)
[        ] 	at org.gradle.initialization.ScriptEvaluatingSettingsProcessor.applySettingsScript(ScriptEvaluatingSettingsProcessor.java:75)
[        ] 	at org.gradle.initialization.ScriptEvaluatingSettingsProcessor.process(ScriptEvaluatingSettingsProcessor.java:68)
[        ] 	at org.gradle.initialization.SettingsEvaluatedCallbackFiringSettingsProcessor.process(SettingsEvaluatedCallbackFiringSettingsProcessor.java:34)
[        ] 	at org.gradle.initialization.RootBuildCacheControllerSettingsProcessor.process(RootBuildCacheControllerSettingsProcessor.java:47)
[   +4 ms] 	at org.gradle.initialization.BuildOperationSettingsProcessor$2.call(BuildOperationSettingsProcessor.java:49)
[        ] 	at org.gradle.initialization.BuildOperationSettingsProcessor$2.call(BuildOperationSettingsProcessor.java:46)
[        ] 	at org.gradle.internal.operations.DefaultBuildOperationRunner$CallableBuildOperationWorker.execute(DefaultBuildOperationRunner.java:210)
[        ] 	at org.gradle.internal.operations.DefaultBuildOperationRunner$CallableBuildOperationWorker.execute(DefaultBuildOperationRunner.java:205)
[        ] 	at org.gradle.internal.operations.DefaultBuildOperationRunner$2.execute(DefaultBuildOperationRunner.java:67)
[        ] 	at org.gradle.internal.operations.DefaultBuildOperationRunner$2.execute(DefaultBuildOperationRunner.java:60)
[        ] 	at org.gradle.internal.operations.DefaultBuildOperationRunner.execute(DefaultBuildOperationRunner.java:167)
[        ] 	at org.gradle.internal.operations.DefaultBuildOperationRunner.execute(DefaultBuildOperationRunner.java:60)
[   +4 ms] 	at org.gradle.internal.operations.DefaultBuildOperationRunner.call(DefaultBuildOperationRunner.java:54)
[   +1 ms] 	at org.gradle.initialization.BuildOperationSettingsProcessor.process(BuildOperationSettingsProcessor.java:46)
[   +2 ms] 	at org.gradle.initialization.DefaultSettingsLoader.findSettingsAndLoadIfAppropriate(DefaultSettingsLoader.java:183)
[        ] 	at org.gradle.initialization.DefaultSettingsLoader.findAndLoadSettings(DefaultSettingsLoader.java:86)
[        ] 	at org.gradle.initialization.SettingsAttachingSettingsLoader.findAndLoadSettings(SettingsAttachingSettingsLoader.java:33)
[   +7 ms] 	at org.gradle.internal.composite.CommandLineIncludedBuildSettingsLoader.findAndLoadSettings(CommandLineIncludedBuildSettingsLoader.java:35)
[        ] 	at org.gradle.internal.composite.ChildBuildRegisteringSettingsLoader.findAndLoadSettings(ChildBuildRegisteringSettingsLoader.java:44)
[        ] 	at org.gradle.internal.composite.CompositeBuildSettingsLoader.findAndLoadSettings(CompositeBuildSettingsLoader.java:35)
[        ] 	at org.gradle.initialization.InitScriptHandlingSettingsLoader.findAndLoadSettings(InitScriptHandlingSettingsLoader.java:33)
[        ] 	at org.gradle.api.internal.initialization.CacheConfigurationsHandlingSettingsLoader.findAndLoadSettings(CacheConfigurationsHandlingSettingsLoader.java:36)
[        ] 	at org.gradle.initialization.GradlePropertiesHandlingSettingsLoader.findAndLoadSettings(GradlePropertiesHandlingSettingsLoader.java:38)
[        ] 	at org.gradle.initialization.DefaultSettingsPreparer.prepareSettings(DefaultSettingsPreparer.java:31)
[        ] 	at org.gradle.initialization.BuildOperationFiringSettingsPreparer$LoadBuild.doLoadBuild(BuildOperationFiringSettingsPreparer.java:71)
[        ] 	at org.gradle.initialization.BuildOperationFiringSettingsPreparer$LoadBuild.run(BuildOperationFiringSettingsPreparer.java:66)
[        ] 	at org.gradle.internal.operations.DefaultBuildOperationRunner$1.execute(DefaultBuildOperationRunner.java:30)
[        ] 	at org.gradle.internal.operations.DefaultBuildOperationRunner$1.execute(DefaultBuildOperationRunner.java:27)
[        ] 	at org.gradle.internal.operations.DefaultBuildOperationRunner$2.execute(DefaultBuildOperationRunner.java:67)
[        ] 	at org.gradle.internal.operations.DefaultBuildOperationRunner$2.execute(DefaultBuildOperationRunner.java:60)
[        ] 	at org.gradle.internal.operations.DefaultBuildOperationRunner.execute(DefaultBuildOperationRunner.java:167)
[        ] 	at org.gradle.internal.operations.DefaultBuildOperationRunner.execute(DefaultBuildOperationRunner.java:60)
[        ] 	at org.gradle.internal.operations.DefaultBuildOperationRunner.run(DefaultBuildOperationRunner.java:48)
[        ] 	at org.gradle.initialization.BuildOperationFiringSettingsPreparer.prepareSettings(BuildOperationFiringSettingsPreparer.java:54)
[        ] 	at org.gradle.initialization.VintageBuildModelController.lambda$prepareSettings$1(VintageBuildModelController.java:80)
[        ] 	at org.gradle.internal.model.StateTransitionController.lambda$doTransition$14(StateTransitionController.java:255)
[        ] 	at org.gradle.internal.model.StateTransitionController.doTransition(StateTransitionController.java:266)
[        ] 	at org.gradle.internal.model.StateTransitionController.doTransition(StateTransitionController.java:254)
[        ] 	at org.gradle.internal.model.StateTransitionController.lambda$transitionIfNotPreviously$11(StateTransitionController.java:213)
[        ] 	at org.gradle.internal.work.DefaultSynchronizer.withLock(DefaultSynchronizer.java:36)
[        ] 	at org.gradle.internal.model.StateTransitionController.transitionIfNotPreviously(StateTransitionController.java:209)
[        ] 	at org.gradle.initialization.VintageBuildModelController.prepareSettings(VintageBuildModelController.java:80)
[   +2 ms] 	at org.gradle.initialization.VintageBuildModelController.prepareToScheduleTasks(VintageBuildModelController.java:70)
[   +1 ms] 	at org.gradle.internal.build.DefaultBuildLifecycleController.lambda$prepareToScheduleTasks$6(DefaultBuildLifecycleController.java:175)
[        ] 	at org.gradle.internal.model.StateTransitionController.lambda$doTransition$14(StateTransitionController.java:255)
[        ] 	at org.gradle.internal.model.StateTransitionController.doTransition(StateTransitionController.java:266)
[        ] 	at org.gradle.internal.model.StateTransitionController.doTransition(StateTransitionController.java:254)
[        ] 	at org.gradle.internal.model.StateTransitionController.lambda$maybeTransition$9(StateTransitionController.java:190)
[        ] 	at org.gradle.internal.work.DefaultSynchronizer.withLock(DefaultSynchronizer.java:36)
[        ] 	at org.gradle.internal.model.StateTransitionController.maybeTransition(StateTransitionController.java:186)
[        ] 	at org.gradle.internal.build.DefaultBuildLifecycleController.prepareToScheduleTasks(DefaultBuildLifecycleController.java:173)
[        ] 	at org.gradle.internal.buildtree.DefaultBuildTreeWorkPreparer.scheduleRequestedTasks(DefaultBuildTreeWorkPreparer.java:36)
[        ] 	at org.gradle.internal.cc.impl.VintageBuildTreeWorkController$scheduleAndRunRequestedTasks$1.apply(VintageBuildTreeWorkController.kt:36)
[        ] 	at org.gradle.internal.cc.impl.VintageBuildTreeWorkController$scheduleAndRunRequestedTasks$1.apply(VintageBuildTreeWorkController.kt:35)
[        ] 	at org.gradle.composite.internal.DefaultIncludedBuildTaskGraph.withNewWorkGraph(DefaultIncludedBuildTaskGraph.java:112)
[        ] 	at org.gradle.internal.cc.impl.VintageBuildTreeWorkController.scheduleAndRunRequestedTasks(VintageBuildTreeWorkController.kt:35)
[        ] 	at org.gradle.internal.buildtree.DefaultBuildTreeLifecycleController.lambda$scheduleAndRunTasks$1(DefaultBuildTreeLifecycleController.java:77)
[        ] 	at org.gradle.internal.buildtree.DefaultBuildTreeLifecycleController.lambda$runBuild$4(DefaultBuildTreeLifecycleController.java:120)
[        ] 	at org.gradle.internal.model.StateTransitionController.lambda$transition$6(StateTransitionController.java:169)
[        ] 	at org.gradle.internal.model.StateTransitionController.doTransition(StateTransitionController.java:266)
[        ] 	at org.gradle.internal.model.StateTransitionController.lambda$transition$7(StateTransitionController.java:169)
[        ] 	at org.gradle.internal.work.DefaultSynchronizer.withLock(DefaultSynchronizer.java:46)
[        ] 	at org.gradle.internal.model.StateTransitionController.transition(StateTransitionController.java:169)
[        ] 	at org.gradle.internal.buildtree.DefaultBuildTreeLifecycleController.runBuild(DefaultBuildTreeLifecycleController.java:117)
[        ] 	at org.gradle.internal.buildtree.DefaultBuildTreeLifecycleController.scheduleAndRunTasks(DefaultBuildTreeLifecycleController.java:77)
[        ] 	at org.gradle.internal.buildtree.DefaultBuildTreeLifecycleController.scheduleAndRunTasks(DefaultBuildTreeLifecycleController.java:72)
[   +2 ms] 	at org.gradle.tooling.internal.provider.ExecuteBuildActionRunner.run(ExecuteBuildActionRunner.java:31)
[        ] 	at org.gradle.launcher.exec.ChainingBuildActionRunner.run(ChainingBuildActionRunner.java:35)
[        ] 	at org.gradle.internal.buildtree.ProblemReportingBuildActionRunner.run(ProblemReportingBuildActionRunner.java:49)
[        ] 	at org.gradle.launcher.exec.BuildOutcomeReportingBuildActionRunner.run(BuildOutcomeReportingBuildActionRunner.java:71)
[        ] 	at org.gradle.tooling.internal.provider.FileSystemWatchingBuildActionRunner.run(FileSystemWatchingBuildActionRunner.java:135)
[   +4 ms] 	at org.gradle.launcher.exec.BuildCompletionNotifyingBuildActionRunner.run(BuildCompletionNotifyingBuildActionRunner.java:41)
[        ] 	at org.gradle.launcher.exec.RootBuildLifecycleBuildActionExecutor.lambda$execute$0(RootBuildLifecycleBuildActionExecutor.java:54)
[        ] 	at org.gradle.composite.internal.DefaultRootBuildState.run(DefaultRootBuildState.java:130)
[        ] 	at org.gradle.launcher.exec.RootBuildLifecycleBuildActionExecutor.execute(RootBuildLifecycleBuildActionExecutor.java:54)
[        ] 	at org.gradle.internal.buildtree.InitDeprecationLoggingActionExecutor.execute(InitDeprecationLoggingActionExecutor.java:62)
[        ] 	at org.gradle.internal.buildtree.InitProblems.execute(InitProblems.java:36)
[        ] 	at org.gradle.internal.buildtree.DefaultBuildTreeContext.execute(DefaultBuildTreeContext.java:40)
[        ] 	at org.gradle.launcher.exec.BuildTreeLifecycleBuildActionExecutor.lambda$execute$0(BuildTreeLifecycleBuildActionExecutor.java:71)
[        ] 	at org.gradle.internal.buildtree.BuildTreeState.run(BuildTreeState.java:60)
[        ] 	at org.gradle.launcher.exec.BuildTreeLifecycleBuildActionExecutor.execute(BuildTreeLifecycleBuildActionExecutor.java:71)
[        ] 	at org.gradle.launcher.exec.RunAsBuildOperationBuildActionExecutor$2.call(RunAsBuildOperationBuildActionExecutor.java:67)
[        ] 	at org.gradle.launcher.exec.RunAsBuildOperationBuildActionExecutor$2.call(RunAsBuildOperationBuildActionExecutor.java:63)
[        ] 	at org.gradle.internal.operations.DefaultBuildOperationRunner$CallableBuildOperationWorker.execute(DefaultBuildOperationRunner.java:210)
[        ] 	at org.gradle.internal.operations.DefaultBuildOperationRunner$CallableBuildOperationWorker.execute(DefaultBuildOperationRunner.java:205)
[        ] 	at org.gradle.internal.operations.DefaultBuildOperationRunner$2.execute(DefaultBuildOperationRunner.java:67)
[        ] 	at org.gradle.internal.operations.DefaultBuildOperationRunner$2.execute(DefaultBuildOperationRunner.java:60)
[        ] 	at org.gradle.internal.operations.DefaultBuildOperationRunner.execute(DefaultBuildOperationRunner.java:167)
[        ] 	at org.gradle.internal.operations.DefaultBuildOperationRunner.execute(DefaultBuildOperationRunner.java:60)
[        ] 	at org.gradle.internal.operations.DefaultBuildOperationRunner.call(DefaultBuildOperationRunner.java:54)
[   +1 ms] 	at org.gradle.launcher.exec.RunAsBuildOperationBuildActionExecutor.execute(RunAsBuildOperationBuildActionExecutor.java:63)
[        ] 	at org.gradle.launcher.exec.RunAsWorkerThreadBuildActionExecutor.lambda$execute$0(RunAsWorkerThreadBuildActionExecutor.java:36)
[        ] 	at org.gradle.internal.work.DefaultWorkerLeaseService.withLocks(DefaultWorkerLeaseService.java:263)
[        ] 	at org.gradle.internal.work.DefaultWorkerLeaseService.runAsWorkerThread(DefaultWorkerLeaseService.java:127)
[        ] 	at org.gradle.launcher.exec.RunAsWorkerThreadBuildActionExecutor.execute(RunAsWorkerThreadBuildActionExecutor.java:36)
[        ] 	at org.gradle.tooling.internal.provider.continuous.ContinuousBuildActionExecutor.execute(ContinuousBuildActionExecutor.java:110)
[        ] 	at org.gradle.tooling.internal.provider.SubscribableBuildActionExecutor.execute(SubscribableBuildActionExecutor.java:64)
[        ] 	at org.gradle.internal.session.DefaultBuildSessionContext.execute(DefaultBuildSessionContext.java:46)
[        ] 	at org.gradle.internal.buildprocess.execution.BuildSessionLifecycleBuildActionExecutor$ActionImpl.apply(BuildSessionLifecycleBuildActionExecutor.java:92)
[        ] 	at org.gradle.internal.buildprocess.execution.BuildSessionLifecycleBuildActionExecutor$ActionImpl.apply(BuildSessionLifecycleBuildActionExecutor.java:80)
[   +2 ms] 	at org.gradle.internal.session.BuildSessionState.run(BuildSessionState.java:73)
[   +9 ms] 	at org.gradle.internal.buildprocess.execution.BuildSessionLifecycleBuildActionExecutor.execute(BuildSessionLifecycleBuildActionExecutor.java:62)
[   +1 ms] 	at org.gradle.internal.buildprocess.execution.BuildSessionLifecycleBuildActionExecutor.execute(BuildSessionLifecycleBuildActionExecutor.java:41)
[        ] 	at org.gradle.internal.buildprocess.execution.StartParamsValidatingActionExecutor.execute(StartParamsValidatingActionExecutor.java:64)
[        ] 	at org.gradle.internal.buildprocess.execution.StartParamsValidatingActionExecutor.execute(StartParamsValidatingActionExecutor.java:32)
[        ] 	at org.gradle.internal.buildprocess.execution.SessionFailureReportingActionExecutor.execute(SessionFailureReportingActionExecutor.java:51)
[        ] 	at org.gradle.internal.buildprocess.execution.SessionFailureReportingActionExecutor.execute(SessionFailureReportingActionExecutor.java:39)
[        ] 	at org.gradle.internal.buildprocess.execution.SetupLoggingActionExecutor.execute(SetupLoggingActionExecutor.java:47)
[        ] 	at org.gradle.internal.buildprocess.execution.SetupLoggingActionExecutor.execute(SetupLoggingActionExecutor.java:31)
[        ] 	at org.gradle.launcher.daemon.server.exec.ExecuteBuild.doBuild(ExecuteBuild.java:70)
[        ] 	at org.gradle.launcher.daemon.server.exec.BuildCommandOnly.execute(BuildCommandOnly.java:37)
[        ] 	at org.gradle.launcher.daemon.server.api.DaemonCommandExecution.proceed(DaemonCommandExecution.java:104)
[        ] 	at org.gradle.launcher.daemon.server.exec.WatchForDisconnection.execute(WatchForDisconnection.java:39)
[        ] 	at org.gradle.launcher.daemon.server.api.DaemonCommandExecution.proceed(DaemonCommandExecution.java:104)
[        ] 	at org.gradle.launcher.daemon.server.exec.ResetDeprecationLogger.execute(ResetDeprecationLogger.java:29)
[        ] 	at org.gradle.launcher.daemon.server.api.DaemonCommandExecution.proceed(DaemonCommandExecution.java:104)
[        ] 	at org.gradle.launcher.daemon.server.exec.RequestStopIfSingleUsedDaemon.execute(RequestStopIfSingleUsedDaemon.java:35)
[        ] 	at org.gradle.launcher.daemon.server.api.DaemonCommandExecution.proceed(DaemonCommandExecution.java:104)
[        ] 	at org.gradle.launcher.daemon.server.exec.ForwardClientInput.lambda$execute$0(ForwardClientInput.java:40)
[        ] 	at org.gradle.internal.daemon.clientinput.ClientInputForwarder.forwardInput(ClientInputForwarder.java:80)
[        ] 	at org.gradle.launcher.daemon.server.exec.ForwardClientInput.execute(ForwardClientInput.java:37)
[        ] 	at org.gradle.launcher.daemon.server.api.DaemonCommandExecution.proceed(DaemonCommandExecution.java:104)
[        ] 	at org.gradle.launcher.daemon.server.exec.LogAndCheckHealth.execute(LogAndCheckHealth.java:53)
[        ] 	at org.gradle.launcher.daemon.server.api.DaemonCommandExecution.proceed(DaemonCommandExecution.java:104)
[        ] 	at org.gradle.launcher.daemon.server.exec.LogToClient.doBuild(LogToClient.java:63)
[        ] 	at org.gradle.launcher.daemon.server.exec.BuildCommandOnly.execute(BuildCommandOnly.java:37)
[        ] 	at org.gradle.launcher.daemon.server.api.DaemonCommandExecution.proceed(DaemonCommandExecution.java:104)
[        ] 	at org.gradle.launcher.daemon.server.exec.EstablishBuildEnvironment.doBuild(EstablishBuildEnvironment.java:84)
[        ] 	at org.gradle.launcher.daemon.server.exec.BuildCommandOnly.execute(BuildCommandOnly.java:37)
[        ] 	at org.gradle.launcher.daemon.server.api.DaemonCommandExecution.proceed(DaemonCommandExecution.java:104)
[   +3 ms] 	at org.gradle.launcher.daemon.server.exec.StartBuildOrRespondWithBusy$1.run(StartBuildOrRespondWithBusy.java:52)
[   +1 ms] 	at org.gradle.launcher.daemon.server.DaemonStateCoordinator.lambda$runCommand$0(DaemonStateCoordinator.java:321)
[        ] 	at org.gradle.internal.concurrent.ExecutorPolicy$CatchAndRecordFailures.onExecute(ExecutorPolicy.java:64)
[        ] 	at org.gradle.internal.concurrent.AbstractManagedExecutor$1.run(AbstractManagedExecutor.java:48)
[        ] 	at java.base/java.util.concurrent.ThreadPoolExecutor.runWorker(ThreadPoolExecutor.java:1136)
[        ] 	at java.base/java.util.concurrent.ThreadPoolExecutor$Worker.run(ThreadPoolExecutor.java:635)
[        ] 	at java.base/java.lang.Thread.run(Thread.java:840)
[        ] BUILD FAILED in 54s
[  +78 ms] Watched directory hierarchies: []
[ +571 ms] Running Gradle task 'assembleDebug'... (completed in 56,5s)
[ +225 ms] "flutter apk" took 60.984ms.
[ +705 ms] Gradle task assembleDebug failed with exit code 1
[        ] 
           #0      throwToolExit (package:flutter_tools/src/base/common.dart:34:3)
           #1      AndroidGradleBuilder.buildGradleApp (package:flutter_tools/src/android/gradle.dart:592:7)
           <asynchronous suspension>
           #2      AndroidGradleBuilder.buildApk (package:flutter_tools/src/android/gradle.dart:234:5)
           <asynchronous suspension>
           #3      BuildApkCommand.runCommand (package:flutter_tools/src/commands/build_apk.dart:131:5)
           <asynchronous suspension>
           #4      FlutterCommand.run.<anonymous closure> (package:flutter_tools/src/runner/flutter_command.dart:1559:27)
           <asynchronous suspension>
           #5      AppContext.run.<anonymous closure> (package:flutter_tools/src/base/context.dart:154:19)
           <asynchronous suspension>
           #6      CommandRunner.runCommand (package:args/command_runner.dart:212:13)
           <asynchronous suspension>
           #7      FlutterCommandRunner.runCommand.<anonymous closure> (package:flutter_tools/src/runner/flutter_command_runner.dart:487:9)
           <asynchronous suspension>
           #8      AppContext.run.<anonymous closure> (package:flutter_tools/src/base/context.dart:154:19)
           <asynchronous suspension>
           #9      FlutterCommandRunner.runCommand (package:flutter_tools/src/runner/flutter_command_runner.dart:422:5)
           <asynchronous suspension>
           #10     run.<anonymous closure>.<anonymous closure> (package:flutter_tools/runner.dart:104:11)
           <asynchronous suspension>
           #11     AppContext.run.<anonymous closure> (package:flutter_tools/src/base/context.dart:154:19)
           <asynchronous suspension>
           #12     main (package:flutter_tools/executable.dart:103:3)
           <asynchronous suspension>


[        ] Running 1 shutdown hook
[   +1 ms] Shutdown hooks complete
[ +252 ms] exiting with code 1
