00:00 +0: loading C:/Users/joaom/Documents/GitHub/Notes/universal_notes_flutter/test/main_test.dart
00:00 +0: (setUpAll)
00:00 +0: NotesScreen displays notes
DEBUG: NotesScreen initState completed
Pending timers:
Timer (duration: 0:00:10.000000, periodic: false), created:
#0      new FakeTimer._ (package:fake_async/fake_async.dart:342:62)
#1      FakeAsync._createTimer (package:fake_async/fake_async.dart:260:29)
#2      FakeAsync.run.<anonymous closure> (package:fake_async/fake_async.dart:185:15)
#6      SqfliteDatabaseMixin.txnSynchronized (package:sqflite_common/src/database_mixin.dart:582:33)
#7      SqfliteDatabaseMixin.txnRawQuery (package:sqflite_common/src/database_mixin.dart:677:12)
#8      SqfliteDatabaseExecutorMixin._rawQuery (package:sqflite_common/src/database_mixin.dart:148:15)
#9      SqfliteDatabaseExecutorMixin.rawQuery (package:sqflite_common/src/database_mixin.dart:140:12)
#10     NoteRepository.getAllNotes (package:universal_notes_flutter/repositories/note_repository.dart:579:27)
<asynchronous suspension>
#11     SyncService.refreshLocalData (package:universal_notes_flutter/services/sync_service.dart:77:19)
<asynchronous suspension>
(elided 3 frames from dart:async)

══╡ EXCEPTION CAUGHT BY FLUTTER TEST FRAMEWORK ╞════════════════════════════════════════════════════
The following assertion was thrown running a test:
A Timer is still pending even after the widget tree was disposed.
'package:flutter_test/src/binding.dart':
Failed assertion: line 1617 pos 12: '!timersPending'

When the exception was thrown, this was the stack:
#2      AutomatedTestWidgetsFlutterBinding._verifyInvariants (package:flutter_test/src/binding.dart:1617:12)
#3      TestWidgetsFlutterBinding._runTestBody (package:flutter_test/src/binding.dart:1078:7)
<asynchronous suspension>
<asynchronous suspension>
(elided 3 frames from class _AssertionError and package:stack_trace)

The test description was:
  NotesScreen displays notes
════════════════════════════════════════════════════════════════════════════════════════════════════
00:04 +0 -1: NotesScreen displays notes [E]
  Test failed. See exception logs above.
  The test description was: NotesScreen displays notes
  
00:04 +0 -1: NotesScreen State Rendering shows error message when fetch fails
10:04 +0 -2: NotesScreen State Rendering shows error message when fetch fails [E]
  TimeoutException after 0:10:00.000000: Test timed out after 10 minutes.
  dart:isolate  _RawReceivePort._handleMessage
  
10:04 +0 -2: NotesScreen State Rendering shows empty state when no notes exist
DEBUG: NotesScreen initState completed
Pending timers:
Timer (duration: 0:00:10.000000, periodic: false), created:
#0      new FakeTimer._ (package:fake_async/fake_async.dart:342:62)
#1      FakeAsync._createTimer (package:fake_async/fake_async.dart:260:29)
#2      FakeAsync.run.<anonymous closure> (package:fake_async/fake_async.dart:185:15)
#6      SqfliteDatabaseMixin.txnSynchronized (package:sqflite_common/src/database_mixin.dart:582:33)
#7      SqfliteDatabaseMixin.txnRawQuery (package:sqflite_common/src/database_mixin.dart:677:12)
#8      SqfliteDatabaseExecutorMixin._rawQuery (package:sqflite_common/src/database_mixin.dart:148:15)
#9      SqfliteDatabaseExecutorMixin.rawQuery (package:sqflite_common/src/database_mixin.dart:140:12)
#10     NoteRepository.getAllNotes (package:universal_notes_flutter/repositories/note_repository.dart:579:27)
<asynchronous suspension>
#11     SyncService.refreshLocalData (package:universal_notes_flutter/services/sync_service.dart:77:19)
<asynchronous suspension>
(elided 3 frames from dart:async)

══╡ EXCEPTION CAUGHT BY FLUTTER TEST FRAMEWORK ╞════════════════════════════════════════════════════
The following assertion was thrown running a test:
A Timer is still pending even after the widget tree was disposed.
'package:flutter_test/src/binding.dart':
Failed assertion: line 1617 pos 12: '!timersPending'

When the exception was thrown, this was the stack:
#2      AutomatedTestWidgetsFlutterBinding._verifyInvariants (package:flutter_test/src/binding.dart:1617:12)
#3      TestWidgetsFlutterBinding._runTestBody (package:flutter_test/src/binding.dart:1078:7)
<asynchronous suspension>
<asynchronous suspension>
(elided 3 frames from class _AssertionError and package:stack_trace)

The test description was:
  shows empty state when no notes exist
════════════════════════════════════════════════════════════════════════════════════════════════════
10:05 +0 -3: NotesScreen State Rendering shows empty state when no notes exist [E]
  Test failed. See exception logs above.
  The test description was: shows empty state when no notes exist
  
10:05 +0 -3: NotesScreen State Rendering displays notes when available
20:05 +0 -4: NotesScreen State Rendering displays notes when available [E]
  TimeoutException after 0:10:00.000000: Test timed out after 10 minutes.
  dart:isolate  _RawReceivePort._handleMessage
  
20:05 +0 -4: NotesScreen View Modes cycles through view modes when button is tapped
DEBUG: NotesScreen initState completed
══╡ EXCEPTION CAUGHT BY FLUTTER TEST FRAMEWORK ╞════════════════════════════════════════════════════
The following TestFailure was thrown running a test:
Expected: exactly one matching candidate
  Actual: _IconWidgetFinder:<Found 0 widgets with icon "IconData(U+0E8A9)": []>
   Which: means none were found but one was expected

When the exception was thrown, this was the stack:
#4      main.<anonymous closure>.<anonymous closure> (file:///C:/Users/joaom/Documents/GitHub/Notes/universal_notes_flutter/test/main_test.dart:372:7)
<asynchronous suspension>
#5      testWidgets.<anonymous closure>.<anonymous closure> (package:flutter_test/src/widget_tester.dart:192:15)
<asynchronous suspension>
#6      TestWidgetsFlutterBinding._runTestBody (package:flutter_test/src/binding.dart:1059:5)
<asynchronous suspension>
<asynchronous suspension>
(elided one frame from package:stack_trace)

This was caught by the test expectation on the following line:
  file:///C:/Users/joaom/Documents/GitHub/Notes/universal_notes_flutter/test/main_test.dart line 372
The test description was:
  cycles through view modes when button is tapped
════════════════════════════════════════════════════════════════════════════════════════════════════
20:08 +0 -5: NotesScreen View Modes cycles through view modes when button is tapped [E]
  Test failed. See exception logs above.
  The test description was: cycles through view modes when button is tapped
  
20:08 +0 -5: NotesScreen Note Filtering shows only non-trash notes by default
30:08 +0 -6: NotesScreen Note Filtering shows only non-trash notes by default [E]
  TimeoutException after 0:10:00.000000: Test timed out after 10 minutes.
  dart:isolate  _RawReceivePort._handleMessage
  
30:08 +0 -6: NotesScreen Note Filtering filters favorites correctly
40:08 +0 -7: NotesScreen Note Filtering filters favorites correctly [E]
  TimeoutException after 0:10:00.000000: Test timed out after 10 minutes.
  dart:isolate  _RawReceivePort._handleMessage
  
40:08 +0 -7: NotesScreen Navigation FAB navigates to note editor
DEBUG: NotesScreen initState completed
══╡ EXCEPTION CAUGHT BY FLUTTER TEST FRAMEWORK ╞════════════════════════════════════════════════════
The following TestFailure was thrown running a test:
Expected: exactly one matching candidate
  Actual: _TypeWidgetFinder:<Found 0 widgets with type "FilledButton": []>
   Which: means none were found but one was expected

When the exception was thrown, this was the stack:
#4      main.<anonymous closure>.<anonymous closure> (file:///C:/Users/joaom/Documents/GitHub/Notes/universal_notes_flutter/test/main_test.dart:490:7)
<asynchronous suspension>
#5      testWidgets.<anonymous closure>.<anonymous closure> (package:flutter_test/src/widget_tester.dart:192:15)
<asynchronous suspension>
#6      TestWidgetsFlutterBinding._runTestBody (package:flutter_test/src/binding.dart:1059:5)
<asynchronous suspension>
<asynchronous suspension>
(elided one frame from package:stack_trace)

This was caught by the test expectation on the following line:
  file:///C:/Users/joaom/Documents/GitHub/Notes/universal_notes_flutter/test/main_test.dart line 490
The test description was:
  FAB navigates to note editor
════════════════════════════════════════════════════════════════════════════════════════════════════
40:09 +0 -8: NotesScreen Navigation FAB navigates to note editor [E]
  Test failed. See exception logs above.
  The test description was: FAB navigates to note editor
  
40:09 +0 -8: NotesScreen Navigation shows Sidebar on mobile layout (Fluent UI)
DEBUG: NotesScreen initState completed
══╡ EXCEPTION CAUGHT BY FLUTTER TEST FRAMEWORK ╞════════════════════════════════════════════════════
The following TestFailure was thrown running a test:
Expected: exactly one matching candidate
  Actual: _TypeWidgetFinder:<Found 0 widgets with type "Sidebar": []>
   Which: means none were found but one was expected

When the exception was thrown, this was the stack:
#4      main.<anonymous closure>.<anonymous closure> (file:///C:/Users/joaom/Documents/GitHub/Notes/universal_notes_flutter/test/main_test.dart:502:7)
<asynchronous suspension>
#5      testWidgets.<anonymous closure>.<anonymous closure> (package:flutter_test/src/widget_tester.dart:192:15)
<asynchronous suspension>
#6      TestWidgetsFlutterBinding._runTestBody (package:flutter_test/src/binding.dart:1059:5)
<asynchronous suspension>
<asynchronous suspension>
(elided one frame from package:stack_trace)

This was caught by the test expectation on the following line:
  file:///C:/Users/joaom/Documents/GitHub/Notes/universal_notes_flutter/test/main_test.dart line 502
The test description was:
  shows Sidebar on mobile layout (Fluent UI)
════════════════════════════════════════════════════════════════════════════════════════════════════
40:10 +0 -9: NotesScreen Navigation shows Sidebar on mobile layout (Fluent UI) [E]
  Test failed. See exception logs above.
  The test description was: shows Sidebar on mobile layout (Fluent UI)
  
40:10 +0 -9: NotesScreen AppBar shows correct title for default index
DEBUG: NotesScreen initState completed
Pending timers:
Timer (duration: 0:00:10.000000, periodic: false), created:
#0      new FakeTimer._ (package:fake_async/fake_async.dart:342:62)
#1      FakeAsync._createTimer (package:fake_async/fake_async.dart:260:29)
#2      FakeAsync.run.<anonymous closure> (package:fake_async/fake_async.dart:185:15)
#6      SqfliteDatabaseMixin.txnSynchronized (package:sqflite_common/src/database_mixin.dart:582:33)
#7      SqfliteDatabaseMixin.txnRawQuery (package:sqflite_common/src/database_mixin.dart:677:12)
#8      SqfliteDatabaseExecutorMixin._rawQuery (package:sqflite_common/src/database_mixin.dart:148:15)
#9      SqfliteDatabaseExecutorMixin.rawQuery (package:sqflite_common/src/database_mixin.dart:140:12)
#10     NoteRepository.getAllNotes (package:universal_notes_flutter/repositories/note_repository.dart:579:27)
<asynchronous suspension>
#11     SyncService.refreshLocalData (package:universal_notes_flutter/services/sync_service.dart:77:19)
<asynchronous suspension>
(elided 3 frames from dart:async)

══╡ EXCEPTION CAUGHT BY FLUTTER TEST FRAMEWORK ╞════════════════════════════════════════════════════
The following assertion was thrown running a test:
A Timer is still pending even after the widget tree was disposed.
'package:flutter_test/src/binding.dart':
Failed assertion: line 1617 pos 12: '!timersPending'

When the exception was thrown, this was the stack:
#2      AutomatedTestWidgetsFlutterBinding._verifyInvariants (package:flutter_test/src/binding.dart:1617:12)
#3      TestWidgetsFlutterBinding._runTestBody (package:flutter_test/src/binding.dart:1078:7)
<asynchronous suspension>
<asynchronous suspension>
(elided 3 frames from class _AssertionError and package:stack_trace)

The test description was:
  shows correct title for default index
════════════════════════════════════════════════════════════════════════════════════════════════════
40:10 +0 -10: NotesScreen AppBar shows correct title for default index [E]
  Test failed. See exception logs above.
  The test description was: shows correct title for default index
  
40:10 +0 -10: NotesScreen Error State shows error message when future fails
50:10 +0 -11: NotesScreen Error State shows error message when future fails [E]
  TimeoutException after 0:10:00.000000: Test timed out after 10 minutes.
  dart:isolate  _RawReceivePort._handleMessage
  
50:10 +0 -11: NotesScreen Drawer Navigation tapping Favorites in drawer changes index
60:10 +0 -12: NotesScreen Drawer Navigation tapping Favorites in drawer changes index [E]
  TimeoutException after 0:10:00.000000: Test timed out after 10 minutes.
  dart:isolate  _RawReceivePort._handleMessage
  
60:10 +0 -12: NotesScreen Drawer Navigation tapping Trash in drawer shows trash notes
70:10 +0 -13: NotesScreen Drawer Navigation tapping Trash in drawer shows trash notes [E]
  TimeoutException after 0:10:00.000000: Test timed out after 10 minutes.
  dart:isolate  _RawReceivePort._handleMessage
  
70:10 +0 -13: NotesScreen Drawer Navigation tapping Settings in drawer navigates
DEBUG: NotesScreen initState completed
══╡ EXCEPTION CAUGHT BY FLUTTER TEST FRAMEWORK ╞════════════════════════════════════════════════════
The following assertion was thrown running a test:
The finder "Found 0 widgets with text "Settings": []" (used in a call to "tap()") could not find any
matching widgets.

When the exception was thrown, this was the stack:
#0      WidgetController._getElementPoint (package:flutter_test/src/controller.dart:2013:7)
#1      WidgetController.getCenter (package:flutter_test/src/controller.dart:1865:12)
#2      WidgetController.tap (package:flutter_test/src/controller.dart:1045:7)
#3      main.<anonymous closure>.<anonymous closure> (file:///C:/Users/joaom/Documents/GitHub/Notes/universal_notes_flutter/test/main_test.dart:632:20)
<asynchronous suspension>
#4      testWidgets.<anonymous closure>.<anonymous closure> (package:flutter_test/src/widget_tester.dart:192:15)
<asynchronous suspension>
#5      TestWidgetsFlutterBinding._runTestBody (package:flutter_test/src/binding.dart:1059:5)
<asynchronous suspension>
<asynchronous suspension>
(elided one frame from package:stack_trace)

The test description was:
  tapping Settings in drawer navigates
════════════════════════════════════════════════════════════════════════════════════════════════════
70:11 +0 -14: NotesScreen Drawer Navigation tapping Settings in drawer navigates [E]
  Test failed. See exception logs above.
  The test description was: tapping Settings in drawer navigates
  
70:11 +0 -14: NotesScreen Drawer Navigation tapping drawer items changes selection
DEBUG: NotesScreen initState completed
══╡ EXCEPTION CAUGHT BY FLUTTER TEST FRAMEWORK ╞════════════════════════════════════════════════════
The following assertion was thrown running a test:
The finder "Found 0 widgets with text "Locked": []" (used in a call to "tap()") could not find any
matching widgets.

When the exception was thrown, this was the stack:
#0      WidgetController._getElementPoint (package:flutter_test/src/controller.dart:2013:7)
#1      WidgetController.getCenter (package:flutter_test/src/controller.dart:1865:12)
#2      WidgetController.tap (package:flutter_test/src/controller.dart:1045:7)
#3      main.<anonymous closure>.<anonymous closure> (file:///C:/Users/joaom/Documents/GitHub/Notes/universal_notes_flutter/test/main_test.dart:649:22)
<asynchronous suspension>
#4      testWidgets.<anonymous closure>.<anonymous closure> (package:flutter_test/src/widget_tester.dart:192:15)
<asynchronous suspension>
#5      TestWidgetsFlutterBinding._runTestBody (package:flutter_test/src/binding.dart:1059:5)
<asynchronous suspension>
<asynchronous suspension>
(elided one frame from package:stack_trace)

The test description was:
  tapping drawer items changes selection
════════════════════════════════════════════════════════════════════════════════════════════════════
70:12 +0 -15: NotesScreen Drawer Navigation tapping drawer items changes selection [E]
  Test failed. See exception logs above.
  The test description was: tapping drawer items changes selection
  
70:12 +0 -15: NotesScreen Grid View Modes list mode shows ListView-style rendering
DEBUG: NotesScreen initState completed
══╡ EXCEPTION CAUGHT BY FLUTTER TEST FRAMEWORK ╞════════════════════════════════════════════════════
The following TestFailure was thrown running a test:
Expected: exactly one matching candidate
  Actual: _IconWidgetFinder:<Found 0 widgets with icon "IconData(U+0EA37)": []>
   Which: means none were found but one was expected

When the exception was thrown, this was the stack:
#4      main.<anonymous closure>.<anonymous closure> (file:///C:/Users/joaom/Documents/GitHub/Notes/universal_notes_flutter/test/main_test.dart:669:7)
<asynchronous suspension>
#5      testWidgets.<anonymous closure>.<anonymous closure> (package:flutter_test/src/widget_tester.dart:192:15)
<asynchronous suspension>
#6      TestWidgetsFlutterBinding._runTestBody (package:flutter_test/src/binding.dart:1059:5)
<asynchronous suspension>
<asynchronous suspension>
(elided one frame from package:stack_trace)

This was caught by the test expectation on the following line:
  file:///C:/Users/joaom/Documents/GitHub/Notes/universal_notes_flutter/test/main_test.dart line 669
The test description was:
  list mode shows ListView-style rendering
════════════════════════════════════════════════════════════════════════════════════════════════════
70:13 +0 -16: NotesScreen Grid View Modes list mode shows ListView-style rendering [E]
  Test failed. See exception logs above.
  The test description was: list mode shows ListView-style rendering
  
70:13 +0 -16: NotesScreen Grid View Modes grid small mode renders correctly
DEBUG: NotesScreen initState completed
══╡ EXCEPTION CAUGHT BY FLUTTER TEST FRAMEWORK ╞════════════════════════════════════════════════════
The following assertion was thrown running a test:
The finder "Found 0 widgets with icon "IconData(U+0E8A9)": []" (used in a call to "tap()") could not
find any matching widgets.

When the exception was thrown, this was the stack:
#0      WidgetController._getElementPoint (package:flutter_test/src/controller.dart:2013:7)
#1      WidgetController.getCenter (package:flutter_test/src/controller.dart:1865:12)
#2      WidgetController.tap (package:flutter_test/src/controller.dart:1045:7)
#3      main.<anonymous closure>.<anonymous closure> (file:///C:/Users/joaom/Documents/GitHub/Notes/universal_notes_flutter/test/main_test.dart:688:22)
<asynchronous suspension>
#4      testWidgets.<anonymous closure>.<anonymous closure> (package:flutter_test/src/widget_tester.dart:192:15)
<asynchronous suspension>
#5      TestWidgetsFlutterBinding._runTestBody (package:flutter_test/src/binding.dart:1059:5)
<asynchronous suspension>
<asynchronous suspension>
(elided one frame from package:stack_trace)

The test description was:
  grid small mode renders correctly
════════════════════════════════════════════════════════════════════════════════════════════════════
70:14 +0 -17: NotesScreen Grid View Modes grid small mode renders correctly [E]
  Test failed. See exception logs above.
  The test description was: grid small mode renders correctly
  
70:14 +0 -17: NotesScreen Grid View Modes grid large mode renders correctly
DEBUG: NotesScreen initState completed
══╡ EXCEPTION CAUGHT BY FLUTTER TEST FRAMEWORK ╞════════════════════════════════════════════════════
The following assertion was thrown running a test:
The finder "Found 0 widgets with icon "IconData(U+0E8A9)": []" (used in a call to "tap()") could not
find any matching widgets.

When the exception was thrown, this was the stack:
#0      WidgetController._getElementPoint (package:flutter_test/src/controller.dart:2013:7)
#1      WidgetController.getCenter (package:flutter_test/src/controller.dart:1865:12)
#2      WidgetController.tap (package:flutter_test/src/controller.dart:1045:7)
#3      main.<anonymous closure>.<anonymous closure> (file:///C:/Users/joaom/Documents/GitHub/Notes/universal_notes_flutter/test/main_test.dart:701:20)
<asynchronous suspension>
#4      testWidgets.<anonymous closure>.<anonymous closure> (package:flutter_test/src/widget_tester.dart:192:15)
<asynchronous suspension>
#5      TestWidgetsFlutterBinding._runTestBody (package:flutter_test/src/binding.dart:1059:5)
<asynchronous suspension>
<asynchronous suspension>
(elided one frame from package:stack_trace)

The test description was:
  grid large mode renders correctly
════════════════════════════════════════════════════════════════════════════════════════════════════
70:15 +0 -18: NotesScreen Grid View Modes grid large mode renders correctly [E]
  Test failed. See exception logs above.
  The test description was: grid large mode renders correctly
  
70:15 +0 -18: NotesScreen Sidebar interaction toggle Sidebar expansion
DEBUG: NotesScreen initState completed
══╡ EXCEPTION CAUGHT BY FLUTTER TEST FRAMEWORK ╞════════════════════════════════════════════════════
The following TestFailure was thrown running a test:
Expected: exactly one matching candidate
  Actual: _TypeWidgetFinder:<Found 0 widgets with type "Sidebar": []>
   Which: means none were found but one was expected

When the exception was thrown, this was the stack:
#4      main.<anonymous closure>.<anonymous closure> (file:///C:/Users/joaom/Documents/GitHub/Notes/universal_notes_flutter/test/main_test.dart:720:7)
<asynchronous suspension>
#5      testWidgets.<anonymous closure>.<anonymous closure> (package:flutter_test/src/widget_tester.dart:192:15)
<asynchronous suspension>
#6      TestWidgetsFlutterBinding._runTestBody (package:flutter_test/src/binding.dart:1059:5)
<asynchronous suspension>
<asynchronous suspension>
(elided one frame from package:stack_trace)

This was caught by the test expectation on the following line:
  file:///C:/Users/joaom/Documents/GitHub/Notes/universal_notes_flutter/test/main_test.dart line 720
The test description was:
  toggle Sidebar expansion
════════════════════════════════════════════════════════════════════════════════════════════════════
70:15 +0 -19: NotesScreen Sidebar interaction toggle Sidebar expansion [E]
  Test failed. See exception logs above.
  The test description was: toggle Sidebar expansion
  
70:15 +0 -19: NotesScreen Responsive Layout calculates crossAxisCount correctly on Android (gridMedium)
DEBUG: NotesScreen initState completed
══╡ EXCEPTION CAUGHT BY FLUTTER TEST FRAMEWORK ╞════════════════════════════════════════════════════
The following StateError was thrown running a test:
Bad state: No element

When the exception was thrown, this was the stack:
#0      Iterable.single (dart:core/iterable.dart:694:25)
#1      WidgetController.widget (package:flutter_test/src/controller.dart:808:30)
#2      main.<anonymous closure>.<anonymous closure> (file:///C:/Users/joaom/Documents/GitHub/Notes/universal_notes_flutter/test/main_test.dart:809:27)
<asynchronous suspension>
#3      testWidgets.<anonymous closure>.<anonymous closure> (package:flutter_test/src/widget_tester.dart:192:15)
<asynchronous suspension>
#4      TestWidgetsFlutterBinding._runTestBody (package:flutter_test/src/binding.dart:1059:5)
<asynchronous suspension>
<asynchronous suspension>
(elided one frame from package:stack_trace)

The test description was:
  calculates crossAxisCount correctly on Android (gridMedium)
════════════════════════════════════════════════════════════════════════════════════════════════════
70:16 +0 -20: NotesScreen Responsive Layout calculates crossAxisCount correctly on Android (gridMedium) [E]
  Test failed. See exception logs above.
  The test description was: calculates crossAxisCount correctly on Android (gridMedium)
  
70:16 +0 -20: NotesScreen Responsive Layout calculates crossAxisCount correctly on Windows (gridMedium)
DEBUG: NotesScreen initState completed
══╡ EXCEPTION CAUGHT BY FLUTTER TEST FRAMEWORK ╞════════════════════════════════════════════════════
The following StateError was thrown running a test:
Bad state: No element

When the exception was thrown, this was the stack:
#0      Iterable.single (dart:core/iterable.dart:694:25)
#1      WidgetController.widget (package:flutter_test/src/controller.dart:808:30)
#2      main.<anonymous closure>.<anonymous closure> (file:///C:/Users/joaom/Documents/GitHub/Notes/universal_notes_flutter/test/main_test.dart:837:27)
<asynchronous suspension>
#3      testWidgets.<anonymous closure>.<anonymous closure> (package:flutter_test/src/widget_tester.dart:192:15)
<asynchronous suspension>
#4      TestWidgetsFlutterBinding._runTestBody (package:flutter_test/src/binding.dart:1059:5)
<asynchronous suspension>
<asynchronous suspension>
(elided one frame from package:stack_trace)

The test description was:
  calculates crossAxisCount correctly on Windows (gridMedium)
════════════════════════════════════════════════════════════════════════════════════════════════════
70:17 +0 -21: NotesScreen Responsive Layout calculates crossAxisCount correctly on Windows (gridMedium) [E]
  Test failed. See exception logs above.
  The test description was: calculates crossAxisCount correctly on Windows (gridMedium)
  
70:17 +0 -21: NotesScreen Responsive Layout calculates crossAxisCount correctly on Android (gridSmall)
DEBUG: NotesScreen initState completed
══╡ EXCEPTION CAUGHT BY FLUTTER TEST FRAMEWORK ╞════════════════════════════════════════════════════
The following assertion was thrown running a test:
The finder "Found 0 widgets with icon "IconData(U+0F48F)": []" (used in a call to "tap()") could not
find any matching widgets.

When the exception was thrown, this was the stack:
#0      WidgetController._getElementPoint (package:flutter_test/src/controller.dart:2013:7)
#1      WidgetController.getCenter (package:flutter_test/src/controller.dart:1865:12)
#2      WidgetController.tap (package:flutter_test/src/controller.dart:1045:7)
#3      main.<anonymous closure>.pumpWithConstraints (file:///C:/Users/joaom/Documents/GitHub/Notes/universal_notes_flutter/test/main_test.dart:792:24)
<asynchronous suspension>
#4      main.<anonymous closure>.<anonymous closure> (file:///C:/Users/joaom/Documents/GitHub/Notes/universal_notes_flutter/test/main_test.dart:861:7)
<asynchronous suspension>
#5      testWidgets.<anonymous closure>.<anonymous closure> (package:flutter_test/src/widget_tester.dart:192:15)
<asynchronous suspension>
#6      TestWidgetsFlutterBinding._runTestBody (package:flutter_test/src/binding.dart:1059:5)
<asynchronous suspension>
<asynchronous suspension>
(elided one frame from package:stack_trace)

The test description was:
  calculates crossAxisCount correctly on Android (gridSmall)
════════════════════════════════════════════════════════════════════════════════════════════════════
70:18 +0 -22: NotesScreen Responsive Layout calculates crossAxisCount correctly on Android (gridSmall) [E]
  Test failed. See exception logs above.
  The test description was: calculates crossAxisCount correctly on Android (gridSmall)
  
70:18 +0 -22: NotesScreen Responsive Layout calculates crossAxisCount correctly on Windows (gridSmall)
DEBUG: NotesScreen initState completed
══╡ EXCEPTION CAUGHT BY FLUTTER TEST FRAMEWORK ╞════════════════════════════════════════════════════
The following assertion was thrown running a test:
The finder "Found 0 widgets with icon "IconData(U+0E890)": []" (used in a call to "tap()") could not
find any matching widgets.

When the exception was thrown, this was the stack:
#0      WidgetController._getElementPoint (package:flutter_test/src/controller.dart:2013:7)
#1      WidgetController.getCenter (package:flutter_test/src/controller.dart:1865:12)
#2      WidgetController.tap (package:flutter_test/src/controller.dart:1045:7)
#3      main.<anonymous closure>.pumpWithConstraints (file:///C:/Users/joaom/Documents/GitHub/Notes/universal_notes_flutter/test/main_test.dart:792:24)
<asynchronous suspension>
#4      main.<anonymous closure>.<anonymous closure> (file:///C:/Users/joaom/Documents/GitHub/Notes/universal_notes_flutter/test/main_test.dart:879:7)
<asynchronous suspension>
#5      testWidgets.<anonymous closure>.<anonymous closure> (package:flutter_test/src/widget_tester.dart:192:15)
<asynchronous suspension>
#6      TestWidgetsFlutterBinding._runTestBody (package:flutter_test/src/binding.dart:1059:5)
<asynchronous suspension>
<asynchronous suspension>
(elided one frame from package:stack_trace)

The test description was:
  calculates crossAxisCount correctly on Windows (gridSmall)
════════════════════════════════════════════════════════════════════════════════════════════════════
70:19 +0 -23: NotesScreen Responsive Layout calculates crossAxisCount correctly on Windows (gridSmall) [E]
  Test failed. See exception logs above.
  The test description was: calculates crossAxisCount correctly on Windows (gridSmall)
  
70:19 +0 -23: NotesScreen Responsive Layout calculates crossAxisCount correctly on Android (gridLarge)
DEBUG: NotesScreen initState completed
══╡ EXCEPTION CAUGHT BY FLUTTER TEST FRAMEWORK ╞════════════════════════════════════════════════════
The following assertion was thrown running a test:
The finder "Found 0 widgets with icon "IconData(U+0F48F)": []" (used in a call to "tap()") could not
find any matching widgets.

When the exception was thrown, this was the stack:
#0      WidgetController._getElementPoint (package:flutter_test/src/controller.dart:2013:7)
#1      WidgetController.getCenter (package:flutter_test/src/controller.dart:1865:12)
#2      WidgetController.tap (package:flutter_test/src/controller.dart:1045:7)
#3      main.<anonymous closure>.pumpWithConstraints (file:///C:/Users/joaom/Documents/GitHub/Notes/universal_notes_flutter/test/main_test.dart:792:24)
<asynchronous suspension>
#4      main.<anonymous closure>.<anonymous closure> (file:///C:/Users/joaom/Documents/GitHub/Notes/universal_notes_flutter/test/main_test.dart:898:7)
<asynchronous suspension>
#5      testWidgets.<anonymous closure>.<anonymous closure> (package:flutter_test/src/widget_tester.dart:192:15)
<asynchronous suspension>
#6      TestWidgetsFlutterBinding._runTestBody (package:flutter_test/src/binding.dart:1059:5)
<asynchronous suspension>
<asynchronous suspension>
(elided one frame from package:stack_trace)

The test description was:
  calculates crossAxisCount correctly on Android (gridLarge)
════════════════════════════════════════════════════════════════════════════════════════════════════
70:20 +0 -24: NotesScreen Responsive Layout calculates crossAxisCount correctly on Android (gridLarge) [E]
  Test failed. See exception logs above.
  The test description was: calculates crossAxisCount correctly on Android (gridLarge)
  
70:20 +0 -24: NotesScreen Responsive Layout calculates crossAxisCount correctly on Windows (gridLarge)
DEBUG: NotesScreen initState completed
══╡ EXCEPTION CAUGHT BY FLUTTER TEST FRAMEWORK ╞════════════════════════════════════════════════════
The following assertion was thrown running a test:
The finder "Found 0 widgets with icon "IconData(U+0E890)": []" (used in a call to "tap()") could not
find any matching widgets.

When the exception was thrown, this was the stack:
#0      WidgetController._getElementPoint (package:flutter_test/src/controller.dart:2013:7)
#1      WidgetController.getCenter (package:flutter_test/src/controller.dart:1865:12)
#2      WidgetController.tap (package:flutter_test/src/controller.dart:1045:7)
#3      main.<anonymous closure>.pumpWithConstraints (file:///C:/Users/joaom/Documents/GitHub/Notes/universal_notes_flutter/test/main_test.dart:792:24)
<asynchronous suspension>
#4      main.<anonymous closure>.<anonymous closure> (file:///C:/Users/joaom/Documents/GitHub/Notes/universal_notes_flutter/test/main_test.dart:917:7)
<asynchronous suspension>
#5      testWidgets.<anonymous closure>.<anonymous closure> (package:flutter_test/src/widget_tester.dart:192:15)
<asynchronous suspension>
#6      TestWidgetsFlutterBinding._runTestBody (package:flutter_test/src/binding.dart:1059:5)
<asynchronous suspension>
<asynchronous suspension>
(elided one frame from package:stack_trace)

The test description was:
  calculates crossAxisCount correctly on Windows (gridLarge)
════════════════════════════════════════════════════════════════════════════════════════════════════
70:20 +0 -25: NotesScreen Responsive Layout calculates crossAxisCount correctly on Windows (gridLarge) [E]
  Test failed. See exception logs above.
  The test description was: calculates crossAxisCount correctly on Windows (gridLarge)
  
70:20 +0 -25: NotesScreen Comprehensive AppBar Titles shows correct title for every navigation index
DEBUG: NotesScreen initState completed
══╡ EXCEPTION CAUGHT BY FLUTTER TEST FRAMEWORK ╞════════════════════════════════════════════════════
The following assertion was thrown running a test:
The finder "Found 0 widgets with icon "IconData(U+0E700)": []" (used in a call to "tap()") could not
find any matching widgets.

When the exception was thrown, this was the stack:
#0      WidgetController._getElementPoint (package:flutter_test/src/controller.dart:2013:7)
#1      WidgetController.getCenter (package:flutter_test/src/controller.dart:1865:12)
#2      WidgetController.tap (package:flutter_test/src/controller.dart:1045:7)
#3      main.<anonymous closure>.<anonymous closure> (file:///C:/Users/joaom/Documents/GitHub/Notes/universal_notes_flutter/test/main_test.dart:953:22)
<asynchronous suspension>
#4      testWidgets.<anonymous closure>.<anonymous closure> (package:flutter_test/src/widget_tester.dart:192:15)
<asynchronous suspension>
#5      TestWidgetsFlutterBinding._runTestBody (package:flutter_test/src/binding.dart:1059:5)
<asynchronous suspension>
<asynchronous suspension>
(elided one frame from package:stack_trace)

The test description was:
  shows correct title for every navigation index
════════════════════════════════════════════════════════════════════════════════════════════════════
70:21 +0 -26: NotesScreen Comprehensive AppBar Titles shows correct title for every navigation index [E]
  Test failed. See exception logs above.
  The test description was: shows correct title for every navigation index
  
70:21 +0 -26: NotesScreen Navigation Rail Destinations verify all rail destinations exist
DEBUG: NotesScreen initState completed
══╡ EXCEPTION CAUGHT BY FLUTTER TEST FRAMEWORK ╞════════════════════════════════════════════════════
The following TestFailure was thrown running a test:
Expected: exactly one matching candidate
  Actual: _TextWidgetFinder:<Found 0 widgets with text "Favorites": []>
   Which: means none were found but one was expected

When the exception was thrown, this was the stack:
#4      main.<anonymous closure>.<anonymous closure> (file:///C:/Users/joaom/Documents/GitHub/Notes/universal_notes_flutter/test/main_test.dart:989:9)
<asynchronous suspension>
#5      testWidgets.<anonymous closure>.<anonymous closure> (package:flutter_test/src/widget_tester.dart:192:15)
<asynchronous suspension>
#6      TestWidgetsFlutterBinding._runTestBody (package:flutter_test/src/binding.dart:1059:5)
<asynchronous suspension>
<asynchronous suspension>
(elided one frame from package:stack_trace)

This was caught by the test expectation on the following line:
  file:///C:/Users/joaom/Documents/GitHub/Notes/universal_notes_flutter/test/main_test.dart line 989
The test description was:
  verify all rail destinations exist
════════════════════════════════════════════════════════════════════════════════════════════════════
70:22 +0 -27: NotesScreen Navigation Rail Destinations verify all rail destinations exist [E]
  Test failed. See exception logs above.
  The test description was: verify all rail destinations exist
  
70:22 +0 -27: NotesScreen Data Operations creating a new note calls insertNote
80:23 +0 -28: NotesScreen Data Operations creating a new note calls insertNote [E]
  TimeoutException after 0:10:00.000000: Test timed out after 10 minutes.
  dart:isolate  _RawReceivePort._handleMessage
  
80:24 +0 -28: NotesScreen Data Operations deleting a note calls deleteNote
90:24 +0 -29: NotesScreen Data Operations deleting a note calls deleteNote [E]
  TimeoutException after 0:10:00.000000: Test timed out after 10 minutes.
  dart:isolate  _RawReceivePort._handleMessage
  
90:24 +0 -29: NotesScreen Unimplemented Actions tapping search and sort on Android does not crash
DEBUG: NotesScreen initState completed
══╡ EXCEPTION CAUGHT BY FLUTTER TEST FRAMEWORK ╞════════════════════════════════════════════════════
The following StateError was thrown running a test:
Bad state: No element

When the exception was thrown, this was the stack:
#0      Iterable.first (dart:core/iterable.dart:663:7)
#1      _FirstFinderMixin.filter (package:flutter_test/src/finders.dart:1332:28)
#3      Iterable.isEmpty (dart:core/iterable.dart:560:33)
#4      WidgetController._getElementPoint (package:flutter_test/src/controller.dart:2012:18)
#5      WidgetController.getCenter (package:flutter_test/src/controller.dart:1865:12)
#6      WidgetController.tap (package:flutter_test/src/controller.dart:1045:7)
#7      main.<anonymous closure>.<anonymous closure> (file:///C:/Users/joaom/Documents/GitHub/Notes/universal_notes_flutter/test/main_test.dart:1040:20)
<asynchronous suspension>
#8      testWidgets.<anonymous closure>.<anonymous closure> (package:flutter_test/src/widget_tester.dart:192:15)
<asynchronous suspension>
#9      TestWidgetsFlutterBinding._runTestBody (package:flutter_test/src/binding.dart:1059:5)
<asynchronous suspension>
<asynchronous suspension>
(elided 2 frames from dart:async-patch and package:stack_trace)

The test description was:
  tapping search and sort on Android does not crash
════════════════════════════════════════════════════════════════════════════════════════════════════
90:27 +0 -30: NotesScreen Unimplemented Actions tapping search and sort on Android does not crash [E]
  Test failed. See exception logs above.
  The test description was: tapping search and sort on Android does not crash
  
90:27 +0 -30: NotesScreen Unimplemented Actions tapping search and sort on Windows does not crash
DEBUG: NotesScreen initState completed
══╡ EXCEPTION CAUGHT BY FLUTTER TEST FRAMEWORK ╞════════════════════════════════════════════════════
The following StateError was thrown running a test:
Bad state: No element

When the exception was thrown, this was the stack:
#0      Iterable.first (dart:core/iterable.dart:663:7)
#1      _FirstFinderMixin.filter (package:flutter_test/src/finders.dart:1332:28)
#3      Iterable.isEmpty (dart:core/iterable.dart:560:33)
#4      WidgetController._getElementPoint (package:flutter_test/src/controller.dart:2012:18)
#5      WidgetController.getCenter (package:flutter_test/src/controller.dart:1865:12)
#6      WidgetController.tap (package:flutter_test/src/controller.dart:1045:7)
#7      main.<anonymous closure>.<anonymous closure> (file:///C:/Users/joaom/Documents/GitHub/Notes/universal_notes_flutter/test/main_test.dart:1062:20)
<asynchronous suspension>
#8      testWidgets.<anonymous closure>.<anonymous closure> (package:flutter_test/src/widget_tester.dart:192:15)
<asynchronous suspension>
#9      TestWidgetsFlutterBinding._runTestBody (package:flutter_test/src/binding.dart:1059:5)
<asynchronous suspension>
<asynchronous suspension>
(elided 2 frames from dart:async-patch and package:stack_trace)

The test description was:
  tapping search and sort on Windows does not crash
════════════════════════════════════════════════════════════════════════════════════════════════════
90:27 +0 -31: NotesScreen Unimplemented Actions tapping search and sort on Windows does not crash [E]
  Test failed. See exception logs above.
  The test description was: tapping search and sort on Windows does not crash
  
90:27 +0 -31: NotesScreen Windows Interaction tapping a note card on Windows navigates
DEBUG: NotesScreen initState completed
Pending timers:
Timer (duration: 0:00:10.000000, periodic: false), created:
#0      new FakeTimer._ (package:fake_async/fake_async.dart:342:62)
#1      FakeAsync._createTimer (package:fake_async/fake_async.dart:260:29)
#2      FakeAsync.run.<anonymous closure> (package:fake_async/fake_async.dart:185:15)
#6      SqfliteDatabaseMixin.txnSynchronized (package:sqflite_common/src/database_mixin.dart:582:33)
#7      SqfliteDatabaseMixin.txnRawQuery (package:sqflite_common/src/database_mixin.dart:677:12)
#8      SqfliteDatabaseExecutorMixin._rawQuery (package:sqflite_common/src/database_mixin.dart:148:15)
#9      SqfliteDatabaseExecutorMixin.rawQuery (package:sqflite_common/src/database_mixin.dart:140:12)
#10     NoteRepository.getAllNotes (package:universal_notes_flutter/repositories/note_repository.dart:579:27)
<asynchronous suspension>
#11     SyncService.refreshLocalData (package:universal_notes_flutter/services/sync_service.dart:77:19)
<asynchronous suspension>
(elided 3 frames from dart:async)

══╡ EXCEPTION CAUGHT BY FLUTTER TEST FRAMEWORK ╞════════════════════════════════════════════════════
The following assertion was thrown running a test:
A Timer is still pending even after the widget tree was disposed.
'package:flutter_test/src/binding.dart':
Failed assertion: line 1617 pos 12: '!timersPending'

When the exception was thrown, this was the stack:
#2      AutomatedTestWidgetsFlutterBinding._verifyInvariants (package:flutter_test/src/binding.dart:1617:12)
#3      TestWidgetsFlutterBinding._runTestBody (package:flutter_test/src/binding.dart:1078:7)
<asynchronous suspension>
<asynchronous suspension>
(elided 3 frames from class _AssertionError and package:stack_trace)

The test description was:
  tapping a note card on Windows navigates
════════════════════════════════════════════════════════════════════════════════════════════════════
90:28 +0 -32: NotesScreen Windows Interaction tapping a note card on Windows navigates [E]
  Test failed. See exception logs above.
  The test description was: tapping a note card on Windows navigates
  
90:28 +0 -32: NotesScreen Windows Interaction tapping navigation pane items calls callbacks
DEBUG: NotesScreen initState completed
══╡ EXCEPTION CAUGHT BY FLUTTER TEST FRAMEWORK ╞════════════════════════════════════════════════════
The following assertion was thrown running a test:
The finder "Found 0 widgets with icon "IconData(U+0E734)": []" (used in a call to "tap()") could not
find any matching widgets.

When the exception was thrown, this was the stack:
#0      WidgetController._getElementPoint (package:flutter_test/src/controller.dart:2013:7)
#1      WidgetController.getCenter (package:flutter_test/src/controller.dart:1865:12)
#2      WidgetController.tap (package:flutter_test/src/controller.dart:1045:7)
#3      main.<anonymous closure>.<anonymous closure> (file:///C:/Users/joaom/Documents/GitHub/Notes/universal_notes_flutter/test/main_test.dart:1091:20)
<asynchronous suspension>
#4      testWidgets.<anonymous closure>.<anonymous closure> (package:flutter_test/src/widget_tester.dart:192:15)
<asynchronous suspension>
#5      TestWidgetsFlutterBinding._runTestBody (package:flutter_test/src/binding.dart:1059:5)
<asynchronous suspension>
<asynchronous suspension>
(elided one frame from package:stack_trace)

The test description was:
  tapping navigation pane items calls callbacks
════════════════════════════════════════════════════════════════════════════════════════════════════
90:28 +0 -33: NotesScreen Windows Interaction tapping navigation pane items calls callbacks [E]
  Test failed. See exception logs above.
  The test description was: tapping navigation pane items calls callbacks
  
90:28 +0 -33: NotesScreen Platform Logic calls window listener onWindowClose
100:28 +0 -34: NotesScreen Platform Logic calls window listener onWindowClose [E]
  TimeoutException after 0:10:00.000000: Test timed out after 10 minutes.
  dart:isolate  _RawReceivePort._handleMessage
  
100:28 +0 -34: (tearDownAll)
100:29 +0 -34: Some tests failed.
